<?xml version="1.0" encoding="UTF-8"?>
<testsuite xmlns:xsi="http://www.w3.org/2001/XMLSchema-instance" xsi:noNamespaceSchemaLocation="https://maven.apache.org/surefire/maven-surefire-plugin/xsd/surefire-test-report-3.0.xsd" version="3.0" name="TestSuite" time="8.195" tests="10" errors="0" skipped="0" failures="1">
  <properties>
    <property name="gopherProxySet" value="false"/>
    <property name="awt.toolkit" value="sun.lwawt.macosx.LWCToolkit"/>
    <property name="java.specification.version" value="11"/>
    <property name="sun.cpu.isalist" value=""/>
    <property name="sun.jnu.encoding" value="UTF-8"/>
    <property name="java.class.path" value="/Users/singh2_rajiv/Automation/ChordX/ChordXApi-Automation/target/test-classes:/Users/singh2_rajiv/Automation/ChordX/ChordXApi-Automation/target/classes:/Users/singh2_rajiv/.m2/repository/org/apache/maven/plugins/maven-surefire-plugin/3.0.0-M3/maven-surefire-plugin-3.0.0-M3.jar:/Users/singh2_rajiv/.m2/repository/org/apache/maven/surefire/maven-surefire-common/3.0.0-M3/maven-surefire-common-3.0.0-M3.jar:/Users/singh2_rajiv/.m2/repository/org/apache/maven/surefire/surefire-api/3.0.0-M3/surefire-api-3.0.0-M3.jar:/Users/singh2_rajiv/.m2/repository/org/apache/maven/surefire/surefire-logger-api/3.0.0-M3/surefire-logger-api-3.0.0-M3.jar:/Users/singh2_rajiv/.m2/repository/org/apache/maven/surefire/surefire-booter/3.0.0-M3/surefire-booter-3.0.0-M3.jar:/Users/singh2_rajiv/.m2/repository/org/apache/maven/maven-toolchain/3.0-alpha-2/maven-toolchain-3.0-alpha-2.jar:/Users/singh2_rajiv/.m2/repository/org/apache/maven/maven-core/3.0-alpha-2/maven-core-3.0-alpha-2.jar:/Users/singh2_rajiv/.m2/repository/org/apache/maven/maven-lifecycle/3.0-alpha-2/maven-lifecycle-3.0-alpha-2.jar:/Users/singh2_rajiv/.m2/repository/org/apache/maven/maven-reporting-api/3.0-alpha-2/maven-reporting-api-3.0-alpha-2.jar:/Users/singh2_rajiv/.m2/repository/org/apache/maven/doxia/doxia-sink-api/1.0-alpha-9/doxia-sink-api-1.0-alpha-9.jar:/Users/singh2_rajiv/.m2/repository/org/apache/maven/maven-model/3.0-alpha-2/maven-model-3.0-alpha-2.jar:/Users/singh2_rajiv/.m2/repository/org/apache/maven/maven-plugin-api/3.0-alpha-2/maven-plugin-api-3.0-alpha-2.jar:/Users/singh2_rajiv/.m2/repository/org/codehaus/plexus/plexus-container-default/1.0-beta-3.0.5/plexus-container-default-1.0-beta-3.0.5.jar:/Users/singh2_rajiv/.m2/repository/org/apache/xbean/xbean-reflect/3.4/xbean-reflect-3.4.jar:/Users/singh2_rajiv/.m2/repository/commons-logging/commons-logging-api/1.1/commons-logging-api-1.1.jar:/Users/singh2_rajiv/.m2/repository/com/google/code/google-collections/google-collect/snapshot-20080530/google-collect-snapshot-20080530.jar:/Users/singh2_rajiv/.m2/repository/junit/junit/3.8.2/junit-3.8.2.jar:/Users/singh2_rajiv/.m2/repository/org/apache/maven/maven-project/3.0-alpha-2/maven-project-3.0-alpha-2.jar:/Users/singh2_rajiv/.m2/repository/org/codehaus/woodstox/wstx-asl/3.2.6/wstx-asl-3.2.6.jar:/Users/singh2_rajiv/.m2/repository/org/apache/maven/maven-project-builder/3.0-alpha-2/maven-project-builder-3.0-alpha-2.jar:/Users/singh2_rajiv/.m2/repository/commons-cli/commons-cli/1.0/commons-cli-1.0.jar:/Users/singh2_rajiv/.m2/repository/org/codehaus/plexus/plexus-interactivity-api/1.0-alpha-6/plexus-interactivity-api-1.0-alpha-6.jar:/Users/singh2_rajiv/.m2/repository/org/codehaus/plexus/plexus-interpolation/1.1/plexus-interpolation-1.1.jar:/Users/singh2_rajiv/.m2/repository/org/codehaus/plexus/plexus-utils/1.5.6/plexus-utils-1.5.6.jar:/Users/singh2_rajiv/.m2/repository/org/codehaus/plexus/plexus-classworlds/1.3/plexus-classworlds-1.3.jar:/Users/singh2_rajiv/.m2/repository/org/codehaus/plexus/plexus-component-annotations/1.0-beta-3.0.5/plexus-component-annotations-1.0-beta-3.0.5.jar:/Users/singh2_rajiv/.m2/repository/org/sonatype/plexus/plexus-plugin-manager/1.0-alpha-1/plexus-plugin-manager-1.0-alpha-1.jar:/Users/singh2_rajiv/.m2/repository/org/apache/maven/mercury/mercury-plexus/1.0.0-alpha-2/mercury-plexus-1.0.0-alpha-2.jar:/Users/singh2_rajiv/.m2/repository/org/apache/maven/mercury/mercury-repo-remote-m2/1.0.0-alpha-2/mercury-repo-remote-m2-1.0.0-alpha-2.jar:/Users/singh2_rajiv/.m2/repository/org/apache/maven/mercury/mercury-repo-api/1.0.0-alpha-2/mercury-repo-api-1.0.0-alpha-2.jar:/Users/singh2_rajiv/.m2/repository/org/apache/maven/mercury/mercury-transport-api/1.0.0-alpha-2/mercury-transport-api-1.0.0-alpha-2.jar:/Users/singh2_rajiv/.m2/repository/org/apache/maven/mercury/mercury-crypto-api/1.0.0-alpha-2/mercury-crypto-api-1.0.0-alpha-2.jar:/Users/singh2_rajiv/.m2/repository/org/apache/maven/mercury/mercury-transport-http/1.0.0-alpha-2/mercury-transport-http-1.0.0-alpha-2.jar:/Users/singh2_rajiv/.m2/repository/org/mortbay/jetty/jetty-client/6.1.12/jetty-client-6.1.12.jar:/Users/singh2_rajiv/.m2/repository/org/mortbay/jetty/jetty-sslengine/6.1.12/jetty-sslengine-6.1.12.jar:/Users/singh2_rajiv/.m2/repository/org/mortbay/jetty/jetty/6.1.12/jetty-6.1.12.jar:/Users/singh2_rajiv/.m2/repository/org/mortbay/jetty/jetty-util/6.1.12/jetty-util-6.1.12.jar:/Users/singh2_rajiv/.m2/repository/org/mortbay/jetty/servlet-api-2.5/6.1.12/servlet-api-2.5-6.1.12.jar:/Users/singh2_rajiv/.m2/repository/org/apache/maven/mercury/mercury-crypto-basic/1.0.0-alpha-2/mercury-crypto-basic-1.0.0-alpha-2.jar:/Users/singh2_rajiv/.m2/repository/bouncycastle/bcprov-jdk15/140/bcprov-jdk15-140.jar:/Users/singh2_rajiv/.m2/repository/bouncycastle/bcpg-jdk15/140/bcpg-jdk15-140.jar:/Users/singh2_rajiv/.m2/repository/org/apache/maven/mercury/mercury-md-shared/1.0.0-alpha-2/mercury-md-shared-1.0.0-alpha-2.jar:/Users/singh2_rajiv/.m2/repository/org/apache/maven/mercury/mercury-util/1.0.0-alpha-2/mercury-util-1.0.0-alpha-2.jar:/Users/singh2_rajiv/.m2/repository/org/apache/maven/mercury/mercury-repo-local-m2/1.0.0-alpha-2/mercury-repo-local-m2-1.0.0-alpha-2.jar:/Users/singh2_rajiv/.m2/repository/org/apache/maven/mercury/mercury-repo-virtual/1.0.0-alpha-2/mercury-repo-virtual-1.0.0-alpha-2.jar:/Users/singh2_rajiv/.m2/repository/org/apache/maven/mercury/mercury-repo-cache-fs/1.0.0-alpha-2/mercury-repo-cache-fs-1.0.0-alpha-2.jar:/Users/singh2_rajiv/.m2/repository/org/apache/maven/mercury/mercury-md-sat/1.0.0-alpha-2/mercury-md-sat-1.0.0-alpha-2.jar:/Users/singh2_rajiv/.m2/repository/org/sat4j/org.sat4j.core/2.0.4/org.sat4j.core-2.0.4.jar:/Users/singh2_rajiv/.m2/repository/org/sat4j/org.sat4j.pb/2.0.4/org.sat4j.pb-2.0.4.jar:/Users/singh2_rajiv/.m2/repository/org/apache/maven/mercury/mercury-event/1.0.0-alpha-2/mercury-event-1.0.0-alpha-2.jar:/Users/singh2_rajiv/.m2/repository/org/apache/maven/mercury/mercury-logging/1.0.0-alpha-2/mercury-logging-1.0.0-alpha-2.jar:/Users/singh2_rajiv/.m2/repository/org/codehaus/plexus/plexus-lang/1.1/plexus-lang-1.1.jar:/Users/singh2_rajiv/.m2/repository/org/slf4j/slf4j-jdk14/1.5.3/slf4j-jdk14-1.5.3.jar:/Users/singh2_rajiv/.m2/repository/org/slf4j/slf4j-api/1.5.3/slf4j-api-1.5.3.jar:/Users/singh2_rajiv/.m2/repository/org/apache/maven/maven-mercury/3.0-alpha-2/maven-mercury-3.0-alpha-2.jar:/Users/singh2_rajiv/.m2/repository/org/apache/maven/mercury/mercury-artifact/1.0.0-alpha-2/mercury-artifact-1.0.0-alpha-2.jar:/Users/singh2_rajiv/.m2/repository/org/apache/maven/mercury/mercury-external/1.0.0-alpha-2/mercury-external-1.0.0-alpha-2.jar:/Users/singh2_rajiv/.m2/repository/org/sonatype/spice/model-builder/1.3/model-builder-1.3.jar:/Users/singh2_rajiv/.m2/repository/stax/stax-api/1.0.1/stax-api-1.0.1.jar:/Users/singh2_rajiv/.m2/repository/org/apache/maven/maven-compat/3.0-alpha-2/maven-compat-3.0-alpha-2.jar:/Users/singh2_rajiv/.m2/repository/org/apache/maven/wagon/wagon-provider-api/1.0-beta-4/wagon-provider-api-1.0-beta-4.jar:/Users/singh2_rajiv/.m2/repository/org/codehaus/plexus/plexus-java/1.0.1/plexus-java-1.0.1.jar:/Users/singh2_rajiv/.m2/repository/org/ow2/asm/asm/7.0-beta/asm-7.0-beta.jar:/Users/singh2_rajiv/.m2/repository/com/thoughtworks/qdox/qdox/2.0-M9/qdox-2.0-M9.jar:/Users/singh2_rajiv/.m2/repository/org/seleniumhq/selenium/selenium-java/3.10.0/selenium-java-3.10.0.jar:/Users/singh2_rajiv/.m2/repository/org/seleniumhq/selenium/selenium-api/3.10.0/selenium-api-3.10.0.jar:/Users/singh2_rajiv/.m2/repository/org/seleniumhq/selenium/selenium-chrome-driver/3.10.0/selenium-chrome-driver-3.10.0.jar:/Users/singh2_rajiv/.m2/repository/org/seleniumhq/selenium/selenium-edge-driver/3.10.0/selenium-edge-driver-3.10.0.jar:/Users/singh2_rajiv/.m2/repository/org/seleniumhq/selenium/selenium-firefox-driver/3.10.0/selenium-firefox-driver-3.10.0.jar:/Users/singh2_rajiv/.m2/repository/org/seleniumhq/selenium/selenium-ie-driver/3.10.0/selenium-ie-driver-3.10.0.jar:/Users/singh2_rajiv/.m2/repository/org/seleniumhq/selenium/selenium-opera-driver/3.10.0/selenium-opera-driver-3.10.0.jar:/Users/singh2_rajiv/.m2/repository/org/seleniumhq/selenium/selenium-remote-driver/3.10.0/selenium-remote-driver-3.10.0.jar:/Users/singh2_rajiv/.m2/repository/org/seleniumhq/selenium/selenium-safari-driver/3.10.0/selenium-safari-driver-3.10.0.jar:/Users/singh2_rajiv/.m2/repository/org/seleniumhq/selenium/selenium-support/3.10.0/selenium-support-3.10.0.jar:/Users/singh2_rajiv/.m2/repository/net/bytebuddy/byte-buddy/1.7.9/byte-buddy-1.7.9.jar:/Users/singh2_rajiv/.m2/repository/org/apache/commons/commons-exec/1.3/commons-exec-1.3.jar:/Users/singh2_rajiv/.m2/repository/commons-codec/commons-codec/1.10/commons-codec-1.10.jar:/Users/singh2_rajiv/.m2/repository/commons-logging/commons-logging/1.2/commons-logging-1.2.jar:/Users/singh2_rajiv/.m2/repository/com/google/code/gson/gson/2.8.2/gson-2.8.2.jar:/Users/singh2_rajiv/.m2/repository/com/google/guava/guava/23.6-jre/guava-23.6-jre.jar:/Users/singh2_rajiv/.m2/repository/com/google/code/findbugs/jsr305/1.3.9/jsr305-1.3.9.jar:/Users/singh2_rajiv/.m2/repository/org/checkerframework/checker-compat-qual/2.0.0/checker-compat-qual-2.0.0.jar:/Users/singh2_rajiv/.m2/repository/com/google/errorprone/error_prone_annotations/2.1.3/error_prone_annotations-2.1.3.jar:/Users/singh2_rajiv/.m2/repository/com/google/j2objc/j2objc-annotations/1.1/j2objc-annotations-1.1.jar:/Users/singh2_rajiv/.m2/repository/org/codehaus/mojo/animal-sniffer-annotations/1.14/animal-sniffer-annotations-1.14.jar:/Users/singh2_rajiv/.m2/repository/org/apache/httpcomponents/httpclient/4.5.3/httpclient-4.5.3.jar:/Users/singh2_rajiv/.m2/repository/org/apache/httpcomponents/httpcore/4.4.6/httpcore-4.4.6.jar:/Users/singh2_rajiv/.m2/repository/com/squareup/okhttp3/okhttp/3.9.1/okhttp-3.9.1.jar:/Users/singh2_rajiv/.m2/repository/com/squareup/okio/okio/1.13.0/okio-1.13.0.jar:/Users/singh2_rajiv/.m2/repository/org/testng/testng/7.0.0/testng-7.0.0.jar:/Users/singh2_rajiv/.m2/repository/com/beust/jcommander/1.72/jcommander-1.72.jar:/Users/singh2_rajiv/.m2/repository/io/rest-assured/rest-assured/4.0.0/rest-assured-4.0.0.jar:/Users/singh2_rajiv/.m2/repository/org/codehaus/groovy/groovy/2.5.6/groovy-2.5.6.jar:/Users/singh2_rajiv/.m2/repository/org/codehaus/groovy/groovy-xml/2.5.6/groovy-xml-2.5.6.jar:/Users/singh2_rajiv/.m2/repository/org/apache/httpcomponents/httpmime/4.5.3/httpmime-4.5.3.jar:/Users/singh2_rajiv/.m2/repository/org/hamcrest/hamcrest-core/2.1/hamcrest-core-2.1.jar:/Users/singh2_rajiv/.m2/repository/org/hamcrest/hamcrest/2.1/hamcrest-2.1.jar:/Users/singh2_rajiv/.m2/repository/org/hamcrest/hamcrest-library/2.1/hamcrest-library-2.1.jar:/Users/singh2_rajiv/.m2/repository/org/ccil/cowan/tagsoup/tagsoup/1.2.1/tagsoup-1.2.1.jar:/Users/singh2_rajiv/.m2/repository/io/rest-assured/json-path/4.0.0/json-path-4.0.0.jar:/Users/singh2_rajiv/.m2/repository/org/codehaus/groovy/groovy-json/2.5.6/groovy-json-2.5.6.jar:/Users/singh2_rajiv/.m2/repository/org/json/json/20190722/json-20190722.jar:/Users/singh2_rajiv/.m2/repository/io/rest-assured/xml-path/4.0.0/xml-path-4.0.0.jar:/Users/singh2_rajiv/.m2/repository/io/rest-assured/rest-assured-common/4.0.0/rest-assured-common-4.0.0.jar:/Users/singh2_rajiv/.m2/repository/org/apache/commons/commons-lang3/3.4/commons-lang3-3.4.jar:/Users/singh2_rajiv/.m2/repository/javax/xml/bind/jaxb-api/2.2.12/jaxb-api-2.2.12.jar:/Users/singh2_rajiv/.m2/repository/org/apache/sling/org.apache.sling.javax.activation/0.1.0/org.apache.sling.javax.activation-0.1.0.jar:/Users/singh2_rajiv/.m2/repository/javax/activation/activation/1.1.1/activation-1.1.1.jar:/Users/singh2_rajiv/.m2/repository/log4j/log4j/1.2.17/log4j-1.2.17.jar:/Users/singh2_rajiv/.m2/repository/com/sun/xml/bind/jaxb-osgi/2.3.2/jaxb-osgi-2.3.2.jar:/Users/singh2_rajiv/.m2/repository/com/relevantcodes/extentreports/2.40.2/extentreports-2.40.2.jar:/Users/singh2_rajiv/.m2/repository/org/jsoup/jsoup/1.8.3/jsoup-1.8.3.jar:/Users/singh2_rajiv/.m2/repository/org/xerial/sqlite-jdbc/3.8.11.1/sqlite-jdbc-3.8.11.1.jar:/Users/singh2_rajiv/.m2/repository/org/freemarker/freemarker/2.3.23/freemarker-2.3.23.jar:"/>
    <property name="java.vm.vendor" value="Oracle Corporation"/>
    <property name="sun.arch.data.model" value="64"/>
    <property name="java.vendor.url" value="http://java.oracle.com/"/>
    <property name="user.timezone" value=""/>
    <property name="java.vm.specification.version" value="11"/>
    <property name="os.name" value="Mac OS X"/>
    <property name="sun.java.launcher" value="SUN_STANDARD"/>
    <property name="user.country" value="US"/>
    <property name="sun.boot.library.path" value="/Library/Java/JavaVirtualMachines/jdk-11.0.2.jdk/Contents/Home/lib"/>
    <property name="sun.java.command" value="/Users/singh2_rajiv/Automation/ChordX/ChordXApi-Automation/target/surefire/surefirebooter15408576546257677479.jar /Users/singh2_rajiv/Automation/ChordX/ChordXApi-Automation/target/surefire 2019-09-13T11-50-28_450-jvmRun1 surefire5787346777573877135tmp surefire_05198310600780054519tmp"/>
    <property name="jdk.debug" value="release"/>
    <property name="surefire.test.class.path" value="/Users/singh2_rajiv/Automation/ChordX/ChordXApi-Automation/target/test-classes:/Users/singh2_rajiv/Automation/ChordX/ChordXApi-Automation/target/classes:/Users/singh2_rajiv/.m2/repository/org/apache/maven/plugins/maven-surefire-plugin/3.0.0-M3/maven-surefire-plugin-3.0.0-M3.jar:/Users/singh2_rajiv/.m2/repository/org/apache/maven/surefire/maven-surefire-common/3.0.0-M3/maven-surefire-common-3.0.0-M3.jar:/Users/singh2_rajiv/.m2/repository/org/apache/maven/surefire/surefire-api/3.0.0-M3/surefire-api-3.0.0-M3.jar:/Users/singh2_rajiv/.m2/repository/org/apache/maven/surefire/surefire-logger-api/3.0.0-M3/surefire-logger-api-3.0.0-M3.jar:/Users/singh2_rajiv/.m2/repository/org/apache/maven/surefire/surefire-booter/3.0.0-M3/surefire-booter-3.0.0-M3.jar:/Users/singh2_rajiv/.m2/repository/org/apache/maven/maven-toolchain/3.0-alpha-2/maven-toolchain-3.0-alpha-2.jar:/Users/singh2_rajiv/.m2/repository/org/apache/maven/maven-core/3.0-alpha-2/maven-core-3.0-alpha-2.jar:/Users/singh2_rajiv/.m2/repository/org/apache/maven/maven-lifecycle/3.0-alpha-2/maven-lifecycle-3.0-alpha-2.jar:/Users/singh2_rajiv/.m2/repository/org/apache/maven/maven-reporting-api/3.0-alpha-2/maven-reporting-api-3.0-alpha-2.jar:/Users/singh2_rajiv/.m2/repository/org/apache/maven/doxia/doxia-sink-api/1.0-alpha-9/doxia-sink-api-1.0-alpha-9.jar:/Users/singh2_rajiv/.m2/repository/org/apache/maven/maven-model/3.0-alpha-2/maven-model-3.0-alpha-2.jar:/Users/singh2_rajiv/.m2/repository/org/apache/maven/maven-plugin-api/3.0-alpha-2/maven-plugin-api-3.0-alpha-2.jar:/Users/singh2_rajiv/.m2/repository/org/codehaus/plexus/plexus-container-default/1.0-beta-3.0.5/plexus-container-default-1.0-beta-3.0.5.jar:/Users/singh2_rajiv/.m2/repository/org/apache/xbean/xbean-reflect/3.4/xbean-reflect-3.4.jar:/Users/singh2_rajiv/.m2/repository/commons-logging/commons-logging-api/1.1/commons-logging-api-1.1.jar:/Users/singh2_rajiv/.m2/repository/com/google/code/google-collections/google-collect/snapshot-20080530/google-collect-snapshot-20080530.jar:/Users/singh2_rajiv/.m2/repository/junit/junit/3.8.2/junit-3.8.2.jar:/Users/singh2_rajiv/.m2/repository/org/apache/maven/maven-project/3.0-alpha-2/maven-project-3.0-alpha-2.jar:/Users/singh2_rajiv/.m2/repository/org/codehaus/woodstox/wstx-asl/3.2.6/wstx-asl-3.2.6.jar:/Users/singh2_rajiv/.m2/repository/org/apache/maven/maven-project-builder/3.0-alpha-2/maven-project-builder-3.0-alpha-2.jar:/Users/singh2_rajiv/.m2/repository/commons-cli/commons-cli/1.0/commons-cli-1.0.jar:/Users/singh2_rajiv/.m2/repository/org/codehaus/plexus/plexus-interactivity-api/1.0-alpha-6/plexus-interactivity-api-1.0-alpha-6.jar:/Users/singh2_rajiv/.m2/repository/org/codehaus/plexus/plexus-interpolation/1.1/plexus-interpolation-1.1.jar:/Users/singh2_rajiv/.m2/repository/org/codehaus/plexus/plexus-utils/1.5.6/plexus-utils-1.5.6.jar:/Users/singh2_rajiv/.m2/repository/org/codehaus/plexus/plexus-classworlds/1.3/plexus-classworlds-1.3.jar:/Users/singh2_rajiv/.m2/repository/org/codehaus/plexus/plexus-component-annotations/1.0-beta-3.0.5/plexus-component-annotations-1.0-beta-3.0.5.jar:/Users/singh2_rajiv/.m2/repository/org/sonatype/plexus/plexus-plugin-manager/1.0-alpha-1/plexus-plugin-manager-1.0-alpha-1.jar:/Users/singh2_rajiv/.m2/repository/org/apache/maven/mercury/mercury-plexus/1.0.0-alpha-2/mercury-plexus-1.0.0-alpha-2.jar:/Users/singh2_rajiv/.m2/repository/org/apache/maven/mercury/mercury-repo-remote-m2/1.0.0-alpha-2/mercury-repo-remote-m2-1.0.0-alpha-2.jar:/Users/singh2_rajiv/.m2/repository/org/apache/maven/mercury/mercury-repo-api/1.0.0-alpha-2/mercury-repo-api-1.0.0-alpha-2.jar:/Users/singh2_rajiv/.m2/repository/org/apache/maven/mercury/mercury-transport-api/1.0.0-alpha-2/mercury-transport-api-1.0.0-alpha-2.jar:/Users/singh2_rajiv/.m2/repository/org/apache/maven/mercury/mercury-crypto-api/1.0.0-alpha-2/mercury-crypto-api-1.0.0-alpha-2.jar:/Users/singh2_rajiv/.m2/repository/org/apache/maven/mercury/mercury-transport-http/1.0.0-alpha-2/mercury-transport-http-1.0.0-alpha-2.jar:/Users/singh2_rajiv/.m2/repository/org/mortbay/jetty/jetty-client/6.1.12/jetty-client-6.1.12.jar:/Users/singh2_rajiv/.m2/repository/org/mortbay/jetty/jetty-sslengine/6.1.12/jetty-sslengine-6.1.12.jar:/Users/singh2_rajiv/.m2/repository/org/mortbay/jetty/jetty/6.1.12/jetty-6.1.12.jar:/Users/singh2_rajiv/.m2/repository/org/mortbay/jetty/jetty-util/6.1.12/jetty-util-6.1.12.jar:/Users/singh2_rajiv/.m2/repository/org/mortbay/jetty/servlet-api-2.5/6.1.12/servlet-api-2.5-6.1.12.jar:/Users/singh2_rajiv/.m2/repository/org/apache/maven/mercury/mercury-crypto-basic/1.0.0-alpha-2/mercury-crypto-basic-1.0.0-alpha-2.jar:/Users/singh2_rajiv/.m2/repository/bouncycastle/bcprov-jdk15/140/bcprov-jdk15-140.jar:/Users/singh2_rajiv/.m2/repository/bouncycastle/bcpg-jdk15/140/bcpg-jdk15-140.jar:/Users/singh2_rajiv/.m2/repository/org/apache/maven/mercury/mercury-md-shared/1.0.0-alpha-2/mercury-md-shared-1.0.0-alpha-2.jar:/Users/singh2_rajiv/.m2/repository/org/apache/maven/mercury/mercury-util/1.0.0-alpha-2/mercury-util-1.0.0-alpha-2.jar:/Users/singh2_rajiv/.m2/repository/org/apache/maven/mercury/mercury-repo-local-m2/1.0.0-alpha-2/mercury-repo-local-m2-1.0.0-alpha-2.jar:/Users/singh2_rajiv/.m2/repository/org/apache/maven/mercury/mercury-repo-virtual/1.0.0-alpha-2/mercury-repo-virtual-1.0.0-alpha-2.jar:/Users/singh2_rajiv/.m2/repository/org/apache/maven/mercury/mercury-repo-cache-fs/1.0.0-alpha-2/mercury-repo-cache-fs-1.0.0-alpha-2.jar:/Users/singh2_rajiv/.m2/repository/org/apache/maven/mercury/mercury-md-sat/1.0.0-alpha-2/mercury-md-sat-1.0.0-alpha-2.jar:/Users/singh2_rajiv/.m2/repository/org/sat4j/org.sat4j.core/2.0.4/org.sat4j.core-2.0.4.jar:/Users/singh2_rajiv/.m2/repository/org/sat4j/org.sat4j.pb/2.0.4/org.sat4j.pb-2.0.4.jar:/Users/singh2_rajiv/.m2/repository/org/apache/maven/mercury/mercury-event/1.0.0-alpha-2/mercury-event-1.0.0-alpha-2.jar:/Users/singh2_rajiv/.m2/repository/org/apache/maven/mercury/mercury-logging/1.0.0-alpha-2/mercury-logging-1.0.0-alpha-2.jar:/Users/singh2_rajiv/.m2/repository/org/codehaus/plexus/plexus-lang/1.1/plexus-lang-1.1.jar:/Users/singh2_rajiv/.m2/repository/org/slf4j/slf4j-jdk14/1.5.3/slf4j-jdk14-1.5.3.jar:/Users/singh2_rajiv/.m2/repository/org/slf4j/slf4j-api/1.5.3/slf4j-api-1.5.3.jar:/Users/singh2_rajiv/.m2/repository/org/apache/maven/maven-mercury/3.0-alpha-2/maven-mercury-3.0-alpha-2.jar:/Users/singh2_rajiv/.m2/repository/org/apache/maven/mercury/mercury-artifact/1.0.0-alpha-2/mercury-artifact-1.0.0-alpha-2.jar:/Users/singh2_rajiv/.m2/repository/org/apache/maven/mercury/mercury-external/1.0.0-alpha-2/mercury-external-1.0.0-alpha-2.jar:/Users/singh2_rajiv/.m2/repository/org/sonatype/spice/model-builder/1.3/model-builder-1.3.jar:/Users/singh2_rajiv/.m2/repository/stax/stax-api/1.0.1/stax-api-1.0.1.jar:/Users/singh2_rajiv/.m2/repository/org/apache/maven/maven-compat/3.0-alpha-2/maven-compat-3.0-alpha-2.jar:/Users/singh2_rajiv/.m2/repository/org/apache/maven/wagon/wagon-provider-api/1.0-beta-4/wagon-provider-api-1.0-beta-4.jar:/Users/singh2_rajiv/.m2/repository/org/codehaus/plexus/plexus-java/1.0.1/plexus-java-1.0.1.jar:/Users/singh2_rajiv/.m2/repository/org/ow2/asm/asm/7.0-beta/asm-7.0-beta.jar:/Users/singh2_rajiv/.m2/repository/com/thoughtworks/qdox/qdox/2.0-M9/qdox-2.0-M9.jar:/Users/singh2_rajiv/.m2/repository/org/seleniumhq/selenium/selenium-java/3.10.0/selenium-java-3.10.0.jar:/Users/singh2_rajiv/.m2/repository/org/seleniumhq/selenium/selenium-api/3.10.0/selenium-api-3.10.0.jar:/Users/singh2_rajiv/.m2/repository/org/seleniumhq/selenium/selenium-chrome-driver/3.10.0/selenium-chrome-driver-3.10.0.jar:/Users/singh2_rajiv/.m2/repository/org/seleniumhq/selenium/selenium-edge-driver/3.10.0/selenium-edge-driver-3.10.0.jar:/Users/singh2_rajiv/.m2/repository/org/seleniumhq/selenium/selenium-firefox-driver/3.10.0/selenium-firefox-driver-3.10.0.jar:/Users/singh2_rajiv/.m2/repository/org/seleniumhq/selenium/selenium-ie-driver/3.10.0/selenium-ie-driver-3.10.0.jar:/Users/singh2_rajiv/.m2/repository/org/seleniumhq/selenium/selenium-opera-driver/3.10.0/selenium-opera-driver-3.10.0.jar:/Users/singh2_rajiv/.m2/repository/org/seleniumhq/selenium/selenium-remote-driver/3.10.0/selenium-remote-driver-3.10.0.jar:/Users/singh2_rajiv/.m2/repository/org/seleniumhq/selenium/selenium-safari-driver/3.10.0/selenium-safari-driver-3.10.0.jar:/Users/singh2_rajiv/.m2/repository/org/seleniumhq/selenium/selenium-support/3.10.0/selenium-support-3.10.0.jar:/Users/singh2_rajiv/.m2/repository/net/bytebuddy/byte-buddy/1.7.9/byte-buddy-1.7.9.jar:/Users/singh2_rajiv/.m2/repository/org/apache/commons/commons-exec/1.3/commons-exec-1.3.jar:/Users/singh2_rajiv/.m2/repository/commons-codec/commons-codec/1.10/commons-codec-1.10.jar:/Users/singh2_rajiv/.m2/repository/commons-logging/commons-logging/1.2/commons-logging-1.2.jar:/Users/singh2_rajiv/.m2/repository/com/google/code/gson/gson/2.8.2/gson-2.8.2.jar:/Users/singh2_rajiv/.m2/repository/com/google/guava/guava/23.6-jre/guava-23.6-jre.jar:/Users/singh2_rajiv/.m2/repository/com/google/code/findbugs/jsr305/1.3.9/jsr305-1.3.9.jar:/Users/singh2_rajiv/.m2/repository/org/checkerframework/checker-compat-qual/2.0.0/checker-compat-qual-2.0.0.jar:/Users/singh2_rajiv/.m2/repository/com/google/errorprone/error_prone_annotations/2.1.3/error_prone_annotations-2.1.3.jar:/Users/singh2_rajiv/.m2/repository/com/google/j2objc/j2objc-annotations/1.1/j2objc-annotations-1.1.jar:/Users/singh2_rajiv/.m2/repository/org/codehaus/mojo/animal-sniffer-annotations/1.14/animal-sniffer-annotations-1.14.jar:/Users/singh2_rajiv/.m2/repository/org/apache/httpcomponents/httpclient/4.5.3/httpclient-4.5.3.jar:/Users/singh2_rajiv/.m2/repository/org/apache/httpcomponents/httpcore/4.4.6/httpcore-4.4.6.jar:/Users/singh2_rajiv/.m2/repository/com/squareup/okhttp3/okhttp/3.9.1/okhttp-3.9.1.jar:/Users/singh2_rajiv/.m2/repository/com/squareup/okio/okio/1.13.0/okio-1.13.0.jar:/Users/singh2_rajiv/.m2/repository/org/testng/testng/7.0.0/testng-7.0.0.jar:/Users/singh2_rajiv/.m2/repository/com/beust/jcommander/1.72/jcommander-1.72.jar:/Users/singh2_rajiv/.m2/repository/io/rest-assured/rest-assured/4.0.0/rest-assured-4.0.0.jar:/Users/singh2_rajiv/.m2/repository/org/codehaus/groovy/groovy/2.5.6/groovy-2.5.6.jar:/Users/singh2_rajiv/.m2/repository/org/codehaus/groovy/groovy-xml/2.5.6/groovy-xml-2.5.6.jar:/Users/singh2_rajiv/.m2/repository/org/apache/httpcomponents/httpmime/4.5.3/httpmime-4.5.3.jar:/Users/singh2_rajiv/.m2/repository/org/hamcrest/hamcrest-core/2.1/hamcrest-core-2.1.jar:/Users/singh2_rajiv/.m2/repository/org/hamcrest/hamcrest/2.1/hamcrest-2.1.jar:/Users/singh2_rajiv/.m2/repository/org/hamcrest/hamcrest-library/2.1/hamcrest-library-2.1.jar:/Users/singh2_rajiv/.m2/repository/org/ccil/cowan/tagsoup/tagsoup/1.2.1/tagsoup-1.2.1.jar:/Users/singh2_rajiv/.m2/repository/io/rest-assured/json-path/4.0.0/json-path-4.0.0.jar:/Users/singh2_rajiv/.m2/repository/org/codehaus/groovy/groovy-json/2.5.6/groovy-json-2.5.6.jar:/Users/singh2_rajiv/.m2/repository/org/json/json/20190722/json-20190722.jar:/Users/singh2_rajiv/.m2/repository/io/rest-assured/xml-path/4.0.0/xml-path-4.0.0.jar:/Users/singh2_rajiv/.m2/repository/io/rest-assured/rest-assured-common/4.0.0/rest-assured-common-4.0.0.jar:/Users/singh2_rajiv/.m2/repository/org/apache/commons/commons-lang3/3.4/commons-lang3-3.4.jar:/Users/singh2_rajiv/.m2/repository/javax/xml/bind/jaxb-api/2.2.12/jaxb-api-2.2.12.jar:/Users/singh2_rajiv/.m2/repository/org/apache/sling/org.apache.sling.javax.activation/0.1.0/org.apache.sling.javax.activation-0.1.0.jar:/Users/singh2_rajiv/.m2/repository/javax/activation/activation/1.1.1/activation-1.1.1.jar:/Users/singh2_rajiv/.m2/repository/log4j/log4j/1.2.17/log4j-1.2.17.jar:/Users/singh2_rajiv/.m2/repository/com/sun/xml/bind/jaxb-osgi/2.3.2/jaxb-osgi-2.3.2.jar:/Users/singh2_rajiv/.m2/repository/com/relevantcodes/extentreports/2.40.2/extentreports-2.40.2.jar:/Users/singh2_rajiv/.m2/repository/org/jsoup/jsoup/1.8.3/jsoup-1.8.3.jar:/Users/singh2_rajiv/.m2/repository/org/xerial/sqlite-jdbc/3.8.11.1/sqlite-jdbc-3.8.11.1.jar:/Users/singh2_rajiv/.m2/repository/org/freemarker/freemarker/2.3.23/freemarker-2.3.23.jar:"/>
    <property name="sun.cpu.endian" value="little"/>
    <property name="user.home" value="/Users/singh2_rajiv"/>
    <property name="user.language" value="en"/>
    <property name="java.specification.vendor" value="Oracle Corporation"/>
    <property name="java.version.date" value="2019-01-15"/>
    <property name="java.home" value="/Library/Java/JavaVirtualMachines/jdk-11.0.2.jdk/Contents/Home"/>
    <property name="file.separator" value="/"/>
    <property name="basedir" value="/Users/singh2_rajiv/Automation/ChordX/ChordXApi-Automation"/>
    <property name="java.vm.compressedOopsMode" value="Zero based"/>
    <property name="line.separator" value="&#10;"/>
    <property name="java.specification.name" value="Java Platform API Specification"/>
    <property name="java.vm.specification.vendor" value="Oracle Corporation"/>
    <property name="java.awt.graphicsenv" value="sun.awt.CGraphicsEnvironment"/>
    <property name="surefire.real.class.path" value="/Users/singh2_rajiv/Automation/ChordX/ChordXApi-Automation/target/surefire/surefirebooter15408576546257677479.jar"/>
    <property name="sun.management.compiler" value="HotSpot 64-Bit Tiered Compilers"/>
    <property name="java.runtime.version" value="11.0.2+9-LTS"/>
    <property name="user.name" value="singh2 rajiv"/>
    <property name="path.separator" value=":"/>
    <property name="os.version" value="10.14"/>
    <property name="java.runtime.name" value="Java(TM) SE Runtime Environment"/>
    <property name="file.encoding" value="UTF-8"/>
    <property name="java.vm.name" value="Java HotSpot(TM) 64-Bit Server VM"/>
    <property name="java.vendor.version" value="18.9"/>
    <property name="localRepository" value="/Users/singh2_rajiv/.m2/repository"/>
    <property name="java.vendor.url.bug" value="http://bugreport.java.com/bugreport/"/>
    <property name="java.io.tmpdir" value="/var/folders/v_/4flh1ksd0l59f60k5r0tvbbsd8jtf0/T/"/>
    <property name="java.version" value="11.0.2"/>
    <property name="user.dir" value="/Users/singh2_rajiv/Automation/ChordX/ChordXApi-Automation"/>
    <property name="os.arch" value="x86_64"/>
    <property name="java.vm.specification.name" value="Java Virtual Machine Specification"/>
    <property name="java.awt.printerjob" value="sun.lwawt.macosx.CPrinterJob"/>
    <property name="sun.os.patch.level" value="unknown"/>
    <property name="java.library.path" value="/Users/singh2_rajiv/Library/Java/Extensions:/Library/Java/Extensions:/Network/Library/Java/Extensions:/System/Library/Java/Extensions:/usr/lib/java:."/>
    <property name="java.vendor" value="Oracle Corporation"/>
    <property name="java.vm.info" value="mixed mode"/>
    <property name="java.vm.version" value="11.0.2+9-LTS"/>
    <property name="sun.io.unicode.encoding" value="UnicodeBig"/>
    <property name="java.class.version" value="55.0"/>
  </properties>
  <testcase name="equipTest" classname="APITests.EquipmentTest" time="1.133"/>
  <testcase name="versionTest" classname="APITests.GetServerVersionTest" time="0.15"/>
  <testcase name="liveDataTest" classname="APITests.LiveDataTest" time="0.843"/>
  <testcase name="maintenanceHistoryTest" classname="APITests.MaintenanceHistoryTest" time="1.395"/>
  <testcase name="maintenanceIssuesTest" classname="APITests.MaintenanceIssuesTest" time="0.209"/>
  <testcase name="maintenanceJobTest" classname="APITests.MaintenanceJobTest" time="0.487"/>
  <testcase name="perfDataTest" classname="APITests.PerformanceDataTest" time="1.069"/>
  <testcase name="plannedMaintenanceTest" classname="APITests.PlannedMaintenanceTest" time="0.281"/>
  <testcase name="sensorsTest" classname="APITests.SensorsTest" time="1.787">
    <failure message="Test failed because of anomaly/anomalies. Please check the logs." type="java.lang.AssertionError">java.lang.AssertionError: Test failed because of anomaly/anomalies. Please check the logs.
	at APITests.SensorsTest.sensorsTest(SensorsTest.java:53)
</failure>
    <system-out><![CDATA[4809 [main] INFO APITests.SensorsTest  - Sending the graphQL request to the server
4809 [main] INFO APITests.SensorsTest  - Sending the graphQL request to the server
4809 [main] INFO APITests.SensorsTest  - Sending the graphQL request to the server
4809 [main] INFO APITests.SensorsTest  - Sending the graphQL request to the server
4809 [main] INFO APITests.SensorsTest  - Sending the graphQL request to the server
4809 [main] INFO APITests.SensorsTest  - Sending the graphQL request to the server
4809 [main] INFO APITests.SensorsTest  - Sending the graphQL request to the server
4809 [main] INFO APITests.SensorsTest  - Sending the graphQL request to the server
4809 [main] INFO APITests.SensorsTest  - Sending the graphQL request to the server
4809 [main] INFO APITests.SensorsTest  - Sending the graphQL request to the server
4813 [main] DEBUG org.apache.http.impl.conn.BasicClientConnectionManager  - Get connection for route {}->http://magx-staging-fof.local.sandbox.magellanx.io:4000
4813 [main] DEBUG org.apache.http.impl.conn.BasicClientConnectionManager  - Get connection for route {}->http://magx-staging-fof.local.sandbox.magellanx.io:4000
4813 [main] DEBUG org.apache.http.impl.conn.BasicClientConnectionManager  - Get connection for route {}->http://magx-staging-fof.local.sandbox.magellanx.io:4000
4813 [main] DEBUG org.apache.http.impl.conn.BasicClientConnectionManager  - Get connection for route {}->http://magx-staging-fof.local.sandbox.magellanx.io:4000
4813 [main] DEBUG org.apache.http.impl.conn.BasicClientConnectionManager  - Get connection for route {}->http://magx-staging-fof.local.sandbox.magellanx.io:4000
4813 [main] DEBUG org.apache.http.impl.conn.BasicClientConnectionManager  - Get connection for route {}->http://magx-staging-fof.local.sandbox.magellanx.io:4000
4813 [main] DEBUG org.apache.http.impl.conn.BasicClientConnectionManager  - Get connection for route {}->http://magx-staging-fof.local.sandbox.magellanx.io:4000
4813 [main] DEBUG org.apache.http.impl.conn.BasicClientConnectionManager  - Get connection for route {}->http://magx-staging-fof.local.sandbox.magellanx.io:4000
4813 [main] DEBUG org.apache.http.impl.conn.BasicClientConnectionManager  - Get connection for route {}->http://magx-staging-fof.local.sandbox.magellanx.io:4000
4813 [main] DEBUG org.apache.http.impl.conn.BasicClientConnectionManager  - Get connection for route {}->http://magx-staging-fof.local.sandbox.magellanx.io:4000
4813 [main] DEBUG org.apache.http.impl.conn.DefaultClientConnectionOperator  - Connecting to magx-staging-fof.local.sandbox.magellanx.io:4000
4813 [main] DEBUG org.apache.http.impl.conn.DefaultClientConnectionOperator  - Connecting to magx-staging-fof.local.sandbox.magellanx.io:4000
4813 [main] DEBUG org.apache.http.impl.conn.DefaultClientConnectionOperator  - Connecting to magx-staging-fof.local.sandbox.magellanx.io:4000
4813 [main] DEBUG org.apache.http.impl.conn.DefaultClientConnectionOperator  - Connecting to magx-staging-fof.local.sandbox.magellanx.io:4000
4813 [main] DEBUG org.apache.http.impl.conn.DefaultClientConnectionOperator  - Connecting to magx-staging-fof.local.sandbox.magellanx.io:4000
4813 [main] DEBUG org.apache.http.impl.conn.DefaultClientConnectionOperator  - Connecting to magx-staging-fof.local.sandbox.magellanx.io:4000
4813 [main] DEBUG org.apache.http.impl.conn.DefaultClientConnectionOperator  - Connecting to magx-staging-fof.local.sandbox.magellanx.io:4000
4813 [main] DEBUG org.apache.http.impl.conn.DefaultClientConnectionOperator  - Connecting to magx-staging-fof.local.sandbox.magellanx.io:4000
4813 [main] DEBUG org.apache.http.impl.conn.DefaultClientConnectionOperator  - Connecting to magx-staging-fof.local.sandbox.magellanx.io:4000
4813 [main] DEBUG org.apache.http.impl.conn.DefaultClientConnectionOperator  - Connecting to magx-staging-fof.local.sandbox.magellanx.io:4000
4815 [main] DEBUG org.apache.http.client.protocol.RequestAddCookies  - CookieSpec selected: ignoreCookies
4815 [main] DEBUG org.apache.http.client.protocol.RequestAddCookies  - CookieSpec selected: ignoreCookies
4815 [main] DEBUG org.apache.http.client.protocol.RequestAddCookies  - CookieSpec selected: ignoreCookies
4815 [main] DEBUG org.apache.http.client.protocol.RequestAddCookies  - CookieSpec selected: ignoreCookies
4815 [main] DEBUG org.apache.http.client.protocol.RequestAddCookies  - CookieSpec selected: ignoreCookies
4815 [main] DEBUG org.apache.http.client.protocol.RequestAddCookies  - CookieSpec selected: ignoreCookies
4815 [main] DEBUG org.apache.http.client.protocol.RequestAddCookies  - CookieSpec selected: ignoreCookies
4815 [main] DEBUG org.apache.http.client.protocol.RequestAddCookies  - CookieSpec selected: ignoreCookies
4815 [main] DEBUG org.apache.http.client.protocol.RequestAddCookies  - CookieSpec selected: ignoreCookies
4815 [main] DEBUG org.apache.http.client.protocol.RequestAddCookies  - CookieSpec selected: ignoreCookies
4815 [main] DEBUG org.apache.http.client.protocol.RequestAuthCache  - Auth cache not set in the context
4815 [main] DEBUG org.apache.http.client.protocol.RequestAuthCache  - Auth cache not set in the context
4815 [main] DEBUG org.apache.http.client.protocol.RequestAuthCache  - Auth cache not set in the context
4815 [main] DEBUG org.apache.http.client.protocol.RequestAuthCache  - Auth cache not set in the context
4815 [main] DEBUG org.apache.http.client.protocol.RequestAuthCache  - Auth cache not set in the context
4815 [main] DEBUG org.apache.http.client.protocol.RequestAuthCache  - Auth cache not set in the context
4815 [main] DEBUG org.apache.http.client.protocol.RequestAuthCache  - Auth cache not set in the context
4815 [main] DEBUG org.apache.http.client.protocol.RequestAuthCache  - Auth cache not set in the context
4815 [main] DEBUG org.apache.http.client.protocol.RequestAuthCache  - Auth cache not set in the context
4815 [main] DEBUG org.apache.http.client.protocol.RequestAuthCache  - Auth cache not set in the context
4815 [main] DEBUG org.apache.http.client.protocol.RequestTargetAuthentication  - Target auth state: UNCHALLENGED
4815 [main] DEBUG org.apache.http.client.protocol.RequestTargetAuthentication  - Target auth state: UNCHALLENGED
4815 [main] DEBUG org.apache.http.client.protocol.RequestTargetAuthentication  - Target auth state: UNCHALLENGED
4815 [main] DEBUG org.apache.http.client.protocol.RequestTargetAuthentication  - Target auth state: UNCHALLENGED
4815 [main] DEBUG org.apache.http.client.protocol.RequestTargetAuthentication  - Target auth state: UNCHALLENGED
4815 [main] DEBUG org.apache.http.client.protocol.RequestTargetAuthentication  - Target auth state: UNCHALLENGED
4815 [main] DEBUG org.apache.http.client.protocol.RequestTargetAuthentication  - Target auth state: UNCHALLENGED
4815 [main] DEBUG org.apache.http.client.protocol.RequestTargetAuthentication  - Target auth state: UNCHALLENGED
4815 [main] DEBUG org.apache.http.client.protocol.RequestTargetAuthentication  - Target auth state: UNCHALLENGED
4815 [main] DEBUG org.apache.http.client.protocol.RequestTargetAuthentication  - Target auth state: UNCHALLENGED
4815 [main] DEBUG org.apache.http.client.protocol.RequestProxyAuthentication  - Proxy auth state: UNCHALLENGED
4815 [main] DEBUG org.apache.http.client.protocol.RequestProxyAuthentication  - Proxy auth state: UNCHALLENGED
4815 [main] DEBUG org.apache.http.client.protocol.RequestProxyAuthentication  - Proxy auth state: UNCHALLENGED
4815 [main] DEBUG org.apache.http.client.protocol.RequestProxyAuthentication  - Proxy auth state: UNCHALLENGED
4815 [main] DEBUG org.apache.http.client.protocol.RequestProxyAuthentication  - Proxy auth state: UNCHALLENGED
4815 [main] DEBUG org.apache.http.client.protocol.RequestProxyAuthentication  - Proxy auth state: UNCHALLENGED
4815 [main] DEBUG org.apache.http.client.protocol.RequestProxyAuthentication  - Proxy auth state: UNCHALLENGED
4815 [main] DEBUG org.apache.http.client.protocol.RequestProxyAuthentication  - Proxy auth state: UNCHALLENGED
4815 [main] DEBUG org.apache.http.client.protocol.RequestProxyAuthentication  - Proxy auth state: UNCHALLENGED
4815 [main] DEBUG org.apache.http.client.protocol.RequestProxyAuthentication  - Proxy auth state: UNCHALLENGED
4815 [main] DEBUG org.apache.http.impl.client.DefaultHttpClient  - Attempt 1 to execute request
4815 [main] DEBUG org.apache.http.impl.client.DefaultHttpClient  - Attempt 1 to execute request
4815 [main] DEBUG org.apache.http.impl.client.DefaultHttpClient  - Attempt 1 to execute request
4815 [main] DEBUG org.apache.http.impl.client.DefaultHttpClient  - Attempt 1 to execute request
4815 [main] DEBUG org.apache.http.impl.client.DefaultHttpClient  - Attempt 1 to execute request
4815 [main] DEBUG org.apache.http.impl.client.DefaultHttpClient  - Attempt 1 to execute request
4815 [main] DEBUG org.apache.http.impl.client.DefaultHttpClient  - Attempt 1 to execute request
4815 [main] DEBUG org.apache.http.impl.client.DefaultHttpClient  - Attempt 1 to execute request
4815 [main] DEBUG org.apache.http.impl.client.DefaultHttpClient  - Attempt 1 to execute request
4815 [main] DEBUG org.apache.http.impl.client.DefaultHttpClient  - Attempt 1 to execute request
4815 [main] DEBUG org.apache.http.impl.conn.DefaultClientConnection  - Sending request: POST / HTTP/1.1
4815 [main] DEBUG org.apache.http.impl.conn.DefaultClientConnection  - Sending request: POST / HTTP/1.1
4815 [main] DEBUG org.apache.http.impl.conn.DefaultClientConnection  - Sending request: POST / HTTP/1.1
4815 [main] DEBUG org.apache.http.impl.conn.DefaultClientConnection  - Sending request: POST / HTTP/1.1
4815 [main] DEBUG org.apache.http.impl.conn.DefaultClientConnection  - Sending request: POST / HTTP/1.1
4815 [main] DEBUG org.apache.http.impl.conn.DefaultClientConnection  - Sending request: POST / HTTP/1.1
4815 [main] DEBUG org.apache.http.impl.conn.DefaultClientConnection  - Sending request: POST / HTTP/1.1
4815 [main] DEBUG org.apache.http.impl.conn.DefaultClientConnection  - Sending request: POST / HTTP/1.1
4815 [main] DEBUG org.apache.http.impl.conn.DefaultClientConnection  - Sending request: POST / HTTP/1.1
4815 [main] DEBUG org.apache.http.impl.conn.DefaultClientConnection  - Sending request: POST / HTTP/1.1
4815 [main] DEBUG org.apache.http.wire  -  >> "POST / HTTP/1.1[\r][\n]"
4815 [main] DEBUG org.apache.http.wire  -  >> "POST / HTTP/1.1[\r][\n]"
4815 [main] DEBUG org.apache.http.wire  -  >> "POST / HTTP/1.1[\r][\n]"
4815 [main] DEBUG org.apache.http.wire  -  >> "POST / HTTP/1.1[\r][\n]"
4815 [main] DEBUG org.apache.http.wire  -  >> "POST / HTTP/1.1[\r][\n]"
4815 [main] DEBUG org.apache.http.wire  -  >> "POST / HTTP/1.1[\r][\n]"
4815 [main] DEBUG org.apache.http.wire  -  >> "POST / HTTP/1.1[\r][\n]"
4815 [main] DEBUG org.apache.http.wire  -  >> "POST / HTTP/1.1[\r][\n]"
4815 [main] DEBUG org.apache.http.wire  -  >> "POST / HTTP/1.1[\r][\n]"
4815 [main] DEBUG org.apache.http.wire  -  >> "POST / HTTP/1.1[\r][\n]"
4816 [main] DEBUG org.apache.http.wire  -  >> "Accept: */*[\r][\n]"
4816 [main] DEBUG org.apache.http.wire  -  >> "Accept: */*[\r][\n]"
4816 [main] DEBUG org.apache.http.wire  -  >> "Accept: */*[\r][\n]"
4816 [main] DEBUG org.apache.http.wire  -  >> "Accept: */*[\r][\n]"
4816 [main] DEBUG org.apache.http.wire  -  >> "Accept: */*[\r][\n]"
4816 [main] DEBUG org.apache.http.wire  -  >> "Accept: */*[\r][\n]"
4816 [main] DEBUG org.apache.http.wire  -  >> "Accept: */*[\r][\n]"
4816 [main] DEBUG org.apache.http.wire  -  >> "Accept: */*[\r][\n]"
4816 [main] DEBUG org.apache.http.wire  -  >> "Accept: */*[\r][\n]"
4816 [main] DEBUG org.apache.http.wire  -  >> "Accept: */*[\r][\n]"
4816 [main] DEBUG org.apache.http.wire  -  >> "Content-Type: application/json[\r][\n]"
4816 [main] DEBUG org.apache.http.wire  -  >> "Content-Type: application/json[\r][\n]"
4816 [main] DEBUG org.apache.http.wire  -  >> "Content-Type: application/json[\r][\n]"
4816 [main] DEBUG org.apache.http.wire  -  >> "Content-Type: application/json[\r][\n]"
4816 [main] DEBUG org.apache.http.wire  -  >> "Content-Type: application/json[\r][\n]"
4816 [main] DEBUG org.apache.http.wire  -  >> "Content-Type: application/json[\r][\n]"
4816 [main] DEBUG org.apache.http.wire  -  >> "Content-Type: application/json[\r][\n]"
4816 [main] DEBUG org.apache.http.wire  -  >> "Content-Type: application/json[\r][\n]"
4816 [main] DEBUG org.apache.http.wire  -  >> "Content-Type: application/json[\r][\n]"
4816 [main] DEBUG org.apache.http.wire  -  >> "Content-Type: application/json[\r][\n]"
4816 [main] DEBUG org.apache.http.wire  -  >> "Content-Length: 172[\r][\n]"
4816 [main] DEBUG org.apache.http.wire  -  >> "Content-Length: 172[\r][\n]"
4816 [main] DEBUG org.apache.http.wire  -  >> "Content-Length: 172[\r][\n]"
4816 [main] DEBUG org.apache.http.wire  -  >> "Content-Length: 172[\r][\n]"
4816 [main] DEBUG org.apache.http.wire  -  >> "Content-Length: 172[\r][\n]"
4816 [main] DEBUG org.apache.http.wire  -  >> "Content-Length: 172[\r][\n]"
4816 [main] DEBUG org.apache.http.wire  -  >> "Content-Length: 172[\r][\n]"
4816 [main] DEBUG org.apache.http.wire  -  >> "Content-Length: 172[\r][\n]"
4816 [main] DEBUG org.apache.http.wire  -  >> "Content-Length: 172[\r][\n]"
4816 [main] DEBUG org.apache.http.wire  -  >> "Content-Length: 172[\r][\n]"
4816 [main] DEBUG org.apache.http.wire  -  >> "Host: magx-staging-fof.local.sandbox.magellanx.io:4000[\r][\n]"
4816 [main] DEBUG org.apache.http.wire  -  >> "Host: magx-staging-fof.local.sandbox.magellanx.io:4000[\r][\n]"
4816 [main] DEBUG org.apache.http.wire  -  >> "Host: magx-staging-fof.local.sandbox.magellanx.io:4000[\r][\n]"
4816 [main] DEBUG org.apache.http.wire  -  >> "Host: magx-staging-fof.local.sandbox.magellanx.io:4000[\r][\n]"
4816 [main] DEBUG org.apache.http.wire  -  >> "Host: magx-staging-fof.local.sandbox.magellanx.io:4000[\r][\n]"
4816 [main] DEBUG org.apache.http.wire  -  >> "Host: magx-staging-fof.local.sandbox.magellanx.io:4000[\r][\n]"
4816 [main] DEBUG org.apache.http.wire  -  >> "Host: magx-staging-fof.local.sandbox.magellanx.io:4000[\r][\n]"
4816 [main] DEBUG org.apache.http.wire  -  >> "Host: magx-staging-fof.local.sandbox.magellanx.io:4000[\r][\n]"
4816 [main] DEBUG org.apache.http.wire  -  >> "Host: magx-staging-fof.local.sandbox.magellanx.io:4000[\r][\n]"
4816 [main] DEBUG org.apache.http.wire  -  >> "Host: magx-staging-fof.local.sandbox.magellanx.io:4000[\r][\n]"
4816 [main] DEBUG org.apache.http.wire  -  >> "Connection: Keep-Alive[\r][\n]"
4816 [main] DEBUG org.apache.http.wire  -  >> "Connection: Keep-Alive[\r][\n]"
4816 [main] DEBUG org.apache.http.wire  -  >> "Connection: Keep-Alive[\r][\n]"
4816 [main] DEBUG org.apache.http.wire  -  >> "Connection: Keep-Alive[\r][\n]"
4816 [main] DEBUG org.apache.http.wire  -  >> "Connection: Keep-Alive[\r][\n]"
4816 [main] DEBUG org.apache.http.wire  -  >> "Connection: Keep-Alive[\r][\n]"
4816 [main] DEBUG org.apache.http.wire  -  >> "Connection: Keep-Alive[\r][\n]"
4816 [main] DEBUG org.apache.http.wire  -  >> "Connection: Keep-Alive[\r][\n]"
4816 [main] DEBUG org.apache.http.wire  -  >> "Connection: Keep-Alive[\r][\n]"
4816 [main] DEBUG org.apache.http.wire  -  >> "Connection: Keep-Alive[\r][\n]"
4816 [main] DEBUG org.apache.http.wire  -  >> "User-Agent: Apache-HttpClient/4.5.3 (Java/11.0.2)[\r][\n]"
4816 [main] DEBUG org.apache.http.wire  -  >> "User-Agent: Apache-HttpClient/4.5.3 (Java/11.0.2)[\r][\n]"
4816 [main] DEBUG org.apache.http.wire  -  >> "User-Agent: Apache-HttpClient/4.5.3 (Java/11.0.2)[\r][\n]"
4816 [main] DEBUG org.apache.http.wire  -  >> "User-Agent: Apache-HttpClient/4.5.3 (Java/11.0.2)[\r][\n]"
4816 [main] DEBUG org.apache.http.wire  -  >> "User-Agent: Apache-HttpClient/4.5.3 (Java/11.0.2)[\r][\n]"
4816 [main] DEBUG org.apache.http.wire  -  >> "User-Agent: Apache-HttpClient/4.5.3 (Java/11.0.2)[\r][\n]"
4816 [main] DEBUG org.apache.http.wire  -  >> "User-Agent: Apache-HttpClient/4.5.3 (Java/11.0.2)[\r][\n]"
4816 [main] DEBUG org.apache.http.wire  -  >> "User-Agent: Apache-HttpClient/4.5.3 (Java/11.0.2)[\r][\n]"
4816 [main] DEBUG org.apache.http.wire  -  >> "User-Agent: Apache-HttpClient/4.5.3 (Java/11.0.2)[\r][\n]"
4816 [main] DEBUG org.apache.http.wire  -  >> "User-Agent: Apache-HttpClient/4.5.3 (Java/11.0.2)[\r][\n]"
4816 [main] DEBUG org.apache.http.wire  -  >> "Accept-Encoding: gzip,deflate[\r][\n]"
4816 [main] DEBUG org.apache.http.wire  -  >> "Accept-Encoding: gzip,deflate[\r][\n]"
4816 [main] DEBUG org.apache.http.wire  -  >> "Accept-Encoding: gzip,deflate[\r][\n]"
4816 [main] DEBUG org.apache.http.wire  -  >> "Accept-Encoding: gzip,deflate[\r][\n]"
4816 [main] DEBUG org.apache.http.wire  -  >> "Accept-Encoding: gzip,deflate[\r][\n]"
4816 [main] DEBUG org.apache.http.wire  -  >> "Accept-Encoding: gzip,deflate[\r][\n]"
4816 [main] DEBUG org.apache.http.wire  -  >> "Accept-Encoding: gzip,deflate[\r][\n]"
4816 [main] DEBUG org.apache.http.wire  -  >> "Accept-Encoding: gzip,deflate[\r][\n]"
4816 [main] DEBUG org.apache.http.wire  -  >> "Accept-Encoding: gzip,deflate[\r][\n]"
4816 [main] DEBUG org.apache.http.wire  -  >> "Accept-Encoding: gzip,deflate[\r][\n]"
4816 [main] DEBUG org.apache.http.wire  -  >> "[\r][\n]"
4816 [main] DEBUG org.apache.http.wire  -  >> "[\r][\n]"
4816 [main] DEBUG org.apache.http.wire  -  >> "[\r][\n]"
4816 [main] DEBUG org.apache.http.wire  -  >> "[\r][\n]"
4816 [main] DEBUG org.apache.http.wire  -  >> "[\r][\n]"
4816 [main] DEBUG org.apache.http.wire  -  >> "[\r][\n]"
4816 [main] DEBUG org.apache.http.wire  -  >> "[\r][\n]"
4816 [main] DEBUG org.apache.http.wire  -  >> "[\r][\n]"
4816 [main] DEBUG org.apache.http.wire  -  >> "[\r][\n]"
4816 [main] DEBUG org.apache.http.wire  -  >> "[\r][\n]"
4816 [main] DEBUG org.apache.http.headers  - >> POST / HTTP/1.1
4816 [main] DEBUG org.apache.http.headers  - >> POST / HTTP/1.1
4816 [main] DEBUG org.apache.http.headers  - >> POST / HTTP/1.1
4816 [main] DEBUG org.apache.http.headers  - >> POST / HTTP/1.1
4816 [main] DEBUG org.apache.http.headers  - >> POST / HTTP/1.1
4816 [main] DEBUG org.apache.http.headers  - >> POST / HTTP/1.1
4816 [main] DEBUG org.apache.http.headers  - >> POST / HTTP/1.1
4816 [main] DEBUG org.apache.http.headers  - >> POST / HTTP/1.1
4816 [main] DEBUG org.apache.http.headers  - >> POST / HTTP/1.1
4816 [main] DEBUG org.apache.http.headers  - >> POST / HTTP/1.1
4816 [main] DEBUG org.apache.http.headers  - >> Accept: */*
4816 [main] DEBUG org.apache.http.headers  - >> Accept: */*
4816 [main] DEBUG org.apache.http.headers  - >> Accept: */*
4816 [main] DEBUG org.apache.http.headers  - >> Accept: */*
4816 [main] DEBUG org.apache.http.headers  - >> Accept: */*
4816 [main] DEBUG org.apache.http.headers  - >> Accept: */*
4816 [main] DEBUG org.apache.http.headers  - >> Accept: */*
4816 [main] DEBUG org.apache.http.headers  - >> Accept: */*
4816 [main] DEBUG org.apache.http.headers  - >> Accept: */*
4816 [main] DEBUG org.apache.http.headers  - >> Accept: */*
4816 [main] DEBUG org.apache.http.headers  - >> Content-Type: application/json
4816 [main] DEBUG org.apache.http.headers  - >> Content-Type: application/json
4816 [main] DEBUG org.apache.http.headers  - >> Content-Type: application/json
4816 [main] DEBUG org.apache.http.headers  - >> Content-Type: application/json
4816 [main] DEBUG org.apache.http.headers  - >> Content-Type: application/json
4816 [main] DEBUG org.apache.http.headers  - >> Content-Type: application/json
4816 [main] DEBUG org.apache.http.headers  - >> Content-Type: application/json
4816 [main] DEBUG org.apache.http.headers  - >> Content-Type: application/json
4816 [main] DEBUG org.apache.http.headers  - >> Content-Type: application/json
4816 [main] DEBUG org.apache.http.headers  - >> Content-Type: application/json
4816 [main] DEBUG org.apache.http.headers  - >> Content-Length: 172
4816 [main] DEBUG org.apache.http.headers  - >> Content-Length: 172
4816 [main] DEBUG org.apache.http.headers  - >> Content-Length: 172
4816 [main] DEBUG org.apache.http.headers  - >> Content-Length: 172
4816 [main] DEBUG org.apache.http.headers  - >> Content-Length: 172
4816 [main] DEBUG org.apache.http.headers  - >> Content-Length: 172
4816 [main] DEBUG org.apache.http.headers  - >> Content-Length: 172
4816 [main] DEBUG org.apache.http.headers  - >> Content-Length: 172
4816 [main] DEBUG org.apache.http.headers  - >> Content-Length: 172
4816 [main] DEBUG org.apache.http.headers  - >> Content-Length: 172
4816 [main] DEBUG org.apache.http.headers  - >> Host: magx-staging-fof.local.sandbox.magellanx.io:4000
4816 [main] DEBUG org.apache.http.headers  - >> Host: magx-staging-fof.local.sandbox.magellanx.io:4000
4816 [main] DEBUG org.apache.http.headers  - >> Host: magx-staging-fof.local.sandbox.magellanx.io:4000
4816 [main] DEBUG org.apache.http.headers  - >> Host: magx-staging-fof.local.sandbox.magellanx.io:4000
4816 [main] DEBUG org.apache.http.headers  - >> Host: magx-staging-fof.local.sandbox.magellanx.io:4000
4816 [main] DEBUG org.apache.http.headers  - >> Host: magx-staging-fof.local.sandbox.magellanx.io:4000
4816 [main] DEBUG org.apache.http.headers  - >> Host: magx-staging-fof.local.sandbox.magellanx.io:4000
4816 [main] DEBUG org.apache.http.headers  - >> Host: magx-staging-fof.local.sandbox.magellanx.io:4000
4816 [main] DEBUG org.apache.http.headers  - >> Host: magx-staging-fof.local.sandbox.magellanx.io:4000
4816 [main] DEBUG org.apache.http.headers  - >> Host: magx-staging-fof.local.sandbox.magellanx.io:4000
4816 [main] DEBUG org.apache.http.headers  - >> Connection: Keep-Alive
4816 [main] DEBUG org.apache.http.headers  - >> Connection: Keep-Alive
4816 [main] DEBUG org.apache.http.headers  - >> Connection: Keep-Alive
4816 [main] DEBUG org.apache.http.headers  - >> Connection: Keep-Alive
4816 [main] DEBUG org.apache.http.headers  - >> Connection: Keep-Alive
4816 [main] DEBUG org.apache.http.headers  - >> Connection: Keep-Alive
4816 [main] DEBUG org.apache.http.headers  - >> Connection: Keep-Alive
4816 [main] DEBUG org.apache.http.headers  - >> Connection: Keep-Alive
4816 [main] DEBUG org.apache.http.headers  - >> Connection: Keep-Alive
4816 [main] DEBUG org.apache.http.headers  - >> Connection: Keep-Alive
4816 [main] DEBUG org.apache.http.headers  - >> User-Agent: Apache-HttpClient/4.5.3 (Java/11.0.2)
4816 [main] DEBUG org.apache.http.headers  - >> User-Agent: Apache-HttpClient/4.5.3 (Java/11.0.2)
4816 [main] DEBUG org.apache.http.headers  - >> User-Agent: Apache-HttpClient/4.5.3 (Java/11.0.2)
4816 [main] DEBUG org.apache.http.headers  - >> User-Agent: Apache-HttpClient/4.5.3 (Java/11.0.2)
4816 [main] DEBUG org.apache.http.headers  - >> User-Agent: Apache-HttpClient/4.5.3 (Java/11.0.2)
4816 [main] DEBUG org.apache.http.headers  - >> User-Agent: Apache-HttpClient/4.5.3 (Java/11.0.2)
4816 [main] DEBUG org.apache.http.headers  - >> User-Agent: Apache-HttpClient/4.5.3 (Java/11.0.2)
4816 [main] DEBUG org.apache.http.headers  - >> User-Agent: Apache-HttpClient/4.5.3 (Java/11.0.2)
4816 [main] DEBUG org.apache.http.headers  - >> User-Agent: Apache-HttpClient/4.5.3 (Java/11.0.2)
4816 [main] DEBUG org.apache.http.headers  - >> User-Agent: Apache-HttpClient/4.5.3 (Java/11.0.2)
4817 [main] DEBUG org.apache.http.headers  - >> Accept-Encoding: gzip,deflate
4817 [main] DEBUG org.apache.http.headers  - >> Accept-Encoding: gzip,deflate
4817 [main] DEBUG org.apache.http.headers  - >> Accept-Encoding: gzip,deflate
4817 [main] DEBUG org.apache.http.headers  - >> Accept-Encoding: gzip,deflate
4817 [main] DEBUG org.apache.http.headers  - >> Accept-Encoding: gzip,deflate
4817 [main] DEBUG org.apache.http.headers  - >> Accept-Encoding: gzip,deflate
4817 [main] DEBUG org.apache.http.headers  - >> Accept-Encoding: gzip,deflate
4817 [main] DEBUG org.apache.http.headers  - >> Accept-Encoding: gzip,deflate
4817 [main] DEBUG org.apache.http.headers  - >> Accept-Encoding: gzip,deflate
4817 [main] DEBUG org.apache.http.headers  - >> Accept-Encoding: gzip,deflate
4817 [main] DEBUG org.apache.http.wire  -  >> "{"query":"query{\n  sensors {\n    _id\n    identifier\n    name\n    unitType\n    reading {\n      timestamp\n      value\n      unitType\n    }\n    hasAnomaly\n  }\n}"}"
4817 [main] DEBUG org.apache.http.wire  -  >> "{"query":"query{\n  sensors {\n    _id\n    identifier\n    name\n    unitType\n    reading {\n      timestamp\n      value\n      unitType\n    }\n    hasAnomaly\n  }\n}"}"
4817 [main] DEBUG org.apache.http.wire  -  >> "{"query":"query{\n  sensors {\n    _id\n    identifier\n    name\n    unitType\n    reading {\n      timestamp\n      value\n      unitType\n    }\n    hasAnomaly\n  }\n}"}"
4817 [main] DEBUG org.apache.http.wire  -  >> "{"query":"query{\n  sensors {\n    _id\n    identifier\n    name\n    unitType\n    reading {\n      timestamp\n      value\n      unitType\n    }\n    hasAnomaly\n  }\n}"}"
4817 [main] DEBUG org.apache.http.wire  -  >> "{"query":"query{\n  sensors {\n    _id\n    identifier\n    name\n    unitType\n    reading {\n      timestamp\n      value\n      unitType\n    }\n    hasAnomaly\n  }\n}"}"
4817 [main] DEBUG org.apache.http.wire  -  >> "{"query":"query{\n  sensors {\n    _id\n    identifier\n    name\n    unitType\n    reading {\n      timestamp\n      value\n      unitType\n    }\n    hasAnomaly\n  }\n}"}"
4817 [main] DEBUG org.apache.http.wire  -  >> "{"query":"query{\n  sensors {\n    _id\n    identifier\n    name\n    unitType\n    reading {\n      timestamp\n      value\n      unitType\n    }\n    hasAnomaly\n  }\n}"}"
4817 [main] DEBUG org.apache.http.wire  -  >> "{"query":"query{\n  sensors {\n    _id\n    identifier\n    name\n    unitType\n    reading {\n      timestamp\n      value\n      unitType\n    }\n    hasAnomaly\n  }\n}"}"
4817 [main] DEBUG org.apache.http.wire  -  >> "{"query":"query{\n  sensors {\n    _id\n    identifier\n    name\n    unitType\n    reading {\n      timestamp\n      value\n      unitType\n    }\n    hasAnomaly\n  }\n}"}"
4817 [main] DEBUG org.apache.http.wire  -  >> "{"query":"query{\n  sensors {\n    _id\n    identifier\n    name\n    unitType\n    reading {\n      timestamp\n      value\n      unitType\n    }\n    hasAnomaly\n  }\n}"}"
4856 [main] DEBUG org.apache.http.wire  -  << "HTTP/1.1 200 OK[\r][\n]"
4856 [main] DEBUG org.apache.http.wire  -  << "HTTP/1.1 200 OK[\r][\n]"
4856 [main] DEBUG org.apache.http.wire  -  << "HTTP/1.1 200 OK[\r][\n]"
4856 [main] DEBUG org.apache.http.wire  -  << "HTTP/1.1 200 OK[\r][\n]"
4856 [main] DEBUG org.apache.http.wire  -  << "HTTP/1.1 200 OK[\r][\n]"
4856 [main] DEBUG org.apache.http.wire  -  << "HTTP/1.1 200 OK[\r][\n]"
4856 [main] DEBUG org.apache.http.wire  -  << "HTTP/1.1 200 OK[\r][\n]"
4856 [main] DEBUG org.apache.http.wire  -  << "HTTP/1.1 200 OK[\r][\n]"
4856 [main] DEBUG org.apache.http.wire  -  << "HTTP/1.1 200 OK[\r][\n]"
4856 [main] DEBUG org.apache.http.wire  -  << "HTTP/1.1 200 OK[\r][\n]"
4856 [main] DEBUG org.apache.http.wire  -  << "X-Powered-By: Express[\r][\n]"
4856 [main] DEBUG org.apache.http.wire  -  << "X-Powered-By: Express[\r][\n]"
4856 [main] DEBUG org.apache.http.wire  -  << "X-Powered-By: Express[\r][\n]"
4856 [main] DEBUG org.apache.http.wire  -  << "X-Powered-By: Express[\r][\n]"
4856 [main] DEBUG org.apache.http.wire  -  << "X-Powered-By: Express[\r][\n]"
4856 [main] DEBUG org.apache.http.wire  -  << "X-Powered-By: Express[\r][\n]"
4856 [main] DEBUG org.apache.http.wire  -  << "X-Powered-By: Express[\r][\n]"
4856 [main] DEBUG org.apache.http.wire  -  << "X-Powered-By: Express[\r][\n]"
4856 [main] DEBUG org.apache.http.wire  -  << "X-Powered-By: Express[\r][\n]"
4856 [main] DEBUG org.apache.http.wire  -  << "X-Powered-By: Express[\r][\n]"
4856 [main] DEBUG org.apache.http.wire  -  << "Access-Control-Allow-Origin: *[\r][\n]"
4856 [main] DEBUG org.apache.http.wire  -  << "Access-Control-Allow-Origin: *[\r][\n]"
4856 [main] DEBUG org.apache.http.wire  -  << "Access-Control-Allow-Origin: *[\r][\n]"
4856 [main] DEBUG org.apache.http.wire  -  << "Access-Control-Allow-Origin: *[\r][\n]"
4856 [main] DEBUG org.apache.http.wire  -  << "Access-Control-Allow-Origin: *[\r][\n]"
4856 [main] DEBUG org.apache.http.wire  -  << "Access-Control-Allow-Origin: *[\r][\n]"
4856 [main] DEBUG org.apache.http.wire  -  << "Access-Control-Allow-Origin: *[\r][\n]"
4856 [main] DEBUG org.apache.http.wire  -  << "Access-Control-Allow-Origin: *[\r][\n]"
4856 [main] DEBUG org.apache.http.wire  -  << "Access-Control-Allow-Origin: *[\r][\n]"
4856 [main] DEBUG org.apache.http.wire  -  << "Access-Control-Allow-Origin: *[\r][\n]"
4856 [main] DEBUG org.apache.http.wire  -  << "Content-Type: application/json[\r][\n]"
4856 [main] DEBUG org.apache.http.wire  -  << "Content-Type: application/json[\r][\n]"
4856 [main] DEBUG org.apache.http.wire  -  << "Content-Type: application/json[\r][\n]"
4856 [main] DEBUG org.apache.http.wire  -  << "Content-Type: application/json[\r][\n]"
4856 [main] DEBUG org.apache.http.wire  -  << "Content-Type: application/json[\r][\n]"
4856 [main] DEBUG org.apache.http.wire  -  << "Content-Type: application/json[\r][\n]"
4856 [main] DEBUG org.apache.http.wire  -  << "Content-Type: application/json[\r][\n]"
4856 [main] DEBUG org.apache.http.wire  -  << "Content-Type: application/json[\r][\n]"
4856 [main] DEBUG org.apache.http.wire  -  << "Content-Type: application/json[\r][\n]"
4856 [main] DEBUG org.apache.http.wire  -  << "Content-Type: application/json[\r][\n]"
4856 [main] DEBUG org.apache.http.wire  -  << "Content-Length: 67145[\r][\n]"
4856 [main] DEBUG org.apache.http.wire  -  << "Content-Length: 67145[\r][\n]"
4856 [main] DEBUG org.apache.http.wire  -  << "Content-Length: 67145[\r][\n]"
4856 [main] DEBUG org.apache.http.wire  -  << "Content-Length: 67145[\r][\n]"
4856 [main] DEBUG org.apache.http.wire  -  << "Content-Length: 67145[\r][\n]"
4856 [main] DEBUG org.apache.http.wire  -  << "Content-Length: 67145[\r][\n]"
4856 [main] DEBUG org.apache.http.wire  -  << "Content-Length: 67145[\r][\n]"
4856 [main] DEBUG org.apache.http.wire  -  << "Content-Length: 67145[\r][\n]"
4856 [main] DEBUG org.apache.http.wire  -  << "Content-Length: 67145[\r][\n]"
4856 [main] DEBUG org.apache.http.wire  -  << "Content-Length: 67145[\r][\n]"
4856 [main] DEBUG org.apache.http.wire  -  << "Date: Fri, 13 Sep 2019 18:50:34 GMT[\r][\n]"
4856 [main] DEBUG org.apache.http.wire  -  << "Date: Fri, 13 Sep 2019 18:50:34 GMT[\r][\n]"
4856 [main] DEBUG org.apache.http.wire  -  << "Date: Fri, 13 Sep 2019 18:50:34 GMT[\r][\n]"
4856 [main] DEBUG org.apache.http.wire  -  << "Date: Fri, 13 Sep 2019 18:50:34 GMT[\r][\n]"
4856 [main] DEBUG org.apache.http.wire  -  << "Date: Fri, 13 Sep 2019 18:50:34 GMT[\r][\n]"
4856 [main] DEBUG org.apache.http.wire  -  << "Date: Fri, 13 Sep 2019 18:50:34 GMT[\r][\n]"
4856 [main] DEBUG org.apache.http.wire  -  << "Date: Fri, 13 Sep 2019 18:50:34 GMT[\r][\n]"
4856 [main] DEBUG org.apache.http.wire  -  << "Date: Fri, 13 Sep 2019 18:50:34 GMT[\r][\n]"
4856 [main] DEBUG org.apache.http.wire  -  << "Date: Fri, 13 Sep 2019 18:50:34 GMT[\r][\n]"
4856 [main] DEBUG org.apache.http.wire  -  << "Date: Fri, 13 Sep 2019 18:50:34 GMT[\r][\n]"
4856 [main] DEBUG org.apache.http.wire  -  << "Connection: keep-alive[\r][\n]"
4856 [main] DEBUG org.apache.http.wire  -  << "Connection: keep-alive[\r][\n]"
4856 [main] DEBUG org.apache.http.wire  -  << "Connection: keep-alive[\r][\n]"
4856 [main] DEBUG org.apache.http.wire  -  << "Connection: keep-alive[\r][\n]"
4856 [main] DEBUG org.apache.http.wire  -  << "Connection: keep-alive[\r][\n]"
4856 [main] DEBUG org.apache.http.wire  -  << "Connection: keep-alive[\r][\n]"
4856 [main] DEBUG org.apache.http.wire  -  << "Connection: keep-alive[\r][\n]"
4856 [main] DEBUG org.apache.http.wire  -  << "Connection: keep-alive[\r][\n]"
4856 [main] DEBUG org.apache.http.wire  -  << "Connection: keep-alive[\r][\n]"
4856 [main] DEBUG org.apache.http.wire  -  << "Connection: keep-alive[\r][\n]"
4856 [main] DEBUG org.apache.http.wire  -  << "[\r][\n]"
4856 [main] DEBUG org.apache.http.wire  -  << "[\r][\n]"
4856 [main] DEBUG org.apache.http.wire  -  << "[\r][\n]"
4856 [main] DEBUG org.apache.http.wire  -  << "[\r][\n]"
4856 [main] DEBUG org.apache.http.wire  -  << "[\r][\n]"
4856 [main] DEBUG org.apache.http.wire  -  << "[\r][\n]"
4856 [main] DEBUG org.apache.http.wire  -  << "[\r][\n]"
4856 [main] DEBUG org.apache.http.wire  -  << "[\r][\n]"
4856 [main] DEBUG org.apache.http.wire  -  << "[\r][\n]"
4856 [main] DEBUG org.apache.http.wire  -  << "[\r][\n]"
4856 [main] DEBUG org.apache.http.impl.conn.DefaultClientConnection  - Receiving response: HTTP/1.1 200 OK
4856 [main] DEBUG org.apache.http.impl.conn.DefaultClientConnection  - Receiving response: HTTP/1.1 200 OK
4856 [main] DEBUG org.apache.http.impl.conn.DefaultClientConnection  - Receiving response: HTTP/1.1 200 OK
4856 [main] DEBUG org.apache.http.impl.conn.DefaultClientConnection  - Receiving response: HTTP/1.1 200 OK
4856 [main] DEBUG org.apache.http.impl.conn.DefaultClientConnection  - Receiving response: HTTP/1.1 200 OK
4856 [main] DEBUG org.apache.http.impl.conn.DefaultClientConnection  - Receiving response: HTTP/1.1 200 OK
4856 [main] DEBUG org.apache.http.impl.conn.DefaultClientConnection  - Receiving response: HTTP/1.1 200 OK
4856 [main] DEBUG org.apache.http.impl.conn.DefaultClientConnection  - Receiving response: HTTP/1.1 200 OK
4856 [main] DEBUG org.apache.http.impl.conn.DefaultClientConnection  - Receiving response: HTTP/1.1 200 OK
4856 [main] DEBUG org.apache.http.impl.conn.DefaultClientConnection  - Receiving response: HTTP/1.1 200 OK
4856 [main] DEBUG org.apache.http.headers  - << HTTP/1.1 200 OK
4856 [main] DEBUG org.apache.http.headers  - << HTTP/1.1 200 OK
4856 [main] DEBUG org.apache.http.headers  - << HTTP/1.1 200 OK
4856 [main] DEBUG org.apache.http.headers  - << HTTP/1.1 200 OK
4856 [main] DEBUG org.apache.http.headers  - << HTTP/1.1 200 OK
4856 [main] DEBUG org.apache.http.headers  - << HTTP/1.1 200 OK
4856 [main] DEBUG org.apache.http.headers  - << HTTP/1.1 200 OK
4856 [main] DEBUG org.apache.http.headers  - << HTTP/1.1 200 OK
4856 [main] DEBUG org.apache.http.headers  - << HTTP/1.1 200 OK
4856 [main] DEBUG org.apache.http.headers  - << HTTP/1.1 200 OK
4856 [main] DEBUG org.apache.http.headers  - << X-Powered-By: Express
4856 [main] DEBUG org.apache.http.headers  - << X-Powered-By: Express
4856 [main] DEBUG org.apache.http.headers  - << X-Powered-By: Express
4856 [main] DEBUG org.apache.http.headers  - << X-Powered-By: Express
4856 [main] DEBUG org.apache.http.headers  - << X-Powered-By: Express
4856 [main] DEBUG org.apache.http.headers  - << X-Powered-By: Express
4856 [main] DEBUG org.apache.http.headers  - << X-Powered-By: Express
4856 [main] DEBUG org.apache.http.headers  - << X-Powered-By: Express
4856 [main] DEBUG org.apache.http.headers  - << X-Powered-By: Express
4856 [main] DEBUG org.apache.http.headers  - << X-Powered-By: Express
4857 [main] DEBUG org.apache.http.headers  - << Access-Control-Allow-Origin: *
4857 [main] DEBUG org.apache.http.headers  - << Access-Control-Allow-Origin: *
4857 [main] DEBUG org.apache.http.headers  - << Access-Control-Allow-Origin: *
4857 [main] DEBUG org.apache.http.headers  - << Access-Control-Allow-Origin: *
4857 [main] DEBUG org.apache.http.headers  - << Access-Control-Allow-Origin: *
4857 [main] DEBUG org.apache.http.headers  - << Access-Control-Allow-Origin: *
4857 [main] DEBUG org.apache.http.headers  - << Access-Control-Allow-Origin: *
4857 [main] DEBUG org.apache.http.headers  - << Access-Control-Allow-Origin: *
4857 [main] DEBUG org.apache.http.headers  - << Access-Control-Allow-Origin: *
4857 [main] DEBUG org.apache.http.headers  - << Access-Control-Allow-Origin: *
4857 [main] DEBUG org.apache.http.headers  - << Content-Type: application/json
4857 [main] DEBUG org.apache.http.headers  - << Content-Type: application/json
4857 [main] DEBUG org.apache.http.headers  - << Content-Type: application/json
4857 [main] DEBUG org.apache.http.headers  - << Content-Type: application/json
4857 [main] DEBUG org.apache.http.headers  - << Content-Type: application/json
4857 [main] DEBUG org.apache.http.headers  - << Content-Type: application/json
4857 [main] DEBUG org.apache.http.headers  - << Content-Type: application/json
4857 [main] DEBUG org.apache.http.headers  - << Content-Type: application/json
4857 [main] DEBUG org.apache.http.headers  - << Content-Type: application/json
4857 [main] DEBUG org.apache.http.headers  - << Content-Type: application/json
4857 [main] DEBUG org.apache.http.headers  - << Content-Length: 67145
4857 [main] DEBUG org.apache.http.headers  - << Content-Length: 67145
4857 [main] DEBUG org.apache.http.headers  - << Content-Length: 67145
4857 [main] DEBUG org.apache.http.headers  - << Content-Length: 67145
4857 [main] DEBUG org.apache.http.headers  - << Content-Length: 67145
4857 [main] DEBUG org.apache.http.headers  - << Content-Length: 67145
4857 [main] DEBUG org.apache.http.headers  - << Content-Length: 67145
4857 [main] DEBUG org.apache.http.headers  - << Content-Length: 67145
4857 [main] DEBUG org.apache.http.headers  - << Content-Length: 67145
4857 [main] DEBUG org.apache.http.headers  - << Content-Length: 67145
4857 [main] DEBUG org.apache.http.headers  - << Date: Fri, 13 Sep 2019 18:50:34 GMT
4857 [main] DEBUG org.apache.http.headers  - << Date: Fri, 13 Sep 2019 18:50:34 GMT
4857 [main] DEBUG org.apache.http.headers  - << Date: Fri, 13 Sep 2019 18:50:34 GMT
4857 [main] DEBUG org.apache.http.headers  - << Date: Fri, 13 Sep 2019 18:50:34 GMT
4857 [main] DEBUG org.apache.http.headers  - << Date: Fri, 13 Sep 2019 18:50:34 GMT
4857 [main] DEBUG org.apache.http.headers  - << Date: Fri, 13 Sep 2019 18:50:34 GMT
4857 [main] DEBUG org.apache.http.headers  - << Date: Fri, 13 Sep 2019 18:50:34 GMT
4857 [main] DEBUG org.apache.http.headers  - << Date: Fri, 13 Sep 2019 18:50:34 GMT
4857 [main] DEBUG org.apache.http.headers  - << Date: Fri, 13 Sep 2019 18:50:34 GMT
4857 [main] DEBUG org.apache.http.headers  - << Date: Fri, 13 Sep 2019 18:50:34 GMT
4857 [main] DEBUG org.apache.http.headers  - << Connection: keep-alive
4857 [main] DEBUG org.apache.http.headers  - << Connection: keep-alive
4857 [main] DEBUG org.apache.http.headers  - << Connection: keep-alive
4857 [main] DEBUG org.apache.http.headers  - << Connection: keep-alive
4857 [main] DEBUG org.apache.http.headers  - << Connection: keep-alive
4857 [main] DEBUG org.apache.http.headers  - << Connection: keep-alive
4857 [main] DEBUG org.apache.http.headers  - << Connection: keep-alive
4857 [main] DEBUG org.apache.http.headers  - << Connection: keep-alive
4857 [main] DEBUG org.apache.http.headers  - << Connection: keep-alive
4857 [main] DEBUG org.apache.http.headers  - << Connection: keep-alive
4857 [main] DEBUG org.apache.http.impl.client.DefaultHttpClient  - Connection can be kept alive indefinitely
4857 [main] DEBUG org.apache.http.impl.client.DefaultHttpClient  - Connection can be kept alive indefinitely
4857 [main] DEBUG org.apache.http.impl.client.DefaultHttpClient  - Connection can be kept alive indefinitely
4857 [main] DEBUG org.apache.http.impl.client.DefaultHttpClient  - Connection can be kept alive indefinitely
4857 [main] DEBUG org.apache.http.impl.client.DefaultHttpClient  - Connection can be kept alive indefinitely
4857 [main] DEBUG org.apache.http.impl.client.DefaultHttpClient  - Connection can be kept alive indefinitely
4857 [main] DEBUG org.apache.http.impl.client.DefaultHttpClient  - Connection can be kept alive indefinitely
4857 [main] DEBUG org.apache.http.impl.client.DefaultHttpClient  - Connection can be kept alive indefinitely
4857 [main] DEBUG org.apache.http.impl.client.DefaultHttpClient  - Connection can be kept alive indefinitely
4857 [main] DEBUG org.apache.http.impl.client.DefaultHttpClient  - Connection can be kept alive indefinitely
4857 [main] DEBUG io.restassured.internal.RequestSpecificationImpl$RestAssuredHttpBuilder  - Parsing response as: application/json
4857 [main] DEBUG io.restassured.internal.RequestSpecificationImpl$RestAssuredHttpBuilder  - Parsing response as: application/json
4857 [main] DEBUG io.restassured.internal.RequestSpecificationImpl$RestAssuredHttpBuilder  - Parsing response as: application/json
4857 [main] DEBUG io.restassured.internal.RequestSpecificationImpl$RestAssuredHttpBuilder  - Parsing response as: application/json
4857 [main] DEBUG io.restassured.internal.RequestSpecificationImpl$RestAssuredHttpBuilder  - Parsing response as: application/json
4857 [main] DEBUG io.restassured.internal.RequestSpecificationImpl$RestAssuredHttpBuilder  - Parsing response as: application/json
4857 [main] DEBUG io.restassured.internal.RequestSpecificationImpl$RestAssuredHttpBuilder  - Parsing response as: application/json
4857 [main] DEBUG io.restassured.internal.RequestSpecificationImpl$RestAssuredHttpBuilder  - Parsing response as: application/json
4857 [main] DEBUG io.restassured.internal.RequestSpecificationImpl$RestAssuredHttpBuilder  - Parsing response as: application/json
4857 [main] DEBUG io.restassured.internal.RequestSpecificationImpl$RestAssuredHttpBuilder  - Parsing response as: application/json
4858 [main] DEBUG io.restassured.internal.RequestSpecificationImpl$RestAssuredHttpBuilder  - Parsed data to instance of: class org.apache.http.conn.EofSensorInputStream
4858 [main] DEBUG io.restassured.internal.RequestSpecificationImpl$RestAssuredHttpBuilder  - Parsed data to instance of: class org.apache.http.conn.EofSensorInputStream
4858 [main] DEBUG io.restassured.internal.RequestSpecificationImpl$RestAssuredHttpBuilder  - Parsed data to instance of: class org.apache.http.conn.EofSensorInputStream
4858 [main] DEBUG io.restassured.internal.RequestSpecificationImpl$RestAssuredHttpBuilder  - Parsed data to instance of: class org.apache.http.conn.EofSensorInputStream
4858 [main] DEBUG io.restassured.internal.RequestSpecificationImpl$RestAssuredHttpBuilder  - Parsed data to instance of: class org.apache.http.conn.EofSensorInputStream
4858 [main] DEBUG io.restassured.internal.RequestSpecificationImpl$RestAssuredHttpBuilder  - Parsed data to instance of: class org.apache.http.conn.EofSensorInputStream
4858 [main] DEBUG io.restassured.internal.RequestSpecificationImpl$RestAssuredHttpBuilder  - Parsed data to instance of: class org.apache.http.conn.EofSensorInputStream
4858 [main] DEBUG io.restassured.internal.RequestSpecificationImpl$RestAssuredHttpBuilder  - Parsed data to instance of: class org.apache.http.conn.EofSensorInputStream
4858 [main] DEBUG io.restassured.internal.RequestSpecificationImpl$RestAssuredHttpBuilder  - Parsed data to instance of: class org.apache.http.conn.EofSensorInputStream
4858 [main] DEBUG io.restassured.internal.RequestSpecificationImpl$RestAssuredHttpBuilder  - Parsed data to instance of: class org.apache.http.conn.EofSensorInputStream
4859 [main] DEBUG org.apache.http.wire  -  << "{"data":{"sensors":[{"_id":"01DE5VTVHE9GRQZMF9M3T8QPN9","identifier":"ZT-016001","name":"Engine speed","unitType":"RPM","reading":{"timestamp":"2019-09-13T18:50:00.032Z","value":70,"unitType":"RPM"},"hasAnomaly":false},{"_id":"01DDPH5Z73Q08N6KWQMD60BZW6","identifier":"TT-011101","name":"Exhaust 1 Temperature","unitType":"CELSIUS","reading":{"timestamp":"2019-09-13T18:50:34.048Z","value":367,"unitType":"CELSIUS"},"hasAnomaly":false},{"_id":"01DDPH5Z73YN1C6S29VJ5NXTDV","identifier":"TT-011102","name":"Exhaust 2 Temperature","unitType":"CELSIUS","reading":{"timestamp":"2019-09-13T18:50:34.048Z","value":367,"unitType":"CELSIUS"},"hasAnomaly":false},{"_id":"01DDPH5Z738GJWZ7HGWHZPW3JY","identifier":"TT-011103","name":"Exhaust 3 Temperature","unitType":"CELSIUS","reading":{"timestamp":"2019-09-13T18:50:34.048Z","value":367,"unitType":"CELSIUS"},"hasAnomaly":false},{"_id":"01DDPH5Z73VTVP2X4QNDB1C0V0","identifier":"TT-011104","name":"Exhaust 4 Temperature","unitType":"CELSIUS","reading":{"timestamp":"2019-09-13T18:50:34.048Z","value":367,"unitType":"CELSIUS"},"hasAnomaly":false},{"_id":"01DDPH5Z730RPQHR4RR8C4JHAS","identifier":"TT-011105","name":"Exhaust 5 Temperature","unitType":"CELSIUS","reading":{"timestamp":"2019-09-13T18:50:34.048Z","value":"
4859 [main] DEBUG org.apache.http.wire  -  << "{"data":{"sensors":[{"_id":"01DE5VTVHE9GRQZMF9M3T8QPN9","identifier":"ZT-016001","name":"Engine speed","unitType":"RPM","reading":{"timestamp":"2019-09-13T18:50:00.032Z","value":70,"unitType":"RPM"},"hasAnomaly":false},{"_id":"01DDPH5Z73Q08N6KWQMD60BZW6","identifier":"TT-011101","name":"Exhaust 1 Temperature","unitType":"CELSIUS","reading":{"timestamp":"2019-09-13T18:50:34.048Z","value":367,"unitType":"CELSIUS"},"hasAnomaly":false},{"_id":"01DDPH5Z73YN1C6S29VJ5NXTDV","identifier":"TT-011102","name":"Exhaust 2 Temperature","unitType":"CELSIUS","reading":{"timestamp":"2019-09-13T18:50:34.048Z","value":367,"unitType":"CELSIUS"},"hasAnomaly":false},{"_id":"01DDPH5Z738GJWZ7HGWHZPW3JY","identifier":"TT-011103","name":"Exhaust 3 Temperature","unitType":"CELSIUS","reading":{"timestamp":"2019-09-13T18:50:34.048Z","value":367,"unitType":"CELSIUS"},"hasAnomaly":false},{"_id":"01DDPH5Z73VTVP2X4QNDB1C0V0","identifier":"TT-011104","name":"Exhaust 4 Temperature","unitType":"CELSIUS","reading":{"timestamp":"2019-09-13T18:50:34.048Z","value":367,"unitType":"CELSIUS"},"hasAnomaly":false},{"_id":"01DDPH5Z730RPQHR4RR8C4JHAS","identifier":"TT-011105","name":"Exhaust 5 Temperature","unitType":"CELSIUS","reading":{"timestamp":"2019-09-13T18:50:34.048Z","value":"
4859 [main] DEBUG org.apache.http.wire  -  << "{"data":{"sensors":[{"_id":"01DE5VTVHE9GRQZMF9M3T8QPN9","identifier":"ZT-016001","name":"Engine speed","unitType":"RPM","reading":{"timestamp":"2019-09-13T18:50:00.032Z","value":70,"unitType":"RPM"},"hasAnomaly":false},{"_id":"01DDPH5Z73Q08N6KWQMD60BZW6","identifier":"TT-011101","name":"Exhaust 1 Temperature","unitType":"CELSIUS","reading":{"timestamp":"2019-09-13T18:50:34.048Z","value":367,"unitType":"CELSIUS"},"hasAnomaly":false},{"_id":"01DDPH5Z73YN1C6S29VJ5NXTDV","identifier":"TT-011102","name":"Exhaust 2 Temperature","unitType":"CELSIUS","reading":{"timestamp":"2019-09-13T18:50:34.048Z","value":367,"unitType":"CELSIUS"},"hasAnomaly":false},{"_id":"01DDPH5Z738GJWZ7HGWHZPW3JY","identifier":"TT-011103","name":"Exhaust 3 Temperature","unitType":"CELSIUS","reading":{"timestamp":"2019-09-13T18:50:34.048Z","value":367,"unitType":"CELSIUS"},"hasAnomaly":false},{"_id":"01DDPH5Z73VTVP2X4QNDB1C0V0","identifier":"TT-011104","name":"Exhaust 4 Temperature","unitType":"CELSIUS","reading":{"timestamp":"2019-09-13T18:50:34.048Z","value":367,"unitType":"CELSIUS"},"hasAnomaly":false},{"_id":"01DDPH5Z730RPQHR4RR8C4JHAS","identifier":"TT-011105","name":"Exhaust 5 Temperature","unitType":"CELSIUS","reading":{"timestamp":"2019-09-13T18:50:34.048Z","value":"
4859 [main] DEBUG org.apache.http.wire  -  << "{"data":{"sensors":[{"_id":"01DE5VTVHE9GRQZMF9M3T8QPN9","identifier":"ZT-016001","name":"Engine speed","unitType":"RPM","reading":{"timestamp":"2019-09-13T18:50:00.032Z","value":70,"unitType":"RPM"},"hasAnomaly":false},{"_id":"01DDPH5Z73Q08N6KWQMD60BZW6","identifier":"TT-011101","name":"Exhaust 1 Temperature","unitType":"CELSIUS","reading":{"timestamp":"2019-09-13T18:50:34.048Z","value":367,"unitType":"CELSIUS"},"hasAnomaly":false},{"_id":"01DDPH5Z73YN1C6S29VJ5NXTDV","identifier":"TT-011102","name":"Exhaust 2 Temperature","unitType":"CELSIUS","reading":{"timestamp":"2019-09-13T18:50:34.048Z","value":367,"unitType":"CELSIUS"},"hasAnomaly":false},{"_id":"01DDPH5Z738GJWZ7HGWHZPW3JY","identifier":"TT-011103","name":"Exhaust 3 Temperature","unitType":"CELSIUS","reading":{"timestamp":"2019-09-13T18:50:34.048Z","value":367,"unitType":"CELSIUS"},"hasAnomaly":false},{"_id":"01DDPH5Z73VTVP2X4QNDB1C0V0","identifier":"TT-011104","name":"Exhaust 4 Temperature","unitType":"CELSIUS","reading":{"timestamp":"2019-09-13T18:50:34.048Z","value":367,"unitType":"CELSIUS"},"hasAnomaly":false},{"_id":"01DDPH5Z730RPQHR4RR8C4JHAS","identifier":"TT-011105","name":"Exhaust 5 Temperature","unitType":"CELSIUS","reading":{"timestamp":"2019-09-13T18:50:34.048Z","value":"
4859 [main] DEBUG org.apache.http.wire  -  << "{"data":{"sensors":[{"_id":"01DE5VTVHE9GRQZMF9M3T8QPN9","identifier":"ZT-016001","name":"Engine speed","unitType":"RPM","reading":{"timestamp":"2019-09-13T18:50:00.032Z","value":70,"unitType":"RPM"},"hasAnomaly":false},{"_id":"01DDPH5Z73Q08N6KWQMD60BZW6","identifier":"TT-011101","name":"Exhaust 1 Temperature","unitType":"CELSIUS","reading":{"timestamp":"2019-09-13T18:50:34.048Z","value":367,"unitType":"CELSIUS"},"hasAnomaly":false},{"_id":"01DDPH5Z73YN1C6S29VJ5NXTDV","identifier":"TT-011102","name":"Exhaust 2 Temperature","unitType":"CELSIUS","reading":{"timestamp":"2019-09-13T18:50:34.048Z","value":367,"unitType":"CELSIUS"},"hasAnomaly":false},{"_id":"01DDPH5Z738GJWZ7HGWHZPW3JY","identifier":"TT-011103","name":"Exhaust 3 Temperature","unitType":"CELSIUS","reading":{"timestamp":"2019-09-13T18:50:34.048Z","value":367,"unitType":"CELSIUS"},"hasAnomaly":false},{"_id":"01DDPH5Z73VTVP2X4QNDB1C0V0","identifier":"TT-011104","name":"Exhaust 4 Temperature","unitType":"CELSIUS","reading":{"timestamp":"2019-09-13T18:50:34.048Z","value":367,"unitType":"CELSIUS"},"hasAnomaly":false},{"_id":"01DDPH5Z730RPQHR4RR8C4JHAS","identifier":"TT-011105","name":"Exhaust 5 Temperature","unitType":"CELSIUS","reading":{"timestamp":"2019-09-13T18:50:34.048Z","value":"
4859 [main] DEBUG org.apache.http.wire  -  << "{"data":{"sensors":[{"_id":"01DE5VTVHE9GRQZMF9M3T8QPN9","identifier":"ZT-016001","name":"Engine speed","unitType":"RPM","reading":{"timestamp":"2019-09-13T18:50:00.032Z","value":70,"unitType":"RPM"},"hasAnomaly":false},{"_id":"01DDPH5Z73Q08N6KWQMD60BZW6","identifier":"TT-011101","name":"Exhaust 1 Temperature","unitType":"CELSIUS","reading":{"timestamp":"2019-09-13T18:50:34.048Z","value":367,"unitType":"CELSIUS"},"hasAnomaly":false},{"_id":"01DDPH5Z73YN1C6S29VJ5NXTDV","identifier":"TT-011102","name":"Exhaust 2 Temperature","unitType":"CELSIUS","reading":{"timestamp":"2019-09-13T18:50:34.048Z","value":367,"unitType":"CELSIUS"},"hasAnomaly":false},{"_id":"01DDPH5Z738GJWZ7HGWHZPW3JY","identifier":"TT-011103","name":"Exhaust 3 Temperature","unitType":"CELSIUS","reading":{"timestamp":"2019-09-13T18:50:34.048Z","value":367,"unitType":"CELSIUS"},"hasAnomaly":false},{"_id":"01DDPH5Z73VTVP2X4QNDB1C0V0","identifier":"TT-011104","name":"Exhaust 4 Temperature","unitType":"CELSIUS","reading":{"timestamp":"2019-09-13T18:50:34.048Z","value":367,"unitType":"CELSIUS"},"hasAnomaly":false},{"_id":"01DDPH5Z730RPQHR4RR8C4JHAS","identifier":"TT-011105","name":"Exhaust 5 Temperature","unitType":"CELSIUS","reading":{"timestamp":"2019-09-13T18:50:34.048Z","value":"
4859 [main] DEBUG org.apache.http.wire  -  << "{"data":{"sensors":[{"_id":"01DE5VTVHE9GRQZMF9M3T8QPN9","identifier":"ZT-016001","name":"Engine speed","unitType":"RPM","reading":{"timestamp":"2019-09-13T18:50:00.032Z","value":70,"unitType":"RPM"},"hasAnomaly":false},{"_id":"01DDPH5Z73Q08N6KWQMD60BZW6","identifier":"TT-011101","name":"Exhaust 1 Temperature","unitType":"CELSIUS","reading":{"timestamp":"2019-09-13T18:50:34.048Z","value":367,"unitType":"CELSIUS"},"hasAnomaly":false},{"_id":"01DDPH5Z73YN1C6S29VJ5NXTDV","identifier":"TT-011102","name":"Exhaust 2 Temperature","unitType":"CELSIUS","reading":{"timestamp":"2019-09-13T18:50:34.048Z","value":367,"unitType":"CELSIUS"},"hasAnomaly":false},{"_id":"01DDPH5Z738GJWZ7HGWHZPW3JY","identifier":"TT-011103","name":"Exhaust 3 Temperature","unitType":"CELSIUS","reading":{"timestamp":"2019-09-13T18:50:34.048Z","value":367,"unitType":"CELSIUS"},"hasAnomaly":false},{"_id":"01DDPH5Z73VTVP2X4QNDB1C0V0","identifier":"TT-011104","name":"Exhaust 4 Temperature","unitType":"CELSIUS","reading":{"timestamp":"2019-09-13T18:50:34.048Z","value":367,"unitType":"CELSIUS"},"hasAnomaly":false},{"_id":"01DDPH5Z730RPQHR4RR8C4JHAS","identifier":"TT-011105","name":"Exhaust 5 Temperature","unitType":"CELSIUS","reading":{"timestamp":"2019-09-13T18:50:34.048Z","value":"
4859 [main] DEBUG org.apache.http.wire  -  << "{"data":{"sensors":[{"_id":"01DE5VTVHE9GRQZMF9M3T8QPN9","identifier":"ZT-016001","name":"Engine speed","unitType":"RPM","reading":{"timestamp":"2019-09-13T18:50:00.032Z","value":70,"unitType":"RPM"},"hasAnomaly":false},{"_id":"01DDPH5Z73Q08N6KWQMD60BZW6","identifier":"TT-011101","name":"Exhaust 1 Temperature","unitType":"CELSIUS","reading":{"timestamp":"2019-09-13T18:50:34.048Z","value":367,"unitType":"CELSIUS"},"hasAnomaly":false},{"_id":"01DDPH5Z73YN1C6S29VJ5NXTDV","identifier":"TT-011102","name":"Exhaust 2 Temperature","unitType":"CELSIUS","reading":{"timestamp":"2019-09-13T18:50:34.048Z","value":367,"unitType":"CELSIUS"},"hasAnomaly":false},{"_id":"01DDPH5Z738GJWZ7HGWHZPW3JY","identifier":"TT-011103","name":"Exhaust 3 Temperature","unitType":"CELSIUS","reading":{"timestamp":"2019-09-13T18:50:34.048Z","value":367,"unitType":"CELSIUS"},"hasAnomaly":false},{"_id":"01DDPH5Z73VTVP2X4QNDB1C0V0","identifier":"TT-011104","name":"Exhaust 4 Temperature","unitType":"CELSIUS","reading":{"timestamp":"2019-09-13T18:50:34.048Z","value":367,"unitType":"CELSIUS"},"hasAnomaly":false},{"_id":"01DDPH5Z730RPQHR4RR8C4JHAS","identifier":"TT-011105","name":"Exhaust 5 Temperature","unitType":"CELSIUS","reading":{"timestamp":"2019-09-13T18:50:34.048Z","value":"
4859 [main] DEBUG org.apache.http.wire  -  << "{"data":{"sensors":[{"_id":"01DE5VTVHE9GRQZMF9M3T8QPN9","identifier":"ZT-016001","name":"Engine speed","unitType":"RPM","reading":{"timestamp":"2019-09-13T18:50:00.032Z","value":70,"unitType":"RPM"},"hasAnomaly":false},{"_id":"01DDPH5Z73Q08N6KWQMD60BZW6","identifier":"TT-011101","name":"Exhaust 1 Temperature","unitType":"CELSIUS","reading":{"timestamp":"2019-09-13T18:50:34.048Z","value":367,"unitType":"CELSIUS"},"hasAnomaly":false},{"_id":"01DDPH5Z73YN1C6S29VJ5NXTDV","identifier":"TT-011102","name":"Exhaust 2 Temperature","unitType":"CELSIUS","reading":{"timestamp":"2019-09-13T18:50:34.048Z","value":367,"unitType":"CELSIUS"},"hasAnomaly":false},{"_id":"01DDPH5Z738GJWZ7HGWHZPW3JY","identifier":"TT-011103","name":"Exhaust 3 Temperature","unitType":"CELSIUS","reading":{"timestamp":"2019-09-13T18:50:34.048Z","value":367,"unitType":"CELSIUS"},"hasAnomaly":false},{"_id":"01DDPH5Z73VTVP2X4QNDB1C0V0","identifier":"TT-011104","name":"Exhaust 4 Temperature","unitType":"CELSIUS","reading":{"timestamp":"2019-09-13T18:50:34.048Z","value":367,"unitType":"CELSIUS"},"hasAnomaly":false},{"_id":"01DDPH5Z730RPQHR4RR8C4JHAS","identifier":"TT-011105","name":"Exhaust 5 Temperature","unitType":"CELSIUS","reading":{"timestamp":"2019-09-13T18:50:34.048Z","value":"
4859 [main] DEBUG org.apache.http.wire  -  << "{"data":{"sensors":[{"_id":"01DE5VTVHE9GRQZMF9M3T8QPN9","identifier":"ZT-016001","name":"Engine speed","unitType":"RPM","reading":{"timestamp":"2019-09-13T18:50:00.032Z","value":70,"unitType":"RPM"},"hasAnomaly":false},{"_id":"01DDPH5Z73Q08N6KWQMD60BZW6","identifier":"TT-011101","name":"Exhaust 1 Temperature","unitType":"CELSIUS","reading":{"timestamp":"2019-09-13T18:50:34.048Z","value":367,"unitType":"CELSIUS"},"hasAnomaly":false},{"_id":"01DDPH5Z73YN1C6S29VJ5NXTDV","identifier":"TT-011102","name":"Exhaust 2 Temperature","unitType":"CELSIUS","reading":{"timestamp":"2019-09-13T18:50:34.048Z","value":367,"unitType":"CELSIUS"},"hasAnomaly":false},{"_id":"01DDPH5Z738GJWZ7HGWHZPW3JY","identifier":"TT-011103","name":"Exhaust 3 Temperature","unitType":"CELSIUS","reading":{"timestamp":"2019-09-13T18:50:34.048Z","value":367,"unitType":"CELSIUS"},"hasAnomaly":false},{"_id":"01DDPH5Z73VTVP2X4QNDB1C0V0","identifier":"TT-011104","name":"Exhaust 4 Temperature","unitType":"CELSIUS","reading":{"timestamp":"2019-09-13T18:50:34.048Z","value":367,"unitType":"CELSIUS"},"hasAnomaly":false},{"_id":"01DDPH5Z730RPQHR4RR8C4JHAS","identifier":"TT-011105","name":"Exhaust 5 Temperature","unitType":"CELSIUS","reading":{"timestamp":"2019-09-13T18:50:34.048Z","value":"
4859 [main] DEBUG org.apache.http.wire  -  << "367,"unitType":"CELSIUS"},"hasAnomaly":false},{"_id":"01DDPH5Z73FYKE9APHDRCPEXA7","identifier":"TT-011106","name":"Exhaust 6 Temperature","unitType":"CELSIUS","reading":{"timestamp":"2019-09-13T18:50:34.048Z","value":367,"unitType":"CELSIUS"},"hasAnomaly":false},{"_id":"01DDPH5Z737YBJ0WSF8AA5JGW6","identifier":"TT-011201","name":"Cylinder 1 Jacket Cooling Water Temperature","unitType":"CELSIUS","reading":{"timestamp":"2019-09-13T18:50:34.048Z","value":81.5,"unitType":"CELSIUS"},"hasAnomaly":false},{"_id":"01DDPH5Z73TSH6Q5V3NV1VHWRQ","identifier":"TT-011202","name":"Cylinder 2 Jacket Cooling Water Temperature","unitType":"CELSIUS","reading":{"timestamp":"2019-09-13T18:50:34.048Z","value":81.5,"unitType":"CELSIUS"},"hasAnomaly":false},{"_id":"01DDPH5Z731N80M0K1EA3391A8","identifier":"TT-011203","name":"Cylinder 3 Jacket Cooling Water Temperature","unitType":"CELSIUS","reading":{"timestamp":"2019-09-13T18:50:34.048Z","value":81.5,"unitType":"CELSIUS"},"hasAnomaly":false},{"_id":"01DDPH5Z73BSP4PV6WQ5NWWAQ1","identifier":"TT-011204","name":"Cylinder 4 Jacket Cooling Water Temperature","unitType":"CELSIUS","reading":{"timestamp":"2019-09-13T18:50:34.048Z","value":81.5,"unitType":"CELSIUS"},"hasAnomaly":false},{"_id":"01DDPH5Z73870VEXAXP1CV8FT2","identifier":"TT-011205","name":"Cylinder 5 Jacket Cooling Water Temperature","unitType":"CELSIUS","reading":{"timestamp":"2019-09-13T18:50:34.048Z","value":81.5,"unitType":"CELSIUS"},"hasAnomaly":false},{"_id":"01DDPH5Z73F598HJ7SHP5VKPK7","identifier":"TT-011206","name":"Cylinder 6 Jacket Cooling Water Temperature","unitType":"CELSIUS","reading":{"timestamp":"2019-09-13T18:50:34.048Z","value":81.5,"unitType":"CELSIUS"},"hasAnomaly":false},{"_id":"01DDPH5Z73Z0W10RAZY3EZK4RA","identifier":"TT-011501","name":"Cylinder 1 Piston Cooling Oil Temperature","unitType":"CELSIUS","reading":{"timestamp":"2019-09-13T18:50:34.048Z","value":60,"unitType":"CELSIUS"},"hasAnomaly":false},{"_id":"01DDPH5Z731WBS82PDDXJ4QREQ","identifier":"TT-011502","name":"Cylinder 2 Piston Cooling Oil Temperature","unitType":"CELSIUS","reading":{"timestamp":"2019-09-13T18:50:34.048Z","value":60,"unitType":"CELSIUS"},"hasAnomaly":false},{"_id":"01DDPH5Z73K74Q0C5JY0RV6065","identifier":"TT-011503","name":"Cylinder 3 Piston Cooling Oil Temperature","unitType":"CELSIUS","reading":{"timestamp":"2019-09-13T18:50:34.048Z","value":60,"unitType":"CELSIUS"},"hasAnomaly":false},{"_id":"01DDPH5Z734E6SWASB422FWCP9","identifier":"TT-011504","name":"Cylinder 4 Piston Cooling Oil Temperature","unitType":"CELSIUS","reading":{"timestamp":"2019-09-13T18:50:34.048Z","value":60,"unitType":"CELSIUS"},"hasAnomaly":false},{"_id":"01DDPH5Z73WCWZG6XR0D0EXBN5","identifier":"TT-011505","name":"Cylinder 5 Piston Cooling Oil Temperature","unitType":"CELSIUS","reading":{"timestamp":"2019-09-13T18:50:34.048Z","value":60,"unitType":"CELSIUS"},"hasAnomaly":false},{"_id":"01DDPH5Z73K088DTHFD6FP4BF2","identifier":"TT-011506","name":"Cylinder 6 Piston Cooling Oil Temperature","unitType":"CELSIUS","reading":{"timestamp":"2019-09-13T18:50:34.048Z","value":60,"unitType":"CELSIUS"},"hasAnomaly":false},{"_id":"01DDPH5Z73Y2JC9BX2NYJMEG85","identifier":"TT-011001","name":"Cylinder 1 Liner Temperature","unitType":"CELSIUS","reading":{"timestamp":"2019-09-13T18:50:34.048Z","value":189,"unitType":"CELSIUS"},"hasAnomaly":false},{"_id":"01DDPH5Z7385E50APW2PSD60ST","identifier":"TT-011002","name":"Cylinder 2 Liner Temperature","unitType":"CELSIUS","reading":{"timestamp":"2019-09-13T18:50:34.048Z","value":189,"unitType":"CELSIUS"},"hasAnomaly":false},{"_id":"01DDPH5Z73Z36YHNR5M3V9KSHP","identifier":"TT-011003","name":"Cylinder 3 Liner Temperature","unitType":"CELSIUS","reading":{"timestamp":"2019-09-13T18:50:34.048Z","value":189,"unitType":"CELSIUS"},"hasAnomaly":false},{"_id":"01DDPH5Z73ZCMB69MR0WN5MQ7F","identifier":"TT-011004","name":"Cylinder 4 Liner Temperature","unitType":"CELSIUS","reading":{"timestamp":"2019-09-13T18:50:34.048Z","value":189,"unitType":"CELSIUS"},"hasAnomaly":false},{"_id":"01DDPH5Z7350857P3YSAH7Z2WK","identifier":"TT-011005","name":"Cylinder 5 Liner Temperature","unitType":"CELSIUS","reading":{"timestamp":"2019-09-13T18:50:34.048Z","value":189,"unitType":"CELSIUS"},"hasAnomaly":false},{"_id":"01DDPH5Z73EX4Q739XHT0MHZJS","identifier":"TT-011006","name":"Cylinder 6 Liner Temperature","unitType":"CELSIUS","reading":{"timestamp":"2019-09-13T18:50:34.048Z","value":189,"unitType":"CELSIUS"},"hasAnomaly":false},{"_id":"01DDPH5Z731APG9FF2DPDWKRHS","identifier":"PT-012001","name":"Turbine Inlet Pressure","unitType":"BAR","reading":{"timestamp":"2019-09-13T18:50:34.048Z","value":1.00000000140061,"unitType":"BAR"},"hasAnomaly":false},{"_id":"01DDPH5Z73JANKPP60FWMTPNF8","identifier":"PT-012002","name":"Turbine Outlet Pressure","unitType":"BAR","reading":{"timestamp":"2019-09-13T18:50:34.048Z","value":1.00000000140061,"unitType":"BAR"},"hasAnomaly":false},{"_id":"01DDPH5Z7381FS1NA4H02T8Q5F","identifier":"TT-012001","name":"Turbine Inlet Temperature","unitType":"CELSIUS","reading":{"timestamp":"2019-09-13T18:50:34.048Z","value":897.5138888888889,"unitType":"CELSIUS"},"hasAnomaly":false},{"_id":"01DDPH5Z7397H29QJ0CKWGBMBB","identifier":"TT-012002","name":"Turbine Outlet Temperature","unitType":"CELSIUS","reading":{"timestamp":"2019-09-13T18:50:34.048Z","value":647.3402777777778,"unitType":"CELSIUS"},"hasAnomaly":false},{"_id":"01DFC610RYSS5CX5ZQHNWT367Y","identifier":"PT-012004","name":"Compressor Outlet Pressure","unitType":"BAR","reading":{"timestamp":"2019-09-13T18:50:34.048Z","value":1.0132500012226675,"unitType":"BAR"},"hasAnomaly":true},{"_id":"01DDPH5Z73T0YYSF6HFZP1DW43","identifier":"PT-014001","name":"Air Cooler Inlet Pressure","unitType":"BAR","reading":null,"hasAnomaly":false},{"_id":"01DDPH5Z73ME3WZZR92W0WAS71","identifier":"PT-014002","name":"Air Cooler Outlet Pressure","unitType":"BAR","reading":null,"hasAnomaly":false},{"_id":"01DDPH5Z73BE2BGRJK98FBCCN2","identifier":"TT-014001","name":"Air Cooler Inlet Temperature","unitType":"CELSIUS","reading":{"timestamp":"2019-09-13T18:50:34.048Z","value":93.61111111111111,"unitType":"CELSIUS"},"hasAnomaly":false},{"_id":"01DDPH5Z73G060M59ASK1SAKN9","identifier":"TT-014002","name":"Air Cooler Outlet Temperature","unitType":"CELSIUS","reading":{"timestamp":"2019-09-13T18:50:34.048Z","value":116.80555555555556,"unitType":"CELSIUS"},"hasAnomaly":false},{"_id":"01DDPH5Z73V9D5GRDAHNY2ST4M","identifier":"PT-015001","name":"Scavenge Air Pressure","unitType":"BAR","reading":{"timestamp":"2019-09-13T18:50:34.048Z","value":1.006625001311639,"unitType":"BAR"},"hasAnomaly":true},{"_id":"01DDPH5Z73P60JRD656M8RY96P","identifier":"PT-011301","name":"Cylinder 1 Combustion Pressure","unitType":"BAR","reading":{"timestamp":"2019-09-13T18:50:33.571Z","value":2.0508474576271225,"unitType":"BAR"},"hasAnomaly":false},{"_id":"01DDPH5Z73CM9F1161MN7S604N","identifier":"PT-011302","name":"Cylinder 2 Combustion Pressure","unitType":"BAR","reading":{"timestamp":"2019-09-13T18:50:33.659Z","value":2.0508474576271225,"unitType":"BAR"},"hasAnomaly":false},{"_id":"01DDPH5Z73GY7SKKRV4WVK5X8B","identifier":"PT-011303","name":"Cylinder 3 Combustion Pressure","unitType":"BAR","reading":{"timestamp":"2019-09-13T18:50:33.612Z","value":0.35593220338983433,"unitType":"BAR"},"hasAnomaly":false},{"_id":"01DDPH5Z73E1F11GHYP22504D0","identifier":"PT-011304","name":"Cylinder 4 Combustion Pressure","unitType":"BAR","reading":{"timestamp":"2019-09-13T18:50:34.137Z","value":80.08474576271186,"unitType":"BAR"},"hasAnomaly":false},{"_id":"01DDPH5Z732DXNGPM9AGAY8HG4","identifier":"PT-011305","name":"Cylinder 5 Combustion Pressure","unitType":"BAR","reading":{"timestamp":"2019-09-13T18:50:34.092Z","value":2.0508474576271225,"unitType":"BAR"},"hasAnomaly":false},{"_id":"01DDPH5Z731NV07WXK4VKCDP95","identifier":"PT-011306","name":"Cylinder 6 Combustion Pressure","unitType":"BAR","reading":{"timestamp":"2019-09-13T18:50:34.179Z","value":2.0508474576271225,"unitType":"BAR"},"hasAnomaly":false},{"_id":"01DDPXV5960FYVKZ276NK1C0S8","identifier":"TT-010001","name":"Engine Room Temperature","unitType":"CELSIUS","reading":{"timestamp":"2019-09-13T18:50:34.048Z","value":72.15277777777777,"unitType":"CELSIUS"},"hasAnomaly":false},{"_id":"01DDPXW7NMEYCQG7NVWJFXTW37","identifier":"PT-010001","name":"Engine Room Pressure","unitType":"BAR","reading":{"timestamp":"2019-09-13T18:50:34.048Z","value":1,"unitType":"BAR"},"hasAnomaly":true},{"_id":"01DDPH5Z73PGACQZDS7411CA8C","identifier":"ZT-013001","name":"Fuel Rack Position","unitType":"MILLIMETER","reading":{"timestamp":"2019-09-13T18:50:34.048Z","value":91.38380618425246,"unitType":"MILLIMETER"},"hasAnomaly":false}]},"extensions":{"tracing":{"version":1,"startTime":"2019-09-13T18:50:34.513Z","endTime":"2019-09-13T18:50:34.548Z","duration":34572783,"execution":{"resolvers":[{"path":["sensors"],"parentType":"Query","fieldName":"sensors","returnType":"[Sensor!]","startOffset":95479,"duration":29976392},{"path":["sensors",0,"_id"],"parentType":"Sensor","fieldName":"_id","returnType":"ID!","startOffset":30099578,"duration":13428},{"path":["sensors",0,"identifier"],"parentType":"Sensor","fieldName":"identifier","returnType":"String!","startOffset":30118487,"duration":5062},{"path":["sensors",0,"name"],"parentType":"Sensor","fieldName":"name","returnType":"String!","startOffset":30125667,"duration":2963},{"path":["sensors",0,"unitType"],"parentType":"Sensor","fieldName":"unitType","returnType":"UnitType","startOffset":30132577,"duration":3109},{"path":["sensors",0,"reading"],"parentType":"Sensor","fieldName":"reading","returnType":"SensorReading","startOffset":30138652,"duration":6538},{"path":["sensors",0,"reading","timestamp"],"parentType":"SensorReading","fieldName":"timestamp","returnType":"String!","startOffset":30155042,"duration":5524},{"path":["sensors",0,"reading","value"],"parentType":"SensorReading","fieldName":"value","returnType":"Float!","startOffset":30162635,"duration":2911},{"path":["sensors",0,"reading","unitType"],"parentType":"SensorReading","fieldName":"unitType","returnType":"UnitType!","startOffset":30167716,"duration":4692},{"path":["sensors",0,"hasAnomaly"],"parentType":"Sensor","fieldName":"hasAnomaly","returnType":"Boolean","startOffset":30174934,"duration":2798},{"path":["sensors",1,"_id"],"parentType":"Sensor","fieldName":"_id","returnType":"ID!","startOffset":30185546,"duration":2739},{"path":["sensors",1,"identifier"],"parentType":"Sensor","fieldName":"identifier","returnType":"String!","startOffset":30190321,"duration":2429},{"path":["sensors",1,"name"],"parentType":"Sensor","fieldName":"name","returnType":"String!","startOffset":30196608,"duration":2371},{"path":["sensors",1,"unitType"],"parentType":"Sensor","fieldName":"unitType","returnType":"UnitType","startOffset":30200869,"duration":6064},{"path":["sensors",1,"reading"],"parentType":"Sensor","fieldName":"reading","returnType":"SensorReading","startOffset":30211736,"duration":3701},{"path":["sensors",1,"reading","timestamp"],"parentType":"SensorReading","fieldName":"timestamp","returnType":"String!","startOffset":30219015,"duration":5410},{"path":["sensors",1,"reading","value"],"parentType":"SensorReading","fieldName":"value","returnType":"Float!","startOffset":30226453,"duration":2592},{"path":["sensors",1,"reading","unitType"],"parentType":"SensorReading","fieldName":"unitType","returnType":"UnitType!","startOffset":30231074,"duration":4679},{"path":["sensors",1,"hasAnomaly"],"parentType":"Sensor","fieldName":"hasAnomaly","returnType":"Boolean","startOffset":30238359,"duration":2440},{"path":["sensors",2,"_id"],"parentType":"Sensor","fieldName":"_id","returnType":"ID!","startOffset":30248066,"duration":2659},{"path":["sensors",2,"identifier"],"parentType":"Sensor","fieldName":"identifier","returnType":"String!","startOffset":30252724,"duration":4446},{"path":["sensors",2,"name"],"parentType":"Sensor","fieldName":"name","returnType":"String!","startOffset":30259151,"duration":2355},{"path":["sensors",2,"unitType"],"parentType":"Sensor","fieldName":"unitType","returnType":"UnitType","startOffset":30263359,"duration":4437},{"path":["sensors",2,"reading"],"parentType":"Sensor","fieldName":"reading","returnType":"SensorReading","startOffset":30270448,"duration":3075},{"path":["sensors",2,"reading","timestamp"],"parentType":"SensorReading","fieldName":"timestamp","returnType":"String!","startOffset":30279003,"duration":2531},{"path":["sensors",2,"reading","value"],"parentType":"SensorReading","fieldName":"value","returnType":"Float!","startOffset":30283397,"duration":2461},{"path":["sensors",2,"reading","unitType"],"parentType":"SensorReading","fieldName":"unitType","returnType":"UnitType!","startOffset":30290839,"duration":2623},{"path":["sensors",2,"hasAnomaly"],"parentType":"Sensor","fieldName":"hasAnomaly","returnType":"Boolean","startOffset":30295956,"duration":2335},{"path":["sensors",3,"_id"],"parentType":"Sensor","fieldName":"_id","returnType":"ID!","startOffset":30305721,"duration":2648},{"path":["sensors",3,"identifier"],"parentType":"Sensor","fieldName":"identifier","returnType":"String!","startOffset":30310372,"duration":4340},{"path":["sensors",3,"name"],"parentType":"Sensor","fieldName":"name","returnType":"String!","startOffset":30316656,"duration":2384},{"path":["sensors",3,"unitType"],"parentType":"Sensor","fieldName":"unitType","returnType":"UnitType","startOffset":30320898,"duration":4251},{"path":["sensors",3,"reading"],"parentType":"Sensor","fieldName":"reading","returnType":"SensorReading","startOffset":30327640,"duration":4791},{"path":["sensors",3,"reading","timestamp"],"parentType":"SensorReading","fieldName":"timestamp","returnType":"String!","startOffset":30337744,"duration":2527},{"path":["sensors",3,"reading","value"],"parentType":"SensorReading","fieldName":"value","returnType":"Float!","startOffset":30342229,"duration":5089},{"path":["sensors",3,"reading","unitType"],"parentType":"SensorReading","fieldName":"unitType","returnType":"UnitType!","startOffset":30349337,"duration":2511},{"path":["sensors",3,"hasAnomaly"],"parentType":"Sensor","fieldName":"hasAnomaly","returnType":"Boolean","startOffset":30354276,"duration":5159},{"path":["sensors",4,"_id"],"parentType":"Sensor","fieldName":"_id","returnType":"ID!","startOffset":30364628,"duration":2614},{"path":["sensors",4,"identifier"],"parentType":"Sensor","fieldName":"identifier","returnType":"String!","startOffset":30371301,"duration":2462},{"path":["sensors",4,"name"],"parentType":"Sensor","fieldName":"name","returnType":"String!","startOffset":30375755,"duration":2380},{"path":["sensors",4,"unitType"],"parentType":"Sensor","fieldName":"unitType","returnType":"UnitType","startOffset":30381867,"duration":3036},{"path":["sensors",4,"reading"],"parentType":"Sensor","fieldName":"reading","returnType":"SensorReading","startOffset":30387393,"duration":2976},{"path":["sensors",4,"reading","timestamp"],"parentType":"SensorReading","fieldName":"timestamp","returnType":"String!","startOffset":30395961,"duration":2670},{"path":["sensors",4,"reading","value"],"parentType":"SensorReading","fieldName":"value","returnType":"Float!","startOffset":30401242,"duration":4688},{"path":["sensors",4,"reading","unitType"],"parentType":"SensorReading","fieldName":"unitType","returnType":"UnitType!","startOffset":30407927,"duration":2491},{"path":["sensors",4,"hasAnomaly"],"parentType":"Sensor","fieldName":"hasAnomaly","returnType":"Boolean","startOffset":30414755,"duration":2423},{"path":["sensors",5,"_id"],"parentType":"Sensor","fieldName":"_id","returnType":"ID!","startOffset":30422289,"duration":4886},{"path":["sensors",5,"identifier"],"parentType":"Sensor","fieldName":"identifier","returnType":"String!","startOffset":30429220,"duration":2492},{"path":["sensors",5,"name"],"parentType":"Sensor","fieldName":"name","returnType":"String!","startOffset":30434459,"duration":4315},{"path":["sensors",5,"unitType"],"parentType":"Sensor","fieldName":"unitType","returnType":"UnitType","startOffset":30440678,"duration":2325},{"path":["sensors",5,"reading"],"parentType":"Sensor","fieldName":"reading","returnType":"SensorReading","startOffset":30446247,"duration":5172},{"path":["sensors",5,"reading","timestamp"],"parentType":"SensorReading","fieldName":"timestamp","returnType":"String!","startOffset":30454941,"duration":3189},{"path":["sensors",5,"rea"
4859 [main] DEBUG org.apache.http.wire  -  << "367,"unitType":"CELSIUS"},"hasAnomaly":false},{"_id":"01DDPH5Z73FYKE9APHDRCPEXA7","identifier":"TT-011106","name":"Exhaust 6 Temperature","unitType":"CELSIUS","reading":{"timestamp":"2019-09-13T18:50:34.048Z","value":367,"unitType":"CELSIUS"},"hasAnomaly":false},{"_id":"01DDPH5Z737YBJ0WSF8AA5JGW6","identifier":"TT-011201","name":"Cylinder 1 Jacket Cooling Water Temperature","unitType":"CELSIUS","reading":{"timestamp":"2019-09-13T18:50:34.048Z","value":81.5,"unitType":"CELSIUS"},"hasAnomaly":false},{"_id":"01DDPH5Z73TSH6Q5V3NV1VHWRQ","identifier":"TT-011202","name":"Cylinder 2 Jacket Cooling Water Temperature","unitType":"CELSIUS","reading":{"timestamp":"2019-09-13T18:50:34.048Z","value":81.5,"unitType":"CELSIUS"},"hasAnomaly":false},{"_id":"01DDPH5Z731N80M0K1EA3391A8","identifier":"TT-011203","name":"Cylinder 3 Jacket Cooling Water Temperature","unitType":"CELSIUS","reading":{"timestamp":"2019-09-13T18:50:34.048Z","value":81.5,"unitType":"CELSIUS"},"hasAnomaly":false},{"_id":"01DDPH5Z73BSP4PV6WQ5NWWAQ1","identifier":"TT-011204","name":"Cylinder 4 Jacket Cooling Water Temperature","unitType":"CELSIUS","reading":{"timestamp":"2019-09-13T18:50:34.048Z","value":81.5,"unitType":"CELSIUS"},"hasAnomaly":false},{"_id":"01DDPH5Z73870VEXAXP1CV8FT2","identifier":"TT-011205","name":"Cylinder 5 Jacket Cooling Water Temperature","unitType":"CELSIUS","reading":{"timestamp":"2019-09-13T18:50:34.048Z","value":81.5,"unitType":"CELSIUS"},"hasAnomaly":false},{"_id":"01DDPH5Z73F598HJ7SHP5VKPK7","identifier":"TT-011206","name":"Cylinder 6 Jacket Cooling Water Temperature","unitType":"CELSIUS","reading":{"timestamp":"2019-09-13T18:50:34.048Z","value":81.5,"unitType":"CELSIUS"},"hasAnomaly":false},{"_id":"01DDPH5Z73Z0W10RAZY3EZK4RA","identifier":"TT-011501","name":"Cylinder 1 Piston Cooling Oil Temperature","unitType":"CELSIUS","reading":{"timestamp":"2019-09-13T18:50:34.048Z","value":60,"unitType":"CELSIUS"},"hasAnomaly":false},{"_id":"01DDPH5Z731WBS82PDDXJ4QREQ","identifier":"TT-011502","name":"Cylinder 2 Piston Cooling Oil Temperature","unitType":"CELSIUS","reading":{"timestamp":"2019-09-13T18:50:34.048Z","value":60,"unitType":"CELSIUS"},"hasAnomaly":false},{"_id":"01DDPH5Z73K74Q0C5JY0RV6065","identifier":"TT-011503","name":"Cylinder 3 Piston Cooling Oil Temperature","unitType":"CELSIUS","reading":{"timestamp":"2019-09-13T18:50:34.048Z","value":60,"unitType":"CELSIUS"},"hasAnomaly":false},{"_id":"01DDPH5Z734E6SWASB422FWCP9","identifier":"TT-011504","name":"Cylinder 4 Piston Cooling Oil Temperature","unitType":"CELSIUS","reading":{"timestamp":"2019-09-13T18:50:34.048Z","value":60,"unitType":"CELSIUS"},"hasAnomaly":false},{"_id":"01DDPH5Z73WCWZG6XR0D0EXBN5","identifier":"TT-011505","name":"Cylinder 5 Piston Cooling Oil Temperature","unitType":"CELSIUS","reading":{"timestamp":"2019-09-13T18:50:34.048Z","value":60,"unitType":"CELSIUS"},"hasAnomaly":false},{"_id":"01DDPH5Z73K088DTHFD6FP4BF2","identifier":"TT-011506","name":"Cylinder 6 Piston Cooling Oil Temperature","unitType":"CELSIUS","reading":{"timestamp":"2019-09-13T18:50:34.048Z","value":60,"unitType":"CELSIUS"},"hasAnomaly":false},{"_id":"01DDPH5Z73Y2JC9BX2NYJMEG85","identifier":"TT-011001","name":"Cylinder 1 Liner Temperature","unitType":"CELSIUS","reading":{"timestamp":"2019-09-13T18:50:34.048Z","value":189,"unitType":"CELSIUS"},"hasAnomaly":false},{"_id":"01DDPH5Z7385E50APW2PSD60ST","identifier":"TT-011002","name":"Cylinder 2 Liner Temperature","unitType":"CELSIUS","reading":{"timestamp":"2019-09-13T18:50:34.048Z","value":189,"unitType":"CELSIUS"},"hasAnomaly":false},{"_id":"01DDPH5Z73Z36YHNR5M3V9KSHP","identifier":"TT-011003","name":"Cylinder 3 Liner Temperature","unitType":"CELSIUS","reading":{"timestamp":"2019-09-13T18:50:34.048Z","value":189,"unitType":"CELSIUS"},"hasAnomaly":false},{"_id":"01DDPH5Z73ZCMB69MR0WN5MQ7F","identifier":"TT-011004","name":"Cylinder 4 Liner Temperature","unitType":"CELSIUS","reading":{"timestamp":"2019-09-13T18:50:34.048Z","value":189,"unitType":"CELSIUS"},"hasAnomaly":false},{"_id":"01DDPH5Z7350857P3YSAH7Z2WK","identifier":"TT-011005","name":"Cylinder 5 Liner Temperature","unitType":"CELSIUS","reading":{"timestamp":"2019-09-13T18:50:34.048Z","value":189,"unitType":"CELSIUS"},"hasAnomaly":false},{"_id":"01DDPH5Z73EX4Q739XHT0MHZJS","identifier":"TT-011006","name":"Cylinder 6 Liner Temperature","unitType":"CELSIUS","reading":{"timestamp":"2019-09-13T18:50:34.048Z","value":189,"unitType":"CELSIUS"},"hasAnomaly":false},{"_id":"01DDPH5Z731APG9FF2DPDWKRHS","identifier":"PT-012001","name":"Turbine Inlet Pressure","unitType":"BAR","reading":{"timestamp":"2019-09-13T18:50:34.048Z","value":1.00000000140061,"unitType":"BAR"},"hasAnomaly":false},{"_id":"01DDPH5Z73JANKPP60FWMTPNF8","identifier":"PT-012002","name":"Turbine Outlet Pressure","unitType":"BAR","reading":{"timestamp":"2019-09-13T18:50:34.048Z","value":1.00000000140061,"unitType":"BAR"},"hasAnomaly":false},{"_id":"01DDPH5Z7381FS1NA4H02T8Q5F","identifier":"TT-012001","name":"Turbine Inlet Temperature","unitType":"CELSIUS","reading":{"timestamp":"2019-09-13T18:50:34.048Z","value":897.5138888888889,"unitType":"CELSIUS"},"hasAnomaly":false},{"_id":"01DDPH5Z7397H29QJ0CKWGBMBB","identifier":"TT-012002","name":"Turbine Outlet Temperature","unitType":"CELSIUS","reading":{"timestamp":"2019-09-13T18:50:34.048Z","value":647.3402777777778,"unitType":"CELSIUS"},"hasAnomaly":false},{"_id":"01DFC610RYSS5CX5ZQHNWT367Y","identifier":"PT-012004","name":"Compressor Outlet Pressure","unitType":"BAR","reading":{"timestamp":"2019-09-13T18:50:34.048Z","value":1.0132500012226675,"unitType":"BAR"},"hasAnomaly":true},{"_id":"01DDPH5Z73T0YYSF6HFZP1DW43","identifier":"PT-014001","name":"Air Cooler Inlet Pressure","unitType":"BAR","reading":null,"hasAnomaly":false},{"_id":"01DDPH5Z73ME3WZZR92W0WAS71","identifier":"PT-014002","name":"Air Cooler Outlet Pressure","unitType":"BAR","reading":null,"hasAnomaly":false},{"_id":"01DDPH5Z73BE2BGRJK98FBCCN2","identifier":"TT-014001","name":"Air Cooler Inlet Temperature","unitType":"CELSIUS","reading":{"timestamp":"2019-09-13T18:50:34.048Z","value":93.61111111111111,"unitType":"CELSIUS"},"hasAnomaly":false},{"_id":"01DDPH5Z73G060M59ASK1SAKN9","identifier":"TT-014002","name":"Air Cooler Outlet Temperature","unitType":"CELSIUS","reading":{"timestamp":"2019-09-13T18:50:34.048Z","value":116.80555555555556,"unitType":"CELSIUS"},"hasAnomaly":false},{"_id":"01DDPH5Z73V9D5GRDAHNY2ST4M","identifier":"PT-015001","name":"Scavenge Air Pressure","unitType":"BAR","reading":{"timestamp":"2019-09-13T18:50:34.048Z","value":1.006625001311639,"unitType":"BAR"},"hasAnomaly":true},{"_id":"01DDPH5Z73P60JRD656M8RY96P","identifier":"PT-011301","name":"Cylinder 1 Combustion Pressure","unitType":"BAR","reading":{"timestamp":"2019-09-13T18:50:33.571Z","value":2.0508474576271225,"unitType":"BAR"},"hasAnomaly":false},{"_id":"01DDPH5Z73CM9F1161MN7S604N","identifier":"PT-011302","name":"Cylinder 2 Combustion Pressure","unitType":"BAR","reading":{"timestamp":"2019-09-13T18:50:33.659Z","value":2.0508474576271225,"unitType":"BAR"},"hasAnomaly":false},{"_id":"01DDPH5Z73GY7SKKRV4WVK5X8B","identifier":"PT-011303","name":"Cylinder 3 Combustion Pressure","unitType":"BAR","reading":{"timestamp":"2019-09-13T18:50:33.612Z","value":0.35593220338983433,"unitType":"BAR"},"hasAnomaly":false},{"_id":"01DDPH5Z73E1F11GHYP22504D0","identifier":"PT-011304","name":"Cylinder 4 Combustion Pressure","unitType":"BAR","reading":{"timestamp":"2019-09-13T18:50:34.137Z","value":80.08474576271186,"unitType":"BAR"},"hasAnomaly":false},{"_id":"01DDPH5Z732DXNGPM9AGAY8HG4","identifier":"PT-011305","name":"Cylinder 5 Combustion Pressure","unitType":"BAR","reading":{"timestamp":"2019-09-13T18:50:34.092Z","value":2.0508474576271225,"unitType":"BAR"},"hasAnomaly":false},{"_id":"01DDPH5Z731NV07WXK4VKCDP95","identifier":"PT-011306","name":"Cylinder 6 Combustion Pressure","unitType":"BAR","reading":{"timestamp":"2019-09-13T18:50:34.179Z","value":2.0508474576271225,"unitType":"BAR"},"hasAnomaly":false},{"_id":"01DDPXV5960FYVKZ276NK1C0S8","identifier":"TT-010001","name":"Engine Room Temperature","unitType":"CELSIUS","reading":{"timestamp":"2019-09-13T18:50:34.048Z","value":72.15277777777777,"unitType":"CELSIUS"},"hasAnomaly":false},{"_id":"01DDPXW7NMEYCQG7NVWJFXTW37","identifier":"PT-010001","name":"Engine Room Pressure","unitType":"BAR","reading":{"timestamp":"2019-09-13T18:50:34.048Z","value":1,"unitType":"BAR"},"hasAnomaly":true},{"_id":"01DDPH5Z73PGACQZDS7411CA8C","identifier":"ZT-013001","name":"Fuel Rack Position","unitType":"MILLIMETER","reading":{"timestamp":"2019-09-13T18:50:34.048Z","value":91.38380618425246,"unitType":"MILLIMETER"},"hasAnomaly":false}]},"extensions":{"tracing":{"version":1,"startTime":"2019-09-13T18:50:34.513Z","endTime":"2019-09-13T18:50:34.548Z","duration":34572783,"execution":{"resolvers":[{"path":["sensors"],"parentType":"Query","fieldName":"sensors","returnType":"[Sensor!]","startOffset":95479,"duration":29976392},{"path":["sensors",0,"_id"],"parentType":"Sensor","fieldName":"_id","returnType":"ID!","startOffset":30099578,"duration":13428},{"path":["sensors",0,"identifier"],"parentType":"Sensor","fieldName":"identifier","returnType":"String!","startOffset":30118487,"duration":5062},{"path":["sensors",0,"name"],"parentType":"Sensor","fieldName":"name","returnType":"String!","startOffset":30125667,"duration":2963},{"path":["sensors",0,"unitType"],"parentType":"Sensor","fieldName":"unitType","returnType":"UnitType","startOffset":30132577,"duration":3109},{"path":["sensors",0,"reading"],"parentType":"Sensor","fieldName":"reading","returnType":"SensorReading","startOffset":30138652,"duration":6538},{"path":["sensors",0,"reading","timestamp"],"parentType":"SensorReading","fieldName":"timestamp","returnType":"String!","startOffset":30155042,"duration":5524},{"path":["sensors",0,"reading","value"],"parentType":"SensorReading","fieldName":"value","returnType":"Float!","startOffset":30162635,"duration":2911},{"path":["sensors",0,"reading","unitType"],"parentType":"SensorReading","fieldName":"unitType","returnType":"UnitType!","startOffset":30167716,"duration":4692},{"path":["sensors",0,"hasAnomaly"],"parentType":"Sensor","fieldName":"hasAnomaly","returnType":"Boolean","startOffset":30174934,"duration":2798},{"path":["sensors",1,"_id"],"parentType":"Sensor","fieldName":"_id","returnType":"ID!","startOffset":30185546,"duration":2739},{"path":["sensors",1,"identifier"],"parentType":"Sensor","fieldName":"identifier","returnType":"String!","startOffset":30190321,"duration":2429},{"path":["sensors",1,"name"],"parentType":"Sensor","fieldName":"name","returnType":"String!","startOffset":30196608,"duration":2371},{"path":["sensors",1,"unitType"],"parentType":"Sensor","fieldName":"unitType","returnType":"UnitType","startOffset":30200869,"duration":6064},{"path":["sensors",1,"reading"],"parentType":"Sensor","fieldName":"reading","returnType":"SensorReading","startOffset":30211736,"duration":3701},{"path":["sensors",1,"reading","timestamp"],"parentType":"SensorReading","fieldName":"timestamp","returnType":"String!","startOffset":30219015,"duration":5410},{"path":["sensors",1,"reading","value"],"parentType":"SensorReading","fieldName":"value","returnType":"Float!","startOffset":30226453,"duration":2592},{"path":["sensors",1,"reading","unitType"],"parentType":"SensorReading","fieldName":"unitType","returnType":"UnitType!","startOffset":30231074,"duration":4679},{"path":["sensors",1,"hasAnomaly"],"parentType":"Sensor","fieldName":"hasAnomaly","returnType":"Boolean","startOffset":30238359,"duration":2440},{"path":["sensors",2,"_id"],"parentType":"Sensor","fieldName":"_id","returnType":"ID!","startOffset":30248066,"duration":2659},{"path":["sensors",2,"identifier"],"parentType":"Sensor","fieldName":"identifier","returnType":"String!","startOffset":30252724,"duration":4446},{"path":["sensors",2,"name"],"parentType":"Sensor","fieldName":"name","returnType":"String!","startOffset":30259151,"duration":2355},{"path":["sensors",2,"unitType"],"parentType":"Sensor","fieldName":"unitType","returnType":"UnitType","startOffset":30263359,"duration":4437},{"path":["sensors",2,"reading"],"parentType":"Sensor","fieldName":"reading","returnType":"SensorReading","startOffset":30270448,"duration":3075},{"path":["sensors",2,"reading","timestamp"],"parentType":"SensorReading","fieldName":"timestamp","returnType":"String!","startOffset":30279003,"duration":2531},{"path":["sensors",2,"reading","value"],"parentType":"SensorReading","fieldName":"value","returnType":"Float!","startOffset":30283397,"duration":2461},{"path":["sensors",2,"reading","unitType"],"parentType":"SensorReading","fieldName":"unitType","returnType":"UnitType!","startOffset":30290839,"duration":2623},{"path":["sensors",2,"hasAnomaly"],"parentType":"Sensor","fieldName":"hasAnomaly","returnType":"Boolean","startOffset":30295956,"duration":2335},{"path":["sensors",3,"_id"],"parentType":"Sensor","fieldName":"_id","returnType":"ID!","startOffset":30305721,"duration":2648},{"path":["sensors",3,"identifier"],"parentType":"Sensor","fieldName":"identifier","returnType":"String!","startOffset":30310372,"duration":4340},{"path":["sensors",3,"name"],"parentType":"Sensor","fieldName":"name","returnType":"String!","startOffset":30316656,"duration":2384},{"path":["sensors",3,"unitType"],"parentType":"Sensor","fieldName":"unitType","returnType":"UnitType","startOffset":30320898,"duration":4251},{"path":["sensors",3,"reading"],"parentType":"Sensor","fieldName":"reading","returnType":"SensorReading","startOffset":30327640,"duration":4791},{"path":["sensors",3,"reading","timestamp"],"parentType":"SensorReading","fieldName":"timestamp","returnType":"String!","startOffset":30337744,"duration":2527},{"path":["sensors",3,"reading","value"],"parentType":"SensorReading","fieldName":"value","returnType":"Float!","startOffset":30342229,"duration":5089},{"path":["sensors",3,"reading","unitType"],"parentType":"SensorReading","fieldName":"unitType","returnType":"UnitType!","startOffset":30349337,"duration":2511},{"path":["sensors",3,"hasAnomaly"],"parentType":"Sensor","fieldName":"hasAnomaly","returnType":"Boolean","startOffset":30354276,"duration":5159},{"path":["sensors",4,"_id"],"parentType":"Sensor","fieldName":"_id","returnType":"ID!","startOffset":30364628,"duration":2614},{"path":["sensors",4,"identifier"],"parentType":"Sensor","fieldName":"identifier","returnType":"String!","startOffset":30371301,"duration":2462},{"path":["sensors",4,"name"],"parentType":"Sensor","fieldName":"name","returnType":"String!","startOffset":30375755,"duration":2380},{"path":["sensors",4,"unitType"],"parentType":"Sensor","fieldName":"unitType","returnType":"UnitType","startOffset":30381867,"duration":3036},{"path":["sensors",4,"reading"],"parentType":"Sensor","fieldName":"reading","returnType":"SensorReading","startOffset":30387393,"duration":2976},{"path":["sensors",4,"reading","timestamp"],"parentType":"SensorReading","fieldName":"timestamp","returnType":"String!","startOffset":30395961,"duration":2670},{"path":["sensors",4,"reading","value"],"parentType":"SensorReading","fieldName":"value","returnType":"Float!","startOffset":30401242,"duration":4688},{"path":["sensors",4,"reading","unitType"],"parentType":"SensorReading","fieldName":"unitType","returnType":"UnitType!","startOffset":30407927,"duration":2491},{"path":["sensors",4,"hasAnomaly"],"parentType":"Sensor","fieldName":"hasAnomaly","returnType":"Boolean","startOffset":30414755,"duration":2423},{"path":["sensors",5,"_id"],"parentType":"Sensor","fieldName":"_id","returnType":"ID!","startOffset":30422289,"duration":4886},{"path":["sensors",5,"identifier"],"parentType":"Sensor","fieldName":"identifier","returnType":"String!","startOffset":30429220,"duration":2492},{"path":["sensors",5,"name"],"parentType":"Sensor","fieldName":"name","returnType":"String!","startOffset":30434459,"duration":4315},{"path":["sensors",5,"unitType"],"parentType":"Sensor","fieldName":"unitType","returnType":"UnitType","startOffset":30440678,"duration":2325},{"path":["sensors",5,"reading"],"parentType":"Sensor","fieldName":"reading","returnType":"SensorReading","startOffset":30446247,"duration":5172},{"path":["sensors",5,"reading","timestamp"],"parentType":"SensorReading","fieldName":"timestamp","returnType":"String!","startOffset":30454941,"duration":3189},{"path":["sensors",5,"rea"
4859 [main] DEBUG org.apache.http.wire  -  << "367,"unitType":"CELSIUS"},"hasAnomaly":false},{"_id":"01DDPH5Z73FYKE9APHDRCPEXA7","identifier":"TT-011106","name":"Exhaust 6 Temperature","unitType":"CELSIUS","reading":{"timestamp":"2019-09-13T18:50:34.048Z","value":367,"unitType":"CELSIUS"},"hasAnomaly":false},{"_id":"01DDPH5Z737YBJ0WSF8AA5JGW6","identifier":"TT-011201","name":"Cylinder 1 Jacket Cooling Water Temperature","unitType":"CELSIUS","reading":{"timestamp":"2019-09-13T18:50:34.048Z","value":81.5,"unitType":"CELSIUS"},"hasAnomaly":false},{"_id":"01DDPH5Z73TSH6Q5V3NV1VHWRQ","identifier":"TT-011202","name":"Cylinder 2 Jacket Cooling Water Temperature","unitType":"CELSIUS","reading":{"timestamp":"2019-09-13T18:50:34.048Z","value":81.5,"unitType":"CELSIUS"},"hasAnomaly":false},{"_id":"01DDPH5Z731N80M0K1EA3391A8","identifier":"TT-011203","name":"Cylinder 3 Jacket Cooling Water Temperature","unitType":"CELSIUS","reading":{"timestamp":"2019-09-13T18:50:34.048Z","value":81.5,"unitType":"CELSIUS"},"hasAnomaly":false},{"_id":"01DDPH5Z73BSP4PV6WQ5NWWAQ1","identifier":"TT-011204","name":"Cylinder 4 Jacket Cooling Water Temperature","unitType":"CELSIUS","reading":{"timestamp":"2019-09-13T18:50:34.048Z","value":81.5,"unitType":"CELSIUS"},"hasAnomaly":false},{"_id":"01DDPH5Z73870VEXAXP1CV8FT2","identifier":"TT-011205","name":"Cylinder 5 Jacket Cooling Water Temperature","unitType":"CELSIUS","reading":{"timestamp":"2019-09-13T18:50:34.048Z","value":81.5,"unitType":"CELSIUS"},"hasAnomaly":false},{"_id":"01DDPH5Z73F598HJ7SHP5VKPK7","identifier":"TT-011206","name":"Cylinder 6 Jacket Cooling Water Temperature","unitType":"CELSIUS","reading":{"timestamp":"2019-09-13T18:50:34.048Z","value":81.5,"unitType":"CELSIUS"},"hasAnomaly":false},{"_id":"01DDPH5Z73Z0W10RAZY3EZK4RA","identifier":"TT-011501","name":"Cylinder 1 Piston Cooling Oil Temperature","unitType":"CELSIUS","reading":{"timestamp":"2019-09-13T18:50:34.048Z","value":60,"unitType":"CELSIUS"},"hasAnomaly":false},{"_id":"01DDPH5Z731WBS82PDDXJ4QREQ","identifier":"TT-011502","name":"Cylinder 2 Piston Cooling Oil Temperature","unitType":"CELSIUS","reading":{"timestamp":"2019-09-13T18:50:34.048Z","value":60,"unitType":"CELSIUS"},"hasAnomaly":false},{"_id":"01DDPH5Z73K74Q0C5JY0RV6065","identifier":"TT-011503","name":"Cylinder 3 Piston Cooling Oil Temperature","unitType":"CELSIUS","reading":{"timestamp":"2019-09-13T18:50:34.048Z","value":60,"unitType":"CELSIUS"},"hasAnomaly":false},{"_id":"01DDPH5Z734E6SWASB422FWCP9","identifier":"TT-011504","name":"Cylinder 4 Piston Cooling Oil Temperature","unitType":"CELSIUS","reading":{"timestamp":"2019-09-13T18:50:34.048Z","value":60,"unitType":"CELSIUS"},"hasAnomaly":false},{"_id":"01DDPH5Z73WCWZG6XR0D0EXBN5","identifier":"TT-011505","name":"Cylinder 5 Piston Cooling Oil Temperature","unitType":"CELSIUS","reading":{"timestamp":"2019-09-13T18:50:34.048Z","value":60,"unitType":"CELSIUS"},"hasAnomaly":false},{"_id":"01DDPH5Z73K088DTHFD6FP4BF2","identifier":"TT-011506","name":"Cylinder 6 Piston Cooling Oil Temperature","unitType":"CELSIUS","reading":{"timestamp":"2019-09-13T18:50:34.048Z","value":60,"unitType":"CELSIUS"},"hasAnomaly":false},{"_id":"01DDPH5Z73Y2JC9BX2NYJMEG85","identifier":"TT-011001","name":"Cylinder 1 Liner Temperature","unitType":"CELSIUS","reading":{"timestamp":"2019-09-13T18:50:34.048Z","value":189,"unitType":"CELSIUS"},"hasAnomaly":false},{"_id":"01DDPH5Z7385E50APW2PSD60ST","identifier":"TT-011002","name":"Cylinder 2 Liner Temperature","unitType":"CELSIUS","reading":{"timestamp":"2019-09-13T18:50:34.048Z","value":189,"unitType":"CELSIUS"},"hasAnomaly":false},{"_id":"01DDPH5Z73Z36YHNR5M3V9KSHP","identifier":"TT-011003","name":"Cylinder 3 Liner Temperature","unitType":"CELSIUS","reading":{"timestamp":"2019-09-13T18:50:34.048Z","value":189,"unitType":"CELSIUS"},"hasAnomaly":false},{"_id":"01DDPH5Z73ZCMB69MR0WN5MQ7F","identifier":"TT-011004","name":"Cylinder 4 Liner Temperature","unitType":"CELSIUS","reading":{"timestamp":"2019-09-13T18:50:34.048Z","value":189,"unitType":"CELSIUS"},"hasAnomaly":false},{"_id":"01DDPH5Z7350857P3YSAH7Z2WK","identifier":"TT-011005","name":"Cylinder 5 Liner Temperature","unitType":"CELSIUS","reading":{"timestamp":"2019-09-13T18:50:34.048Z","value":189,"unitType":"CELSIUS"},"hasAnomaly":false},{"_id":"01DDPH5Z73EX4Q739XHT0MHZJS","identifier":"TT-011006","name":"Cylinder 6 Liner Temperature","unitType":"CELSIUS","reading":{"timestamp":"2019-09-13T18:50:34.048Z","value":189,"unitType":"CELSIUS"},"hasAnomaly":false},{"_id":"01DDPH5Z731APG9FF2DPDWKRHS","identifier":"PT-012001","name":"Turbine Inlet Pressure","unitType":"BAR","reading":{"timestamp":"2019-09-13T18:50:34.048Z","value":1.00000000140061,"unitType":"BAR"},"hasAnomaly":false},{"_id":"01DDPH5Z73JANKPP60FWMTPNF8","identifier":"PT-012002","name":"Turbine Outlet Pressure","unitType":"BAR","reading":{"timestamp":"2019-09-13T18:50:34.048Z","value":1.00000000140061,"unitType":"BAR"},"hasAnomaly":false},{"_id":"01DDPH5Z7381FS1NA4H02T8Q5F","identifier":"TT-012001","name":"Turbine Inlet Temperature","unitType":"CELSIUS","reading":{"timestamp":"2019-09-13T18:50:34.048Z","value":897.5138888888889,"unitType":"CELSIUS"},"hasAnomaly":false},{"_id":"01DDPH5Z7397H29QJ0CKWGBMBB","identifier":"TT-012002","name":"Turbine Outlet Temperature","unitType":"CELSIUS","reading":{"timestamp":"2019-09-13T18:50:34.048Z","value":647.3402777777778,"unitType":"CELSIUS"},"hasAnomaly":false},{"_id":"01DFC610RYSS5CX5ZQHNWT367Y","identifier":"PT-012004","name":"Compressor Outlet Pressure","unitType":"BAR","reading":{"timestamp":"2019-09-13T18:50:34.048Z","value":1.0132500012226675,"unitType":"BAR"},"hasAnomaly":true},{"_id":"01DDPH5Z73T0YYSF6HFZP1DW43","identifier":"PT-014001","name":"Air Cooler Inlet Pressure","unitType":"BAR","reading":null,"hasAnomaly":false},{"_id":"01DDPH5Z73ME3WZZR92W0WAS71","identifier":"PT-014002","name":"Air Cooler Outlet Pressure","unitType":"BAR","reading":null,"hasAnomaly":false},{"_id":"01DDPH5Z73BE2BGRJK98FBCCN2","identifier":"TT-014001","name":"Air Cooler Inlet Temperature","unitType":"CELSIUS","reading":{"timestamp":"2019-09-13T18:50:34.048Z","value":93.61111111111111,"unitType":"CELSIUS"},"hasAnomaly":false},{"_id":"01DDPH5Z73G060M59ASK1SAKN9","identifier":"TT-014002","name":"Air Cooler Outlet Temperature","unitType":"CELSIUS","reading":{"timestamp":"2019-09-13T18:50:34.048Z","value":116.80555555555556,"unitType":"CELSIUS"},"hasAnomaly":false},{"_id":"01DDPH5Z73V9D5GRDAHNY2ST4M","identifier":"PT-015001","name":"Scavenge Air Pressure","unitType":"BAR","reading":{"timestamp":"2019-09-13T18:50:34.048Z","value":1.006625001311639,"unitType":"BAR"},"hasAnomaly":true},{"_id":"01DDPH5Z73P60JRD656M8RY96P","identifier":"PT-011301","name":"Cylinder 1 Combustion Pressure","unitType":"BAR","reading":{"timestamp":"2019-09-13T18:50:33.571Z","value":2.0508474576271225,"unitType":"BAR"},"hasAnomaly":false},{"_id":"01DDPH5Z73CM9F1161MN7S604N","identifier":"PT-011302","name":"Cylinder 2 Combustion Pressure","unitType":"BAR","reading":{"timestamp":"2019-09-13T18:50:33.659Z","value":2.0508474576271225,"unitType":"BAR"},"hasAnomaly":false},{"_id":"01DDPH5Z73GY7SKKRV4WVK5X8B","identifier":"PT-011303","name":"Cylinder 3 Combustion Pressure","unitType":"BAR","reading":{"timestamp":"2019-09-13T18:50:33.612Z","value":0.35593220338983433,"unitType":"BAR"},"hasAnomaly":false},{"_id":"01DDPH5Z73E1F11GHYP22504D0","identifier":"PT-011304","name":"Cylinder 4 Combustion Pressure","unitType":"BAR","reading":{"timestamp":"2019-09-13T18:50:34.137Z","value":80.08474576271186,"unitType":"BAR"},"hasAnomaly":false},{"_id":"01DDPH5Z732DXNGPM9AGAY8HG4","identifier":"PT-011305","name":"Cylinder 5 Combustion Pressure","unitType":"BAR","reading":{"timestamp":"2019-09-13T18:50:34.092Z","value":2.0508474576271225,"unitType":"BAR"},"hasAnomaly":false},{"_id":"01DDPH5Z731NV07WXK4VKCDP95","identifier":"PT-011306","name":"Cylinder 6 Combustion Pressure","unitType":"BAR","reading":{"timestamp":"2019-09-13T18:50:34.179Z","value":2.0508474576271225,"unitType":"BAR"},"hasAnomaly":false},{"_id":"01DDPXV5960FYVKZ276NK1C0S8","identifier":"TT-010001","name":"Engine Room Temperature","unitType":"CELSIUS","reading":{"timestamp":"2019-09-13T18:50:34.048Z","value":72.15277777777777,"unitType":"CELSIUS"},"hasAnomaly":false},{"_id":"01DDPXW7NMEYCQG7NVWJFXTW37","identifier":"PT-010001","name":"Engine Room Pressure","unitType":"BAR","reading":{"timestamp":"2019-09-13T18:50:34.048Z","value":1,"unitType":"BAR"},"hasAnomaly":true},{"_id":"01DDPH5Z73PGACQZDS7411CA8C","identifier":"ZT-013001","name":"Fuel Rack Position","unitType":"MILLIMETER","reading":{"timestamp":"2019-09-13T18:50:34.048Z","value":91.38380618425246,"unitType":"MILLIMETER"},"hasAnomaly":false}]},"extensions":{"tracing":{"version":1,"startTime":"2019-09-13T18:50:34.513Z","endTime":"2019-09-13T18:50:34.548Z","duration":34572783,"execution":{"resolvers":[{"path":["sensors"],"parentType":"Query","fieldName":"sensors","returnType":"[Sensor!]","startOffset":95479,"duration":29976392},{"path":["sensors",0,"_id"],"parentType":"Sensor","fieldName":"_id","returnType":"ID!","startOffset":30099578,"duration":13428},{"path":["sensors",0,"identifier"],"parentType":"Sensor","fieldName":"identifier","returnType":"String!","startOffset":30118487,"duration":5062},{"path":["sensors",0,"name"],"parentType":"Sensor","fieldName":"name","returnType":"String!","startOffset":30125667,"duration":2963},{"path":["sensors",0,"unitType"],"parentType":"Sensor","fieldName":"unitType","returnType":"UnitType","startOffset":30132577,"duration":3109},{"path":["sensors",0,"reading"],"parentType":"Sensor","fieldName":"reading","returnType":"SensorReading","startOffset":30138652,"duration":6538},{"path":["sensors",0,"reading","timestamp"],"parentType":"SensorReading","fieldName":"timestamp","returnType":"String!","startOffset":30155042,"duration":5524},{"path":["sensors",0,"reading","value"],"parentType":"SensorReading","fieldName":"value","returnType":"Float!","startOffset":30162635,"duration":2911},{"path":["sensors",0,"reading","unitType"],"parentType":"SensorReading","fieldName":"unitType","returnType":"UnitType!","startOffset":30167716,"duration":4692},{"path":["sensors",0,"hasAnomaly"],"parentType":"Sensor","fieldName":"hasAnomaly","returnType":"Boolean","startOffset":30174934,"duration":2798},{"path":["sensors",1,"_id"],"parentType":"Sensor","fieldName":"_id","returnType":"ID!","startOffset":30185546,"duration":2739},{"path":["sensors",1,"identifier"],"parentType":"Sensor","fieldName":"identifier","returnType":"String!","startOffset":30190321,"duration":2429},{"path":["sensors",1,"name"],"parentType":"Sensor","fieldName":"name","returnType":"String!","startOffset":30196608,"duration":2371},{"path":["sensors",1,"unitType"],"parentType":"Sensor","fieldName":"unitType","returnType":"UnitType","startOffset":30200869,"duration":6064},{"path":["sensors",1,"reading"],"parentType":"Sensor","fieldName":"reading","returnType":"SensorReading","startOffset":30211736,"duration":3701},{"path":["sensors",1,"reading","timestamp"],"parentType":"SensorReading","fieldName":"timestamp","returnType":"String!","startOffset":30219015,"duration":5410},{"path":["sensors",1,"reading","value"],"parentType":"SensorReading","fieldName":"value","returnType":"Float!","startOffset":30226453,"duration":2592},{"path":["sensors",1,"reading","unitType"],"parentType":"SensorReading","fieldName":"unitType","returnType":"UnitType!","startOffset":30231074,"duration":4679},{"path":["sensors",1,"hasAnomaly"],"parentType":"Sensor","fieldName":"hasAnomaly","returnType":"Boolean","startOffset":30238359,"duration":2440},{"path":["sensors",2,"_id"],"parentType":"Sensor","fieldName":"_id","returnType":"ID!","startOffset":30248066,"duration":2659},{"path":["sensors",2,"identifier"],"parentType":"Sensor","fieldName":"identifier","returnType":"String!","startOffset":30252724,"duration":4446},{"path":["sensors",2,"name"],"parentType":"Sensor","fieldName":"name","returnType":"String!","startOffset":30259151,"duration":2355},{"path":["sensors",2,"unitType"],"parentType":"Sensor","fieldName":"unitType","returnType":"UnitType","startOffset":30263359,"duration":4437},{"path":["sensors",2,"reading"],"parentType":"Sensor","fieldName":"reading","returnType":"SensorReading","startOffset":30270448,"duration":3075},{"path":["sensors",2,"reading","timestamp"],"parentType":"SensorReading","fieldName":"timestamp","returnType":"String!","startOffset":30279003,"duration":2531},{"path":["sensors",2,"reading","value"],"parentType":"SensorReading","fieldName":"value","returnType":"Float!","startOffset":30283397,"duration":2461},{"path":["sensors",2,"reading","unitType"],"parentType":"SensorReading","fieldName":"unitType","returnType":"UnitType!","startOffset":30290839,"duration":2623},{"path":["sensors",2,"hasAnomaly"],"parentType":"Sensor","fieldName":"hasAnomaly","returnType":"Boolean","startOffset":30295956,"duration":2335},{"path":["sensors",3,"_id"],"parentType":"Sensor","fieldName":"_id","returnType":"ID!","startOffset":30305721,"duration":2648},{"path":["sensors",3,"identifier"],"parentType":"Sensor","fieldName":"identifier","returnType":"String!","startOffset":30310372,"duration":4340},{"path":["sensors",3,"name"],"parentType":"Sensor","fieldName":"name","returnType":"String!","startOffset":30316656,"duration":2384},{"path":["sensors",3,"unitType"],"parentType":"Sensor","fieldName":"unitType","returnType":"UnitType","startOffset":30320898,"duration":4251},{"path":["sensors",3,"reading"],"parentType":"Sensor","fieldName":"reading","returnType":"SensorReading","startOffset":30327640,"duration":4791},{"path":["sensors",3,"reading","timestamp"],"parentType":"SensorReading","fieldName":"timestamp","returnType":"String!","startOffset":30337744,"duration":2527},{"path":["sensors",3,"reading","value"],"parentType":"SensorReading","fieldName":"value","returnType":"Float!","startOffset":30342229,"duration":5089},{"path":["sensors",3,"reading","unitType"],"parentType":"SensorReading","fieldName":"unitType","returnType":"UnitType!","startOffset":30349337,"duration":2511},{"path":["sensors",3,"hasAnomaly"],"parentType":"Sensor","fieldName":"hasAnomaly","returnType":"Boolean","startOffset":30354276,"duration":5159},{"path":["sensors",4,"_id"],"parentType":"Sensor","fieldName":"_id","returnType":"ID!","startOffset":30364628,"duration":2614},{"path":["sensors",4,"identifier"],"parentType":"Sensor","fieldName":"identifier","returnType":"String!","startOffset":30371301,"duration":2462},{"path":["sensors",4,"name"],"parentType":"Sensor","fieldName":"name","returnType":"String!","startOffset":30375755,"duration":2380},{"path":["sensors",4,"unitType"],"parentType":"Sensor","fieldName":"unitType","returnType":"UnitType","startOffset":30381867,"duration":3036},{"path":["sensors",4,"reading"],"parentType":"Sensor","fieldName":"reading","returnType":"SensorReading","startOffset":30387393,"duration":2976},{"path":["sensors",4,"reading","timestamp"],"parentType":"SensorReading","fieldName":"timestamp","returnType":"String!","startOffset":30395961,"duration":2670},{"path":["sensors",4,"reading","value"],"parentType":"SensorReading","fieldName":"value","returnType":"Float!","startOffset":30401242,"duration":4688},{"path":["sensors",4,"reading","unitType"],"parentType":"SensorReading","fieldName":"unitType","returnType":"UnitType!","startOffset":30407927,"duration":2491},{"path":["sensors",4,"hasAnomaly"],"parentType":"Sensor","fieldName":"hasAnomaly","returnType":"Boolean","startOffset":30414755,"duration":2423},{"path":["sensors",5,"_id"],"parentType":"Sensor","fieldName":"_id","returnType":"ID!","startOffset":30422289,"duration":4886},{"path":["sensors",5,"identifier"],"parentType":"Sensor","fieldName":"identifier","returnType":"String!","startOffset":30429220,"duration":2492},{"path":["sensors",5,"name"],"parentType":"Sensor","fieldName":"name","returnType":"String!","startOffset":30434459,"duration":4315},{"path":["sensors",5,"unitType"],"parentType":"Sensor","fieldName":"unitType","returnType":"UnitType","startOffset":30440678,"duration":2325},{"path":["sensors",5,"reading"],"parentType":"Sensor","fieldName":"reading","returnType":"SensorReading","startOffset":30446247,"duration":5172},{"path":["sensors",5,"reading","timestamp"],"parentType":"SensorReading","fieldName":"timestamp","returnType":"String!","startOffset":30454941,"duration":3189},{"path":["sensors",5,"rea"
4859 [main] DEBUG org.apache.http.wire  -  << "367,"unitType":"CELSIUS"},"hasAnomaly":false},{"_id":"01DDPH5Z73FYKE9APHDRCPEXA7","identifier":"TT-011106","name":"Exhaust 6 Temperature","unitType":"CELSIUS","reading":{"timestamp":"2019-09-13T18:50:34.048Z","value":367,"unitType":"CELSIUS"},"hasAnomaly":false},{"_id":"01DDPH5Z737YBJ0WSF8AA5JGW6","identifier":"TT-011201","name":"Cylinder 1 Jacket Cooling Water Temperature","unitType":"CELSIUS","reading":{"timestamp":"2019-09-13T18:50:34.048Z","value":81.5,"unitType":"CELSIUS"},"hasAnomaly":false},{"_id":"01DDPH5Z73TSH6Q5V3NV1VHWRQ","identifier":"TT-011202","name":"Cylinder 2 Jacket Cooling Water Temperature","unitType":"CELSIUS","reading":{"timestamp":"2019-09-13T18:50:34.048Z","value":81.5,"unitType":"CELSIUS"},"hasAnomaly":false},{"_id":"01DDPH5Z731N80M0K1EA3391A8","identifier":"TT-011203","name":"Cylinder 3 Jacket Cooling Water Temperature","unitType":"CELSIUS","reading":{"timestamp":"2019-09-13T18:50:34.048Z","value":81.5,"unitType":"CELSIUS"},"hasAnomaly":false},{"_id":"01DDPH5Z73BSP4PV6WQ5NWWAQ1","identifier":"TT-011204","name":"Cylinder 4 Jacket Cooling Water Temperature","unitType":"CELSIUS","reading":{"timestamp":"2019-09-13T18:50:34.048Z","value":81.5,"unitType":"CELSIUS"},"hasAnomaly":false},{"_id":"01DDPH5Z73870VEXAXP1CV8FT2","identifier":"TT-011205","name":"Cylinder 5 Jacket Cooling Water Temperature","unitType":"CELSIUS","reading":{"timestamp":"2019-09-13T18:50:34.048Z","value":81.5,"unitType":"CELSIUS"},"hasAnomaly":false},{"_id":"01DDPH5Z73F598HJ7SHP5VKPK7","identifier":"TT-011206","name":"Cylinder 6 Jacket Cooling Water Temperature","unitType":"CELSIUS","reading":{"timestamp":"2019-09-13T18:50:34.048Z","value":81.5,"unitType":"CELSIUS"},"hasAnomaly":false},{"_id":"01DDPH5Z73Z0W10RAZY3EZK4RA","identifier":"TT-011501","name":"Cylinder 1 Piston Cooling Oil Temperature","unitType":"CELSIUS","reading":{"timestamp":"2019-09-13T18:50:34.048Z","value":60,"unitType":"CELSIUS"},"hasAnomaly":false},{"_id":"01DDPH5Z731WBS82PDDXJ4QREQ","identifier":"TT-011502","name":"Cylinder 2 Piston Cooling Oil Temperature","unitType":"CELSIUS","reading":{"timestamp":"2019-09-13T18:50:34.048Z","value":60,"unitType":"CELSIUS"},"hasAnomaly":false},{"_id":"01DDPH5Z73K74Q0C5JY0RV6065","identifier":"TT-011503","name":"Cylinder 3 Piston Cooling Oil Temperature","unitType":"CELSIUS","reading":{"timestamp":"2019-09-13T18:50:34.048Z","value":60,"unitType":"CELSIUS"},"hasAnomaly":false},{"_id":"01DDPH5Z734E6SWASB422FWCP9","identifier":"TT-011504","name":"Cylinder 4 Piston Cooling Oil Temperature","unitType":"CELSIUS","reading":{"timestamp":"2019-09-13T18:50:34.048Z","value":60,"unitType":"CELSIUS"},"hasAnomaly":false},{"_id":"01DDPH5Z73WCWZG6XR0D0EXBN5","identifier":"TT-011505","name":"Cylinder 5 Piston Cooling Oil Temperature","unitType":"CELSIUS","reading":{"timestamp":"2019-09-13T18:50:34.048Z","value":60,"unitType":"CELSIUS"},"hasAnomaly":false},{"_id":"01DDPH5Z73K088DTHFD6FP4BF2","identifier":"TT-011506","name":"Cylinder 6 Piston Cooling Oil Temperature","unitType":"CELSIUS","reading":{"timestamp":"2019-09-13T18:50:34.048Z","value":60,"unitType":"CELSIUS"},"hasAnomaly":false},{"_id":"01DDPH5Z73Y2JC9BX2NYJMEG85","identifier":"TT-011001","name":"Cylinder 1 Liner Temperature","unitType":"CELSIUS","reading":{"timestamp":"2019-09-13T18:50:34.048Z","value":189,"unitType":"CELSIUS"},"hasAnomaly":false},{"_id":"01DDPH5Z7385E50APW2PSD60ST","identifier":"TT-011002","name":"Cylinder 2 Liner Temperature","unitType":"CELSIUS","reading":{"timestamp":"2019-09-13T18:50:34.048Z","value":189,"unitType":"CELSIUS"},"hasAnomaly":false},{"_id":"01DDPH5Z73Z36YHNR5M3V9KSHP","identifier":"TT-011003","name":"Cylinder 3 Liner Temperature","unitType":"CELSIUS","reading":{"timestamp":"2019-09-13T18:50:34.048Z","value":189,"unitType":"CELSIUS"},"hasAnomaly":false},{"_id":"01DDPH5Z73ZCMB69MR0WN5MQ7F","identifier":"TT-011004","name":"Cylinder 4 Liner Temperature","unitType":"CELSIUS","reading":{"timestamp":"2019-09-13T18:50:34.048Z","value":189,"unitType":"CELSIUS"},"hasAnomaly":false},{"_id":"01DDPH5Z7350857P3YSAH7Z2WK","identifier":"TT-011005","name":"Cylinder 5 Liner Temperature","unitType":"CELSIUS","reading":{"timestamp":"2019-09-13T18:50:34.048Z","value":189,"unitType":"CELSIUS"},"hasAnomaly":false},{"_id":"01DDPH5Z73EX4Q739XHT0MHZJS","identifier":"TT-011006","name":"Cylinder 6 Liner Temperature","unitType":"CELSIUS","reading":{"timestamp":"2019-09-13T18:50:34.048Z","value":189,"unitType":"CELSIUS"},"hasAnomaly":false},{"_id":"01DDPH5Z731APG9FF2DPDWKRHS","identifier":"PT-012001","name":"Turbine Inlet Pressure","unitType":"BAR","reading":{"timestamp":"2019-09-13T18:50:34.048Z","value":1.00000000140061,"unitType":"BAR"},"hasAnomaly":false},{"_id":"01DDPH5Z73JANKPP60FWMTPNF8","identifier":"PT-012002","name":"Turbine Outlet Pressure","unitType":"BAR","reading":{"timestamp":"2019-09-13T18:50:34.048Z","value":1.00000000140061,"unitType":"BAR"},"hasAnomaly":false},{"_id":"01DDPH5Z7381FS1NA4H02T8Q5F","identifier":"TT-012001","name":"Turbine Inlet Temperature","unitType":"CELSIUS","reading":{"timestamp":"2019-09-13T18:50:34.048Z","value":897.5138888888889,"unitType":"CELSIUS"},"hasAnomaly":false},{"_id":"01DDPH5Z7397H29QJ0CKWGBMBB","identifier":"TT-012002","name":"Turbine Outlet Temperature","unitType":"CELSIUS","reading":{"timestamp":"2019-09-13T18:50:34.048Z","value":647.3402777777778,"unitType":"CELSIUS"},"hasAnomaly":false},{"_id":"01DFC610RYSS5CX5ZQHNWT367Y","identifier":"PT-012004","name":"Compressor Outlet Pressure","unitType":"BAR","reading":{"timestamp":"2019-09-13T18:50:34.048Z","value":1.0132500012226675,"unitType":"BAR"},"hasAnomaly":true},{"_id":"01DDPH5Z73T0YYSF6HFZP1DW43","identifier":"PT-014001","name":"Air Cooler Inlet Pressure","unitType":"BAR","reading":null,"hasAnomaly":false},{"_id":"01DDPH5Z73ME3WZZR92W0WAS71","identifier":"PT-014002","name":"Air Cooler Outlet Pressure","unitType":"BAR","reading":null,"hasAnomaly":false},{"_id":"01DDPH5Z73BE2BGRJK98FBCCN2","identifier":"TT-014001","name":"Air Cooler Inlet Temperature","unitType":"CELSIUS","reading":{"timestamp":"2019-09-13T18:50:34.048Z","value":93.61111111111111,"unitType":"CELSIUS"},"hasAnomaly":false},{"_id":"01DDPH5Z73G060M59ASK1SAKN9","identifier":"TT-014002","name":"Air Cooler Outlet Temperature","unitType":"CELSIUS","reading":{"timestamp":"2019-09-13T18:50:34.048Z","value":116.80555555555556,"unitType":"CELSIUS"},"hasAnomaly":false},{"_id":"01DDPH5Z73V9D5GRDAHNY2ST4M","identifier":"PT-015001","name":"Scavenge Air Pressure","unitType":"BAR","reading":{"timestamp":"2019-09-13T18:50:34.048Z","value":1.006625001311639,"unitType":"BAR"},"hasAnomaly":true},{"_id":"01DDPH5Z73P60JRD656M8RY96P","identifier":"PT-011301","name":"Cylinder 1 Combustion Pressure","unitType":"BAR","reading":{"timestamp":"2019-09-13T18:50:33.571Z","value":2.0508474576271225,"unitType":"BAR"},"hasAnomaly":false},{"_id":"01DDPH5Z73CM9F1161MN7S604N","identifier":"PT-011302","name":"Cylinder 2 Combustion Pressure","unitType":"BAR","reading":{"timestamp":"2019-09-13T18:50:33.659Z","value":2.0508474576271225,"unitType":"BAR"},"hasAnomaly":false},{"_id":"01DDPH5Z73GY7SKKRV4WVK5X8B","identifier":"PT-011303","name":"Cylinder 3 Combustion Pressure","unitType":"BAR","reading":{"timestamp":"2019-09-13T18:50:33.612Z","value":0.35593220338983433,"unitType":"BAR"},"hasAnomaly":false},{"_id":"01DDPH5Z73E1F11GHYP22504D0","identifier":"PT-011304","name":"Cylinder 4 Combustion Pressure","unitType":"BAR","reading":{"timestamp":"2019-09-13T18:50:34.137Z","value":80.08474576271186,"unitType":"BAR"},"hasAnomaly":false},{"_id":"01DDPH5Z732DXNGPM9AGAY8HG4","identifier":"PT-011305","name":"Cylinder 5 Combustion Pressure","unitType":"BAR","reading":{"timestamp":"2019-09-13T18:50:34.092Z","value":2.0508474576271225,"unitType":"BAR"},"hasAnomaly":false},{"_id":"01DDPH5Z731NV07WXK4VKCDP95","identifier":"PT-011306","name":"Cylinder 6 Combustion Pressure","unitType":"BAR","reading":{"timestamp":"2019-09-13T18:50:34.179Z","value":2.0508474576271225,"unitType":"BAR"},"hasAnomaly":false},{"_id":"01DDPXV5960FYVKZ276NK1C0S8","identifier":"TT-010001","name":"Engine Room Temperature","unitType":"CELSIUS","reading":{"timestamp":"2019-09-13T18:50:34.048Z","value":72.15277777777777,"unitType":"CELSIUS"},"hasAnomaly":false},{"_id":"01DDPXW7NMEYCQG7NVWJFXTW37","identifier":"PT-010001","name":"Engine Room Pressure","unitType":"BAR","reading":{"timestamp":"2019-09-13T18:50:34.048Z","value":1,"unitType":"BAR"},"hasAnomaly":true},{"_id":"01DDPH5Z73PGACQZDS7411CA8C","identifier":"ZT-013001","name":"Fuel Rack Position","unitType":"MILLIMETER","reading":{"timestamp":"2019-09-13T18:50:34.048Z","value":91.38380618425246,"unitType":"MILLIMETER"},"hasAnomaly":false}]},"extensions":{"tracing":{"version":1,"startTime":"2019-09-13T18:50:34.513Z","endTime":"2019-09-13T18:50:34.548Z","duration":34572783,"execution":{"resolvers":[{"path":["sensors"],"parentType":"Query","fieldName":"sensors","returnType":"[Sensor!]","startOffset":95479,"duration":29976392},{"path":["sensors",0,"_id"],"parentType":"Sensor","fieldName":"_id","returnType":"ID!","startOffset":30099578,"duration":13428},{"path":["sensors",0,"identifier"],"parentType":"Sensor","fieldName":"identifier","returnType":"String!","startOffset":30118487,"duration":5062},{"path":["sensors",0,"name"],"parentType":"Sensor","fieldName":"name","returnType":"String!","startOffset":30125667,"duration":2963},{"path":["sensors",0,"unitType"],"parentType":"Sensor","fieldName":"unitType","returnType":"UnitType","startOffset":30132577,"duration":3109},{"path":["sensors",0,"reading"],"parentType":"Sensor","fieldName":"reading","returnType":"SensorReading","startOffset":30138652,"duration":6538},{"path":["sensors",0,"reading","timestamp"],"parentType":"SensorReading","fieldName":"timestamp","returnType":"String!","startOffset":30155042,"duration":5524},{"path":["sensors",0,"reading","value"],"parentType":"SensorReading","fieldName":"value","returnType":"Float!","startOffset":30162635,"duration":2911},{"path":["sensors",0,"reading","unitType"],"parentType":"SensorReading","fieldName":"unitType","returnType":"UnitType!","startOffset":30167716,"duration":4692},{"path":["sensors",0,"hasAnomaly"],"parentType":"Sensor","fieldName":"hasAnomaly","returnType":"Boolean","startOffset":30174934,"duration":2798},{"path":["sensors",1,"_id"],"parentType":"Sensor","fieldName":"_id","returnType":"ID!","startOffset":30185546,"duration":2739},{"path":["sensors",1,"identifier"],"parentType":"Sensor","fieldName":"identifier","returnType":"String!","startOffset":30190321,"duration":2429},{"path":["sensors",1,"name"],"parentType":"Sensor","fieldName":"name","returnType":"String!","startOffset":30196608,"duration":2371},{"path":["sensors",1,"unitType"],"parentType":"Sensor","fieldName":"unitType","returnType":"UnitType","startOffset":30200869,"duration":6064},{"path":["sensors",1,"reading"],"parentType":"Sensor","fieldName":"reading","returnType":"SensorReading","startOffset":30211736,"duration":3701},{"path":["sensors",1,"reading","timestamp"],"parentType":"SensorReading","fieldName":"timestamp","returnType":"String!","startOffset":30219015,"duration":5410},{"path":["sensors",1,"reading","value"],"parentType":"SensorReading","fieldName":"value","returnType":"Float!","startOffset":30226453,"duration":2592},{"path":["sensors",1,"reading","unitType"],"parentType":"SensorReading","fieldName":"unitType","returnType":"UnitType!","startOffset":30231074,"duration":4679},{"path":["sensors",1,"hasAnomaly"],"parentType":"Sensor","fieldName":"hasAnomaly","returnType":"Boolean","startOffset":30238359,"duration":2440},{"path":["sensors",2,"_id"],"parentType":"Sensor","fieldName":"_id","returnType":"ID!","startOffset":30248066,"duration":2659},{"path":["sensors",2,"identifier"],"parentType":"Sensor","fieldName":"identifier","returnType":"String!","startOffset":30252724,"duration":4446},{"path":["sensors",2,"name"],"parentType":"Sensor","fieldName":"name","returnType":"String!","startOffset":30259151,"duration":2355},{"path":["sensors",2,"unitType"],"parentType":"Sensor","fieldName":"unitType","returnType":"UnitType","startOffset":30263359,"duration":4437},{"path":["sensors",2,"reading"],"parentType":"Sensor","fieldName":"reading","returnType":"SensorReading","startOffset":30270448,"duration":3075},{"path":["sensors",2,"reading","timestamp"],"parentType":"SensorReading","fieldName":"timestamp","returnType":"String!","startOffset":30279003,"duration":2531},{"path":["sensors",2,"reading","value"],"parentType":"SensorReading","fieldName":"value","returnType":"Float!","startOffset":30283397,"duration":2461},{"path":["sensors",2,"reading","unitType"],"parentType":"SensorReading","fieldName":"unitType","returnType":"UnitType!","startOffset":30290839,"duration":2623},{"path":["sensors",2,"hasAnomaly"],"parentType":"Sensor","fieldName":"hasAnomaly","returnType":"Boolean","startOffset":30295956,"duration":2335},{"path":["sensors",3,"_id"],"parentType":"Sensor","fieldName":"_id","returnType":"ID!","startOffset":30305721,"duration":2648},{"path":["sensors",3,"identifier"],"parentType":"Sensor","fieldName":"identifier","returnType":"String!","startOffset":30310372,"duration":4340},{"path":["sensors",3,"name"],"parentType":"Sensor","fieldName":"name","returnType":"String!","startOffset":30316656,"duration":2384},{"path":["sensors",3,"unitType"],"parentType":"Sensor","fieldName":"unitType","returnType":"UnitType","startOffset":30320898,"duration":4251},{"path":["sensors",3,"reading"],"parentType":"Sensor","fieldName":"reading","returnType":"SensorReading","startOffset":30327640,"duration":4791},{"path":["sensors",3,"reading","timestamp"],"parentType":"SensorReading","fieldName":"timestamp","returnType":"String!","startOffset":30337744,"duration":2527},{"path":["sensors",3,"reading","value"],"parentType":"SensorReading","fieldName":"value","returnType":"Float!","startOffset":30342229,"duration":5089},{"path":["sensors",3,"reading","unitType"],"parentType":"SensorReading","fieldName":"unitType","returnType":"UnitType!","startOffset":30349337,"duration":2511},{"path":["sensors",3,"hasAnomaly"],"parentType":"Sensor","fieldName":"hasAnomaly","returnType":"Boolean","startOffset":30354276,"duration":5159},{"path":["sensors",4,"_id"],"parentType":"Sensor","fieldName":"_id","returnType":"ID!","startOffset":30364628,"duration":2614},{"path":["sensors",4,"identifier"],"parentType":"Sensor","fieldName":"identifier","returnType":"String!","startOffset":30371301,"duration":2462},{"path":["sensors",4,"name"],"parentType":"Sensor","fieldName":"name","returnType":"String!","startOffset":30375755,"duration":2380},{"path":["sensors",4,"unitType"],"parentType":"Sensor","fieldName":"unitType","returnType":"UnitType","startOffset":30381867,"duration":3036},{"path":["sensors",4,"reading"],"parentType":"Sensor","fieldName":"reading","returnType":"SensorReading","startOffset":30387393,"duration":2976},{"path":["sensors",4,"reading","timestamp"],"parentType":"SensorReading","fieldName":"timestamp","returnType":"String!","startOffset":30395961,"duration":2670},{"path":["sensors",4,"reading","value"],"parentType":"SensorReading","fieldName":"value","returnType":"Float!","startOffset":30401242,"duration":4688},{"path":["sensors",4,"reading","unitType"],"parentType":"SensorReading","fieldName":"unitType","returnType":"UnitType!","startOffset":30407927,"duration":2491},{"path":["sensors",4,"hasAnomaly"],"parentType":"Sensor","fieldName":"hasAnomaly","returnType":"Boolean","startOffset":30414755,"duration":2423},{"path":["sensors",5,"_id"],"parentType":"Sensor","fieldName":"_id","returnType":"ID!","startOffset":30422289,"duration":4886},{"path":["sensors",5,"identifier"],"parentType":"Sensor","fieldName":"identifier","returnType":"String!","startOffset":30429220,"duration":2492},{"path":["sensors",5,"name"],"parentType":"Sensor","fieldName":"name","returnType":"String!","startOffset":30434459,"duration":4315},{"path":["sensors",5,"unitType"],"parentType":"Sensor","fieldName":"unitType","returnType":"UnitType","startOffset":30440678,"duration":2325},{"path":["sensors",5,"reading"],"parentType":"Sensor","fieldName":"reading","returnType":"SensorReading","startOffset":30446247,"duration":5172},{"path":["sensors",5,"reading","timestamp"],"parentType":"SensorReading","fieldName":"timestamp","returnType":"String!","startOffset":30454941,"duration":3189},{"path":["sensors",5,"rea"
4859 [main] DEBUG org.apache.http.wire  -  << "367,"unitType":"CELSIUS"},"hasAnomaly":false},{"_id":"01DDPH5Z73FYKE9APHDRCPEXA7","identifier":"TT-011106","name":"Exhaust 6 Temperature","unitType":"CELSIUS","reading":{"timestamp":"2019-09-13T18:50:34.048Z","value":367,"unitType":"CELSIUS"},"hasAnomaly":false},{"_id":"01DDPH5Z737YBJ0WSF8AA5JGW6","identifier":"TT-011201","name":"Cylinder 1 Jacket Cooling Water Temperature","unitType":"CELSIUS","reading":{"timestamp":"2019-09-13T18:50:34.048Z","value":81.5,"unitType":"CELSIUS"},"hasAnomaly":false},{"_id":"01DDPH5Z73TSH6Q5V3NV1VHWRQ","identifier":"TT-011202","name":"Cylinder 2 Jacket Cooling Water Temperature","unitType":"CELSIUS","reading":{"timestamp":"2019-09-13T18:50:34.048Z","value":81.5,"unitType":"CELSIUS"},"hasAnomaly":false},{"_id":"01DDPH5Z731N80M0K1EA3391A8","identifier":"TT-011203","name":"Cylinder 3 Jacket Cooling Water Temperature","unitType":"CELSIUS","reading":{"timestamp":"2019-09-13T18:50:34.048Z","value":81.5,"unitType":"CELSIUS"},"hasAnomaly":false},{"_id":"01DDPH5Z73BSP4PV6WQ5NWWAQ1","identifier":"TT-011204","name":"Cylinder 4 Jacket Cooling Water Temperature","unitType":"CELSIUS","reading":{"timestamp":"2019-09-13T18:50:34.048Z","value":81.5,"unitType":"CELSIUS"},"hasAnomaly":false},{"_id":"01DDPH5Z73870VEXAXP1CV8FT2","identifier":"TT-011205","name":"Cylinder 5 Jacket Cooling Water Temperature","unitType":"CELSIUS","reading":{"timestamp":"2019-09-13T18:50:34.048Z","value":81.5,"unitType":"CELSIUS"},"hasAnomaly":false},{"_id":"01DDPH5Z73F598HJ7SHP5VKPK7","identifier":"TT-011206","name":"Cylinder 6 Jacket Cooling Water Temperature","unitType":"CELSIUS","reading":{"timestamp":"2019-09-13T18:50:34.048Z","value":81.5,"unitType":"CELSIUS"},"hasAnomaly":false},{"_id":"01DDPH5Z73Z0W10RAZY3EZK4RA","identifier":"TT-011501","name":"Cylinder 1 Piston Cooling Oil Temperature","unitType":"CELSIUS","reading":{"timestamp":"2019-09-13T18:50:34.048Z","value":60,"unitType":"CELSIUS"},"hasAnomaly":false},{"_id":"01DDPH5Z731WBS82PDDXJ4QREQ","identifier":"TT-011502","name":"Cylinder 2 Piston Cooling Oil Temperature","unitType":"CELSIUS","reading":{"timestamp":"2019-09-13T18:50:34.048Z","value":60,"unitType":"CELSIUS"},"hasAnomaly":false},{"_id":"01DDPH5Z73K74Q0C5JY0RV6065","identifier":"TT-011503","name":"Cylinder 3 Piston Cooling Oil Temperature","unitType":"CELSIUS","reading":{"timestamp":"2019-09-13T18:50:34.048Z","value":60,"unitType":"CELSIUS"},"hasAnomaly":false},{"_id":"01DDPH5Z734E6SWASB422FWCP9","identifier":"TT-011504","name":"Cylinder 4 Piston Cooling Oil Temperature","unitType":"CELSIUS","reading":{"timestamp":"2019-09-13T18:50:34.048Z","value":60,"unitType":"CELSIUS"},"hasAnomaly":false},{"_id":"01DDPH5Z73WCWZG6XR0D0EXBN5","identifier":"TT-011505","name":"Cylinder 5 Piston Cooling Oil Temperature","unitType":"CELSIUS","reading":{"timestamp":"2019-09-13T18:50:34.048Z","value":60,"unitType":"CELSIUS"},"hasAnomaly":false},{"_id":"01DDPH5Z73K088DTHFD6FP4BF2","identifier":"TT-011506","name":"Cylinder 6 Piston Cooling Oil Temperature","unitType":"CELSIUS","reading":{"timestamp":"2019-09-13T18:50:34.048Z","value":60,"unitType":"CELSIUS"},"hasAnomaly":false},{"_id":"01DDPH5Z73Y2JC9BX2NYJMEG85","identifier":"TT-011001","name":"Cylinder 1 Liner Temperature","unitType":"CELSIUS","reading":{"timestamp":"2019-09-13T18:50:34.048Z","value":189,"unitType":"CELSIUS"},"hasAnomaly":false},{"_id":"01DDPH5Z7385E50APW2PSD60ST","identifier":"TT-011002","name":"Cylinder 2 Liner Temperature","unitType":"CELSIUS","reading":{"timestamp":"2019-09-13T18:50:34.048Z","value":189,"unitType":"CELSIUS"},"hasAnomaly":false},{"_id":"01DDPH5Z73Z36YHNR5M3V9KSHP","identifier":"TT-011003","name":"Cylinder 3 Liner Temperature","unitType":"CELSIUS","reading":{"timestamp":"2019-09-13T18:50:34.048Z","value":189,"unitType":"CELSIUS"},"hasAnomaly":false},{"_id":"01DDPH5Z73ZCMB69MR0WN5MQ7F","identifier":"TT-011004","name":"Cylinder 4 Liner Temperature","unitType":"CELSIUS","reading":{"timestamp":"2019-09-13T18:50:34.048Z","value":189,"unitType":"CELSIUS"},"hasAnomaly":false},{"_id":"01DDPH5Z7350857P3YSAH7Z2WK","identifier":"TT-011005","name":"Cylinder 5 Liner Temperature","unitType":"CELSIUS","reading":{"timestamp":"2019-09-13T18:50:34.048Z","value":189,"unitType":"CELSIUS"},"hasAnomaly":false},{"_id":"01DDPH5Z73EX4Q739XHT0MHZJS","identifier":"TT-011006","name":"Cylinder 6 Liner Temperature","unitType":"CELSIUS","reading":{"timestamp":"2019-09-13T18:50:34.048Z","value":189,"unitType":"CELSIUS"},"hasAnomaly":false},{"_id":"01DDPH5Z731APG9FF2DPDWKRHS","identifier":"PT-012001","name":"Turbine Inlet Pressure","unitType":"BAR","reading":{"timestamp":"2019-09-13T18:50:34.048Z","value":1.00000000140061,"unitType":"BAR"},"hasAnomaly":false},{"_id":"01DDPH5Z73JANKPP60FWMTPNF8","identifier":"PT-012002","name":"Turbine Outlet Pressure","unitType":"BAR","reading":{"timestamp":"2019-09-13T18:50:34.048Z","value":1.00000000140061,"unitType":"BAR"},"hasAnomaly":false},{"_id":"01DDPH5Z7381FS1NA4H02T8Q5F","identifier":"TT-012001","name":"Turbine Inlet Temperature","unitType":"CELSIUS","reading":{"timestamp":"2019-09-13T18:50:34.048Z","value":897.5138888888889,"unitType":"CELSIUS"},"hasAnomaly":false},{"_id":"01DDPH5Z7397H29QJ0CKWGBMBB","identifier":"TT-012002","name":"Turbine Outlet Temperature","unitType":"CELSIUS","reading":{"timestamp":"2019-09-13T18:50:34.048Z","value":647.3402777777778,"unitType":"CELSIUS"},"hasAnomaly":false},{"_id":"01DFC610RYSS5CX5ZQHNWT367Y","identifier":"PT-012004","name":"Compressor Outlet Pressure","unitType":"BAR","reading":{"timestamp":"2019-09-13T18:50:34.048Z","value":1.0132500012226675,"unitType":"BAR"},"hasAnomaly":true},{"_id":"01DDPH5Z73T0YYSF6HFZP1DW43","identifier":"PT-014001","name":"Air Cooler Inlet Pressure","unitType":"BAR","reading":null,"hasAnomaly":false},{"_id":"01DDPH5Z73ME3WZZR92W0WAS71","identifier":"PT-014002","name":"Air Cooler Outlet Pressure","unitType":"BAR","reading":null,"hasAnomaly":false},{"_id":"01DDPH5Z73BE2BGRJK98FBCCN2","identifier":"TT-014001","name":"Air Cooler Inlet Temperature","unitType":"CELSIUS","reading":{"timestamp":"2019-09-13T18:50:34.048Z","value":93.61111111111111,"unitType":"CELSIUS"},"hasAnomaly":false},{"_id":"01DDPH5Z73G060M59ASK1SAKN9","identifier":"TT-014002","name":"Air Cooler Outlet Temperature","unitType":"CELSIUS","reading":{"timestamp":"2019-09-13T18:50:34.048Z","value":116.80555555555556,"unitType":"CELSIUS"},"hasAnomaly":false},{"_id":"01DDPH5Z73V9D5GRDAHNY2ST4M","identifier":"PT-015001","name":"Scavenge Air Pressure","unitType":"BAR","reading":{"timestamp":"2019-09-13T18:50:34.048Z","value":1.006625001311639,"unitType":"BAR"},"hasAnomaly":true},{"_id":"01DDPH5Z73P60JRD656M8RY96P","identifier":"PT-011301","name":"Cylinder 1 Combustion Pressure","unitType":"BAR","reading":{"timestamp":"2019-09-13T18:50:33.571Z","value":2.0508474576271225,"unitType":"BAR"},"hasAnomaly":false},{"_id":"01DDPH5Z73CM9F1161MN7S604N","identifier":"PT-011302","name":"Cylinder 2 Combustion Pressure","unitType":"BAR","reading":{"timestamp":"2019-09-13T18:50:33.659Z","value":2.0508474576271225,"unitType":"BAR"},"hasAnomaly":false},{"_id":"01DDPH5Z73GY7SKKRV4WVK5X8B","identifier":"PT-011303","name":"Cylinder 3 Combustion Pressure","unitType":"BAR","reading":{"timestamp":"2019-09-13T18:50:33.612Z","value":0.35593220338983433,"unitType":"BAR"},"hasAnomaly":false},{"_id":"01DDPH5Z73E1F11GHYP22504D0","identifier":"PT-011304","name":"Cylinder 4 Combustion Pressure","unitType":"BAR","reading":{"timestamp":"2019-09-13T18:50:34.137Z","value":80.08474576271186,"unitType":"BAR"},"hasAnomaly":false},{"_id":"01DDPH5Z732DXNGPM9AGAY8HG4","identifier":"PT-011305","name":"Cylinder 5 Combustion Pressure","unitType":"BAR","reading":{"timestamp":"2019-09-13T18:50:34.092Z","value":2.0508474576271225,"unitType":"BAR"},"hasAnomaly":false},{"_id":"01DDPH5Z731NV07WXK4VKCDP95","identifier":"PT-011306","name":"Cylinder 6 Combustion Pressure","unitType":"BAR","reading":{"timestamp":"2019-09-13T18:50:34.179Z","value":2.0508474576271225,"unitType":"BAR"},"hasAnomaly":false},{"_id":"01DDPXV5960FYVKZ276NK1C0S8","identifier":"TT-010001","name":"Engine Room Temperature","unitType":"CELSIUS","reading":{"timestamp":"2019-09-13T18:50:34.048Z","value":72.15277777777777,"unitType":"CELSIUS"},"hasAnomaly":false},{"_id":"01DDPXW7NMEYCQG7NVWJFXTW37","identifier":"PT-010001","name":"Engine Room Pressure","unitType":"BAR","reading":{"timestamp":"2019-09-13T18:50:34.048Z","value":1,"unitType":"BAR"},"hasAnomaly":true},{"_id":"01DDPH5Z73PGACQZDS7411CA8C","identifier":"ZT-013001","name":"Fuel Rack Position","unitType":"MILLIMETER","reading":{"timestamp":"2019-09-13T18:50:34.048Z","value":91.38380618425246,"unitType":"MILLIMETER"},"hasAnomaly":false}]},"extensions":{"tracing":{"version":1,"startTime":"2019-09-13T18:50:34.513Z","endTime":"2019-09-13T18:50:34.548Z","duration":34572783,"execution":{"resolvers":[{"path":["sensors"],"parentType":"Query","fieldName":"sensors","returnType":"[Sensor!]","startOffset":95479,"duration":29976392},{"path":["sensors",0,"_id"],"parentType":"Sensor","fieldName":"_id","returnType":"ID!","startOffset":30099578,"duration":13428},{"path":["sensors",0,"identifier"],"parentType":"Sensor","fieldName":"identifier","returnType":"String!","startOffset":30118487,"duration":5062},{"path":["sensors",0,"name"],"parentType":"Sensor","fieldName":"name","returnType":"String!","startOffset":30125667,"duration":2963},{"path":["sensors",0,"unitType"],"parentType":"Sensor","fieldName":"unitType","returnType":"UnitType","startOffset":30132577,"duration":3109},{"path":["sensors",0,"reading"],"parentType":"Sensor","fieldName":"reading","returnType":"SensorReading","startOffset":30138652,"duration":6538},{"path":["sensors",0,"reading","timestamp"],"parentType":"SensorReading","fieldName":"timestamp","returnType":"String!","startOffset":30155042,"duration":5524},{"path":["sensors",0,"reading","value"],"parentType":"SensorReading","fieldName":"value","returnType":"Float!","startOffset":30162635,"duration":2911},{"path":["sensors",0,"reading","unitType"],"parentType":"SensorReading","fieldName":"unitType","returnType":"UnitType!","startOffset":30167716,"duration":4692},{"path":["sensors",0,"hasAnomaly"],"parentType":"Sensor","fieldName":"hasAnomaly","returnType":"Boolean","startOffset":30174934,"duration":2798},{"path":["sensors",1,"_id"],"parentType":"Sensor","fieldName":"_id","returnType":"ID!","startOffset":30185546,"duration":2739},{"path":["sensors",1,"identifier"],"parentType":"Sensor","fieldName":"identifier","returnType":"String!","startOffset":30190321,"duration":2429},{"path":["sensors",1,"name"],"parentType":"Sensor","fieldName":"name","returnType":"String!","startOffset":30196608,"duration":2371},{"path":["sensors",1,"unitType"],"parentType":"Sensor","fieldName":"unitType","returnType":"UnitType","startOffset":30200869,"duration":6064},{"path":["sensors",1,"reading"],"parentType":"Sensor","fieldName":"reading","returnType":"SensorReading","startOffset":30211736,"duration":3701},{"path":["sensors",1,"reading","timestamp"],"parentType":"SensorReading","fieldName":"timestamp","returnType":"String!","startOffset":30219015,"duration":5410},{"path":["sensors",1,"reading","value"],"parentType":"SensorReading","fieldName":"value","returnType":"Float!","startOffset":30226453,"duration":2592},{"path":["sensors",1,"reading","unitType"],"parentType":"SensorReading","fieldName":"unitType","returnType":"UnitType!","startOffset":30231074,"duration":4679},{"path":["sensors",1,"hasAnomaly"],"parentType":"Sensor","fieldName":"hasAnomaly","returnType":"Boolean","startOffset":30238359,"duration":2440},{"path":["sensors",2,"_id"],"parentType":"Sensor","fieldName":"_id","returnType":"ID!","startOffset":30248066,"duration":2659},{"path":["sensors",2,"identifier"],"parentType":"Sensor","fieldName":"identifier","returnType":"String!","startOffset":30252724,"duration":4446},{"path":["sensors",2,"name"],"parentType":"Sensor","fieldName":"name","returnType":"String!","startOffset":30259151,"duration":2355},{"path":["sensors",2,"unitType"],"parentType":"Sensor","fieldName":"unitType","returnType":"UnitType","startOffset":30263359,"duration":4437},{"path":["sensors",2,"reading"],"parentType":"Sensor","fieldName":"reading","returnType":"SensorReading","startOffset":30270448,"duration":3075},{"path":["sensors",2,"reading","timestamp"],"parentType":"SensorReading","fieldName":"timestamp","returnType":"String!","startOffset":30279003,"duration":2531},{"path":["sensors",2,"reading","value"],"parentType":"SensorReading","fieldName":"value","returnType":"Float!","startOffset":30283397,"duration":2461},{"path":["sensors",2,"reading","unitType"],"parentType":"SensorReading","fieldName":"unitType","returnType":"UnitType!","startOffset":30290839,"duration":2623},{"path":["sensors",2,"hasAnomaly"],"parentType":"Sensor","fieldName":"hasAnomaly","returnType":"Boolean","startOffset":30295956,"duration":2335},{"path":["sensors",3,"_id"],"parentType":"Sensor","fieldName":"_id","returnType":"ID!","startOffset":30305721,"duration":2648},{"path":["sensors",3,"identifier"],"parentType":"Sensor","fieldName":"identifier","returnType":"String!","startOffset":30310372,"duration":4340},{"path":["sensors",3,"name"],"parentType":"Sensor","fieldName":"name","returnType":"String!","startOffset":30316656,"duration":2384},{"path":["sensors",3,"unitType"],"parentType":"Sensor","fieldName":"unitType","returnType":"UnitType","startOffset":30320898,"duration":4251},{"path":["sensors",3,"reading"],"parentType":"Sensor","fieldName":"reading","returnType":"SensorReading","startOffset":30327640,"duration":4791},{"path":["sensors",3,"reading","timestamp"],"parentType":"SensorReading","fieldName":"timestamp","returnType":"String!","startOffset":30337744,"duration":2527},{"path":["sensors",3,"reading","value"],"parentType":"SensorReading","fieldName":"value","returnType":"Float!","startOffset":30342229,"duration":5089},{"path":["sensors",3,"reading","unitType"],"parentType":"SensorReading","fieldName":"unitType","returnType":"UnitType!","startOffset":30349337,"duration":2511},{"path":["sensors",3,"hasAnomaly"],"parentType":"Sensor","fieldName":"hasAnomaly","returnType":"Boolean","startOffset":30354276,"duration":5159},{"path":["sensors",4,"_id"],"parentType":"Sensor","fieldName":"_id","returnType":"ID!","startOffset":30364628,"duration":2614},{"path":["sensors",4,"identifier"],"parentType":"Sensor","fieldName":"identifier","returnType":"String!","startOffset":30371301,"duration":2462},{"path":["sensors",4,"name"],"parentType":"Sensor","fieldName":"name","returnType":"String!","startOffset":30375755,"duration":2380},{"path":["sensors",4,"unitType"],"parentType":"Sensor","fieldName":"unitType","returnType":"UnitType","startOffset":30381867,"duration":3036},{"path":["sensors",4,"reading"],"parentType":"Sensor","fieldName":"reading","returnType":"SensorReading","startOffset":30387393,"duration":2976},{"path":["sensors",4,"reading","timestamp"],"parentType":"SensorReading","fieldName":"timestamp","returnType":"String!","startOffset":30395961,"duration":2670},{"path":["sensors",4,"reading","value"],"parentType":"SensorReading","fieldName":"value","returnType":"Float!","startOffset":30401242,"duration":4688},{"path":["sensors",4,"reading","unitType"],"parentType":"SensorReading","fieldName":"unitType","returnType":"UnitType!","startOffset":30407927,"duration":2491},{"path":["sensors",4,"hasAnomaly"],"parentType":"Sensor","fieldName":"hasAnomaly","returnType":"Boolean","startOffset":30414755,"duration":2423},{"path":["sensors",5,"_id"],"parentType":"Sensor","fieldName":"_id","returnType":"ID!","startOffset":30422289,"duration":4886},{"path":["sensors",5,"identifier"],"parentType":"Sensor","fieldName":"identifier","returnType":"String!","startOffset":30429220,"duration":2492},{"path":["sensors",5,"name"],"parentType":"Sensor","fieldName":"name","returnType":"String!","startOffset":30434459,"duration":4315},{"path":["sensors",5,"unitType"],"parentType":"Sensor","fieldName":"unitType","returnType":"UnitType","startOffset":30440678,"duration":2325},{"path":["sensors",5,"reading"],"parentType":"Sensor","fieldName":"reading","returnType":"SensorReading","startOffset":30446247,"duration":5172},{"path":["sensors",5,"reading","timestamp"],"parentType":"SensorReading","fieldName":"timestamp","returnType":"String!","startOffset":30454941,"duration":3189},{"path":["sensors",5,"rea"
4859 [main] DEBUG org.apache.http.wire  -  << "367,"unitType":"CELSIUS"},"hasAnomaly":false},{"_id":"01DDPH5Z73FYKE9APHDRCPEXA7","identifier":"TT-011106","name":"Exhaust 6 Temperature","unitType":"CELSIUS","reading":{"timestamp":"2019-09-13T18:50:34.048Z","value":367,"unitType":"CELSIUS"},"hasAnomaly":false},{"_id":"01DDPH5Z737YBJ0WSF8AA5JGW6","identifier":"TT-011201","name":"Cylinder 1 Jacket Cooling Water Temperature","unitType":"CELSIUS","reading":{"timestamp":"2019-09-13T18:50:34.048Z","value":81.5,"unitType":"CELSIUS"},"hasAnomaly":false},{"_id":"01DDPH5Z73TSH6Q5V3NV1VHWRQ","identifier":"TT-011202","name":"Cylinder 2 Jacket Cooling Water Temperature","unitType":"CELSIUS","reading":{"timestamp":"2019-09-13T18:50:34.048Z","value":81.5,"unitType":"CELSIUS"},"hasAnomaly":false},{"_id":"01DDPH5Z731N80M0K1EA3391A8","identifier":"TT-011203","name":"Cylinder 3 Jacket Cooling Water Temperature","unitType":"CELSIUS","reading":{"timestamp":"2019-09-13T18:50:34.048Z","value":81.5,"unitType":"CELSIUS"},"hasAnomaly":false},{"_id":"01DDPH5Z73BSP4PV6WQ5NWWAQ1","identifier":"TT-011204","name":"Cylinder 4 Jacket Cooling Water Temperature","unitType":"CELSIUS","reading":{"timestamp":"2019-09-13T18:50:34.048Z","value":81.5,"unitType":"CELSIUS"},"hasAnomaly":false},{"_id":"01DDPH5Z73870VEXAXP1CV8FT2","identifier":"TT-011205","name":"Cylinder 5 Jacket Cooling Water Temperature","unitType":"CELSIUS","reading":{"timestamp":"2019-09-13T18:50:34.048Z","value":81.5,"unitType":"CELSIUS"},"hasAnomaly":false},{"_id":"01DDPH5Z73F598HJ7SHP5VKPK7","identifier":"TT-011206","name":"Cylinder 6 Jacket Cooling Water Temperature","unitType":"CELSIUS","reading":{"timestamp":"2019-09-13T18:50:34.048Z","value":81.5,"unitType":"CELSIUS"},"hasAnomaly":false},{"_id":"01DDPH5Z73Z0W10RAZY3EZK4RA","identifier":"TT-011501","name":"Cylinder 1 Piston Cooling Oil Temperature","unitType":"CELSIUS","reading":{"timestamp":"2019-09-13T18:50:34.048Z","value":60,"unitType":"CELSIUS"},"hasAnomaly":false},{"_id":"01DDPH5Z731WBS82PDDXJ4QREQ","identifier":"TT-011502","name":"Cylinder 2 Piston Cooling Oil Temperature","unitType":"CELSIUS","reading":{"timestamp":"2019-09-13T18:50:34.048Z","value":60,"unitType":"CELSIUS"},"hasAnomaly":false},{"_id":"01DDPH5Z73K74Q0C5JY0RV6065","identifier":"TT-011503","name":"Cylinder 3 Piston Cooling Oil Temperature","unitType":"CELSIUS","reading":{"timestamp":"2019-09-13T18:50:34.048Z","value":60,"unitType":"CELSIUS"},"hasAnomaly":false},{"_id":"01DDPH5Z734E6SWASB422FWCP9","identifier":"TT-011504","name":"Cylinder 4 Piston Cooling Oil Temperature","unitType":"CELSIUS","reading":{"timestamp":"2019-09-13T18:50:34.048Z","value":60,"unitType":"CELSIUS"},"hasAnomaly":false},{"_id":"01DDPH5Z73WCWZG6XR0D0EXBN5","identifier":"TT-011505","name":"Cylinder 5 Piston Cooling Oil Temperature","unitType":"CELSIUS","reading":{"timestamp":"2019-09-13T18:50:34.048Z","value":60,"unitType":"CELSIUS"},"hasAnomaly":false},{"_id":"01DDPH5Z73K088DTHFD6FP4BF2","identifier":"TT-011506","name":"Cylinder 6 Piston Cooling Oil Temperature","unitType":"CELSIUS","reading":{"timestamp":"2019-09-13T18:50:34.048Z","value":60,"unitType":"CELSIUS"},"hasAnomaly":false},{"_id":"01DDPH5Z73Y2JC9BX2NYJMEG85","identifier":"TT-011001","name":"Cylinder 1 Liner Temperature","unitType":"CELSIUS","reading":{"timestamp":"2019-09-13T18:50:34.048Z","value":189,"unitType":"CELSIUS"},"hasAnomaly":false},{"_id":"01DDPH5Z7385E50APW2PSD60ST","identifier":"TT-011002","name":"Cylinder 2 Liner Temperature","unitType":"CELSIUS","reading":{"timestamp":"2019-09-13T18:50:34.048Z","value":189,"unitType":"CELSIUS"},"hasAnomaly":false},{"_id":"01DDPH5Z73Z36YHNR5M3V9KSHP","identifier":"TT-011003","name":"Cylinder 3 Liner Temperature","unitType":"CELSIUS","reading":{"timestamp":"2019-09-13T18:50:34.048Z","value":189,"unitType":"CELSIUS"},"hasAnomaly":false},{"_id":"01DDPH5Z73ZCMB69MR0WN5MQ7F","identifier":"TT-011004","name":"Cylinder 4 Liner Temperature","unitType":"CELSIUS","reading":{"timestamp":"2019-09-13T18:50:34.048Z","value":189,"unitType":"CELSIUS"},"hasAnomaly":false},{"_id":"01DDPH5Z7350857P3YSAH7Z2WK","identifier":"TT-011005","name":"Cylinder 5 Liner Temperature","unitType":"CELSIUS","reading":{"timestamp":"2019-09-13T18:50:34.048Z","value":189,"unitType":"CELSIUS"},"hasAnomaly":false},{"_id":"01DDPH5Z73EX4Q739XHT0MHZJS","identifier":"TT-011006","name":"Cylinder 6 Liner Temperature","unitType":"CELSIUS","reading":{"timestamp":"2019-09-13T18:50:34.048Z","value":189,"unitType":"CELSIUS"},"hasAnomaly":false},{"_id":"01DDPH5Z731APG9FF2DPDWKRHS","identifier":"PT-012001","name":"Turbine Inlet Pressure","unitType":"BAR","reading":{"timestamp":"2019-09-13T18:50:34.048Z","value":1.00000000140061,"unitType":"BAR"},"hasAnomaly":false},{"_id":"01DDPH5Z73JANKPP60FWMTPNF8","identifier":"PT-012002","name":"Turbine Outlet Pressure","unitType":"BAR","reading":{"timestamp":"2019-09-13T18:50:34.048Z","value":1.00000000140061,"unitType":"BAR"},"hasAnomaly":false},{"_id":"01DDPH5Z7381FS1NA4H02T8Q5F","identifier":"TT-012001","name":"Turbine Inlet Temperature","unitType":"CELSIUS","reading":{"timestamp":"2019-09-13T18:50:34.048Z","value":897.5138888888889,"unitType":"CELSIUS"},"hasAnomaly":false},{"_id":"01DDPH5Z7397H29QJ0CKWGBMBB","identifier":"TT-012002","name":"Turbine Outlet Temperature","unitType":"CELSIUS","reading":{"timestamp":"2019-09-13T18:50:34.048Z","value":647.3402777777778,"unitType":"CELSIUS"},"hasAnomaly":false},{"_id":"01DFC610RYSS5CX5ZQHNWT367Y","identifier":"PT-012004","name":"Compressor Outlet Pressure","unitType":"BAR","reading":{"timestamp":"2019-09-13T18:50:34.048Z","value":1.0132500012226675,"unitType":"BAR"},"hasAnomaly":true},{"_id":"01DDPH5Z73T0YYSF6HFZP1DW43","identifier":"PT-014001","name":"Air Cooler Inlet Pressure","unitType":"BAR","reading":null,"hasAnomaly":false},{"_id":"01DDPH5Z73ME3WZZR92W0WAS71","identifier":"PT-014002","name":"Air Cooler Outlet Pressure","unitType":"BAR","reading":null,"hasAnomaly":false},{"_id":"01DDPH5Z73BE2BGRJK98FBCCN2","identifier":"TT-014001","name":"Air Cooler Inlet Temperature","unitType":"CELSIUS","reading":{"timestamp":"2019-09-13T18:50:34.048Z","value":93.61111111111111,"unitType":"CELSIUS"},"hasAnomaly":false},{"_id":"01DDPH5Z73G060M59ASK1SAKN9","identifier":"TT-014002","name":"Air Cooler Outlet Temperature","unitType":"CELSIUS","reading":{"timestamp":"2019-09-13T18:50:34.048Z","value":116.80555555555556,"unitType":"CELSIUS"},"hasAnomaly":false},{"_id":"01DDPH5Z73V9D5GRDAHNY2ST4M","identifier":"PT-015001","name":"Scavenge Air Pressure","unitType":"BAR","reading":{"timestamp":"2019-09-13T18:50:34.048Z","value":1.006625001311639,"unitType":"BAR"},"hasAnomaly":true},{"_id":"01DDPH5Z73P60JRD656M8RY96P","identifier":"PT-011301","name":"Cylinder 1 Combustion Pressure","unitType":"BAR","reading":{"timestamp":"2019-09-13T18:50:33.571Z","value":2.0508474576271225,"unitType":"BAR"},"hasAnomaly":false},{"_id":"01DDPH5Z73CM9F1161MN7S604N","identifier":"PT-011302","name":"Cylinder 2 Combustion Pressure","unitType":"BAR","reading":{"timestamp":"2019-09-13T18:50:33.659Z","value":2.0508474576271225,"unitType":"BAR"},"hasAnomaly":false},{"_id":"01DDPH5Z73GY7SKKRV4WVK5X8B","identifier":"PT-011303","name":"Cylinder 3 Combustion Pressure","unitType":"BAR","reading":{"timestamp":"2019-09-13T18:50:33.612Z","value":0.35593220338983433,"unitType":"BAR"},"hasAnomaly":false},{"_id":"01DDPH5Z73E1F11GHYP22504D0","identifier":"PT-011304","name":"Cylinder 4 Combustion Pressure","unitType":"BAR","reading":{"timestamp":"2019-09-13T18:50:34.137Z","value":80.08474576271186,"unitType":"BAR"},"hasAnomaly":false},{"_id":"01DDPH5Z732DXNGPM9AGAY8HG4","identifier":"PT-011305","name":"Cylinder 5 Combustion Pressure","unitType":"BAR","reading":{"timestamp":"2019-09-13T18:50:34.092Z","value":2.0508474576271225,"unitType":"BAR"},"hasAnomaly":false},{"_id":"01DDPH5Z731NV07WXK4VKCDP95","identifier":"PT-011306","name":"Cylinder 6 Combustion Pressure","unitType":"BAR","reading":{"timestamp":"2019-09-13T18:50:34.179Z","value":2.0508474576271225,"unitType":"BAR"},"hasAnomaly":false},{"_id":"01DDPXV5960FYVKZ276NK1C0S8","identifier":"TT-010001","name":"Engine Room Temperature","unitType":"CELSIUS","reading":{"timestamp":"2019-09-13T18:50:34.048Z","value":72.15277777777777,"unitType":"CELSIUS"},"hasAnomaly":false},{"_id":"01DDPXW7NMEYCQG7NVWJFXTW37","identifier":"PT-010001","name":"Engine Room Pressure","unitType":"BAR","reading":{"timestamp":"2019-09-13T18:50:34.048Z","value":1,"unitType":"BAR"},"hasAnomaly":true},{"_id":"01DDPH5Z73PGACQZDS7411CA8C","identifier":"ZT-013001","name":"Fuel Rack Position","unitType":"MILLIMETER","reading":{"timestamp":"2019-09-13T18:50:34.048Z","value":91.38380618425246,"unitType":"MILLIMETER"},"hasAnomaly":false}]},"extensions":{"tracing":{"version":1,"startTime":"2019-09-13T18:50:34.513Z","endTime":"2019-09-13T18:50:34.548Z","duration":34572783,"execution":{"resolvers":[{"path":["sensors"],"parentType":"Query","fieldName":"sensors","returnType":"[Sensor!]","startOffset":95479,"duration":29976392},{"path":["sensors",0,"_id"],"parentType":"Sensor","fieldName":"_id","returnType":"ID!","startOffset":30099578,"duration":13428},{"path":["sensors",0,"identifier"],"parentType":"Sensor","fieldName":"identifier","returnType":"String!","startOffset":30118487,"duration":5062},{"path":["sensors",0,"name"],"parentType":"Sensor","fieldName":"name","returnType":"String!","startOffset":30125667,"duration":2963},{"path":["sensors",0,"unitType"],"parentType":"Sensor","fieldName":"unitType","returnType":"UnitType","startOffset":30132577,"duration":3109},{"path":["sensors",0,"reading"],"parentType":"Sensor","fieldName":"reading","returnType":"SensorReading","startOffset":30138652,"duration":6538},{"path":["sensors",0,"reading","timestamp"],"parentType":"SensorReading","fieldName":"timestamp","returnType":"String!","startOffset":30155042,"duration":5524},{"path":["sensors",0,"reading","value"],"parentType":"SensorReading","fieldName":"value","returnType":"Float!","startOffset":30162635,"duration":2911},{"path":["sensors",0,"reading","unitType"],"parentType":"SensorReading","fieldName":"unitType","returnType":"UnitType!","startOffset":30167716,"duration":4692},{"path":["sensors",0,"hasAnomaly"],"parentType":"Sensor","fieldName":"hasAnomaly","returnType":"Boolean","startOffset":30174934,"duration":2798},{"path":["sensors",1,"_id"],"parentType":"Sensor","fieldName":"_id","returnType":"ID!","startOffset":30185546,"duration":2739},{"path":["sensors",1,"identifier"],"parentType":"Sensor","fieldName":"identifier","returnType":"String!","startOffset":30190321,"duration":2429},{"path":["sensors",1,"name"],"parentType":"Sensor","fieldName":"name","returnType":"String!","startOffset":30196608,"duration":2371},{"path":["sensors",1,"unitType"],"parentType":"Sensor","fieldName":"unitType","returnType":"UnitType","startOffset":30200869,"duration":6064},{"path":["sensors",1,"reading"],"parentType":"Sensor","fieldName":"reading","returnType":"SensorReading","startOffset":30211736,"duration":3701},{"path":["sensors",1,"reading","timestamp"],"parentType":"SensorReading","fieldName":"timestamp","returnType":"String!","startOffset":30219015,"duration":5410},{"path":["sensors",1,"reading","value"],"parentType":"SensorReading","fieldName":"value","returnType":"Float!","startOffset":30226453,"duration":2592},{"path":["sensors",1,"reading","unitType"],"parentType":"SensorReading","fieldName":"unitType","returnType":"UnitType!","startOffset":30231074,"duration":4679},{"path":["sensors",1,"hasAnomaly"],"parentType":"Sensor","fieldName":"hasAnomaly","returnType":"Boolean","startOffset":30238359,"duration":2440},{"path":["sensors",2,"_id"],"parentType":"Sensor","fieldName":"_id","returnType":"ID!","startOffset":30248066,"duration":2659},{"path":["sensors",2,"identifier"],"parentType":"Sensor","fieldName":"identifier","returnType":"String!","startOffset":30252724,"duration":4446},{"path":["sensors",2,"name"],"parentType":"Sensor","fieldName":"name","returnType":"String!","startOffset":30259151,"duration":2355},{"path":["sensors",2,"unitType"],"parentType":"Sensor","fieldName":"unitType","returnType":"UnitType","startOffset":30263359,"duration":4437},{"path":["sensors",2,"reading"],"parentType":"Sensor","fieldName":"reading","returnType":"SensorReading","startOffset":30270448,"duration":3075},{"path":["sensors",2,"reading","timestamp"],"parentType":"SensorReading","fieldName":"timestamp","returnType":"String!","startOffset":30279003,"duration":2531},{"path":["sensors",2,"reading","value"],"parentType":"SensorReading","fieldName":"value","returnType":"Float!","startOffset":30283397,"duration":2461},{"path":["sensors",2,"reading","unitType"],"parentType":"SensorReading","fieldName":"unitType","returnType":"UnitType!","startOffset":30290839,"duration":2623},{"path":["sensors",2,"hasAnomaly"],"parentType":"Sensor","fieldName":"hasAnomaly","returnType":"Boolean","startOffset":30295956,"duration":2335},{"path":["sensors",3,"_id"],"parentType":"Sensor","fieldName":"_id","returnType":"ID!","startOffset":30305721,"duration":2648},{"path":["sensors",3,"identifier"],"parentType":"Sensor","fieldName":"identifier","returnType":"String!","startOffset":30310372,"duration":4340},{"path":["sensors",3,"name"],"parentType":"Sensor","fieldName":"name","returnType":"String!","startOffset":30316656,"duration":2384},{"path":["sensors",3,"unitType"],"parentType":"Sensor","fieldName":"unitType","returnType":"UnitType","startOffset":30320898,"duration":4251},{"path":["sensors",3,"reading"],"parentType":"Sensor","fieldName":"reading","returnType":"SensorReading","startOffset":30327640,"duration":4791},{"path":["sensors",3,"reading","timestamp"],"parentType":"SensorReading","fieldName":"timestamp","returnType":"String!","startOffset":30337744,"duration":2527},{"path":["sensors",3,"reading","value"],"parentType":"SensorReading","fieldName":"value","returnType":"Float!","startOffset":30342229,"duration":5089},{"path":["sensors",3,"reading","unitType"],"parentType":"SensorReading","fieldName":"unitType","returnType":"UnitType!","startOffset":30349337,"duration":2511},{"path":["sensors",3,"hasAnomaly"],"parentType":"Sensor","fieldName":"hasAnomaly","returnType":"Boolean","startOffset":30354276,"duration":5159},{"path":["sensors",4,"_id"],"parentType":"Sensor","fieldName":"_id","returnType":"ID!","startOffset":30364628,"duration":2614},{"path":["sensors",4,"identifier"],"parentType":"Sensor","fieldName":"identifier","returnType":"String!","startOffset":30371301,"duration":2462},{"path":["sensors",4,"name"],"parentType":"Sensor","fieldName":"name","returnType":"String!","startOffset":30375755,"duration":2380},{"path":["sensors",4,"unitType"],"parentType":"Sensor","fieldName":"unitType","returnType":"UnitType","startOffset":30381867,"duration":3036},{"path":["sensors",4,"reading"],"parentType":"Sensor","fieldName":"reading","returnType":"SensorReading","startOffset":30387393,"duration":2976},{"path":["sensors",4,"reading","timestamp"],"parentType":"SensorReading","fieldName":"timestamp","returnType":"String!","startOffset":30395961,"duration":2670},{"path":["sensors",4,"reading","value"],"parentType":"SensorReading","fieldName":"value","returnType":"Float!","startOffset":30401242,"duration":4688},{"path":["sensors",4,"reading","unitType"],"parentType":"SensorReading","fieldName":"unitType","returnType":"UnitType!","startOffset":30407927,"duration":2491},{"path":["sensors",4,"hasAnomaly"],"parentType":"Sensor","fieldName":"hasAnomaly","returnType":"Boolean","startOffset":30414755,"duration":2423},{"path":["sensors",5,"_id"],"parentType":"Sensor","fieldName":"_id","returnType":"ID!","startOffset":30422289,"duration":4886},{"path":["sensors",5,"identifier"],"parentType":"Sensor","fieldName":"identifier","returnType":"String!","startOffset":30429220,"duration":2492},{"path":["sensors",5,"name"],"parentType":"Sensor","fieldName":"name","returnType":"String!","startOffset":30434459,"duration":4315},{"path":["sensors",5,"unitType"],"parentType":"Sensor","fieldName":"unitType","returnType":"UnitType","startOffset":30440678,"duration":2325},{"path":["sensors",5,"reading"],"parentType":"Sensor","fieldName":"reading","returnType":"SensorReading","startOffset":30446247,"duration":5172},{"path":["sensors",5,"reading","timestamp"],"parentType":"SensorReading","fieldName":"timestamp","returnType":"String!","startOffset":30454941,"duration":3189},{"path":["sensors",5,"rea"
4859 [main] DEBUG org.apache.http.wire  -  << "367,"unitType":"CELSIUS"},"hasAnomaly":false},{"_id":"01DDPH5Z73FYKE9APHDRCPEXA7","identifier":"TT-011106","name":"Exhaust 6 Temperature","unitType":"CELSIUS","reading":{"timestamp":"2019-09-13T18:50:34.048Z","value":367,"unitType":"CELSIUS"},"hasAnomaly":false},{"_id":"01DDPH5Z737YBJ0WSF8AA5JGW6","identifier":"TT-011201","name":"Cylinder 1 Jacket Cooling Water Temperature","unitType":"CELSIUS","reading":{"timestamp":"2019-09-13T18:50:34.048Z","value":81.5,"unitType":"CELSIUS"},"hasAnomaly":false},{"_id":"01DDPH5Z73TSH6Q5V3NV1VHWRQ","identifier":"TT-011202","name":"Cylinder 2 Jacket Cooling Water Temperature","unitType":"CELSIUS","reading":{"timestamp":"2019-09-13T18:50:34.048Z","value":81.5,"unitType":"CELSIUS"},"hasAnomaly":false},{"_id":"01DDPH5Z731N80M0K1EA3391A8","identifier":"TT-011203","name":"Cylinder 3 Jacket Cooling Water Temperature","unitType":"CELSIUS","reading":{"timestamp":"2019-09-13T18:50:34.048Z","value":81.5,"unitType":"CELSIUS"},"hasAnomaly":false},{"_id":"01DDPH5Z73BSP4PV6WQ5NWWAQ1","identifier":"TT-011204","name":"Cylinder 4 Jacket Cooling Water Temperature","unitType":"CELSIUS","reading":{"timestamp":"2019-09-13T18:50:34.048Z","value":81.5,"unitType":"CELSIUS"},"hasAnomaly":false},{"_id":"01DDPH5Z73870VEXAXP1CV8FT2","identifier":"TT-011205","name":"Cylinder 5 Jacket Cooling Water Temperature","unitType":"CELSIUS","reading":{"timestamp":"2019-09-13T18:50:34.048Z","value":81.5,"unitType":"CELSIUS"},"hasAnomaly":false},{"_id":"01DDPH5Z73F598HJ7SHP5VKPK7","identifier":"TT-011206","name":"Cylinder 6 Jacket Cooling Water Temperature","unitType":"CELSIUS","reading":{"timestamp":"2019-09-13T18:50:34.048Z","value":81.5,"unitType":"CELSIUS"},"hasAnomaly":false},{"_id":"01DDPH5Z73Z0W10RAZY3EZK4RA","identifier":"TT-011501","name":"Cylinder 1 Piston Cooling Oil Temperature","unitType":"CELSIUS","reading":{"timestamp":"2019-09-13T18:50:34.048Z","value":60,"unitType":"CELSIUS"},"hasAnomaly":false},{"_id":"01DDPH5Z731WBS82PDDXJ4QREQ","identifier":"TT-011502","name":"Cylinder 2 Piston Cooling Oil Temperature","unitType":"CELSIUS","reading":{"timestamp":"2019-09-13T18:50:34.048Z","value":60,"unitType":"CELSIUS"},"hasAnomaly":false},{"_id":"01DDPH5Z73K74Q0C5JY0RV6065","identifier":"TT-011503","name":"Cylinder 3 Piston Cooling Oil Temperature","unitType":"CELSIUS","reading":{"timestamp":"2019-09-13T18:50:34.048Z","value":60,"unitType":"CELSIUS"},"hasAnomaly":false},{"_id":"01DDPH5Z734E6SWASB422FWCP9","identifier":"TT-011504","name":"Cylinder 4 Piston Cooling Oil Temperature","unitType":"CELSIUS","reading":{"timestamp":"2019-09-13T18:50:34.048Z","value":60,"unitType":"CELSIUS"},"hasAnomaly":false},{"_id":"01DDPH5Z73WCWZG6XR0D0EXBN5","identifier":"TT-011505","name":"Cylinder 5 Piston Cooling Oil Temperature","unitType":"CELSIUS","reading":{"timestamp":"2019-09-13T18:50:34.048Z","value":60,"unitType":"CELSIUS"},"hasAnomaly":false},{"_id":"01DDPH5Z73K088DTHFD6FP4BF2","identifier":"TT-011506","name":"Cylinder 6 Piston Cooling Oil Temperature","unitType":"CELSIUS","reading":{"timestamp":"2019-09-13T18:50:34.048Z","value":60,"unitType":"CELSIUS"},"hasAnomaly":false},{"_id":"01DDPH5Z73Y2JC9BX2NYJMEG85","identifier":"TT-011001","name":"Cylinder 1 Liner Temperature","unitType":"CELSIUS","reading":{"timestamp":"2019-09-13T18:50:34.048Z","value":189,"unitType":"CELSIUS"},"hasAnomaly":false},{"_id":"01DDPH5Z7385E50APW2PSD60ST","identifier":"TT-011002","name":"Cylinder 2 Liner Temperature","unitType":"CELSIUS","reading":{"timestamp":"2019-09-13T18:50:34.048Z","value":189,"unitType":"CELSIUS"},"hasAnomaly":false},{"_id":"01DDPH5Z73Z36YHNR5M3V9KSHP","identifier":"TT-011003","name":"Cylinder 3 Liner Temperature","unitType":"CELSIUS","reading":{"timestamp":"2019-09-13T18:50:34.048Z","value":189,"unitType":"CELSIUS"},"hasAnomaly":false},{"_id":"01DDPH5Z73ZCMB69MR0WN5MQ7F","identifier":"TT-011004","name":"Cylinder 4 Liner Temperature","unitType":"CELSIUS","reading":{"timestamp":"2019-09-13T18:50:34.048Z","value":189,"unitType":"CELSIUS"},"hasAnomaly":false},{"_id":"01DDPH5Z7350857P3YSAH7Z2WK","identifier":"TT-011005","name":"Cylinder 5 Liner Temperature","unitType":"CELSIUS","reading":{"timestamp":"2019-09-13T18:50:34.048Z","value":189,"unitType":"CELSIUS"},"hasAnomaly":false},{"_id":"01DDPH5Z73EX4Q739XHT0MHZJS","identifier":"TT-011006","name":"Cylinder 6 Liner Temperature","unitType":"CELSIUS","reading":{"timestamp":"2019-09-13T18:50:34.048Z","value":189,"unitType":"CELSIUS"},"hasAnomaly":false},{"_id":"01DDPH5Z731APG9FF2DPDWKRHS","identifier":"PT-012001","name":"Turbine Inlet Pressure","unitType":"BAR","reading":{"timestamp":"2019-09-13T18:50:34.048Z","value":1.00000000140061,"unitType":"BAR"},"hasAnomaly":false},{"_id":"01DDPH5Z73JANKPP60FWMTPNF8","identifier":"PT-012002","name":"Turbine Outlet Pressure","unitType":"BAR","reading":{"timestamp":"2019-09-13T18:50:34.048Z","value":1.00000000140061,"unitType":"BAR"},"hasAnomaly":false},{"_id":"01DDPH5Z7381FS1NA4H02T8Q5F","identifier":"TT-012001","name":"Turbine Inlet Temperature","unitType":"CELSIUS","reading":{"timestamp":"2019-09-13T18:50:34.048Z","value":897.5138888888889,"unitType":"CELSIUS"},"hasAnomaly":false},{"_id":"01DDPH5Z7397H29QJ0CKWGBMBB","identifier":"TT-012002","name":"Turbine Outlet Temperature","unitType":"CELSIUS","reading":{"timestamp":"2019-09-13T18:50:34.048Z","value":647.3402777777778,"unitType":"CELSIUS"},"hasAnomaly":false},{"_id":"01DFC610RYSS5CX5ZQHNWT367Y","identifier":"PT-012004","name":"Compressor Outlet Pressure","unitType":"BAR","reading":{"timestamp":"2019-09-13T18:50:34.048Z","value":1.0132500012226675,"unitType":"BAR"},"hasAnomaly":true},{"_id":"01DDPH5Z73T0YYSF6HFZP1DW43","identifier":"PT-014001","name":"Air Cooler Inlet Pressure","unitType":"BAR","reading":null,"hasAnomaly":false},{"_id":"01DDPH5Z73ME3WZZR92W0WAS71","identifier":"PT-014002","name":"Air Cooler Outlet Pressure","unitType":"BAR","reading":null,"hasAnomaly":false},{"_id":"01DDPH5Z73BE2BGRJK98FBCCN2","identifier":"TT-014001","name":"Air Cooler Inlet Temperature","unitType":"CELSIUS","reading":{"timestamp":"2019-09-13T18:50:34.048Z","value":93.61111111111111,"unitType":"CELSIUS"},"hasAnomaly":false},{"_id":"01DDPH5Z73G060M59ASK1SAKN9","identifier":"TT-014002","name":"Air Cooler Outlet Temperature","unitType":"CELSIUS","reading":{"timestamp":"2019-09-13T18:50:34.048Z","value":116.80555555555556,"unitType":"CELSIUS"},"hasAnomaly":false},{"_id":"01DDPH5Z73V9D5GRDAHNY2ST4M","identifier":"PT-015001","name":"Scavenge Air Pressure","unitType":"BAR","reading":{"timestamp":"2019-09-13T18:50:34.048Z","value":1.006625001311639,"unitType":"BAR"},"hasAnomaly":true},{"_id":"01DDPH5Z73P60JRD656M8RY96P","identifier":"PT-011301","name":"Cylinder 1 Combustion Pressure","unitType":"BAR","reading":{"timestamp":"2019-09-13T18:50:33.571Z","value":2.0508474576271225,"unitType":"BAR"},"hasAnomaly":false},{"_id":"01DDPH5Z73CM9F1161MN7S604N","identifier":"PT-011302","name":"Cylinder 2 Combustion Pressure","unitType":"BAR","reading":{"timestamp":"2019-09-13T18:50:33.659Z","value":2.0508474576271225,"unitType":"BAR"},"hasAnomaly":false},{"_id":"01DDPH5Z73GY7SKKRV4WVK5X8B","identifier":"PT-011303","name":"Cylinder 3 Combustion Pressure","unitType":"BAR","reading":{"timestamp":"2019-09-13T18:50:33.612Z","value":0.35593220338983433,"unitType":"BAR"},"hasAnomaly":false},{"_id":"01DDPH5Z73E1F11GHYP22504D0","identifier":"PT-011304","name":"Cylinder 4 Combustion Pressure","unitType":"BAR","reading":{"timestamp":"2019-09-13T18:50:34.137Z","value":80.08474576271186,"unitType":"BAR"},"hasAnomaly":false},{"_id":"01DDPH5Z732DXNGPM9AGAY8HG4","identifier":"PT-011305","name":"Cylinder 5 Combustion Pressure","unitType":"BAR","reading":{"timestamp":"2019-09-13T18:50:34.092Z","value":2.0508474576271225,"unitType":"BAR"},"hasAnomaly":false},{"_id":"01DDPH5Z731NV07WXK4VKCDP95","identifier":"PT-011306","name":"Cylinder 6 Combustion Pressure","unitType":"BAR","reading":{"timestamp":"2019-09-13T18:50:34.179Z","value":2.0508474576271225,"unitType":"BAR"},"hasAnomaly":false},{"_id":"01DDPXV5960FYVKZ276NK1C0S8","identifier":"TT-010001","name":"Engine Room Temperature","unitType":"CELSIUS","reading":{"timestamp":"2019-09-13T18:50:34.048Z","value":72.15277777777777,"unitType":"CELSIUS"},"hasAnomaly":false},{"_id":"01DDPXW7NMEYCQG7NVWJFXTW37","identifier":"PT-010001","name":"Engine Room Pressure","unitType":"BAR","reading":{"timestamp":"2019-09-13T18:50:34.048Z","value":1,"unitType":"BAR"},"hasAnomaly":true},{"_id":"01DDPH5Z73PGACQZDS7411CA8C","identifier":"ZT-013001","name":"Fuel Rack Position","unitType":"MILLIMETER","reading":{"timestamp":"2019-09-13T18:50:34.048Z","value":91.38380618425246,"unitType":"MILLIMETER"},"hasAnomaly":false}]},"extensions":{"tracing":{"version":1,"startTime":"2019-09-13T18:50:34.513Z","endTime":"2019-09-13T18:50:34.548Z","duration":34572783,"execution":{"resolvers":[{"path":["sensors"],"parentType":"Query","fieldName":"sensors","returnType":"[Sensor!]","startOffset":95479,"duration":29976392},{"path":["sensors",0,"_id"],"parentType":"Sensor","fieldName":"_id","returnType":"ID!","startOffset":30099578,"duration":13428},{"path":["sensors",0,"identifier"],"parentType":"Sensor","fieldName":"identifier","returnType":"String!","startOffset":30118487,"duration":5062},{"path":["sensors",0,"name"],"parentType":"Sensor","fieldName":"name","returnType":"String!","startOffset":30125667,"duration":2963},{"path":["sensors",0,"unitType"],"parentType":"Sensor","fieldName":"unitType","returnType":"UnitType","startOffset":30132577,"duration":3109},{"path":["sensors",0,"reading"],"parentType":"Sensor","fieldName":"reading","returnType":"SensorReading","startOffset":30138652,"duration":6538},{"path":["sensors",0,"reading","timestamp"],"parentType":"SensorReading","fieldName":"timestamp","returnType":"String!","startOffset":30155042,"duration":5524},{"path":["sensors",0,"reading","value"],"parentType":"SensorReading","fieldName":"value","returnType":"Float!","startOffset":30162635,"duration":2911},{"path":["sensors",0,"reading","unitType"],"parentType":"SensorReading","fieldName":"unitType","returnType":"UnitType!","startOffset":30167716,"duration":4692},{"path":["sensors",0,"hasAnomaly"],"parentType":"Sensor","fieldName":"hasAnomaly","returnType":"Boolean","startOffset":30174934,"duration":2798},{"path":["sensors",1,"_id"],"parentType":"Sensor","fieldName":"_id","returnType":"ID!","startOffset":30185546,"duration":2739},{"path":["sensors",1,"identifier"],"parentType":"Sensor","fieldName":"identifier","returnType":"String!","startOffset":30190321,"duration":2429},{"path":["sensors",1,"name"],"parentType":"Sensor","fieldName":"name","returnType":"String!","startOffset":30196608,"duration":2371},{"path":["sensors",1,"unitType"],"parentType":"Sensor","fieldName":"unitType","returnType":"UnitType","startOffset":30200869,"duration":6064},{"path":["sensors",1,"reading"],"parentType":"Sensor","fieldName":"reading","returnType":"SensorReading","startOffset":30211736,"duration":3701},{"path":["sensors",1,"reading","timestamp"],"parentType":"SensorReading","fieldName":"timestamp","returnType":"String!","startOffset":30219015,"duration":5410},{"path":["sensors",1,"reading","value"],"parentType":"SensorReading","fieldName":"value","returnType":"Float!","startOffset":30226453,"duration":2592},{"path":["sensors",1,"reading","unitType"],"parentType":"SensorReading","fieldName":"unitType","returnType":"UnitType!","startOffset":30231074,"duration":4679},{"path":["sensors",1,"hasAnomaly"],"parentType":"Sensor","fieldName":"hasAnomaly","returnType":"Boolean","startOffset":30238359,"duration":2440},{"path":["sensors",2,"_id"],"parentType":"Sensor","fieldName":"_id","returnType":"ID!","startOffset":30248066,"duration":2659},{"path":["sensors",2,"identifier"],"parentType":"Sensor","fieldName":"identifier","returnType":"String!","startOffset":30252724,"duration":4446},{"path":["sensors",2,"name"],"parentType":"Sensor","fieldName":"name","returnType":"String!","startOffset":30259151,"duration":2355},{"path":["sensors",2,"unitType"],"parentType":"Sensor","fieldName":"unitType","returnType":"UnitType","startOffset":30263359,"duration":4437},{"path":["sensors",2,"reading"],"parentType":"Sensor","fieldName":"reading","returnType":"SensorReading","startOffset":30270448,"duration":3075},{"path":["sensors",2,"reading","timestamp"],"parentType":"SensorReading","fieldName":"timestamp","returnType":"String!","startOffset":30279003,"duration":2531},{"path":["sensors",2,"reading","value"],"parentType":"SensorReading","fieldName":"value","returnType":"Float!","startOffset":30283397,"duration":2461},{"path":["sensors",2,"reading","unitType"],"parentType":"SensorReading","fieldName":"unitType","returnType":"UnitType!","startOffset":30290839,"duration":2623},{"path":["sensors",2,"hasAnomaly"],"parentType":"Sensor","fieldName":"hasAnomaly","returnType":"Boolean","startOffset":30295956,"duration":2335},{"path":["sensors",3,"_id"],"parentType":"Sensor","fieldName":"_id","returnType":"ID!","startOffset":30305721,"duration":2648},{"path":["sensors",3,"identifier"],"parentType":"Sensor","fieldName":"identifier","returnType":"String!","startOffset":30310372,"duration":4340},{"path":["sensors",3,"name"],"parentType":"Sensor","fieldName":"name","returnType":"String!","startOffset":30316656,"duration":2384},{"path":["sensors",3,"unitType"],"parentType":"Sensor","fieldName":"unitType","returnType":"UnitType","startOffset":30320898,"duration":4251},{"path":["sensors",3,"reading"],"parentType":"Sensor","fieldName":"reading","returnType":"SensorReading","startOffset":30327640,"duration":4791},{"path":["sensors",3,"reading","timestamp"],"parentType":"SensorReading","fieldName":"timestamp","returnType":"String!","startOffset":30337744,"duration":2527},{"path":["sensors",3,"reading","value"],"parentType":"SensorReading","fieldName":"value","returnType":"Float!","startOffset":30342229,"duration":5089},{"path":["sensors",3,"reading","unitType"],"parentType":"SensorReading","fieldName":"unitType","returnType":"UnitType!","startOffset":30349337,"duration":2511},{"path":["sensors",3,"hasAnomaly"],"parentType":"Sensor","fieldName":"hasAnomaly","returnType":"Boolean","startOffset":30354276,"duration":5159},{"path":["sensors",4,"_id"],"parentType":"Sensor","fieldName":"_id","returnType":"ID!","startOffset":30364628,"duration":2614},{"path":["sensors",4,"identifier"],"parentType":"Sensor","fieldName":"identifier","returnType":"String!","startOffset":30371301,"duration":2462},{"path":["sensors",4,"name"],"parentType":"Sensor","fieldName":"name","returnType":"String!","startOffset":30375755,"duration":2380},{"path":["sensors",4,"unitType"],"parentType":"Sensor","fieldName":"unitType","returnType":"UnitType","startOffset":30381867,"duration":3036},{"path":["sensors",4,"reading"],"parentType":"Sensor","fieldName":"reading","returnType":"SensorReading","startOffset":30387393,"duration":2976},{"path":["sensors",4,"reading","timestamp"],"parentType":"SensorReading","fieldName":"timestamp","returnType":"String!","startOffset":30395961,"duration":2670},{"path":["sensors",4,"reading","value"],"parentType":"SensorReading","fieldName":"value","returnType":"Float!","startOffset":30401242,"duration":4688},{"path":["sensors",4,"reading","unitType"],"parentType":"SensorReading","fieldName":"unitType","returnType":"UnitType!","startOffset":30407927,"duration":2491},{"path":["sensors",4,"hasAnomaly"],"parentType":"Sensor","fieldName":"hasAnomaly","returnType":"Boolean","startOffset":30414755,"duration":2423},{"path":["sensors",5,"_id"],"parentType":"Sensor","fieldName":"_id","returnType":"ID!","startOffset":30422289,"duration":4886},{"path":["sensors",5,"identifier"],"parentType":"Sensor","fieldName":"identifier","returnType":"String!","startOffset":30429220,"duration":2492},{"path":["sensors",5,"name"],"parentType":"Sensor","fieldName":"name","returnType":"String!","startOffset":30434459,"duration":4315},{"path":["sensors",5,"unitType"],"parentType":"Sensor","fieldName":"unitType","returnType":"UnitType","startOffset":30440678,"duration":2325},{"path":["sensors",5,"reading"],"parentType":"Sensor","fieldName":"reading","returnType":"SensorReading","startOffset":30446247,"duration":5172},{"path":["sensors",5,"reading","timestamp"],"parentType":"SensorReading","fieldName":"timestamp","returnType":"String!","startOffset":30454941,"duration":3189},{"path":["sensors",5,"rea"
4859 [main] DEBUG org.apache.http.wire  -  << "367,"unitType":"CELSIUS"},"hasAnomaly":false},{"_id":"01DDPH5Z73FYKE9APHDRCPEXA7","identifier":"TT-011106","name":"Exhaust 6 Temperature","unitType":"CELSIUS","reading":{"timestamp":"2019-09-13T18:50:34.048Z","value":367,"unitType":"CELSIUS"},"hasAnomaly":false},{"_id":"01DDPH5Z737YBJ0WSF8AA5JGW6","identifier":"TT-011201","name":"Cylinder 1 Jacket Cooling Water Temperature","unitType":"CELSIUS","reading":{"timestamp":"2019-09-13T18:50:34.048Z","value":81.5,"unitType":"CELSIUS"},"hasAnomaly":false},{"_id":"01DDPH5Z73TSH6Q5V3NV1VHWRQ","identifier":"TT-011202","name":"Cylinder 2 Jacket Cooling Water Temperature","unitType":"CELSIUS","reading":{"timestamp":"2019-09-13T18:50:34.048Z","value":81.5,"unitType":"CELSIUS"},"hasAnomaly":false},{"_id":"01DDPH5Z731N80M0K1EA3391A8","identifier":"TT-011203","name":"Cylinder 3 Jacket Cooling Water Temperature","unitType":"CELSIUS","reading":{"timestamp":"2019-09-13T18:50:34.048Z","value":81.5,"unitType":"CELSIUS"},"hasAnomaly":false},{"_id":"01DDPH5Z73BSP4PV6WQ5NWWAQ1","identifier":"TT-011204","name":"Cylinder 4 Jacket Cooling Water Temperature","unitType":"CELSIUS","reading":{"timestamp":"2019-09-13T18:50:34.048Z","value":81.5,"unitType":"CELSIUS"},"hasAnomaly":false},{"_id":"01DDPH5Z73870VEXAXP1CV8FT2","identifier":"TT-011205","name":"Cylinder 5 Jacket Cooling Water Temperature","unitType":"CELSIUS","reading":{"timestamp":"2019-09-13T18:50:34.048Z","value":81.5,"unitType":"CELSIUS"},"hasAnomaly":false},{"_id":"01DDPH5Z73F598HJ7SHP5VKPK7","identifier":"TT-011206","name":"Cylinder 6 Jacket Cooling Water Temperature","unitType":"CELSIUS","reading":{"timestamp":"2019-09-13T18:50:34.048Z","value":81.5,"unitType":"CELSIUS"},"hasAnomaly":false},{"_id":"01DDPH5Z73Z0W10RAZY3EZK4RA","identifier":"TT-011501","name":"Cylinder 1 Piston Cooling Oil Temperature","unitType":"CELSIUS","reading":{"timestamp":"2019-09-13T18:50:34.048Z","value":60,"unitType":"CELSIUS"},"hasAnomaly":false},{"_id":"01DDPH5Z731WBS82PDDXJ4QREQ","identifier":"TT-011502","name":"Cylinder 2 Piston Cooling Oil Temperature","unitType":"CELSIUS","reading":{"timestamp":"2019-09-13T18:50:34.048Z","value":60,"unitType":"CELSIUS"},"hasAnomaly":false},{"_id":"01DDPH5Z73K74Q0C5JY0RV6065","identifier":"TT-011503","name":"Cylinder 3 Piston Cooling Oil Temperature","unitType":"CELSIUS","reading":{"timestamp":"2019-09-13T18:50:34.048Z","value":60,"unitType":"CELSIUS"},"hasAnomaly":false},{"_id":"01DDPH5Z734E6SWASB422FWCP9","identifier":"TT-011504","name":"Cylinder 4 Piston Cooling Oil Temperature","unitType":"CELSIUS","reading":{"timestamp":"2019-09-13T18:50:34.048Z","value":60,"unitType":"CELSIUS"},"hasAnomaly":false},{"_id":"01DDPH5Z73WCWZG6XR0D0EXBN5","identifier":"TT-011505","name":"Cylinder 5 Piston Cooling Oil Temperature","unitType":"CELSIUS","reading":{"timestamp":"2019-09-13T18:50:34.048Z","value":60,"unitType":"CELSIUS"},"hasAnomaly":false},{"_id":"01DDPH5Z73K088DTHFD6FP4BF2","identifier":"TT-011506","name":"Cylinder 6 Piston Cooling Oil Temperature","unitType":"CELSIUS","reading":{"timestamp":"2019-09-13T18:50:34.048Z","value":60,"unitType":"CELSIUS"},"hasAnomaly":false},{"_id":"01DDPH5Z73Y2JC9BX2NYJMEG85","identifier":"TT-011001","name":"Cylinder 1 Liner Temperature","unitType":"CELSIUS","reading":{"timestamp":"2019-09-13T18:50:34.048Z","value":189,"unitType":"CELSIUS"},"hasAnomaly":false},{"_id":"01DDPH5Z7385E50APW2PSD60ST","identifier":"TT-011002","name":"Cylinder 2 Liner Temperature","unitType":"CELSIUS","reading":{"timestamp":"2019-09-13T18:50:34.048Z","value":189,"unitType":"CELSIUS"},"hasAnomaly":false},{"_id":"01DDPH5Z73Z36YHNR5M3V9KSHP","identifier":"TT-011003","name":"Cylinder 3 Liner Temperature","unitType":"CELSIUS","reading":{"timestamp":"2019-09-13T18:50:34.048Z","value":189,"unitType":"CELSIUS"},"hasAnomaly":false},{"_id":"01DDPH5Z73ZCMB69MR0WN5MQ7F","identifier":"TT-011004","name":"Cylinder 4 Liner Temperature","unitType":"CELSIUS","reading":{"timestamp":"2019-09-13T18:50:34.048Z","value":189,"unitType":"CELSIUS"},"hasAnomaly":false},{"_id":"01DDPH5Z7350857P3YSAH7Z2WK","identifier":"TT-011005","name":"Cylinder 5 Liner Temperature","unitType":"CELSIUS","reading":{"timestamp":"2019-09-13T18:50:34.048Z","value":189,"unitType":"CELSIUS"},"hasAnomaly":false},{"_id":"01DDPH5Z73EX4Q739XHT0MHZJS","identifier":"TT-011006","name":"Cylinder 6 Liner Temperature","unitType":"CELSIUS","reading":{"timestamp":"2019-09-13T18:50:34.048Z","value":189,"unitType":"CELSIUS"},"hasAnomaly":false},{"_id":"01DDPH5Z731APG9FF2DPDWKRHS","identifier":"PT-012001","name":"Turbine Inlet Pressure","unitType":"BAR","reading":{"timestamp":"2019-09-13T18:50:34.048Z","value":1.00000000140061,"unitType":"BAR"},"hasAnomaly":false},{"_id":"01DDPH5Z73JANKPP60FWMTPNF8","identifier":"PT-012002","name":"Turbine Outlet Pressure","unitType":"BAR","reading":{"timestamp":"2019-09-13T18:50:34.048Z","value":1.00000000140061,"unitType":"BAR"},"hasAnomaly":false},{"_id":"01DDPH5Z7381FS1NA4H02T8Q5F","identifier":"TT-012001","name":"Turbine Inlet Temperature","unitType":"CELSIUS","reading":{"timestamp":"2019-09-13T18:50:34.048Z","value":897.5138888888889,"unitType":"CELSIUS"},"hasAnomaly":false},{"_id":"01DDPH5Z7397H29QJ0CKWGBMBB","identifier":"TT-012002","name":"Turbine Outlet Temperature","unitType":"CELSIUS","reading":{"timestamp":"2019-09-13T18:50:34.048Z","value":647.3402777777778,"unitType":"CELSIUS"},"hasAnomaly":false},{"_id":"01DFC610RYSS5CX5ZQHNWT367Y","identifier":"PT-012004","name":"Compressor Outlet Pressure","unitType":"BAR","reading":{"timestamp":"2019-09-13T18:50:34.048Z","value":1.0132500012226675,"unitType":"BAR"},"hasAnomaly":true},{"_id":"01DDPH5Z73T0YYSF6HFZP1DW43","identifier":"PT-014001","name":"Air Cooler Inlet Pressure","unitType":"BAR","reading":null,"hasAnomaly":false},{"_id":"01DDPH5Z73ME3WZZR92W0WAS71","identifier":"PT-014002","name":"Air Cooler Outlet Pressure","unitType":"BAR","reading":null,"hasAnomaly":false},{"_id":"01DDPH5Z73BE2BGRJK98FBCCN2","identifier":"TT-014001","name":"Air Cooler Inlet Temperature","unitType":"CELSIUS","reading":{"timestamp":"2019-09-13T18:50:34.048Z","value":93.61111111111111,"unitType":"CELSIUS"},"hasAnomaly":false},{"_id":"01DDPH5Z73G060M59ASK1SAKN9","identifier":"TT-014002","name":"Air Cooler Outlet Temperature","unitType":"CELSIUS","reading":{"timestamp":"2019-09-13T18:50:34.048Z","value":116.80555555555556,"unitType":"CELSIUS"},"hasAnomaly":false},{"_id":"01DDPH5Z73V9D5GRDAHNY2ST4M","identifier":"PT-015001","name":"Scavenge Air Pressure","unitType":"BAR","reading":{"timestamp":"2019-09-13T18:50:34.048Z","value":1.006625001311639,"unitType":"BAR"},"hasAnomaly":true},{"_id":"01DDPH5Z73P60JRD656M8RY96P","identifier":"PT-011301","name":"Cylinder 1 Combustion Pressure","unitType":"BAR","reading":{"timestamp":"2019-09-13T18:50:33.571Z","value":2.0508474576271225,"unitType":"BAR"},"hasAnomaly":false},{"_id":"01DDPH5Z73CM9F1161MN7S604N","identifier":"PT-011302","name":"Cylinder 2 Combustion Pressure","unitType":"BAR","reading":{"timestamp":"2019-09-13T18:50:33.659Z","value":2.0508474576271225,"unitType":"BAR"},"hasAnomaly":false},{"_id":"01DDPH5Z73GY7SKKRV4WVK5X8B","identifier":"PT-011303","name":"Cylinder 3 Combustion Pressure","unitType":"BAR","reading":{"timestamp":"2019-09-13T18:50:33.612Z","value":0.35593220338983433,"unitType":"BAR"},"hasAnomaly":false},{"_id":"01DDPH5Z73E1F11GHYP22504D0","identifier":"PT-011304","name":"Cylinder 4 Combustion Pressure","unitType":"BAR","reading":{"timestamp":"2019-09-13T18:50:34.137Z","value":80.08474576271186,"unitType":"BAR"},"hasAnomaly":false},{"_id":"01DDPH5Z732DXNGPM9AGAY8HG4","identifier":"PT-011305","name":"Cylinder 5 Combustion Pressure","unitType":"BAR","reading":{"timestamp":"2019-09-13T18:50:34.092Z","value":2.0508474576271225,"unitType":"BAR"},"hasAnomaly":false},{"_id":"01DDPH5Z731NV07WXK4VKCDP95","identifier":"PT-011306","name":"Cylinder 6 Combustion Pressure","unitType":"BAR","reading":{"timestamp":"2019-09-13T18:50:34.179Z","value":2.0508474576271225,"unitType":"BAR"},"hasAnomaly":false},{"_id":"01DDPXV5960FYVKZ276NK1C0S8","identifier":"TT-010001","name":"Engine Room Temperature","unitType":"CELSIUS","reading":{"timestamp":"2019-09-13T18:50:34.048Z","value":72.15277777777777,"unitType":"CELSIUS"},"hasAnomaly":false},{"_id":"01DDPXW7NMEYCQG7NVWJFXTW37","identifier":"PT-010001","name":"Engine Room Pressure","unitType":"BAR","reading":{"timestamp":"2019-09-13T18:50:34.048Z","value":1,"unitType":"BAR"},"hasAnomaly":true},{"_id":"01DDPH5Z73PGACQZDS7411CA8C","identifier":"ZT-013001","name":"Fuel Rack Position","unitType":"MILLIMETER","reading":{"timestamp":"2019-09-13T18:50:34.048Z","value":91.38380618425246,"unitType":"MILLIMETER"},"hasAnomaly":false}]},"extensions":{"tracing":{"version":1,"startTime":"2019-09-13T18:50:34.513Z","endTime":"2019-09-13T18:50:34.548Z","duration":34572783,"execution":{"resolvers":[{"path":["sensors"],"parentType":"Query","fieldName":"sensors","returnType":"[Sensor!]","startOffset":95479,"duration":29976392},{"path":["sensors",0,"_id"],"parentType":"Sensor","fieldName":"_id","returnType":"ID!","startOffset":30099578,"duration":13428},{"path":["sensors",0,"identifier"],"parentType":"Sensor","fieldName":"identifier","returnType":"String!","startOffset":30118487,"duration":5062},{"path":["sensors",0,"name"],"parentType":"Sensor","fieldName":"name","returnType":"String!","startOffset":30125667,"duration":2963},{"path":["sensors",0,"unitType"],"parentType":"Sensor","fieldName":"unitType","returnType":"UnitType","startOffset":30132577,"duration":3109},{"path":["sensors",0,"reading"],"parentType":"Sensor","fieldName":"reading","returnType":"SensorReading","startOffset":30138652,"duration":6538},{"path":["sensors",0,"reading","timestamp"],"parentType":"SensorReading","fieldName":"timestamp","returnType":"String!","startOffset":30155042,"duration":5524},{"path":["sensors",0,"reading","value"],"parentType":"SensorReading","fieldName":"value","returnType":"Float!","startOffset":30162635,"duration":2911},{"path":["sensors",0,"reading","unitType"],"parentType":"SensorReading","fieldName":"unitType","returnType":"UnitType!","startOffset":30167716,"duration":4692},{"path":["sensors",0,"hasAnomaly"],"parentType":"Sensor","fieldName":"hasAnomaly","returnType":"Boolean","startOffset":30174934,"duration":2798},{"path":["sensors",1,"_id"],"parentType":"Sensor","fieldName":"_id","returnType":"ID!","startOffset":30185546,"duration":2739},{"path":["sensors",1,"identifier"],"parentType":"Sensor","fieldName":"identifier","returnType":"String!","startOffset":30190321,"duration":2429},{"path":["sensors",1,"name"],"parentType":"Sensor","fieldName":"name","returnType":"String!","startOffset":30196608,"duration":2371},{"path":["sensors",1,"unitType"],"parentType":"Sensor","fieldName":"unitType","returnType":"UnitType","startOffset":30200869,"duration":6064},{"path":["sensors",1,"reading"],"parentType":"Sensor","fieldName":"reading","returnType":"SensorReading","startOffset":30211736,"duration":3701},{"path":["sensors",1,"reading","timestamp"],"parentType":"SensorReading","fieldName":"timestamp","returnType":"String!","startOffset":30219015,"duration":5410},{"path":["sensors",1,"reading","value"],"parentType":"SensorReading","fieldName":"value","returnType":"Float!","startOffset":30226453,"duration":2592},{"path":["sensors",1,"reading","unitType"],"parentType":"SensorReading","fieldName":"unitType","returnType":"UnitType!","startOffset":30231074,"duration":4679},{"path":["sensors",1,"hasAnomaly"],"parentType":"Sensor","fieldName":"hasAnomaly","returnType":"Boolean","startOffset":30238359,"duration":2440},{"path":["sensors",2,"_id"],"parentType":"Sensor","fieldName":"_id","returnType":"ID!","startOffset":30248066,"duration":2659},{"path":["sensors",2,"identifier"],"parentType":"Sensor","fieldName":"identifier","returnType":"String!","startOffset":30252724,"duration":4446},{"path":["sensors",2,"name"],"parentType":"Sensor","fieldName":"name","returnType":"String!","startOffset":30259151,"duration":2355},{"path":["sensors",2,"unitType"],"parentType":"Sensor","fieldName":"unitType","returnType":"UnitType","startOffset":30263359,"duration":4437},{"path":["sensors",2,"reading"],"parentType":"Sensor","fieldName":"reading","returnType":"SensorReading","startOffset":30270448,"duration":3075},{"path":["sensors",2,"reading","timestamp"],"parentType":"SensorReading","fieldName":"timestamp","returnType":"String!","startOffset":30279003,"duration":2531},{"path":["sensors",2,"reading","value"],"parentType":"SensorReading","fieldName":"value","returnType":"Float!","startOffset":30283397,"duration":2461},{"path":["sensors",2,"reading","unitType"],"parentType":"SensorReading","fieldName":"unitType","returnType":"UnitType!","startOffset":30290839,"duration":2623},{"path":["sensors",2,"hasAnomaly"],"parentType":"Sensor","fieldName":"hasAnomaly","returnType":"Boolean","startOffset":30295956,"duration":2335},{"path":["sensors",3,"_id"],"parentType":"Sensor","fieldName":"_id","returnType":"ID!","startOffset":30305721,"duration":2648},{"path":["sensors",3,"identifier"],"parentType":"Sensor","fieldName":"identifier","returnType":"String!","startOffset":30310372,"duration":4340},{"path":["sensors",3,"name"],"parentType":"Sensor","fieldName":"name","returnType":"String!","startOffset":30316656,"duration":2384},{"path":["sensors",3,"unitType"],"parentType":"Sensor","fieldName":"unitType","returnType":"UnitType","startOffset":30320898,"duration":4251},{"path":["sensors",3,"reading"],"parentType":"Sensor","fieldName":"reading","returnType":"SensorReading","startOffset":30327640,"duration":4791},{"path":["sensors",3,"reading","timestamp"],"parentType":"SensorReading","fieldName":"timestamp","returnType":"String!","startOffset":30337744,"duration":2527},{"path":["sensors",3,"reading","value"],"parentType":"SensorReading","fieldName":"value","returnType":"Float!","startOffset":30342229,"duration":5089},{"path":["sensors",3,"reading","unitType"],"parentType":"SensorReading","fieldName":"unitType","returnType":"UnitType!","startOffset":30349337,"duration":2511},{"path":["sensors",3,"hasAnomaly"],"parentType":"Sensor","fieldName":"hasAnomaly","returnType":"Boolean","startOffset":30354276,"duration":5159},{"path":["sensors",4,"_id"],"parentType":"Sensor","fieldName":"_id","returnType":"ID!","startOffset":30364628,"duration":2614},{"path":["sensors",4,"identifier"],"parentType":"Sensor","fieldName":"identifier","returnType":"String!","startOffset":30371301,"duration":2462},{"path":["sensors",4,"name"],"parentType":"Sensor","fieldName":"name","returnType":"String!","startOffset":30375755,"duration":2380},{"path":["sensors",4,"unitType"],"parentType":"Sensor","fieldName":"unitType","returnType":"UnitType","startOffset":30381867,"duration":3036},{"path":["sensors",4,"reading"],"parentType":"Sensor","fieldName":"reading","returnType":"SensorReading","startOffset":30387393,"duration":2976},{"path":["sensors",4,"reading","timestamp"],"parentType":"SensorReading","fieldName":"timestamp","returnType":"String!","startOffset":30395961,"duration":2670},{"path":["sensors",4,"reading","value"],"parentType":"SensorReading","fieldName":"value","returnType":"Float!","startOffset":30401242,"duration":4688},{"path":["sensors",4,"reading","unitType"],"parentType":"SensorReading","fieldName":"unitType","returnType":"UnitType!","startOffset":30407927,"duration":2491},{"path":["sensors",4,"hasAnomaly"],"parentType":"Sensor","fieldName":"hasAnomaly","returnType":"Boolean","startOffset":30414755,"duration":2423},{"path":["sensors",5,"_id"],"parentType":"Sensor","fieldName":"_id","returnType":"ID!","startOffset":30422289,"duration":4886},{"path":["sensors",5,"identifier"],"parentType":"Sensor","fieldName":"identifier","returnType":"String!","startOffset":30429220,"duration":2492},{"path":["sensors",5,"name"],"parentType":"Sensor","fieldName":"name","returnType":"String!","startOffset":30434459,"duration":4315},{"path":["sensors",5,"unitType"],"parentType":"Sensor","fieldName":"unitType","returnType":"UnitType","startOffset":30440678,"duration":2325},{"path":["sensors",5,"reading"],"parentType":"Sensor","fieldName":"reading","returnType":"SensorReading","startOffset":30446247,"duration":5172},{"path":["sensors",5,"reading","timestamp"],"parentType":"SensorReading","fieldName":"timestamp","returnType":"String!","startOffset":30454941,"duration":3189},{"path":["sensors",5,"rea"
4859 [main] DEBUG org.apache.http.wire  -  << "367,"unitType":"CELSIUS"},"hasAnomaly":false},{"_id":"01DDPH5Z73FYKE9APHDRCPEXA7","identifier":"TT-011106","name":"Exhaust 6 Temperature","unitType":"CELSIUS","reading":{"timestamp":"2019-09-13T18:50:34.048Z","value":367,"unitType":"CELSIUS"},"hasAnomaly":false},{"_id":"01DDPH5Z737YBJ0WSF8AA5JGW6","identifier":"TT-011201","name":"Cylinder 1 Jacket Cooling Water Temperature","unitType":"CELSIUS","reading":{"timestamp":"2019-09-13T18:50:34.048Z","value":81.5,"unitType":"CELSIUS"},"hasAnomaly":false},{"_id":"01DDPH5Z73TSH6Q5V3NV1VHWRQ","identifier":"TT-011202","name":"Cylinder 2 Jacket Cooling Water Temperature","unitType":"CELSIUS","reading":{"timestamp":"2019-09-13T18:50:34.048Z","value":81.5,"unitType":"CELSIUS"},"hasAnomaly":false},{"_id":"01DDPH5Z731N80M0K1EA3391A8","identifier":"TT-011203","name":"Cylinder 3 Jacket Cooling Water Temperature","unitType":"CELSIUS","reading":{"timestamp":"2019-09-13T18:50:34.048Z","value":81.5,"unitType":"CELSIUS"},"hasAnomaly":false},{"_id":"01DDPH5Z73BSP4PV6WQ5NWWAQ1","identifier":"TT-011204","name":"Cylinder 4 Jacket Cooling Water Temperature","unitType":"CELSIUS","reading":{"timestamp":"2019-09-13T18:50:34.048Z","value":81.5,"unitType":"CELSIUS"},"hasAnomaly":false},{"_id":"01DDPH5Z73870VEXAXP1CV8FT2","identifier":"TT-011205","name":"Cylinder 5 Jacket Cooling Water Temperature","unitType":"CELSIUS","reading":{"timestamp":"2019-09-13T18:50:34.048Z","value":81.5,"unitType":"CELSIUS"},"hasAnomaly":false},{"_id":"01DDPH5Z73F598HJ7SHP5VKPK7","identifier":"TT-011206","name":"Cylinder 6 Jacket Cooling Water Temperature","unitType":"CELSIUS","reading":{"timestamp":"2019-09-13T18:50:34.048Z","value":81.5,"unitType":"CELSIUS"},"hasAnomaly":false},{"_id":"01DDPH5Z73Z0W10RAZY3EZK4RA","identifier":"TT-011501","name":"Cylinder 1 Piston Cooling Oil Temperature","unitType":"CELSIUS","reading":{"timestamp":"2019-09-13T18:50:34.048Z","value":60,"unitType":"CELSIUS"},"hasAnomaly":false},{"_id":"01DDPH5Z731WBS82PDDXJ4QREQ","identifier":"TT-011502","name":"Cylinder 2 Piston Cooling Oil Temperature","unitType":"CELSIUS","reading":{"timestamp":"2019-09-13T18:50:34.048Z","value":60,"unitType":"CELSIUS"},"hasAnomaly":false},{"_id":"01DDPH5Z73K74Q0C5JY0RV6065","identifier":"TT-011503","name":"Cylinder 3 Piston Cooling Oil Temperature","unitType":"CELSIUS","reading":{"timestamp":"2019-09-13T18:50:34.048Z","value":60,"unitType":"CELSIUS"},"hasAnomaly":false},{"_id":"01DDPH5Z734E6SWASB422FWCP9","identifier":"TT-011504","name":"Cylinder 4 Piston Cooling Oil Temperature","unitType":"CELSIUS","reading":{"timestamp":"2019-09-13T18:50:34.048Z","value":60,"unitType":"CELSIUS"},"hasAnomaly":false},{"_id":"01DDPH5Z73WCWZG6XR0D0EXBN5","identifier":"TT-011505","name":"Cylinder 5 Piston Cooling Oil Temperature","unitType":"CELSIUS","reading":{"timestamp":"2019-09-13T18:50:34.048Z","value":60,"unitType":"CELSIUS"},"hasAnomaly":false},{"_id":"01DDPH5Z73K088DTHFD6FP4BF2","identifier":"TT-011506","name":"Cylinder 6 Piston Cooling Oil Temperature","unitType":"CELSIUS","reading":{"timestamp":"2019-09-13T18:50:34.048Z","value":60,"unitType":"CELSIUS"},"hasAnomaly":false},{"_id":"01DDPH5Z73Y2JC9BX2NYJMEG85","identifier":"TT-011001","name":"Cylinder 1 Liner Temperature","unitType":"CELSIUS","reading":{"timestamp":"2019-09-13T18:50:34.048Z","value":189,"unitType":"CELSIUS"},"hasAnomaly":false},{"_id":"01DDPH5Z7385E50APW2PSD60ST","identifier":"TT-011002","name":"Cylinder 2 Liner Temperature","unitType":"CELSIUS","reading":{"timestamp":"2019-09-13T18:50:34.048Z","value":189,"unitType":"CELSIUS"},"hasAnomaly":false},{"_id":"01DDPH5Z73Z36YHNR5M3V9KSHP","identifier":"TT-011003","name":"Cylinder 3 Liner Temperature","unitType":"CELSIUS","reading":{"timestamp":"2019-09-13T18:50:34.048Z","value":189,"unitType":"CELSIUS"},"hasAnomaly":false},{"_id":"01DDPH5Z73ZCMB69MR0WN5MQ7F","identifier":"TT-011004","name":"Cylinder 4 Liner Temperature","unitType":"CELSIUS","reading":{"timestamp":"2019-09-13T18:50:34.048Z","value":189,"unitType":"CELSIUS"},"hasAnomaly":false},{"_id":"01DDPH5Z7350857P3YSAH7Z2WK","identifier":"TT-011005","name":"Cylinder 5 Liner Temperature","unitType":"CELSIUS","reading":{"timestamp":"2019-09-13T18:50:34.048Z","value":189,"unitType":"CELSIUS"},"hasAnomaly":false},{"_id":"01DDPH5Z73EX4Q739XHT0MHZJS","identifier":"TT-011006","name":"Cylinder 6 Liner Temperature","unitType":"CELSIUS","reading":{"timestamp":"2019-09-13T18:50:34.048Z","value":189,"unitType":"CELSIUS"},"hasAnomaly":false},{"_id":"01DDPH5Z731APG9FF2DPDWKRHS","identifier":"PT-012001","name":"Turbine Inlet Pressure","unitType":"BAR","reading":{"timestamp":"2019-09-13T18:50:34.048Z","value":1.00000000140061,"unitType":"BAR"},"hasAnomaly":false},{"_id":"01DDPH5Z73JANKPP60FWMTPNF8","identifier":"PT-012002","name":"Turbine Outlet Pressure","unitType":"BAR","reading":{"timestamp":"2019-09-13T18:50:34.048Z","value":1.00000000140061,"unitType":"BAR"},"hasAnomaly":false},{"_id":"01DDPH5Z7381FS1NA4H02T8Q5F","identifier":"TT-012001","name":"Turbine Inlet Temperature","unitType":"CELSIUS","reading":{"timestamp":"2019-09-13T18:50:34.048Z","value":897.5138888888889,"unitType":"CELSIUS"},"hasAnomaly":false},{"_id":"01DDPH5Z7397H29QJ0CKWGBMBB","identifier":"TT-012002","name":"Turbine Outlet Temperature","unitType":"CELSIUS","reading":{"timestamp":"2019-09-13T18:50:34.048Z","value":647.3402777777778,"unitType":"CELSIUS"},"hasAnomaly":false},{"_id":"01DFC610RYSS5CX5ZQHNWT367Y","identifier":"PT-012004","name":"Compressor Outlet Pressure","unitType":"BAR","reading":{"timestamp":"2019-09-13T18:50:34.048Z","value":1.0132500012226675,"unitType":"BAR"},"hasAnomaly":true},{"_id":"01DDPH5Z73T0YYSF6HFZP1DW43","identifier":"PT-014001","name":"Air Cooler Inlet Pressure","unitType":"BAR","reading":null,"hasAnomaly":false},{"_id":"01DDPH5Z73ME3WZZR92W0WAS71","identifier":"PT-014002","name":"Air Cooler Outlet Pressure","unitType":"BAR","reading":null,"hasAnomaly":false},{"_id":"01DDPH5Z73BE2BGRJK98FBCCN2","identifier":"TT-014001","name":"Air Cooler Inlet Temperature","unitType":"CELSIUS","reading":{"timestamp":"2019-09-13T18:50:34.048Z","value":93.61111111111111,"unitType":"CELSIUS"},"hasAnomaly":false},{"_id":"01DDPH5Z73G060M59ASK1SAKN9","identifier":"TT-014002","name":"Air Cooler Outlet Temperature","unitType":"CELSIUS","reading":{"timestamp":"2019-09-13T18:50:34.048Z","value":116.80555555555556,"unitType":"CELSIUS"},"hasAnomaly":false},{"_id":"01DDPH5Z73V9D5GRDAHNY2ST4M","identifier":"PT-015001","name":"Scavenge Air Pressure","unitType":"BAR","reading":{"timestamp":"2019-09-13T18:50:34.048Z","value":1.006625001311639,"unitType":"BAR"},"hasAnomaly":true},{"_id":"01DDPH5Z73P60JRD656M8RY96P","identifier":"PT-011301","name":"Cylinder 1 Combustion Pressure","unitType":"BAR","reading":{"timestamp":"2019-09-13T18:50:33.571Z","value":2.0508474576271225,"unitType":"BAR"},"hasAnomaly":false},{"_id":"01DDPH5Z73CM9F1161MN7S604N","identifier":"PT-011302","name":"Cylinder 2 Combustion Pressure","unitType":"BAR","reading":{"timestamp":"2019-09-13T18:50:33.659Z","value":2.0508474576271225,"unitType":"BAR"},"hasAnomaly":false},{"_id":"01DDPH5Z73GY7SKKRV4WVK5X8B","identifier":"PT-011303","name":"Cylinder 3 Combustion Pressure","unitType":"BAR","reading":{"timestamp":"2019-09-13T18:50:33.612Z","value":0.35593220338983433,"unitType":"BAR"},"hasAnomaly":false},{"_id":"01DDPH5Z73E1F11GHYP22504D0","identifier":"PT-011304","name":"Cylinder 4 Combustion Pressure","unitType":"BAR","reading":{"timestamp":"2019-09-13T18:50:34.137Z","value":80.08474576271186,"unitType":"BAR"},"hasAnomaly":false},{"_id":"01DDPH5Z732DXNGPM9AGAY8HG4","identifier":"PT-011305","name":"Cylinder 5 Combustion Pressure","unitType":"BAR","reading":{"timestamp":"2019-09-13T18:50:34.092Z","value":2.0508474576271225,"unitType":"BAR"},"hasAnomaly":false},{"_id":"01DDPH5Z731NV07WXK4VKCDP95","identifier":"PT-011306","name":"Cylinder 6 Combustion Pressure","unitType":"BAR","reading":{"timestamp":"2019-09-13T18:50:34.179Z","value":2.0508474576271225,"unitType":"BAR"},"hasAnomaly":false},{"_id":"01DDPXV5960FYVKZ276NK1C0S8","identifier":"TT-010001","name":"Engine Room Temperature","unitType":"CELSIUS","reading":{"timestamp":"2019-09-13T18:50:34.048Z","value":72.15277777777777,"unitType":"CELSIUS"},"hasAnomaly":false},{"_id":"01DDPXW7NMEYCQG7NVWJFXTW37","identifier":"PT-010001","name":"Engine Room Pressure","unitType":"BAR","reading":{"timestamp":"2019-09-13T18:50:34.048Z","value":1,"unitType":"BAR"},"hasAnomaly":true},{"_id":"01DDPH5Z73PGACQZDS7411CA8C","identifier":"ZT-013001","name":"Fuel Rack Position","unitType":"MILLIMETER","reading":{"timestamp":"2019-09-13T18:50:34.048Z","value":91.38380618425246,"unitType":"MILLIMETER"},"hasAnomaly":false}]},"extensions":{"tracing":{"version":1,"startTime":"2019-09-13T18:50:34.513Z","endTime":"2019-09-13T18:50:34.548Z","duration":34572783,"execution":{"resolvers":[{"path":["sensors"],"parentType":"Query","fieldName":"sensors","returnType":"[Sensor!]","startOffset":95479,"duration":29976392},{"path":["sensors",0,"_id"],"parentType":"Sensor","fieldName":"_id","returnType":"ID!","startOffset":30099578,"duration":13428},{"path":["sensors",0,"identifier"],"parentType":"Sensor","fieldName":"identifier","returnType":"String!","startOffset":30118487,"duration":5062},{"path":["sensors",0,"name"],"parentType":"Sensor","fieldName":"name","returnType":"String!","startOffset":30125667,"duration":2963},{"path":["sensors",0,"unitType"],"parentType":"Sensor","fieldName":"unitType","returnType":"UnitType","startOffset":30132577,"duration":3109},{"path":["sensors",0,"reading"],"parentType":"Sensor","fieldName":"reading","returnType":"SensorReading","startOffset":30138652,"duration":6538},{"path":["sensors",0,"reading","timestamp"],"parentType":"SensorReading","fieldName":"timestamp","returnType":"String!","startOffset":30155042,"duration":5524},{"path":["sensors",0,"reading","value"],"parentType":"SensorReading","fieldName":"value","returnType":"Float!","startOffset":30162635,"duration":2911},{"path":["sensors",0,"reading","unitType"],"parentType":"SensorReading","fieldName":"unitType","returnType":"UnitType!","startOffset":30167716,"duration":4692},{"path":["sensors",0,"hasAnomaly"],"parentType":"Sensor","fieldName":"hasAnomaly","returnType":"Boolean","startOffset":30174934,"duration":2798},{"path":["sensors",1,"_id"],"parentType":"Sensor","fieldName":"_id","returnType":"ID!","startOffset":30185546,"duration":2739},{"path":["sensors",1,"identifier"],"parentType":"Sensor","fieldName":"identifier","returnType":"String!","startOffset":30190321,"duration":2429},{"path":["sensors",1,"name"],"parentType":"Sensor","fieldName":"name","returnType":"String!","startOffset":30196608,"duration":2371},{"path":["sensors",1,"unitType"],"parentType":"Sensor","fieldName":"unitType","returnType":"UnitType","startOffset":30200869,"duration":6064},{"path":["sensors",1,"reading"],"parentType":"Sensor","fieldName":"reading","returnType":"SensorReading","startOffset":30211736,"duration":3701},{"path":["sensors",1,"reading","timestamp"],"parentType":"SensorReading","fieldName":"timestamp","returnType":"String!","startOffset":30219015,"duration":5410},{"path":["sensors",1,"reading","value"],"parentType":"SensorReading","fieldName":"value","returnType":"Float!","startOffset":30226453,"duration":2592},{"path":["sensors",1,"reading","unitType"],"parentType":"SensorReading","fieldName":"unitType","returnType":"UnitType!","startOffset":30231074,"duration":4679},{"path":["sensors",1,"hasAnomaly"],"parentType":"Sensor","fieldName":"hasAnomaly","returnType":"Boolean","startOffset":30238359,"duration":2440},{"path":["sensors",2,"_id"],"parentType":"Sensor","fieldName":"_id","returnType":"ID!","startOffset":30248066,"duration":2659},{"path":["sensors",2,"identifier"],"parentType":"Sensor","fieldName":"identifier","returnType":"String!","startOffset":30252724,"duration":4446},{"path":["sensors",2,"name"],"parentType":"Sensor","fieldName":"name","returnType":"String!","startOffset":30259151,"duration":2355},{"path":["sensors",2,"unitType"],"parentType":"Sensor","fieldName":"unitType","returnType":"UnitType","startOffset":30263359,"duration":4437},{"path":["sensors",2,"reading"],"parentType":"Sensor","fieldName":"reading","returnType":"SensorReading","startOffset":30270448,"duration":3075},{"path":["sensors",2,"reading","timestamp"],"parentType":"SensorReading","fieldName":"timestamp","returnType":"String!","startOffset":30279003,"duration":2531},{"path":["sensors",2,"reading","value"],"parentType":"SensorReading","fieldName":"value","returnType":"Float!","startOffset":30283397,"duration":2461},{"path":["sensors",2,"reading","unitType"],"parentType":"SensorReading","fieldName":"unitType","returnType":"UnitType!","startOffset":30290839,"duration":2623},{"path":["sensors",2,"hasAnomaly"],"parentType":"Sensor","fieldName":"hasAnomaly","returnType":"Boolean","startOffset":30295956,"duration":2335},{"path":["sensors",3,"_id"],"parentType":"Sensor","fieldName":"_id","returnType":"ID!","startOffset":30305721,"duration":2648},{"path":["sensors",3,"identifier"],"parentType":"Sensor","fieldName":"identifier","returnType":"String!","startOffset":30310372,"duration":4340},{"path":["sensors",3,"name"],"parentType":"Sensor","fieldName":"name","returnType":"String!","startOffset":30316656,"duration":2384},{"path":["sensors",3,"unitType"],"parentType":"Sensor","fieldName":"unitType","returnType":"UnitType","startOffset":30320898,"duration":4251},{"path":["sensors",3,"reading"],"parentType":"Sensor","fieldName":"reading","returnType":"SensorReading","startOffset":30327640,"duration":4791},{"path":["sensors",3,"reading","timestamp"],"parentType":"SensorReading","fieldName":"timestamp","returnType":"String!","startOffset":30337744,"duration":2527},{"path":["sensors",3,"reading","value"],"parentType":"SensorReading","fieldName":"value","returnType":"Float!","startOffset":30342229,"duration":5089},{"path":["sensors",3,"reading","unitType"],"parentType":"SensorReading","fieldName":"unitType","returnType":"UnitType!","startOffset":30349337,"duration":2511},{"path":["sensors",3,"hasAnomaly"],"parentType":"Sensor","fieldName":"hasAnomaly","returnType":"Boolean","startOffset":30354276,"duration":5159},{"path":["sensors",4,"_id"],"parentType":"Sensor","fieldName":"_id","returnType":"ID!","startOffset":30364628,"duration":2614},{"path":["sensors",4,"identifier"],"parentType":"Sensor","fieldName":"identifier","returnType":"String!","startOffset":30371301,"duration":2462},{"path":["sensors",4,"name"],"parentType":"Sensor","fieldName":"name","returnType":"String!","startOffset":30375755,"duration":2380},{"path":["sensors",4,"unitType"],"parentType":"Sensor","fieldName":"unitType","returnType":"UnitType","startOffset":30381867,"duration":3036},{"path":["sensors",4,"reading"],"parentType":"Sensor","fieldName":"reading","returnType":"SensorReading","startOffset":30387393,"duration":2976},{"path":["sensors",4,"reading","timestamp"],"parentType":"SensorReading","fieldName":"timestamp","returnType":"String!","startOffset":30395961,"duration":2670},{"path":["sensors",4,"reading","value"],"parentType":"SensorReading","fieldName":"value","returnType":"Float!","startOffset":30401242,"duration":4688},{"path":["sensors",4,"reading","unitType"],"parentType":"SensorReading","fieldName":"unitType","returnType":"UnitType!","startOffset":30407927,"duration":2491},{"path":["sensors",4,"hasAnomaly"],"parentType":"Sensor","fieldName":"hasAnomaly","returnType":"Boolean","startOffset":30414755,"duration":2423},{"path":["sensors",5,"_id"],"parentType":"Sensor","fieldName":"_id","returnType":"ID!","startOffset":30422289,"duration":4886},{"path":["sensors",5,"identifier"],"parentType":"Sensor","fieldName":"identifier","returnType":"String!","startOffset":30429220,"duration":2492},{"path":["sensors",5,"name"],"parentType":"Sensor","fieldName":"name","returnType":"String!","startOffset":30434459,"duration":4315},{"path":["sensors",5,"unitType"],"parentType":"Sensor","fieldName":"unitType","returnType":"UnitType","startOffset":30440678,"duration":2325},{"path":["sensors",5,"reading"],"parentType":"Sensor","fieldName":"reading","returnType":"SensorReading","startOffset":30446247,"duration":5172},{"path":["sensors",5,"reading","timestamp"],"parentType":"SensorReading","fieldName":"timestamp","returnType":"String!","startOffset":30454941,"duration":3189},{"path":["sensors",5,"rea"
4859 [main] DEBUG org.apache.http.wire  -  << "367,"unitType":"CELSIUS"},"hasAnomaly":false},{"_id":"01DDPH5Z73FYKE9APHDRCPEXA7","identifier":"TT-011106","name":"Exhaust 6 Temperature","unitType":"CELSIUS","reading":{"timestamp":"2019-09-13T18:50:34.048Z","value":367,"unitType":"CELSIUS"},"hasAnomaly":false},{"_id":"01DDPH5Z737YBJ0WSF8AA5JGW6","identifier":"TT-011201","name":"Cylinder 1 Jacket Cooling Water Temperature","unitType":"CELSIUS","reading":{"timestamp":"2019-09-13T18:50:34.048Z","value":81.5,"unitType":"CELSIUS"},"hasAnomaly":false},{"_id":"01DDPH5Z73TSH6Q5V3NV1VHWRQ","identifier":"TT-011202","name":"Cylinder 2 Jacket Cooling Water Temperature","unitType":"CELSIUS","reading":{"timestamp":"2019-09-13T18:50:34.048Z","value":81.5,"unitType":"CELSIUS"},"hasAnomaly":false},{"_id":"01DDPH5Z731N80M0K1EA3391A8","identifier":"TT-011203","name":"Cylinder 3 Jacket Cooling Water Temperature","unitType":"CELSIUS","reading":{"timestamp":"2019-09-13T18:50:34.048Z","value":81.5,"unitType":"CELSIUS"},"hasAnomaly":false},{"_id":"01DDPH5Z73BSP4PV6WQ5NWWAQ1","identifier":"TT-011204","name":"Cylinder 4 Jacket Cooling Water Temperature","unitType":"CELSIUS","reading":{"timestamp":"2019-09-13T18:50:34.048Z","value":81.5,"unitType":"CELSIUS"},"hasAnomaly":false},{"_id":"01DDPH5Z73870VEXAXP1CV8FT2","identifier":"TT-011205","name":"Cylinder 5 Jacket Cooling Water Temperature","unitType":"CELSIUS","reading":{"timestamp":"2019-09-13T18:50:34.048Z","value":81.5,"unitType":"CELSIUS"},"hasAnomaly":false},{"_id":"01DDPH5Z73F598HJ7SHP5VKPK7","identifier":"TT-011206","name":"Cylinder 6 Jacket Cooling Water Temperature","unitType":"CELSIUS","reading":{"timestamp":"2019-09-13T18:50:34.048Z","value":81.5,"unitType":"CELSIUS"},"hasAnomaly":false},{"_id":"01DDPH5Z73Z0W10RAZY3EZK4RA","identifier":"TT-011501","name":"Cylinder 1 Piston Cooling Oil Temperature","unitType":"CELSIUS","reading":{"timestamp":"2019-09-13T18:50:34.048Z","value":60,"unitType":"CELSIUS"},"hasAnomaly":false},{"_id":"01DDPH5Z731WBS82PDDXJ4QREQ","identifier":"TT-011502","name":"Cylinder 2 Piston Cooling Oil Temperature","unitType":"CELSIUS","reading":{"timestamp":"2019-09-13T18:50:34.048Z","value":60,"unitType":"CELSIUS"},"hasAnomaly":false},{"_id":"01DDPH5Z73K74Q0C5JY0RV6065","identifier":"TT-011503","name":"Cylinder 3 Piston Cooling Oil Temperature","unitType":"CELSIUS","reading":{"timestamp":"2019-09-13T18:50:34.048Z","value":60,"unitType":"CELSIUS"},"hasAnomaly":false},{"_id":"01DDPH5Z734E6SWASB422FWCP9","identifier":"TT-011504","name":"Cylinder 4 Piston Cooling Oil Temperature","unitType":"CELSIUS","reading":{"timestamp":"2019-09-13T18:50:34.048Z","value":60,"unitType":"CELSIUS"},"hasAnomaly":false},{"_id":"01DDPH5Z73WCWZG6XR0D0EXBN5","identifier":"TT-011505","name":"Cylinder 5 Piston Cooling Oil Temperature","unitType":"CELSIUS","reading":{"timestamp":"2019-09-13T18:50:34.048Z","value":60,"unitType":"CELSIUS"},"hasAnomaly":false},{"_id":"01DDPH5Z73K088DTHFD6FP4BF2","identifier":"TT-011506","name":"Cylinder 6 Piston Cooling Oil Temperature","unitType":"CELSIUS","reading":{"timestamp":"2019-09-13T18:50:34.048Z","value":60,"unitType":"CELSIUS"},"hasAnomaly":false},{"_id":"01DDPH5Z73Y2JC9BX2NYJMEG85","identifier":"TT-011001","name":"Cylinder 1 Liner Temperature","unitType":"CELSIUS","reading":{"timestamp":"2019-09-13T18:50:34.048Z","value":189,"unitType":"CELSIUS"},"hasAnomaly":false},{"_id":"01DDPH5Z7385E50APW2PSD60ST","identifier":"TT-011002","name":"Cylinder 2 Liner Temperature","unitType":"CELSIUS","reading":{"timestamp":"2019-09-13T18:50:34.048Z","value":189,"unitType":"CELSIUS"},"hasAnomaly":false},{"_id":"01DDPH5Z73Z36YHNR5M3V9KSHP","identifier":"TT-011003","name":"Cylinder 3 Liner Temperature","unitType":"CELSIUS","reading":{"timestamp":"2019-09-13T18:50:34.048Z","value":189,"unitType":"CELSIUS"},"hasAnomaly":false},{"_id":"01DDPH5Z73ZCMB69MR0WN5MQ7F","identifier":"TT-011004","name":"Cylinder 4 Liner Temperature","unitType":"CELSIUS","reading":{"timestamp":"2019-09-13T18:50:34.048Z","value":189,"unitType":"CELSIUS"},"hasAnomaly":false},{"_id":"01DDPH5Z7350857P3YSAH7Z2WK","identifier":"TT-011005","name":"Cylinder 5 Liner Temperature","unitType":"CELSIUS","reading":{"timestamp":"2019-09-13T18:50:34.048Z","value":189,"unitType":"CELSIUS"},"hasAnomaly":false},{"_id":"01DDPH5Z73EX4Q739XHT0MHZJS","identifier":"TT-011006","name":"Cylinder 6 Liner Temperature","unitType":"CELSIUS","reading":{"timestamp":"2019-09-13T18:50:34.048Z","value":189,"unitType":"CELSIUS"},"hasAnomaly":false},{"_id":"01DDPH5Z731APG9FF2DPDWKRHS","identifier":"PT-012001","name":"Turbine Inlet Pressure","unitType":"BAR","reading":{"timestamp":"2019-09-13T18:50:34.048Z","value":1.00000000140061,"unitType":"BAR"},"hasAnomaly":false},{"_id":"01DDPH5Z73JANKPP60FWMTPNF8","identifier":"PT-012002","name":"Turbine Outlet Pressure","unitType":"BAR","reading":{"timestamp":"2019-09-13T18:50:34.048Z","value":1.00000000140061,"unitType":"BAR"},"hasAnomaly":false},{"_id":"01DDPH5Z7381FS1NA4H02T8Q5F","identifier":"TT-012001","name":"Turbine Inlet Temperature","unitType":"CELSIUS","reading":{"timestamp":"2019-09-13T18:50:34.048Z","value":897.5138888888889,"unitType":"CELSIUS"},"hasAnomaly":false},{"_id":"01DDPH5Z7397H29QJ0CKWGBMBB","identifier":"TT-012002","name":"Turbine Outlet Temperature","unitType":"CELSIUS","reading":{"timestamp":"2019-09-13T18:50:34.048Z","value":647.3402777777778,"unitType":"CELSIUS"},"hasAnomaly":false},{"_id":"01DFC610RYSS5CX5ZQHNWT367Y","identifier":"PT-012004","name":"Compressor Outlet Pressure","unitType":"BAR","reading":{"timestamp":"2019-09-13T18:50:34.048Z","value":1.0132500012226675,"unitType":"BAR"},"hasAnomaly":true},{"_id":"01DDPH5Z73T0YYSF6HFZP1DW43","identifier":"PT-014001","name":"Air Cooler Inlet Pressure","unitType":"BAR","reading":null,"hasAnomaly":false},{"_id":"01DDPH5Z73ME3WZZR92W0WAS71","identifier":"PT-014002","name":"Air Cooler Outlet Pressure","unitType":"BAR","reading":null,"hasAnomaly":false},{"_id":"01DDPH5Z73BE2BGRJK98FBCCN2","identifier":"TT-014001","name":"Air Cooler Inlet Temperature","unitType":"CELSIUS","reading":{"timestamp":"2019-09-13T18:50:34.048Z","value":93.61111111111111,"unitType":"CELSIUS"},"hasAnomaly":false},{"_id":"01DDPH5Z73G060M59ASK1SAKN9","identifier":"TT-014002","name":"Air Cooler Outlet Temperature","unitType":"CELSIUS","reading":{"timestamp":"2019-09-13T18:50:34.048Z","value":116.80555555555556,"unitType":"CELSIUS"},"hasAnomaly":false},{"_id":"01DDPH5Z73V9D5GRDAHNY2ST4M","identifier":"PT-015001","name":"Scavenge Air Pressure","unitType":"BAR","reading":{"timestamp":"2019-09-13T18:50:34.048Z","value":1.006625001311639,"unitType":"BAR"},"hasAnomaly":true},{"_id":"01DDPH5Z73P60JRD656M8RY96P","identifier":"PT-011301","name":"Cylinder 1 Combustion Pressure","unitType":"BAR","reading":{"timestamp":"2019-09-13T18:50:33.571Z","value":2.0508474576271225,"unitType":"BAR"},"hasAnomaly":false},{"_id":"01DDPH5Z73CM9F1161MN7S604N","identifier":"PT-011302","name":"Cylinder 2 Combustion Pressure","unitType":"BAR","reading":{"timestamp":"2019-09-13T18:50:33.659Z","value":2.0508474576271225,"unitType":"BAR"},"hasAnomaly":false},{"_id":"01DDPH5Z73GY7SKKRV4WVK5X8B","identifier":"PT-011303","name":"Cylinder 3 Combustion Pressure","unitType":"BAR","reading":{"timestamp":"2019-09-13T18:50:33.612Z","value":0.35593220338983433,"unitType":"BAR"},"hasAnomaly":false},{"_id":"01DDPH5Z73E1F11GHYP22504D0","identifier":"PT-011304","name":"Cylinder 4 Combustion Pressure","unitType":"BAR","reading":{"timestamp":"2019-09-13T18:50:34.137Z","value":80.08474576271186,"unitType":"BAR"},"hasAnomaly":false},{"_id":"01DDPH5Z732DXNGPM9AGAY8HG4","identifier":"PT-011305","name":"Cylinder 5 Combustion Pressure","unitType":"BAR","reading":{"timestamp":"2019-09-13T18:50:34.092Z","value":2.0508474576271225,"unitType":"BAR"},"hasAnomaly":false},{"_id":"01DDPH5Z731NV07WXK4VKCDP95","identifier":"PT-011306","name":"Cylinder 6 Combustion Pressure","unitType":"BAR","reading":{"timestamp":"2019-09-13T18:50:34.179Z","value":2.0508474576271225,"unitType":"BAR"},"hasAnomaly":false},{"_id":"01DDPXV5960FYVKZ276NK1C0S8","identifier":"TT-010001","name":"Engine Room Temperature","unitType":"CELSIUS","reading":{"timestamp":"2019-09-13T18:50:34.048Z","value":72.15277777777777,"unitType":"CELSIUS"},"hasAnomaly":false},{"_id":"01DDPXW7NMEYCQG7NVWJFXTW37","identifier":"PT-010001","name":"Engine Room Pressure","unitType":"BAR","reading":{"timestamp":"2019-09-13T18:50:34.048Z","value":1,"unitType":"BAR"},"hasAnomaly":true},{"_id":"01DDPH5Z73PGACQZDS7411CA8C","identifier":"ZT-013001","name":"Fuel Rack Position","unitType":"MILLIMETER","reading":{"timestamp":"2019-09-13T18:50:34.048Z","value":91.38380618425246,"unitType":"MILLIMETER"},"hasAnomaly":false}]},"extensions":{"tracing":{"version":1,"startTime":"2019-09-13T18:50:34.513Z","endTime":"2019-09-13T18:50:34.548Z","duration":34572783,"execution":{"resolvers":[{"path":["sensors"],"parentType":"Query","fieldName":"sensors","returnType":"[Sensor!]","startOffset":95479,"duration":29976392},{"path":["sensors",0,"_id"],"parentType":"Sensor","fieldName":"_id","returnType":"ID!","startOffset":30099578,"duration":13428},{"path":["sensors",0,"identifier"],"parentType":"Sensor","fieldName":"identifier","returnType":"String!","startOffset":30118487,"duration":5062},{"path":["sensors",0,"name"],"parentType":"Sensor","fieldName":"name","returnType":"String!","startOffset":30125667,"duration":2963},{"path":["sensors",0,"unitType"],"parentType":"Sensor","fieldName":"unitType","returnType":"UnitType","startOffset":30132577,"duration":3109},{"path":["sensors",0,"reading"],"parentType":"Sensor","fieldName":"reading","returnType":"SensorReading","startOffset":30138652,"duration":6538},{"path":["sensors",0,"reading","timestamp"],"parentType":"SensorReading","fieldName":"timestamp","returnType":"String!","startOffset":30155042,"duration":5524},{"path":["sensors",0,"reading","value"],"parentType":"SensorReading","fieldName":"value","returnType":"Float!","startOffset":30162635,"duration":2911},{"path":["sensors",0,"reading","unitType"],"parentType":"SensorReading","fieldName":"unitType","returnType":"UnitType!","startOffset":30167716,"duration":4692},{"path":["sensors",0,"hasAnomaly"],"parentType":"Sensor","fieldName":"hasAnomaly","returnType":"Boolean","startOffset":30174934,"duration":2798},{"path":["sensors",1,"_id"],"parentType":"Sensor","fieldName":"_id","returnType":"ID!","startOffset":30185546,"duration":2739},{"path":["sensors",1,"identifier"],"parentType":"Sensor","fieldName":"identifier","returnType":"String!","startOffset":30190321,"duration":2429},{"path":["sensors",1,"name"],"parentType":"Sensor","fieldName":"name","returnType":"String!","startOffset":30196608,"duration":2371},{"path":["sensors",1,"unitType"],"parentType":"Sensor","fieldName":"unitType","returnType":"UnitType","startOffset":30200869,"duration":6064},{"path":["sensors",1,"reading"],"parentType":"Sensor","fieldName":"reading","returnType":"SensorReading","startOffset":30211736,"duration":3701},{"path":["sensors",1,"reading","timestamp"],"parentType":"SensorReading","fieldName":"timestamp","returnType":"String!","startOffset":30219015,"duration":5410},{"path":["sensors",1,"reading","value"],"parentType":"SensorReading","fieldName":"value","returnType":"Float!","startOffset":30226453,"duration":2592},{"path":["sensors",1,"reading","unitType"],"parentType":"SensorReading","fieldName":"unitType","returnType":"UnitType!","startOffset":30231074,"duration":4679},{"path":["sensors",1,"hasAnomaly"],"parentType":"Sensor","fieldName":"hasAnomaly","returnType":"Boolean","startOffset":30238359,"duration":2440},{"path":["sensors",2,"_id"],"parentType":"Sensor","fieldName":"_id","returnType":"ID!","startOffset":30248066,"duration":2659},{"path":["sensors",2,"identifier"],"parentType":"Sensor","fieldName":"identifier","returnType":"String!","startOffset":30252724,"duration":4446},{"path":["sensors",2,"name"],"parentType":"Sensor","fieldName":"name","returnType":"String!","startOffset":30259151,"duration":2355},{"path":["sensors",2,"unitType"],"parentType":"Sensor","fieldName":"unitType","returnType":"UnitType","startOffset":30263359,"duration":4437},{"path":["sensors",2,"reading"],"parentType":"Sensor","fieldName":"reading","returnType":"SensorReading","startOffset":30270448,"duration":3075},{"path":["sensors",2,"reading","timestamp"],"parentType":"SensorReading","fieldName":"timestamp","returnType":"String!","startOffset":30279003,"duration":2531},{"path":["sensors",2,"reading","value"],"parentType":"SensorReading","fieldName":"value","returnType":"Float!","startOffset":30283397,"duration":2461},{"path":["sensors",2,"reading","unitType"],"parentType":"SensorReading","fieldName":"unitType","returnType":"UnitType!","startOffset":30290839,"duration":2623},{"path":["sensors",2,"hasAnomaly"],"parentType":"Sensor","fieldName":"hasAnomaly","returnType":"Boolean","startOffset":30295956,"duration":2335},{"path":["sensors",3,"_id"],"parentType":"Sensor","fieldName":"_id","returnType":"ID!","startOffset":30305721,"duration":2648},{"path":["sensors",3,"identifier"],"parentType":"Sensor","fieldName":"identifier","returnType":"String!","startOffset":30310372,"duration":4340},{"path":["sensors",3,"name"],"parentType":"Sensor","fieldName":"name","returnType":"String!","startOffset":30316656,"duration":2384},{"path":["sensors",3,"unitType"],"parentType":"Sensor","fieldName":"unitType","returnType":"UnitType","startOffset":30320898,"duration":4251},{"path":["sensors",3,"reading"],"parentType":"Sensor","fieldName":"reading","returnType":"SensorReading","startOffset":30327640,"duration":4791},{"path":["sensors",3,"reading","timestamp"],"parentType":"SensorReading","fieldName":"timestamp","returnType":"String!","startOffset":30337744,"duration":2527},{"path":["sensors",3,"reading","value"],"parentType":"SensorReading","fieldName":"value","returnType":"Float!","startOffset":30342229,"duration":5089},{"path":["sensors",3,"reading","unitType"],"parentType":"SensorReading","fieldName":"unitType","returnType":"UnitType!","startOffset":30349337,"duration":2511},{"path":["sensors",3,"hasAnomaly"],"parentType":"Sensor","fieldName":"hasAnomaly","returnType":"Boolean","startOffset":30354276,"duration":5159},{"path":["sensors",4,"_id"],"parentType":"Sensor","fieldName":"_id","returnType":"ID!","startOffset":30364628,"duration":2614},{"path":["sensors",4,"identifier"],"parentType":"Sensor","fieldName":"identifier","returnType":"String!","startOffset":30371301,"duration":2462},{"path":["sensors",4,"name"],"parentType":"Sensor","fieldName":"name","returnType":"String!","startOffset":30375755,"duration":2380},{"path":["sensors",4,"unitType"],"parentType":"Sensor","fieldName":"unitType","returnType":"UnitType","startOffset":30381867,"duration":3036},{"path":["sensors",4,"reading"],"parentType":"Sensor","fieldName":"reading","returnType":"SensorReading","startOffset":30387393,"duration":2976},{"path":["sensors",4,"reading","timestamp"],"parentType":"SensorReading","fieldName":"timestamp","returnType":"String!","startOffset":30395961,"duration":2670},{"path":["sensors",4,"reading","value"],"parentType":"SensorReading","fieldName":"value","returnType":"Float!","startOffset":30401242,"duration":4688},{"path":["sensors",4,"reading","unitType"],"parentType":"SensorReading","fieldName":"unitType","returnType":"UnitType!","startOffset":30407927,"duration":2491},{"path":["sensors",4,"hasAnomaly"],"parentType":"Sensor","fieldName":"hasAnomaly","returnType":"Boolean","startOffset":30414755,"duration":2423},{"path":["sensors",5,"_id"],"parentType":"Sensor","fieldName":"_id","returnType":"ID!","startOffset":30422289,"duration":4886},{"path":["sensors",5,"identifier"],"parentType":"Sensor","fieldName":"identifier","returnType":"String!","startOffset":30429220,"duration":2492},{"path":["sensors",5,"name"],"parentType":"Sensor","fieldName":"name","returnType":"String!","startOffset":30434459,"duration":4315},{"path":["sensors",5,"unitType"],"parentType":"Sensor","fieldName":"unitType","returnType":"UnitType","startOffset":30440678,"duration":2325},{"path":["sensors",5,"reading"],"parentType":"Sensor","fieldName":"reading","returnType":"SensorReading","startOffset":30446247,"duration":5172},{"path":["sensors",5,"reading","timestamp"],"parentType":"SensorReading","fieldName":"timestamp","returnType":"String!","startOffset":30454941,"duration":3189},{"path":["sensors",5,"rea"
4862 [main] DEBUG org.apache.http.wire  -  << "ding","value"],"parentType":"SensorReading","fieldName":"value","returnType":"Float!","startOffset":30461904,"duration":2555},{"path":["sensors",5,"reading","unitType"],"parentType":"SensorReading","fieldName":"unitType","returnType":"UnitType!","startOffset":30466958,"duration":2661},{"path":["sensors",5,"hasAnomaly"],"parentType":"Sensor","fieldName":"hasAnomaly","returnType":"Boolean","startOffset":30473843,"duration":2330},{"path":["sensors",6,"_id"],"parentType":"Sensor","fieldName":"_id","returnType":"ID!","startOffset":30481758,"duration":4635},{"path":["sensors",6,"identifier"],"parentType":"Sensor","fieldName":"identifier","returnType":"String!","startOffset":30488927,"duration":2522},{"path":["sensors",6,"name"],"parentType":"Sensor","fieldName":"name","returnType":"String!","startOffset":30493356,"duration":5221},{"path":["sensors",6,"unitType"],"parentType":"Sensor","fieldName":"unitType","returnType":"UnitType","startOffset":30500480,"duration":2514},{"path":["sensors",6,"reading"],"parentType":"Sensor","fieldName":"reading","returnType":"SensorReading","startOffset":30508284,"duration":3292},{"path":["sensors",6,"reading","timestamp"],"parentType":"SensorReading","fieldName":"timestamp","returnType":"String!","startOffset":30515138,"duration":2551},{"path":["sensors",6,"reading","value"],"parentType":"SensorReading","fieldName":"value","returnType":"Float!","startOffset":30522265,"duration":2686},{"path":["sensors",6,"reading","unitType"],"parentType":"SensorReading","fieldName":"unitType","returnType":"UnitType!","startOffset":30527043,"duration":4461},{"path":["sensors",6,"hasAnomaly"],"parentType":"Sensor","fieldName":"hasAnomaly","returnType":"Boolean","startOffset":30534064,"duration":2758},{"path":["sensors",7,"_id"],"parentType":"Sensor","fieldName":"_id","returnType":"ID!","startOffset":30544837,"duration":2615},{"path":["sensors",7,"identifier"],"parentType":"Sensor","fieldName":"identifier","returnType":"String!","startOffset":30549437,"duration":2379},{"path":["sensors",7,"name"],"parentType":"Sensor","fieldName":"name","returnType":"String!","startOffset":30555572,"duration":2393},{"path":["sensors",7,"unitType"],"parentType":"Sensor","fieldName":"unitType","returnType":"UnitType","startOffset":30560691,"duration":2470},{"path":["sensors",7,"reading"],"parentType":"Sensor","fieldName":"reading","returnType":"SensorReading","startOffset":30567735,"duration":3849},{"path":["sensors",7,"reading","timestamp"],"parentType":"SensorReading","fieldName":"timestamp","returnType":"String!","startOffset":30575041,"duration":4521},{"path":["sensors",7,"reading","value"],"parentType":"SensorReading","fieldName":"value","returnType":"Float!","startOffset":30581401,"duration":2555},{"path":["sensors",7,"reading","unitType"],"parentType":"SensorReading","fieldName":"unitType","returnType":"UnitType!","startOffset":30586036,"duration":4339},{"path":["sensors",7,"hasAnomaly"],"parentType":"Sensor","fieldName":"hasAnomaly","returnType":"Boolean","startOffset":30592896,"duration":2349},{"path":["sensors",8,"_id"],"parentType":"Sensor","fieldName":"_id","returnType":"ID!","startOffset":30603360,"duration":2784},{"path":["sensors",8,"identifier"],"parentType":"Sensor","fieldName":"identifier","returnType":"String!","startOffset":30608166,"duration":4372},{"path":["sensors",8,"name"],"parentType":"Sensor","fieldName":"name","returnType":"String!","startOffset":30615081,"duration":2540},{"path":["sensors",8,"unitType"],"parentType":"Sensor","fieldName":"unitType","returnType":"UnitType","startOffset":30619993,"duration":4456},{"path":["sensors",8,"reading"],"parentType":"Sensor","fieldName":"reading","returnType":"SensorReading","startOffset":30627021,"duration":3042},{"path":["sensors",8,"reading","timestamp"],"parentType":"SensorReading","fieldName":"timestamp","returnType":"String!","startOffset":30636057,"duration":2703},{"path":["sensors",8,"reading","value"],"parentType":"SensorReading","fieldName":"value","returnType":"Float!","startOffset":30641257,"duration":2689},{"path":["sensors",8,"reading","unitType"],"parentType":"SensorReading","fieldName":"unitType","returnType":"UnitType!","startOffset":30647848,"duration":3130},{"path":["sensors",8,"hasAnomaly"],"parentType":"Sensor","fieldName":"hasAnomaly","returnType":"Boolean","startOffset":30653435,"duration":2331},{"path":["sensors",9,"_id"],"parentType":"Sensor","fieldName":"_id","returnType":"ID!","startOffset":30663430,"duration":3028},{"path":["sensors",9,"identifier"],"parentType":"Sensor","fieldName":"identifier","returnType":"String!","startOffset":30670626,"duration":2511},{"path":["sensors",9,"name"],"parentType":"Sensor","fieldName":"name","returnType":"String!","startOffset":30675024,"duration":2399},{"path":["sensors",9,"unitType"],"parentType":"Sensor","fieldName":"unitType","returnType":"UnitType","startOffset":30682041,"duration":2427},{"path":["sensors",9,"reading"],"parentType":"Sensor","fieldName":"reading","returnType":"SensorReading","startOffset":30687630,"duration":5054},{"path":["sensors",9,"reading","timestamp"],"parentType":"SensorReading","fieldName":"timestamp","returnType":"String!","startOffset":30696190,"duration":2617},{"path":["sensors",9,"reading","value"],"parentType":"SensorReading","fieldName":"value","returnType":"Float!","startOffset":30700610,"duration":4945},{"path":["sensors",9,"reading","unitType"],"parentType":"SensorReading","fieldName":"unitType","returnType":"UnitType!","startOffset":30707547,"duration":2548},{"path":["sensors",9,"hasAnomaly"],"parentType":"Sensor","fieldName":"hasAnomaly","returnType":"Boolean","startOffset":30712592,"duration":4562},{"path":["sensors",10,"_id"],"parentType":"Sensor","fieldName":"_id","returnType":"ID!","startOffset":30722174,"duration":4532},{"path":["sensors",10,"identifier"],"parentType":"Sensor","fieldName":"identifier","returnType":"String!","startOffset":30728722,"duration":2429},{"path":["sensors",10,"name"],"parentType":"Sensor","fieldName":"name","returnType":"String!","startOffset":30733925,"duration":4414},{"path":["sensors",10,"unitType"],"parentType":"Sensor","fieldName":"unitType","returnType":"UnitType","startOffset":30740376,"duration":3176},{"path":["sensors",10,"reading"],"parentType":"Sensor","fieldName":"reading","returnType":"SensorReading","startOffset":30746019,"duration":5093},{"path":["sensors",10,"reading","timestamp"],"parentType":"SensorReading","fieldName":"timestamp","returnType":"String!","startOffset":30755332,"duration":2656},{"path":["sensors",10,"reading","value"],"parentType":"SensorReading","fieldName":"value","returnType":"Float!","startOffset":30762012,"duration":2654},{"path":["sensors",10,"reading","unitType"],"parentType":"SensorReading","fieldName":"unitType","returnType":"UnitType!","startOffset":30767095,"duration":2590},{"path":["sensors",10,"hasAnomaly"],"parentType":"Sensor","fieldName":"hasAnomaly","returnType":"Boolean","startOffset":30774032,"duration":2980},{"path":["sensors",11,"_id"],"parentType":"Sensor","fieldName":"_id","returnType":"ID!","startOffset":30782032,"duration":4611},{"path":["sensors",11,"identifier"],"parentType":"Sensor","fieldName":"identifier","returnType":"String!","startOffset":30788700,"duration":2380},{"path":["sensors",11,"name"],"parentType":"Sensor","fieldName":"name","returnType":"String!","startOffset":30792962,"duration":4253},{"path":["sensors",11,"unitType"],"parentType":"Sensor","fieldName":"unitType","returnType":"UnitType","startOffset":30799974,"duration":2382},{"path":["sensors",11,"reading"],"parentType":"Sensor","fieldName":"reading","returnType":"SensorReading","startOffset":30804860,"duration":5755},{"path":["sensors",11,"reading","timestamp"],"parentType":"SensorReading","fieldName":"timestamp","returnType":"String!","startOffset":30814142,"duration":2533},{"path":["sensors",11,"reading","value"],"parentType":"SensorReading","fieldName":"value","returnType":"Float!","startOffset":30820402,"duration":2530},{"path":["sensors",11,"reading","unitType"],"parentType":"SensorReading","fieldName":"unitType","returnType":"UnitType!","startOffset":30824991,"duration":2489},{"path":["sensors",11,"hasAnomaly"],"parentType":"Sensor","fieldName":"hasAnomaly","returnType":"Boolean","startOffset":30831833,"duration":2358},{"path":["sensors",12,"_id"],"parentType":"Sensor","fieldName":"_id","returnType":"ID!","startOffset":30839284,"duration":4408},{"path":["sensors",12,"identifier"],"parentType":"Sensor","fieldName":"identifier","returnType":"String!","startOffset":30845741,"duration":2406},{"path":["sensors",12,"name"],"parentType":"Sensor","fieldName":"name","returnType":"String!","startOffset":30850010,"duration":4450},{"path":["sensors",12,"unitType"],"parentType":"Sensor","fieldName":"unitType","returnType":"UnitType","startOffset":30856524,"duration":2333},{"path":["sensors",12,"reading"],"parentType":"Sensor","fieldName":"reading","returnType":"SensorReading","startOffset":30863144,"duration":2965},{"path":["sensors",12,"reading","timestamp"],"parentType":"SensorReading","fieldName":"timestamp","returnType":"String!","startOffset":30869536,"duration":3147},{"path":["sensors",12,"reading","value"],"parentType":"SensorReading","fieldName":"value","returnType":"Float!","startOffset":30876479,"duration":2571},{"path":["sensors",12,"reading","unitType"],"parentType":"SensorReading","fieldName":"unitType","returnType":"UnitType!","startOffset":30881550,"duration":4476},{"path":["sensors",12,"hasAnomaly"],"parentType":"Sensor","fieldName":"hasAnomaly","returnType":"Boolean","startOffset":30889035,"duration":2484},{"path":["sensors",13,"_id"],"parentType":"Sensor","fieldName":"_id","returnType":"ID!","startOffset":30898679,"duration":2738},{"path":["sensors",13,"identifier"],"parentType":"Sensor","fieldName":"identifier","returnType":"String!","startOffset":30903405,"duration":2375},{"path":["sensors",13,"name"],"parentType":"Sensor","fieldName":"name","returnType":"String!","startOffset":30909583,"duration":2421},{"path":["sensors",13,"unitType"],"parentType":"Sensor","fieldName":"unitType","returnType":"UnitType","startOffset":30913900,"duration":2316},{"path":["sensors",13,"reading"],"parentType":"Sensor","fieldName":"reading","returnType":"SensorReading","startOffset":30920556,"duration":2923},{"path":["sensors",13,"reading","timestamp"],"parentType":"SensorReading","fieldName":"timestamp","returnType":"String!","startOffset":30926910,"duration":4521},{"path":["sensors",13,"reading","value"],"parentType":"SensorReading","fieldName":"value","returnType":"Float!","startOffset":30933266,"duration":2467},{"path":["sensors",13,"reading","unitType"],"parentType":"SensorReading","fieldName":"unitType","returnType":"UnitType!","startOffset":30937632,"duration":5295},{"path":["sensors",13,"hasAnomaly"],"parentType":"Sensor","fieldName":"hasAnomaly","returnType":"Boolean","startOffset":30945407,"duration":2336},{"path":["sensors",14,"_id"],"parentType":"Sensor","fieldName":"_id","returnType":"ID!","startOffset":30954737,"duration":2801},{"path":["sensors",14,"identifier"],"parentType":"Sensor","fieldName":"identifier","returnType":"String!","startOffset":30959553,"duration":3034},{"path":["sensors",14,"name"],"parentType":"Sensor","fieldName":"name","returnType":"String!","startOffset":30966477,"duration":2353},{"path":["sensors",14,"unitType"],"parentType":"Sensor","fieldName":"unitType","returnType":"UnitType","startOffset":30970775,"duration":2327},{"path":["sensors",14,"reading"],"parentType":"Sensor","fieldName":"reading","returnType":"SensorReading","startOffset":30977390,"duration":2960},{"path":["sensors",14,"reading","timestamp"],"parentType":"SensorReading","fieldName":"timestamp","returnType":"String!","startOffset":30983820,"duration":5340},{"path":["sensors",14,"reading","value"],"parentType":"SensorReading","fieldName":"value","returnType":"Float!","startOffset":30991028,"duration":2543},{"path":["sensors",14,"reading","unitType"],"parentType":"SensorReading","fieldName":"unitType","returnType":"UnitType!","startOffset":30996057,"duration":4575},{"path":["sensors",14,"hasAnomaly"],"parentType":"Sensor","fieldName":"hasAnomaly","returnType":"Boolean","startOffset":31003328,"duration":2402},{"path":["sensors",15,"_id"],"parentType":"Sensor","fieldName":"_id","returnType":"ID!","startOffset":31013288,"duration":2595},{"path":["sensors",15,"identifier"],"parentType":"Sensor","fieldName":"identifier","returnType":"String!","startOffset":31018443,"duration":3375},{"path":["sensors",15,"name"],"parentType":"Sensor","fieldName":"name","returnType":"String!","startOffset":31023801,"duration":2376},{"path":["sensors",15,"unitType"],"parentType":"Sensor","fieldName":"unitType","returnType":"UnitType","startOffset":31028362,"duration":5709},{"path":["sensors",15,"reading"],"parentType":"Sensor","fieldName":"reading","returnType":"SensorReading","startOffset":31036637,"duration":6912},{"path":["sensors",15,"reading","timestamp"],"parentType":"SensorReading","fieldName":"timestamp","returnType":"String!","startOffset":31047268,"duration":4832},{"path":["sensors",15,"reading","value"],"parentType":"SensorReading","fieldName":"value","returnType":"Float!","startOffset":31053944,"duration":2535},{"path":["sensors",15,"reading","unitType"],"parentType":"SensorReading","fieldName":"unitType","returnType":"UnitType!","startOffset":31058442,"duration":4469},{"path":["sensors",15,"hasAnomaly"],"parentType":"Sensor","fieldName":"hasAnomaly","returnType":"Boolean","startOffset":31065349,"duration":2354},{"path":["sensors",16,"_id"],"parentType":"Sensor","fieldName":"_id","returnType":"ID!","startOffset":31074833,"duration":2668},{"path":["sensors",16,"identifier"],"parentType":"Sensor","fieldName":"identifier","returnType":"String!","startOffset":31079604,"duration":2402},{"path":["sensors",16,"name"],"parentType":"Sensor","fieldName":"name","returnType":"String!","startOffset":31086975,"duration":2591},{"path":["sensors",16,"unitType"],"parentType":"Sensor","fieldName":"unitType","returnType":"UnitType","startOffset":31091479,"duration":3165},{"path":["sensors",16,"reading"],"parentType":"Sensor","fieldName":"reading","returnType":"SensorReading","startOffset":31099127,"duration":2887},{"path":["sensors",16,"reading","timestamp"],"parentType":"SensorReading","fieldName":"timestamp","returnType":"String!","startOffset":31106057,"duration":4518},{"path":["sensors",16,"reading","value"],"parentType":"SensorReading","fieldName":"value","returnType":"Float!","startOffset":31113309,"duration":2697},{"path":["sensors",16,"reading","unitType"],"parentType":"SensorReading","fieldName":"unitType","returnType":"UnitType!","startOffset":31118013,"duration":4358},{"path":["sensors",16,"hasAnomaly"],"parentType":"Sensor","fieldName":"hasAnomaly","returnType":"Boolean","startOffset":31124879,"duration":2330},{"path":["sensors",17,"_id"],"parentType":"Sensor","fieldName":"_id","returnType":"ID!","startOffset":31134778,"duration":2771},{"path":["sensors",17,"identifier"],"parentType":"Sensor","fieldName":"identifier","returnType":"String!","startOffset":31139502,"duration":4390},{"path":["sensors",17,"name"],"parentType":"Sensor","fieldName":"name","returnType":"String!","startOffset":31145766,"duration":2405},{"path":["sensors",17,"unitType"],"parentType":"Sensor","fieldName":"unitType","returnType":"UnitType","startOffset":31150056,"duration":4208},{"path":["sensors",17,"reading"],"parentType":"Sensor","fieldName":"reading","returnType":"SensorReading","startOffset":31156750,"duration":3208},{"path":["sensors",17,"reading","timestamp"],"parentType":"SensorReading","fieldName":"timestamp","returnType":"String!","startOffset":31165879,"duration":2574},{"path":["sensors",17,"reading","value"],"parentType":"SensorReading","fieldName":"value","returnType":"Float!","startOffset":31170299,"duration":2539},{"path":["sensors",17,"reading","unitType"],"parentType":"SensorReading","fieldName":"unitType","returnType":"UnitType!","startOffset":31176752,"duration":2509},{"path":["sensors",17,"hasAnomaly"],"parentType":"Sensor","fieldName":"hasAnomaly","returnType":"Boolean","startOffset":31181660,"duration":2316},{"path":["sensors",18,"_id"],"parentType":"Sensor","fieldName":"_id","returnType":"ID!","startOffset":31191513,"duration":2619},{"path":["sensors",18,"identifier"],"parentType":"Sensor""
4862 [main] DEBUG org.apache.http.wire  -  << "ding","value"],"parentType":"SensorReading","fieldName":"value","returnType":"Float!","startOffset":30461904,"duration":2555},{"path":["sensors",5,"reading","unitType"],"parentType":"SensorReading","fieldName":"unitType","returnType":"UnitType!","startOffset":30466958,"duration":2661},{"path":["sensors",5,"hasAnomaly"],"parentType":"Sensor","fieldName":"hasAnomaly","returnType":"Boolean","startOffset":30473843,"duration":2330},{"path":["sensors",6,"_id"],"parentType":"Sensor","fieldName":"_id","returnType":"ID!","startOffset":30481758,"duration":4635},{"path":["sensors",6,"identifier"],"parentType":"Sensor","fieldName":"identifier","returnType":"String!","startOffset":30488927,"duration":2522},{"path":["sensors",6,"name"],"parentType":"Sensor","fieldName":"name","returnType":"String!","startOffset":30493356,"duration":5221},{"path":["sensors",6,"unitType"],"parentType":"Sensor","fieldName":"unitType","returnType":"UnitType","startOffset":30500480,"duration":2514},{"path":["sensors",6,"reading"],"parentType":"Sensor","fieldName":"reading","returnType":"SensorReading","startOffset":30508284,"duration":3292},{"path":["sensors",6,"reading","timestamp"],"parentType":"SensorReading","fieldName":"timestamp","returnType":"String!","startOffset":30515138,"duration":2551},{"path":["sensors",6,"reading","value"],"parentType":"SensorReading","fieldName":"value","returnType":"Float!","startOffset":30522265,"duration":2686},{"path":["sensors",6,"reading","unitType"],"parentType":"SensorReading","fieldName":"unitType","returnType":"UnitType!","startOffset":30527043,"duration":4461},{"path":["sensors",6,"hasAnomaly"],"parentType":"Sensor","fieldName":"hasAnomaly","returnType":"Boolean","startOffset":30534064,"duration":2758},{"path":["sensors",7,"_id"],"parentType":"Sensor","fieldName":"_id","returnType":"ID!","startOffset":30544837,"duration":2615},{"path":["sensors",7,"identifier"],"parentType":"Sensor","fieldName":"identifier","returnType":"String!","startOffset":30549437,"duration":2379},{"path":["sensors",7,"name"],"parentType":"Sensor","fieldName":"name","returnType":"String!","startOffset":30555572,"duration":2393},{"path":["sensors",7,"unitType"],"parentType":"Sensor","fieldName":"unitType","returnType":"UnitType","startOffset":30560691,"duration":2470},{"path":["sensors",7,"reading"],"parentType":"Sensor","fieldName":"reading","returnType":"SensorReading","startOffset":30567735,"duration":3849},{"path":["sensors",7,"reading","timestamp"],"parentType":"SensorReading","fieldName":"timestamp","returnType":"String!","startOffset":30575041,"duration":4521},{"path":["sensors",7,"reading","value"],"parentType":"SensorReading","fieldName":"value","returnType":"Float!","startOffset":30581401,"duration":2555},{"path":["sensors",7,"reading","unitType"],"parentType":"SensorReading","fieldName":"unitType","returnType":"UnitType!","startOffset":30586036,"duration":4339},{"path":["sensors",7,"hasAnomaly"],"parentType":"Sensor","fieldName":"hasAnomaly","returnType":"Boolean","startOffset":30592896,"duration":2349},{"path":["sensors",8,"_id"],"parentType":"Sensor","fieldName":"_id","returnType":"ID!","startOffset":30603360,"duration":2784},{"path":["sensors",8,"identifier"],"parentType":"Sensor","fieldName":"identifier","returnType":"String!","startOffset":30608166,"duration":4372},{"path":["sensors",8,"name"],"parentType":"Sensor","fieldName":"name","returnType":"String!","startOffset":30615081,"duration":2540},{"path":["sensors",8,"unitType"],"parentType":"Sensor","fieldName":"unitType","returnType":"UnitType","startOffset":30619993,"duration":4456},{"path":["sensors",8,"reading"],"parentType":"Sensor","fieldName":"reading","returnType":"SensorReading","startOffset":30627021,"duration":3042},{"path":["sensors",8,"reading","timestamp"],"parentType":"SensorReading","fieldName":"timestamp","returnType":"String!","startOffset":30636057,"duration":2703},{"path":["sensors",8,"reading","value"],"parentType":"SensorReading","fieldName":"value","returnType":"Float!","startOffset":30641257,"duration":2689},{"path":["sensors",8,"reading","unitType"],"parentType":"SensorReading","fieldName":"unitType","returnType":"UnitType!","startOffset":30647848,"duration":3130},{"path":["sensors",8,"hasAnomaly"],"parentType":"Sensor","fieldName":"hasAnomaly","returnType":"Boolean","startOffset":30653435,"duration":2331},{"path":["sensors",9,"_id"],"parentType":"Sensor","fieldName":"_id","returnType":"ID!","startOffset":30663430,"duration":3028},{"path":["sensors",9,"identifier"],"parentType":"Sensor","fieldName":"identifier","returnType":"String!","startOffset":30670626,"duration":2511},{"path":["sensors",9,"name"],"parentType":"Sensor","fieldName":"name","returnType":"String!","startOffset":30675024,"duration":2399},{"path":["sensors",9,"unitType"],"parentType":"Sensor","fieldName":"unitType","returnType":"UnitType","startOffset":30682041,"duration":2427},{"path":["sensors",9,"reading"],"parentType":"Sensor","fieldName":"reading","returnType":"SensorReading","startOffset":30687630,"duration":5054},{"path":["sensors",9,"reading","timestamp"],"parentType":"SensorReading","fieldName":"timestamp","returnType":"String!","startOffset":30696190,"duration":2617},{"path":["sensors",9,"reading","value"],"parentType":"SensorReading","fieldName":"value","returnType":"Float!","startOffset":30700610,"duration":4945},{"path":["sensors",9,"reading","unitType"],"parentType":"SensorReading","fieldName":"unitType","returnType":"UnitType!","startOffset":30707547,"duration":2548},{"path":["sensors",9,"hasAnomaly"],"parentType":"Sensor","fieldName":"hasAnomaly","returnType":"Boolean","startOffset":30712592,"duration":4562},{"path":["sensors",10,"_id"],"parentType":"Sensor","fieldName":"_id","returnType":"ID!","startOffset":30722174,"duration":4532},{"path":["sensors",10,"identifier"],"parentType":"Sensor","fieldName":"identifier","returnType":"String!","startOffset":30728722,"duration":2429},{"path":["sensors",10,"name"],"parentType":"Sensor","fieldName":"name","returnType":"String!","startOffset":30733925,"duration":4414},{"path":["sensors",10,"unitType"],"parentType":"Sensor","fieldName":"unitType","returnType":"UnitType","startOffset":30740376,"duration":3176},{"path":["sensors",10,"reading"],"parentType":"Sensor","fieldName":"reading","returnType":"SensorReading","startOffset":30746019,"duration":5093},{"path":["sensors",10,"reading","timestamp"],"parentType":"SensorReading","fieldName":"timestamp","returnType":"String!","startOffset":30755332,"duration":2656},{"path":["sensors",10,"reading","value"],"parentType":"SensorReading","fieldName":"value","returnType":"Float!","startOffset":30762012,"duration":2654},{"path":["sensors",10,"reading","unitType"],"parentType":"SensorReading","fieldName":"unitType","returnType":"UnitType!","startOffset":30767095,"duration":2590},{"path":["sensors",10,"hasAnomaly"],"parentType":"Sensor","fieldName":"hasAnomaly","returnType":"Boolean","startOffset":30774032,"duration":2980},{"path":["sensors",11,"_id"],"parentType":"Sensor","fieldName":"_id","returnType":"ID!","startOffset":30782032,"duration":4611},{"path":["sensors",11,"identifier"],"parentType":"Sensor","fieldName":"identifier","returnType":"String!","startOffset":30788700,"duration":2380},{"path":["sensors",11,"name"],"parentType":"Sensor","fieldName":"name","returnType":"String!","startOffset":30792962,"duration":4253},{"path":["sensors",11,"unitType"],"parentType":"Sensor","fieldName":"unitType","returnType":"UnitType","startOffset":30799974,"duration":2382},{"path":["sensors",11,"reading"],"parentType":"Sensor","fieldName":"reading","returnType":"SensorReading","startOffset":30804860,"duration":5755},{"path":["sensors",11,"reading","timestamp"],"parentType":"SensorReading","fieldName":"timestamp","returnType":"String!","startOffset":30814142,"duration":2533},{"path":["sensors",11,"reading","value"],"parentType":"SensorReading","fieldName":"value","returnType":"Float!","startOffset":30820402,"duration":2530},{"path":["sensors",11,"reading","unitType"],"parentType":"SensorReading","fieldName":"unitType","returnType":"UnitType!","startOffset":30824991,"duration":2489},{"path":["sensors",11,"hasAnomaly"],"parentType":"Sensor","fieldName":"hasAnomaly","returnType":"Boolean","startOffset":30831833,"duration":2358},{"path":["sensors",12,"_id"],"parentType":"Sensor","fieldName":"_id","returnType":"ID!","startOffset":30839284,"duration":4408},{"path":["sensors",12,"identifier"],"parentType":"Sensor","fieldName":"identifier","returnType":"String!","startOffset":30845741,"duration":2406},{"path":["sensors",12,"name"],"parentType":"Sensor","fieldName":"name","returnType":"String!","startOffset":30850010,"duration":4450},{"path":["sensors",12,"unitType"],"parentType":"Sensor","fieldName":"unitType","returnType":"UnitType","startOffset":30856524,"duration":2333},{"path":["sensors",12,"reading"],"parentType":"Sensor","fieldName":"reading","returnType":"SensorReading","startOffset":30863144,"duration":2965},{"path":["sensors",12,"reading","timestamp"],"parentType":"SensorReading","fieldName":"timestamp","returnType":"String!","startOffset":30869536,"duration":3147},{"path":["sensors",12,"reading","value"],"parentType":"SensorReading","fieldName":"value","returnType":"Float!","startOffset":30876479,"duration":2571},{"path":["sensors",12,"reading","unitType"],"parentType":"SensorReading","fieldName":"unitType","returnType":"UnitType!","startOffset":30881550,"duration":4476},{"path":["sensors",12,"hasAnomaly"],"parentType":"Sensor","fieldName":"hasAnomaly","returnType":"Boolean","startOffset":30889035,"duration":2484},{"path":["sensors",13,"_id"],"parentType":"Sensor","fieldName":"_id","returnType":"ID!","startOffset":30898679,"duration":2738},{"path":["sensors",13,"identifier"],"parentType":"Sensor","fieldName":"identifier","returnType":"String!","startOffset":30903405,"duration":2375},{"path":["sensors",13,"name"],"parentType":"Sensor","fieldName":"name","returnType":"String!","startOffset":30909583,"duration":2421},{"path":["sensors",13,"unitType"],"parentType":"Sensor","fieldName":"unitType","returnType":"UnitType","startOffset":30913900,"duration":2316},{"path":["sensors",13,"reading"],"parentType":"Sensor","fieldName":"reading","returnType":"SensorReading","startOffset":30920556,"duration":2923},{"path":["sensors",13,"reading","timestamp"],"parentType":"SensorReading","fieldName":"timestamp","returnType":"String!","startOffset":30926910,"duration":4521},{"path":["sensors",13,"reading","value"],"parentType":"SensorReading","fieldName":"value","returnType":"Float!","startOffset":30933266,"duration":2467},{"path":["sensors",13,"reading","unitType"],"parentType":"SensorReading","fieldName":"unitType","returnType":"UnitType!","startOffset":30937632,"duration":5295},{"path":["sensors",13,"hasAnomaly"],"parentType":"Sensor","fieldName":"hasAnomaly","returnType":"Boolean","startOffset":30945407,"duration":2336},{"path":["sensors",14,"_id"],"parentType":"Sensor","fieldName":"_id","returnType":"ID!","startOffset":30954737,"duration":2801},{"path":["sensors",14,"identifier"],"parentType":"Sensor","fieldName":"identifier","returnType":"String!","startOffset":30959553,"duration":3034},{"path":["sensors",14,"name"],"parentType":"Sensor","fieldName":"name","returnType":"String!","startOffset":30966477,"duration":2353},{"path":["sensors",14,"unitType"],"parentType":"Sensor","fieldName":"unitType","returnType":"UnitType","startOffset":30970775,"duration":2327},{"path":["sensors",14,"reading"],"parentType":"Sensor","fieldName":"reading","returnType":"SensorReading","startOffset":30977390,"duration":2960},{"path":["sensors",14,"reading","timestamp"],"parentType":"SensorReading","fieldName":"timestamp","returnType":"String!","startOffset":30983820,"duration":5340},{"path":["sensors",14,"reading","value"],"parentType":"SensorReading","fieldName":"value","returnType":"Float!","startOffset":30991028,"duration":2543},{"path":["sensors",14,"reading","unitType"],"parentType":"SensorReading","fieldName":"unitType","returnType":"UnitType!","startOffset":30996057,"duration":4575},{"path":["sensors",14,"hasAnomaly"],"parentType":"Sensor","fieldName":"hasAnomaly","returnType":"Boolean","startOffset":31003328,"duration":2402},{"path":["sensors",15,"_id"],"parentType":"Sensor","fieldName":"_id","returnType":"ID!","startOffset":31013288,"duration":2595},{"path":["sensors",15,"identifier"],"parentType":"Sensor","fieldName":"identifier","returnType":"String!","startOffset":31018443,"duration":3375},{"path":["sensors",15,"name"],"parentType":"Sensor","fieldName":"name","returnType":"String!","startOffset":31023801,"duration":2376},{"path":["sensors",15,"unitType"],"parentType":"Sensor","fieldName":"unitType","returnType":"UnitType","startOffset":31028362,"duration":5709},{"path":["sensors",15,"reading"],"parentType":"Sensor","fieldName":"reading","returnType":"SensorReading","startOffset":31036637,"duration":6912},{"path":["sensors",15,"reading","timestamp"],"parentType":"SensorReading","fieldName":"timestamp","returnType":"String!","startOffset":31047268,"duration":4832},{"path":["sensors",15,"reading","value"],"parentType":"SensorReading","fieldName":"value","returnType":"Float!","startOffset":31053944,"duration":2535},{"path":["sensors",15,"reading","unitType"],"parentType":"SensorReading","fieldName":"unitType","returnType":"UnitType!","startOffset":31058442,"duration":4469},{"path":["sensors",15,"hasAnomaly"],"parentType":"Sensor","fieldName":"hasAnomaly","returnType":"Boolean","startOffset":31065349,"duration":2354},{"path":["sensors",16,"_id"],"parentType":"Sensor","fieldName":"_id","returnType":"ID!","startOffset":31074833,"duration":2668},{"path":["sensors",16,"identifier"],"parentType":"Sensor","fieldName":"identifier","returnType":"String!","startOffset":31079604,"duration":2402},{"path":["sensors",16,"name"],"parentType":"Sensor","fieldName":"name","returnType":"String!","startOffset":31086975,"duration":2591},{"path":["sensors",16,"unitType"],"parentType":"Sensor","fieldName":"unitType","returnType":"UnitType","startOffset":31091479,"duration":3165},{"path":["sensors",16,"reading"],"parentType":"Sensor","fieldName":"reading","returnType":"SensorReading","startOffset":31099127,"duration":2887},{"path":["sensors",16,"reading","timestamp"],"parentType":"SensorReading","fieldName":"timestamp","returnType":"String!","startOffset":31106057,"duration":4518},{"path":["sensors",16,"reading","value"],"parentType":"SensorReading","fieldName":"value","returnType":"Float!","startOffset":31113309,"duration":2697},{"path":["sensors",16,"reading","unitType"],"parentType":"SensorReading","fieldName":"unitType","returnType":"UnitType!","startOffset":31118013,"duration":4358},{"path":["sensors",16,"hasAnomaly"],"parentType":"Sensor","fieldName":"hasAnomaly","returnType":"Boolean","startOffset":31124879,"duration":2330},{"path":["sensors",17,"_id"],"parentType":"Sensor","fieldName":"_id","returnType":"ID!","startOffset":31134778,"duration":2771},{"path":["sensors",17,"identifier"],"parentType":"Sensor","fieldName":"identifier","returnType":"String!","startOffset":31139502,"duration":4390},{"path":["sensors",17,"name"],"parentType":"Sensor","fieldName":"name","returnType":"String!","startOffset":31145766,"duration":2405},{"path":["sensors",17,"unitType"],"parentType":"Sensor","fieldName":"unitType","returnType":"UnitType","startOffset":31150056,"duration":4208},{"path":["sensors",17,"reading"],"parentType":"Sensor","fieldName":"reading","returnType":"SensorReading","startOffset":31156750,"duration":3208},{"path":["sensors",17,"reading","timestamp"],"parentType":"SensorReading","fieldName":"timestamp","returnType":"String!","startOffset":31165879,"duration":2574},{"path":["sensors",17,"reading","value"],"parentType":"SensorReading","fieldName":"value","returnType":"Float!","startOffset":31170299,"duration":2539},{"path":["sensors",17,"reading","unitType"],"parentType":"SensorReading","fieldName":"unitType","returnType":"UnitType!","startOffset":31176752,"duration":2509},{"path":["sensors",17,"hasAnomaly"],"parentType":"Sensor","fieldName":"hasAnomaly","returnType":"Boolean","startOffset":31181660,"duration":2316},{"path":["sensors",18,"_id"],"parentType":"Sensor","fieldName":"_id","returnType":"ID!","startOffset":31191513,"duration":2619},{"path":["sensors",18,"identifier"],"parentType":"Sensor""
4862 [main] DEBUG org.apache.http.wire  -  << "ding","value"],"parentType":"SensorReading","fieldName":"value","returnType":"Float!","startOffset":30461904,"duration":2555},{"path":["sensors",5,"reading","unitType"],"parentType":"SensorReading","fieldName":"unitType","returnType":"UnitType!","startOffset":30466958,"duration":2661},{"path":["sensors",5,"hasAnomaly"],"parentType":"Sensor","fieldName":"hasAnomaly","returnType":"Boolean","startOffset":30473843,"duration":2330},{"path":["sensors",6,"_id"],"parentType":"Sensor","fieldName":"_id","returnType":"ID!","startOffset":30481758,"duration":4635},{"path":["sensors",6,"identifier"],"parentType":"Sensor","fieldName":"identifier","returnType":"String!","startOffset":30488927,"duration":2522},{"path":["sensors",6,"name"],"parentType":"Sensor","fieldName":"name","returnType":"String!","startOffset":30493356,"duration":5221},{"path":["sensors",6,"unitType"],"parentType":"Sensor","fieldName":"unitType","returnType":"UnitType","startOffset":30500480,"duration":2514},{"path":["sensors",6,"reading"],"parentType":"Sensor","fieldName":"reading","returnType":"SensorReading","startOffset":30508284,"duration":3292},{"path":["sensors",6,"reading","timestamp"],"parentType":"SensorReading","fieldName":"timestamp","returnType":"String!","startOffset":30515138,"duration":2551},{"path":["sensors",6,"reading","value"],"parentType":"SensorReading","fieldName":"value","returnType":"Float!","startOffset":30522265,"duration":2686},{"path":["sensors",6,"reading","unitType"],"parentType":"SensorReading","fieldName":"unitType","returnType":"UnitType!","startOffset":30527043,"duration":4461},{"path":["sensors",6,"hasAnomaly"],"parentType":"Sensor","fieldName":"hasAnomaly","returnType":"Boolean","startOffset":30534064,"duration":2758},{"path":["sensors",7,"_id"],"parentType":"Sensor","fieldName":"_id","returnType":"ID!","startOffset":30544837,"duration":2615},{"path":["sensors",7,"identifier"],"parentType":"Sensor","fieldName":"identifier","returnType":"String!","startOffset":30549437,"duration":2379},{"path":["sensors",7,"name"],"parentType":"Sensor","fieldName":"name","returnType":"String!","startOffset":30555572,"duration":2393},{"path":["sensors",7,"unitType"],"parentType":"Sensor","fieldName":"unitType","returnType":"UnitType","startOffset":30560691,"duration":2470},{"path":["sensors",7,"reading"],"parentType":"Sensor","fieldName":"reading","returnType":"SensorReading","startOffset":30567735,"duration":3849},{"path":["sensors",7,"reading","timestamp"],"parentType":"SensorReading","fieldName":"timestamp","returnType":"String!","startOffset":30575041,"duration":4521},{"path":["sensors",7,"reading","value"],"parentType":"SensorReading","fieldName":"value","returnType":"Float!","startOffset":30581401,"duration":2555},{"path":["sensors",7,"reading","unitType"],"parentType":"SensorReading","fieldName":"unitType","returnType":"UnitType!","startOffset":30586036,"duration":4339},{"path":["sensors",7,"hasAnomaly"],"parentType":"Sensor","fieldName":"hasAnomaly","returnType":"Boolean","startOffset":30592896,"duration":2349},{"path":["sensors",8,"_id"],"parentType":"Sensor","fieldName":"_id","returnType":"ID!","startOffset":30603360,"duration":2784},{"path":["sensors",8,"identifier"],"parentType":"Sensor","fieldName":"identifier","returnType":"String!","startOffset":30608166,"duration":4372},{"path":["sensors",8,"name"],"parentType":"Sensor","fieldName":"name","returnType":"String!","startOffset":30615081,"duration":2540},{"path":["sensors",8,"unitType"],"parentType":"Sensor","fieldName":"unitType","returnType":"UnitType","startOffset":30619993,"duration":4456},{"path":["sensors",8,"reading"],"parentType":"Sensor","fieldName":"reading","returnType":"SensorReading","startOffset":30627021,"duration":3042},{"path":["sensors",8,"reading","timestamp"],"parentType":"SensorReading","fieldName":"timestamp","returnType":"String!","startOffset":30636057,"duration":2703},{"path":["sensors",8,"reading","value"],"parentType":"SensorReading","fieldName":"value","returnType":"Float!","startOffset":30641257,"duration":2689},{"path":["sensors",8,"reading","unitType"],"parentType":"SensorReading","fieldName":"unitType","returnType":"UnitType!","startOffset":30647848,"duration":3130},{"path":["sensors",8,"hasAnomaly"],"parentType":"Sensor","fieldName":"hasAnomaly","returnType":"Boolean","startOffset":30653435,"duration":2331},{"path":["sensors",9,"_id"],"parentType":"Sensor","fieldName":"_id","returnType":"ID!","startOffset":30663430,"duration":3028},{"path":["sensors",9,"identifier"],"parentType":"Sensor","fieldName":"identifier","returnType":"String!","startOffset":30670626,"duration":2511},{"path":["sensors",9,"name"],"parentType":"Sensor","fieldName":"name","returnType":"String!","startOffset":30675024,"duration":2399},{"path":["sensors",9,"unitType"],"parentType":"Sensor","fieldName":"unitType","returnType":"UnitType","startOffset":30682041,"duration":2427},{"path":["sensors",9,"reading"],"parentType":"Sensor","fieldName":"reading","returnType":"SensorReading","startOffset":30687630,"duration":5054},{"path":["sensors",9,"reading","timestamp"],"parentType":"SensorReading","fieldName":"timestamp","returnType":"String!","startOffset":30696190,"duration":2617},{"path":["sensors",9,"reading","value"],"parentType":"SensorReading","fieldName":"value","returnType":"Float!","startOffset":30700610,"duration":4945},{"path":["sensors",9,"reading","unitType"],"parentType":"SensorReading","fieldName":"unitType","returnType":"UnitType!","startOffset":30707547,"duration":2548},{"path":["sensors",9,"hasAnomaly"],"parentType":"Sensor","fieldName":"hasAnomaly","returnType":"Boolean","startOffset":30712592,"duration":4562},{"path":["sensors",10,"_id"],"parentType":"Sensor","fieldName":"_id","returnType":"ID!","startOffset":30722174,"duration":4532},{"path":["sensors",10,"identifier"],"parentType":"Sensor","fieldName":"identifier","returnType":"String!","startOffset":30728722,"duration":2429},{"path":["sensors",10,"name"],"parentType":"Sensor","fieldName":"name","returnType":"String!","startOffset":30733925,"duration":4414},{"path":["sensors",10,"unitType"],"parentType":"Sensor","fieldName":"unitType","returnType":"UnitType","startOffset":30740376,"duration":3176},{"path":["sensors",10,"reading"],"parentType":"Sensor","fieldName":"reading","returnType":"SensorReading","startOffset":30746019,"duration":5093},{"path":["sensors",10,"reading","timestamp"],"parentType":"SensorReading","fieldName":"timestamp","returnType":"String!","startOffset":30755332,"duration":2656},{"path":["sensors",10,"reading","value"],"parentType":"SensorReading","fieldName":"value","returnType":"Float!","startOffset":30762012,"duration":2654},{"path":["sensors",10,"reading","unitType"],"parentType":"SensorReading","fieldName":"unitType","returnType":"UnitType!","startOffset":30767095,"duration":2590},{"path":["sensors",10,"hasAnomaly"],"parentType":"Sensor","fieldName":"hasAnomaly","returnType":"Boolean","startOffset":30774032,"duration":2980},{"path":["sensors",11,"_id"],"parentType":"Sensor","fieldName":"_id","returnType":"ID!","startOffset":30782032,"duration":4611},{"path":["sensors",11,"identifier"],"parentType":"Sensor","fieldName":"identifier","returnType":"String!","startOffset":30788700,"duration":2380},{"path":["sensors",11,"name"],"parentType":"Sensor","fieldName":"name","returnType":"String!","startOffset":30792962,"duration":4253},{"path":["sensors",11,"unitType"],"parentType":"Sensor","fieldName":"unitType","returnType":"UnitType","startOffset":30799974,"duration":2382},{"path":["sensors",11,"reading"],"parentType":"Sensor","fieldName":"reading","returnType":"SensorReading","startOffset":30804860,"duration":5755},{"path":["sensors",11,"reading","timestamp"],"parentType":"SensorReading","fieldName":"timestamp","returnType":"String!","startOffset":30814142,"duration":2533},{"path":["sensors",11,"reading","value"],"parentType":"SensorReading","fieldName":"value","returnType":"Float!","startOffset":30820402,"duration":2530},{"path":["sensors",11,"reading","unitType"],"parentType":"SensorReading","fieldName":"unitType","returnType":"UnitType!","startOffset":30824991,"duration":2489},{"path":["sensors",11,"hasAnomaly"],"parentType":"Sensor","fieldName":"hasAnomaly","returnType":"Boolean","startOffset":30831833,"duration":2358},{"path":["sensors",12,"_id"],"parentType":"Sensor","fieldName":"_id","returnType":"ID!","startOffset":30839284,"duration":4408},{"path":["sensors",12,"identifier"],"parentType":"Sensor","fieldName":"identifier","returnType":"String!","startOffset":30845741,"duration":2406},{"path":["sensors",12,"name"],"parentType":"Sensor","fieldName":"name","returnType":"String!","startOffset":30850010,"duration":4450},{"path":["sensors",12,"unitType"],"parentType":"Sensor","fieldName":"unitType","returnType":"UnitType","startOffset":30856524,"duration":2333},{"path":["sensors",12,"reading"],"parentType":"Sensor","fieldName":"reading","returnType":"SensorReading","startOffset":30863144,"duration":2965},{"path":["sensors",12,"reading","timestamp"],"parentType":"SensorReading","fieldName":"timestamp","returnType":"String!","startOffset":30869536,"duration":3147},{"path":["sensors",12,"reading","value"],"parentType":"SensorReading","fieldName":"value","returnType":"Float!","startOffset":30876479,"duration":2571},{"path":["sensors",12,"reading","unitType"],"parentType":"SensorReading","fieldName":"unitType","returnType":"UnitType!","startOffset":30881550,"duration":4476},{"path":["sensors",12,"hasAnomaly"],"parentType":"Sensor","fieldName":"hasAnomaly","returnType":"Boolean","startOffset":30889035,"duration":2484},{"path":["sensors",13,"_id"],"parentType":"Sensor","fieldName":"_id","returnType":"ID!","startOffset":30898679,"duration":2738},{"path":["sensors",13,"identifier"],"parentType":"Sensor","fieldName":"identifier","returnType":"String!","startOffset":30903405,"duration":2375},{"path":["sensors",13,"name"],"parentType":"Sensor","fieldName":"name","returnType":"String!","startOffset":30909583,"duration":2421},{"path":["sensors",13,"unitType"],"parentType":"Sensor","fieldName":"unitType","returnType":"UnitType","startOffset":30913900,"duration":2316},{"path":["sensors",13,"reading"],"parentType":"Sensor","fieldName":"reading","returnType":"SensorReading","startOffset":30920556,"duration":2923},{"path":["sensors",13,"reading","timestamp"],"parentType":"SensorReading","fieldName":"timestamp","returnType":"String!","startOffset":30926910,"duration":4521},{"path":["sensors",13,"reading","value"],"parentType":"SensorReading","fieldName":"value","returnType":"Float!","startOffset":30933266,"duration":2467},{"path":["sensors",13,"reading","unitType"],"parentType":"SensorReading","fieldName":"unitType","returnType":"UnitType!","startOffset":30937632,"duration":5295},{"path":["sensors",13,"hasAnomaly"],"parentType":"Sensor","fieldName":"hasAnomaly","returnType":"Boolean","startOffset":30945407,"duration":2336},{"path":["sensors",14,"_id"],"parentType":"Sensor","fieldName":"_id","returnType":"ID!","startOffset":30954737,"duration":2801},{"path":["sensors",14,"identifier"],"parentType":"Sensor","fieldName":"identifier","returnType":"String!","startOffset":30959553,"duration":3034},{"path":["sensors",14,"name"],"parentType":"Sensor","fieldName":"name","returnType":"String!","startOffset":30966477,"duration":2353},{"path":["sensors",14,"unitType"],"parentType":"Sensor","fieldName":"unitType","returnType":"UnitType","startOffset":30970775,"duration":2327},{"path":["sensors",14,"reading"],"parentType":"Sensor","fieldName":"reading","returnType":"SensorReading","startOffset":30977390,"duration":2960},{"path":["sensors",14,"reading","timestamp"],"parentType":"SensorReading","fieldName":"timestamp","returnType":"String!","startOffset":30983820,"duration":5340},{"path":["sensors",14,"reading","value"],"parentType":"SensorReading","fieldName":"value","returnType":"Float!","startOffset":30991028,"duration":2543},{"path":["sensors",14,"reading","unitType"],"parentType":"SensorReading","fieldName":"unitType","returnType":"UnitType!","startOffset":30996057,"duration":4575},{"path":["sensors",14,"hasAnomaly"],"parentType":"Sensor","fieldName":"hasAnomaly","returnType":"Boolean","startOffset":31003328,"duration":2402},{"path":["sensors",15,"_id"],"parentType":"Sensor","fieldName":"_id","returnType":"ID!","startOffset":31013288,"duration":2595},{"path":["sensors",15,"identifier"],"parentType":"Sensor","fieldName":"identifier","returnType":"String!","startOffset":31018443,"duration":3375},{"path":["sensors",15,"name"],"parentType":"Sensor","fieldName":"name","returnType":"String!","startOffset":31023801,"duration":2376},{"path":["sensors",15,"unitType"],"parentType":"Sensor","fieldName":"unitType","returnType":"UnitType","startOffset":31028362,"duration":5709},{"path":["sensors",15,"reading"],"parentType":"Sensor","fieldName":"reading","returnType":"SensorReading","startOffset":31036637,"duration":6912},{"path":["sensors",15,"reading","timestamp"],"parentType":"SensorReading","fieldName":"timestamp","returnType":"String!","startOffset":31047268,"duration":4832},{"path":["sensors",15,"reading","value"],"parentType":"SensorReading","fieldName":"value","returnType":"Float!","startOffset":31053944,"duration":2535},{"path":["sensors",15,"reading","unitType"],"parentType":"SensorReading","fieldName":"unitType","returnType":"UnitType!","startOffset":31058442,"duration":4469},{"path":["sensors",15,"hasAnomaly"],"parentType":"Sensor","fieldName":"hasAnomaly","returnType":"Boolean","startOffset":31065349,"duration":2354},{"path":["sensors",16,"_id"],"parentType":"Sensor","fieldName":"_id","returnType":"ID!","startOffset":31074833,"duration":2668},{"path":["sensors",16,"identifier"],"parentType":"Sensor","fieldName":"identifier","returnType":"String!","startOffset":31079604,"duration":2402},{"path":["sensors",16,"name"],"parentType":"Sensor","fieldName":"name","returnType":"String!","startOffset":31086975,"duration":2591},{"path":["sensors",16,"unitType"],"parentType":"Sensor","fieldName":"unitType","returnType":"UnitType","startOffset":31091479,"duration":3165},{"path":["sensors",16,"reading"],"parentType":"Sensor","fieldName":"reading","returnType":"SensorReading","startOffset":31099127,"duration":2887},{"path":["sensors",16,"reading","timestamp"],"parentType":"SensorReading","fieldName":"timestamp","returnType":"String!","startOffset":31106057,"duration":4518},{"path":["sensors",16,"reading","value"],"parentType":"SensorReading","fieldName":"value","returnType":"Float!","startOffset":31113309,"duration":2697},{"path":["sensors",16,"reading","unitType"],"parentType":"SensorReading","fieldName":"unitType","returnType":"UnitType!","startOffset":31118013,"duration":4358},{"path":["sensors",16,"hasAnomaly"],"parentType":"Sensor","fieldName":"hasAnomaly","returnType":"Boolean","startOffset":31124879,"duration":2330},{"path":["sensors",17,"_id"],"parentType":"Sensor","fieldName":"_id","returnType":"ID!","startOffset":31134778,"duration":2771},{"path":["sensors",17,"identifier"],"parentType":"Sensor","fieldName":"identifier","returnType":"String!","startOffset":31139502,"duration":4390},{"path":["sensors",17,"name"],"parentType":"Sensor","fieldName":"name","returnType":"String!","startOffset":31145766,"duration":2405},{"path":["sensors",17,"unitType"],"parentType":"Sensor","fieldName":"unitType","returnType":"UnitType","startOffset":31150056,"duration":4208},{"path":["sensors",17,"reading"],"parentType":"Sensor","fieldName":"reading","returnType":"SensorReading","startOffset":31156750,"duration":3208},{"path":["sensors",17,"reading","timestamp"],"parentType":"SensorReading","fieldName":"timestamp","returnType":"String!","startOffset":31165879,"duration":2574},{"path":["sensors",17,"reading","value"],"parentType":"SensorReading","fieldName":"value","returnType":"Float!","startOffset":31170299,"duration":2539},{"path":["sensors",17,"reading","unitType"],"parentType":"SensorReading","fieldName":"unitType","returnType":"UnitType!","startOffset":31176752,"duration":2509},{"path":["sensors",17,"hasAnomaly"],"parentType":"Sensor","fieldName":"hasAnomaly","returnType":"Boolean","startOffset":31181660,"duration":2316},{"path":["sensors",18,"_id"],"parentType":"Sensor","fieldName":"_id","returnType":"ID!","startOffset":31191513,"duration":2619},{"path":["sensors",18,"identifier"],"parentType":"Sensor""
4862 [main] DEBUG org.apache.http.wire  -  << "ding","value"],"parentType":"SensorReading","fieldName":"value","returnType":"Float!","startOffset":30461904,"duration":2555},{"path":["sensors",5,"reading","unitType"],"parentType":"SensorReading","fieldName":"unitType","returnType":"UnitType!","startOffset":30466958,"duration":2661},{"path":["sensors",5,"hasAnomaly"],"parentType":"Sensor","fieldName":"hasAnomaly","returnType":"Boolean","startOffset":30473843,"duration":2330},{"path":["sensors",6,"_id"],"parentType":"Sensor","fieldName":"_id","returnType":"ID!","startOffset":30481758,"duration":4635},{"path":["sensors",6,"identifier"],"parentType":"Sensor","fieldName":"identifier","returnType":"String!","startOffset":30488927,"duration":2522},{"path":["sensors",6,"name"],"parentType":"Sensor","fieldName":"name","returnType":"String!","startOffset":30493356,"duration":5221},{"path":["sensors",6,"unitType"],"parentType":"Sensor","fieldName":"unitType","returnType":"UnitType","startOffset":30500480,"duration":2514},{"path":["sensors",6,"reading"],"parentType":"Sensor","fieldName":"reading","returnType":"SensorReading","startOffset":30508284,"duration":3292},{"path":["sensors",6,"reading","timestamp"],"parentType":"SensorReading","fieldName":"timestamp","returnType":"String!","startOffset":30515138,"duration":2551},{"path":["sensors",6,"reading","value"],"parentType":"SensorReading","fieldName":"value","returnType":"Float!","startOffset":30522265,"duration":2686},{"path":["sensors",6,"reading","unitType"],"parentType":"SensorReading","fieldName":"unitType","returnType":"UnitType!","startOffset":30527043,"duration":4461},{"path":["sensors",6,"hasAnomaly"],"parentType":"Sensor","fieldName":"hasAnomaly","returnType":"Boolean","startOffset":30534064,"duration":2758},{"path":["sensors",7,"_id"],"parentType":"Sensor","fieldName":"_id","returnType":"ID!","startOffset":30544837,"duration":2615},{"path":["sensors",7,"identifier"],"parentType":"Sensor","fieldName":"identifier","returnType":"String!","startOffset":30549437,"duration":2379},{"path":["sensors",7,"name"],"parentType":"Sensor","fieldName":"name","returnType":"String!","startOffset":30555572,"duration":2393},{"path":["sensors",7,"unitType"],"parentType":"Sensor","fieldName":"unitType","returnType":"UnitType","startOffset":30560691,"duration":2470},{"path":["sensors",7,"reading"],"parentType":"Sensor","fieldName":"reading","returnType":"SensorReading","startOffset":30567735,"duration":3849},{"path":["sensors",7,"reading","timestamp"],"parentType":"SensorReading","fieldName":"timestamp","returnType":"String!","startOffset":30575041,"duration":4521},{"path":["sensors",7,"reading","value"],"parentType":"SensorReading","fieldName":"value","returnType":"Float!","startOffset":30581401,"duration":2555},{"path":["sensors",7,"reading","unitType"],"parentType":"SensorReading","fieldName":"unitType","returnType":"UnitType!","startOffset":30586036,"duration":4339},{"path":["sensors",7,"hasAnomaly"],"parentType":"Sensor","fieldName":"hasAnomaly","returnType":"Boolean","startOffset":30592896,"duration":2349},{"path":["sensors",8,"_id"],"parentType":"Sensor","fieldName":"_id","returnType":"ID!","startOffset":30603360,"duration":2784},{"path":["sensors",8,"identifier"],"parentType":"Sensor","fieldName":"identifier","returnType":"String!","startOffset":30608166,"duration":4372},{"path":["sensors",8,"name"],"parentType":"Sensor","fieldName":"name","returnType":"String!","startOffset":30615081,"duration":2540},{"path":["sensors",8,"unitType"],"parentType":"Sensor","fieldName":"unitType","returnType":"UnitType","startOffset":30619993,"duration":4456},{"path":["sensors",8,"reading"],"parentType":"Sensor","fieldName":"reading","returnType":"SensorReading","startOffset":30627021,"duration":3042},{"path":["sensors",8,"reading","timestamp"],"parentType":"SensorReading","fieldName":"timestamp","returnType":"String!","startOffset":30636057,"duration":2703},{"path":["sensors",8,"reading","value"],"parentType":"SensorReading","fieldName":"value","returnType":"Float!","startOffset":30641257,"duration":2689},{"path":["sensors",8,"reading","unitType"],"parentType":"SensorReading","fieldName":"unitType","returnType":"UnitType!","startOffset":30647848,"duration":3130},{"path":["sensors",8,"hasAnomaly"],"parentType":"Sensor","fieldName":"hasAnomaly","returnType":"Boolean","startOffset":30653435,"duration":2331},{"path":["sensors",9,"_id"],"parentType":"Sensor","fieldName":"_id","returnType":"ID!","startOffset":30663430,"duration":3028},{"path":["sensors",9,"identifier"],"parentType":"Sensor","fieldName":"identifier","returnType":"String!","startOffset":30670626,"duration":2511},{"path":["sensors",9,"name"],"parentType":"Sensor","fieldName":"name","returnType":"String!","startOffset":30675024,"duration":2399},{"path":["sensors",9,"unitType"],"parentType":"Sensor","fieldName":"unitType","returnType":"UnitType","startOffset":30682041,"duration":2427},{"path":["sensors",9,"reading"],"parentType":"Sensor","fieldName":"reading","returnType":"SensorReading","startOffset":30687630,"duration":5054},{"path":["sensors",9,"reading","timestamp"],"parentType":"SensorReading","fieldName":"timestamp","returnType":"String!","startOffset":30696190,"duration":2617},{"path":["sensors",9,"reading","value"],"parentType":"SensorReading","fieldName":"value","returnType":"Float!","startOffset":30700610,"duration":4945},{"path":["sensors",9,"reading","unitType"],"parentType":"SensorReading","fieldName":"unitType","returnType":"UnitType!","startOffset":30707547,"duration":2548},{"path":["sensors",9,"hasAnomaly"],"parentType":"Sensor","fieldName":"hasAnomaly","returnType":"Boolean","startOffset":30712592,"duration":4562},{"path":["sensors",10,"_id"],"parentType":"Sensor","fieldName":"_id","returnType":"ID!","startOffset":30722174,"duration":4532},{"path":["sensors",10,"identifier"],"parentType":"Sensor","fieldName":"identifier","returnType":"String!","startOffset":30728722,"duration":2429},{"path":["sensors",10,"name"],"parentType":"Sensor","fieldName":"name","returnType":"String!","startOffset":30733925,"duration":4414},{"path":["sensors",10,"unitType"],"parentType":"Sensor","fieldName":"unitType","returnType":"UnitType","startOffset":30740376,"duration":3176},{"path":["sensors",10,"reading"],"parentType":"Sensor","fieldName":"reading","returnType":"SensorReading","startOffset":30746019,"duration":5093},{"path":["sensors",10,"reading","timestamp"],"parentType":"SensorReading","fieldName":"timestamp","returnType":"String!","startOffset":30755332,"duration":2656},{"path":["sensors",10,"reading","value"],"parentType":"SensorReading","fieldName":"value","returnType":"Float!","startOffset":30762012,"duration":2654},{"path":["sensors",10,"reading","unitType"],"parentType":"SensorReading","fieldName":"unitType","returnType":"UnitType!","startOffset":30767095,"duration":2590},{"path":["sensors",10,"hasAnomaly"],"parentType":"Sensor","fieldName":"hasAnomaly","returnType":"Boolean","startOffset":30774032,"duration":2980},{"path":["sensors",11,"_id"],"parentType":"Sensor","fieldName":"_id","returnType":"ID!","startOffset":30782032,"duration":4611},{"path":["sensors",11,"identifier"],"parentType":"Sensor","fieldName":"identifier","returnType":"String!","startOffset":30788700,"duration":2380},{"path":["sensors",11,"name"],"parentType":"Sensor","fieldName":"name","returnType":"String!","startOffset":30792962,"duration":4253},{"path":["sensors",11,"unitType"],"parentType":"Sensor","fieldName":"unitType","returnType":"UnitType","startOffset":30799974,"duration":2382},{"path":["sensors",11,"reading"],"parentType":"Sensor","fieldName":"reading","returnType":"SensorReading","startOffset":30804860,"duration":5755},{"path":["sensors",11,"reading","timestamp"],"parentType":"SensorReading","fieldName":"timestamp","returnType":"String!","startOffset":30814142,"duration":2533},{"path":["sensors",11,"reading","value"],"parentType":"SensorReading","fieldName":"value","returnType":"Float!","startOffset":30820402,"duration":2530},{"path":["sensors",11,"reading","unitType"],"parentType":"SensorReading","fieldName":"unitType","returnType":"UnitType!","startOffset":30824991,"duration":2489},{"path":["sensors",11,"hasAnomaly"],"parentType":"Sensor","fieldName":"hasAnomaly","returnType":"Boolean","startOffset":30831833,"duration":2358},{"path":["sensors",12,"_id"],"parentType":"Sensor","fieldName":"_id","returnType":"ID!","startOffset":30839284,"duration":4408},{"path":["sensors",12,"identifier"],"parentType":"Sensor","fieldName":"identifier","returnType":"String!","startOffset":30845741,"duration":2406},{"path":["sensors",12,"name"],"parentType":"Sensor","fieldName":"name","returnType":"String!","startOffset":30850010,"duration":4450},{"path":["sensors",12,"unitType"],"parentType":"Sensor","fieldName":"unitType","returnType":"UnitType","startOffset":30856524,"duration":2333},{"path":["sensors",12,"reading"],"parentType":"Sensor","fieldName":"reading","returnType":"SensorReading","startOffset":30863144,"duration":2965},{"path":["sensors",12,"reading","timestamp"],"parentType":"SensorReading","fieldName":"timestamp","returnType":"String!","startOffset":30869536,"duration":3147},{"path":["sensors",12,"reading","value"],"parentType":"SensorReading","fieldName":"value","returnType":"Float!","startOffset":30876479,"duration":2571},{"path":["sensors",12,"reading","unitType"],"parentType":"SensorReading","fieldName":"unitType","returnType":"UnitType!","startOffset":30881550,"duration":4476},{"path":["sensors",12,"hasAnomaly"],"parentType":"Sensor","fieldName":"hasAnomaly","returnType":"Boolean","startOffset":30889035,"duration":2484},{"path":["sensors",13,"_id"],"parentType":"Sensor","fieldName":"_id","returnType":"ID!","startOffset":30898679,"duration":2738},{"path":["sensors",13,"identifier"],"parentType":"Sensor","fieldName":"identifier","returnType":"String!","startOffset":30903405,"duration":2375},{"path":["sensors",13,"name"],"parentType":"Sensor","fieldName":"name","returnType":"String!","startOffset":30909583,"duration":2421},{"path":["sensors",13,"unitType"],"parentType":"Sensor","fieldName":"unitType","returnType":"UnitType","startOffset":30913900,"duration":2316},{"path":["sensors",13,"reading"],"parentType":"Sensor","fieldName":"reading","returnType":"SensorReading","startOffset":30920556,"duration":2923},{"path":["sensors",13,"reading","timestamp"],"parentType":"SensorReading","fieldName":"timestamp","returnType":"String!","startOffset":30926910,"duration":4521},{"path":["sensors",13,"reading","value"],"parentType":"SensorReading","fieldName":"value","returnType":"Float!","startOffset":30933266,"duration":2467},{"path":["sensors",13,"reading","unitType"],"parentType":"SensorReading","fieldName":"unitType","returnType":"UnitType!","startOffset":30937632,"duration":5295},{"path":["sensors",13,"hasAnomaly"],"parentType":"Sensor","fieldName":"hasAnomaly","returnType":"Boolean","startOffset":30945407,"duration":2336},{"path":["sensors",14,"_id"],"parentType":"Sensor","fieldName":"_id","returnType":"ID!","startOffset":30954737,"duration":2801},{"path":["sensors",14,"identifier"],"parentType":"Sensor","fieldName":"identifier","returnType":"String!","startOffset":30959553,"duration":3034},{"path":["sensors",14,"name"],"parentType":"Sensor","fieldName":"name","returnType":"String!","startOffset":30966477,"duration":2353},{"path":["sensors",14,"unitType"],"parentType":"Sensor","fieldName":"unitType","returnType":"UnitType","startOffset":30970775,"duration":2327},{"path":["sensors",14,"reading"],"parentType":"Sensor","fieldName":"reading","returnType":"SensorReading","startOffset":30977390,"duration":2960},{"path":["sensors",14,"reading","timestamp"],"parentType":"SensorReading","fieldName":"timestamp","returnType":"String!","startOffset":30983820,"duration":5340},{"path":["sensors",14,"reading","value"],"parentType":"SensorReading","fieldName":"value","returnType":"Float!","startOffset":30991028,"duration":2543},{"path":["sensors",14,"reading","unitType"],"parentType":"SensorReading","fieldName":"unitType","returnType":"UnitType!","startOffset":30996057,"duration":4575},{"path":["sensors",14,"hasAnomaly"],"parentType":"Sensor","fieldName":"hasAnomaly","returnType":"Boolean","startOffset":31003328,"duration":2402},{"path":["sensors",15,"_id"],"parentType":"Sensor","fieldName":"_id","returnType":"ID!","startOffset":31013288,"duration":2595},{"path":["sensors",15,"identifier"],"parentType":"Sensor","fieldName":"identifier","returnType":"String!","startOffset":31018443,"duration":3375},{"path":["sensors",15,"name"],"parentType":"Sensor","fieldName":"name","returnType":"String!","startOffset":31023801,"duration":2376},{"path":["sensors",15,"unitType"],"parentType":"Sensor","fieldName":"unitType","returnType":"UnitType","startOffset":31028362,"duration":5709},{"path":["sensors",15,"reading"],"parentType":"Sensor","fieldName":"reading","returnType":"SensorReading","startOffset":31036637,"duration":6912},{"path":["sensors",15,"reading","timestamp"],"parentType":"SensorReading","fieldName":"timestamp","returnType":"String!","startOffset":31047268,"duration":4832},{"path":["sensors",15,"reading","value"],"parentType":"SensorReading","fieldName":"value","returnType":"Float!","startOffset":31053944,"duration":2535},{"path":["sensors",15,"reading","unitType"],"parentType":"SensorReading","fieldName":"unitType","returnType":"UnitType!","startOffset":31058442,"duration":4469},{"path":["sensors",15,"hasAnomaly"],"parentType":"Sensor","fieldName":"hasAnomaly","returnType":"Boolean","startOffset":31065349,"duration":2354},{"path":["sensors",16,"_id"],"parentType":"Sensor","fieldName":"_id","returnType":"ID!","startOffset":31074833,"duration":2668},{"path":["sensors",16,"identifier"],"parentType":"Sensor","fieldName":"identifier","returnType":"String!","startOffset":31079604,"duration":2402},{"path":["sensors",16,"name"],"parentType":"Sensor","fieldName":"name","returnType":"String!","startOffset":31086975,"duration":2591},{"path":["sensors",16,"unitType"],"parentType":"Sensor","fieldName":"unitType","returnType":"UnitType","startOffset":31091479,"duration":3165},{"path":["sensors",16,"reading"],"parentType":"Sensor","fieldName":"reading","returnType":"SensorReading","startOffset":31099127,"duration":2887},{"path":["sensors",16,"reading","timestamp"],"parentType":"SensorReading","fieldName":"timestamp","returnType":"String!","startOffset":31106057,"duration":4518},{"path":["sensors",16,"reading","value"],"parentType":"SensorReading","fieldName":"value","returnType":"Float!","startOffset":31113309,"duration":2697},{"path":["sensors",16,"reading","unitType"],"parentType":"SensorReading","fieldName":"unitType","returnType":"UnitType!","startOffset":31118013,"duration":4358},{"path":["sensors",16,"hasAnomaly"],"parentType":"Sensor","fieldName":"hasAnomaly","returnType":"Boolean","startOffset":31124879,"duration":2330},{"path":["sensors",17,"_id"],"parentType":"Sensor","fieldName":"_id","returnType":"ID!","startOffset":31134778,"duration":2771},{"path":["sensors",17,"identifier"],"parentType":"Sensor","fieldName":"identifier","returnType":"String!","startOffset":31139502,"duration":4390},{"path":["sensors",17,"name"],"parentType":"Sensor","fieldName":"name","returnType":"String!","startOffset":31145766,"duration":2405},{"path":["sensors",17,"unitType"],"parentType":"Sensor","fieldName":"unitType","returnType":"UnitType","startOffset":31150056,"duration":4208},{"path":["sensors",17,"reading"],"parentType":"Sensor","fieldName":"reading","returnType":"SensorReading","startOffset":31156750,"duration":3208},{"path":["sensors",17,"reading","timestamp"],"parentType":"SensorReading","fieldName":"timestamp","returnType":"String!","startOffset":31165879,"duration":2574},{"path":["sensors",17,"reading","value"],"parentType":"SensorReading","fieldName":"value","returnType":"Float!","startOffset":31170299,"duration":2539},{"path":["sensors",17,"reading","unitType"],"parentType":"SensorReading","fieldName":"unitType","returnType":"UnitType!","startOffset":31176752,"duration":2509},{"path":["sensors",17,"hasAnomaly"],"parentType":"Sensor","fieldName":"hasAnomaly","returnType":"Boolean","startOffset":31181660,"duration":2316},{"path":["sensors",18,"_id"],"parentType":"Sensor","fieldName":"_id","returnType":"ID!","startOffset":31191513,"duration":2619},{"path":["sensors",18,"identifier"],"parentType":"Sensor""
4862 [main] DEBUG org.apache.http.wire  -  << "ding","value"],"parentType":"SensorReading","fieldName":"value","returnType":"Float!","startOffset":30461904,"duration":2555},{"path":["sensors",5,"reading","unitType"],"parentType":"SensorReading","fieldName":"unitType","returnType":"UnitType!","startOffset":30466958,"duration":2661},{"path":["sensors",5,"hasAnomaly"],"parentType":"Sensor","fieldName":"hasAnomaly","returnType":"Boolean","startOffset":30473843,"duration":2330},{"path":["sensors",6,"_id"],"parentType":"Sensor","fieldName":"_id","returnType":"ID!","startOffset":30481758,"duration":4635},{"path":["sensors",6,"identifier"],"parentType":"Sensor","fieldName":"identifier","returnType":"String!","startOffset":30488927,"duration":2522},{"path":["sensors",6,"name"],"parentType":"Sensor","fieldName":"name","returnType":"String!","startOffset":30493356,"duration":5221},{"path":["sensors",6,"unitType"],"parentType":"Sensor","fieldName":"unitType","returnType":"UnitType","startOffset":30500480,"duration":2514},{"path":["sensors",6,"reading"],"parentType":"Sensor","fieldName":"reading","returnType":"SensorReading","startOffset":30508284,"duration":3292},{"path":["sensors",6,"reading","timestamp"],"parentType":"SensorReading","fieldName":"timestamp","returnType":"String!","startOffset":30515138,"duration":2551},{"path":["sensors",6,"reading","value"],"parentType":"SensorReading","fieldName":"value","returnType":"Float!","startOffset":30522265,"duration":2686},{"path":["sensors",6,"reading","unitType"],"parentType":"SensorReading","fieldName":"unitType","returnType":"UnitType!","startOffset":30527043,"duration":4461},{"path":["sensors",6,"hasAnomaly"],"parentType":"Sensor","fieldName":"hasAnomaly","returnType":"Boolean","startOffset":30534064,"duration":2758},{"path":["sensors",7,"_id"],"parentType":"Sensor","fieldName":"_id","returnType":"ID!","startOffset":30544837,"duration":2615},{"path":["sensors",7,"identifier"],"parentType":"Sensor","fieldName":"identifier","returnType":"String!","startOffset":30549437,"duration":2379},{"path":["sensors",7,"name"],"parentType":"Sensor","fieldName":"name","returnType":"String!","startOffset":30555572,"duration":2393},{"path":["sensors",7,"unitType"],"parentType":"Sensor","fieldName":"unitType","returnType":"UnitType","startOffset":30560691,"duration":2470},{"path":["sensors",7,"reading"],"parentType":"Sensor","fieldName":"reading","returnType":"SensorReading","startOffset":30567735,"duration":3849},{"path":["sensors",7,"reading","timestamp"],"parentType":"SensorReading","fieldName":"timestamp","returnType":"String!","startOffset":30575041,"duration":4521},{"path":["sensors",7,"reading","value"],"parentType":"SensorReading","fieldName":"value","returnType":"Float!","startOffset":30581401,"duration":2555},{"path":["sensors",7,"reading","unitType"],"parentType":"SensorReading","fieldName":"unitType","returnType":"UnitType!","startOffset":30586036,"duration":4339},{"path":["sensors",7,"hasAnomaly"],"parentType":"Sensor","fieldName":"hasAnomaly","returnType":"Boolean","startOffset":30592896,"duration":2349},{"path":["sensors",8,"_id"],"parentType":"Sensor","fieldName":"_id","returnType":"ID!","startOffset":30603360,"duration":2784},{"path":["sensors",8,"identifier"],"parentType":"Sensor","fieldName":"identifier","returnType":"String!","startOffset":30608166,"duration":4372},{"path":["sensors",8,"name"],"parentType":"Sensor","fieldName":"name","returnType":"String!","startOffset":30615081,"duration":2540},{"path":["sensors",8,"unitType"],"parentType":"Sensor","fieldName":"unitType","returnType":"UnitType","startOffset":30619993,"duration":4456},{"path":["sensors",8,"reading"],"parentType":"Sensor","fieldName":"reading","returnType":"SensorReading","startOffset":30627021,"duration":3042},{"path":["sensors",8,"reading","timestamp"],"parentType":"SensorReading","fieldName":"timestamp","returnType":"String!","startOffset":30636057,"duration":2703},{"path":["sensors",8,"reading","value"],"parentType":"SensorReading","fieldName":"value","returnType":"Float!","startOffset":30641257,"duration":2689},{"path":["sensors",8,"reading","unitType"],"parentType":"SensorReading","fieldName":"unitType","returnType":"UnitType!","startOffset":30647848,"duration":3130},{"path":["sensors",8,"hasAnomaly"],"parentType":"Sensor","fieldName":"hasAnomaly","returnType":"Boolean","startOffset":30653435,"duration":2331},{"path":["sensors",9,"_id"],"parentType":"Sensor","fieldName":"_id","returnType":"ID!","startOffset":30663430,"duration":3028},{"path":["sensors",9,"identifier"],"parentType":"Sensor","fieldName":"identifier","returnType":"String!","startOffset":30670626,"duration":2511},{"path":["sensors",9,"name"],"parentType":"Sensor","fieldName":"name","returnType":"String!","startOffset":30675024,"duration":2399},{"path":["sensors",9,"unitType"],"parentType":"Sensor","fieldName":"unitType","returnType":"UnitType","startOffset":30682041,"duration":2427},{"path":["sensors",9,"reading"],"parentType":"Sensor","fieldName":"reading","returnType":"SensorReading","startOffset":30687630,"duration":5054},{"path":["sensors",9,"reading","timestamp"],"parentType":"SensorReading","fieldName":"timestamp","returnType":"String!","startOffset":30696190,"duration":2617},{"path":["sensors",9,"reading","value"],"parentType":"SensorReading","fieldName":"value","returnType":"Float!","startOffset":30700610,"duration":4945},{"path":["sensors",9,"reading","unitType"],"parentType":"SensorReading","fieldName":"unitType","returnType":"UnitType!","startOffset":30707547,"duration":2548},{"path":["sensors",9,"hasAnomaly"],"parentType":"Sensor","fieldName":"hasAnomaly","returnType":"Boolean","startOffset":30712592,"duration":4562},{"path":["sensors",10,"_id"],"parentType":"Sensor","fieldName":"_id","returnType":"ID!","startOffset":30722174,"duration":4532},{"path":["sensors",10,"identifier"],"parentType":"Sensor","fieldName":"identifier","returnType":"String!","startOffset":30728722,"duration":2429},{"path":["sensors",10,"name"],"parentType":"Sensor","fieldName":"name","returnType":"String!","startOffset":30733925,"duration":4414},{"path":["sensors",10,"unitType"],"parentType":"Sensor","fieldName":"unitType","returnType":"UnitType","startOffset":30740376,"duration":3176},{"path":["sensors",10,"reading"],"parentType":"Sensor","fieldName":"reading","returnType":"SensorReading","startOffset":30746019,"duration":5093},{"path":["sensors",10,"reading","timestamp"],"parentType":"SensorReading","fieldName":"timestamp","returnType":"String!","startOffset":30755332,"duration":2656},{"path":["sensors",10,"reading","value"],"parentType":"SensorReading","fieldName":"value","returnType":"Float!","startOffset":30762012,"duration":2654},{"path":["sensors",10,"reading","unitType"],"parentType":"SensorReading","fieldName":"unitType","returnType":"UnitType!","startOffset":30767095,"duration":2590},{"path":["sensors",10,"hasAnomaly"],"parentType":"Sensor","fieldName":"hasAnomaly","returnType":"Boolean","startOffset":30774032,"duration":2980},{"path":["sensors",11,"_id"],"parentType":"Sensor","fieldName":"_id","returnType":"ID!","startOffset":30782032,"duration":4611},{"path":["sensors",11,"identifier"],"parentType":"Sensor","fieldName":"identifier","returnType":"String!","startOffset":30788700,"duration":2380},{"path":["sensors",11,"name"],"parentType":"Sensor","fieldName":"name","returnType":"String!","startOffset":30792962,"duration":4253},{"path":["sensors",11,"unitType"],"parentType":"Sensor","fieldName":"unitType","returnType":"UnitType","startOffset":30799974,"duration":2382},{"path":["sensors",11,"reading"],"parentType":"Sensor","fieldName":"reading","returnType":"SensorReading","startOffset":30804860,"duration":5755},{"path":["sensors",11,"reading","timestamp"],"parentType":"SensorReading","fieldName":"timestamp","returnType":"String!","startOffset":30814142,"duration":2533},{"path":["sensors",11,"reading","value"],"parentType":"SensorReading","fieldName":"value","returnType":"Float!","startOffset":30820402,"duration":2530},{"path":["sensors",11,"reading","unitType"],"parentType":"SensorReading","fieldName":"unitType","returnType":"UnitType!","startOffset":30824991,"duration":2489},{"path":["sensors",11,"hasAnomaly"],"parentType":"Sensor","fieldName":"hasAnomaly","returnType":"Boolean","startOffset":30831833,"duration":2358},{"path":["sensors",12,"_id"],"parentType":"Sensor","fieldName":"_id","returnType":"ID!","startOffset":30839284,"duration":4408},{"path":["sensors",12,"identifier"],"parentType":"Sensor","fieldName":"identifier","returnType":"String!","startOffset":30845741,"duration":2406},{"path":["sensors",12,"name"],"parentType":"Sensor","fieldName":"name","returnType":"String!","startOffset":30850010,"duration":4450},{"path":["sensors",12,"unitType"],"parentType":"Sensor","fieldName":"unitType","returnType":"UnitType","startOffset":30856524,"duration":2333},{"path":["sensors",12,"reading"],"parentType":"Sensor","fieldName":"reading","returnType":"SensorReading","startOffset":30863144,"duration":2965},{"path":["sensors",12,"reading","timestamp"],"parentType":"SensorReading","fieldName":"timestamp","returnType":"String!","startOffset":30869536,"duration":3147},{"path":["sensors",12,"reading","value"],"parentType":"SensorReading","fieldName":"value","returnType":"Float!","startOffset":30876479,"duration":2571},{"path":["sensors",12,"reading","unitType"],"parentType":"SensorReading","fieldName":"unitType","returnType":"UnitType!","startOffset":30881550,"duration":4476},{"path":["sensors",12,"hasAnomaly"],"parentType":"Sensor","fieldName":"hasAnomaly","returnType":"Boolean","startOffset":30889035,"duration":2484},{"path":["sensors",13,"_id"],"parentType":"Sensor","fieldName":"_id","returnType":"ID!","startOffset":30898679,"duration":2738},{"path":["sensors",13,"identifier"],"parentType":"Sensor","fieldName":"identifier","returnType":"String!","startOffset":30903405,"duration":2375},{"path":["sensors",13,"name"],"parentType":"Sensor","fieldName":"name","returnType":"String!","startOffset":30909583,"duration":2421},{"path":["sensors",13,"unitType"],"parentType":"Sensor","fieldName":"unitType","returnType":"UnitType","startOffset":30913900,"duration":2316},{"path":["sensors",13,"reading"],"parentType":"Sensor","fieldName":"reading","returnType":"SensorReading","startOffset":30920556,"duration":2923},{"path":["sensors",13,"reading","timestamp"],"parentType":"SensorReading","fieldName":"timestamp","returnType":"String!","startOffset":30926910,"duration":4521},{"path":["sensors",13,"reading","value"],"parentType":"SensorReading","fieldName":"value","returnType":"Float!","startOffset":30933266,"duration":2467},{"path":["sensors",13,"reading","unitType"],"parentType":"SensorReading","fieldName":"unitType","returnType":"UnitType!","startOffset":30937632,"duration":5295},{"path":["sensors",13,"hasAnomaly"],"parentType":"Sensor","fieldName":"hasAnomaly","returnType":"Boolean","startOffset":30945407,"duration":2336},{"path":["sensors",14,"_id"],"parentType":"Sensor","fieldName":"_id","returnType":"ID!","startOffset":30954737,"duration":2801},{"path":["sensors",14,"identifier"],"parentType":"Sensor","fieldName":"identifier","returnType":"String!","startOffset":30959553,"duration":3034},{"path":["sensors",14,"name"],"parentType":"Sensor","fieldName":"name","returnType":"String!","startOffset":30966477,"duration":2353},{"path":["sensors",14,"unitType"],"parentType":"Sensor","fieldName":"unitType","returnType":"UnitType","startOffset":30970775,"duration":2327},{"path":["sensors",14,"reading"],"parentType":"Sensor","fieldName":"reading","returnType":"SensorReading","startOffset":30977390,"duration":2960},{"path":["sensors",14,"reading","timestamp"],"parentType":"SensorReading","fieldName":"timestamp","returnType":"String!","startOffset":30983820,"duration":5340},{"path":["sensors",14,"reading","value"],"parentType":"SensorReading","fieldName":"value","returnType":"Float!","startOffset":30991028,"duration":2543},{"path":["sensors",14,"reading","unitType"],"parentType":"SensorReading","fieldName":"unitType","returnType":"UnitType!","startOffset":30996057,"duration":4575},{"path":["sensors",14,"hasAnomaly"],"parentType":"Sensor","fieldName":"hasAnomaly","returnType":"Boolean","startOffset":31003328,"duration":2402},{"path":["sensors",15,"_id"],"parentType":"Sensor","fieldName":"_id","returnType":"ID!","startOffset":31013288,"duration":2595},{"path":["sensors",15,"identifier"],"parentType":"Sensor","fieldName":"identifier","returnType":"String!","startOffset":31018443,"duration":3375},{"path":["sensors",15,"name"],"parentType":"Sensor","fieldName":"name","returnType":"String!","startOffset":31023801,"duration":2376},{"path":["sensors",15,"unitType"],"parentType":"Sensor","fieldName":"unitType","returnType":"UnitType","startOffset":31028362,"duration":5709},{"path":["sensors",15,"reading"],"parentType":"Sensor","fieldName":"reading","returnType":"SensorReading","startOffset":31036637,"duration":6912},{"path":["sensors",15,"reading","timestamp"],"parentType":"SensorReading","fieldName":"timestamp","returnType":"String!","startOffset":31047268,"duration":4832},{"path":["sensors",15,"reading","value"],"parentType":"SensorReading","fieldName":"value","returnType":"Float!","startOffset":31053944,"duration":2535},{"path":["sensors",15,"reading","unitType"],"parentType":"SensorReading","fieldName":"unitType","returnType":"UnitType!","startOffset":31058442,"duration":4469},{"path":["sensors",15,"hasAnomaly"],"parentType":"Sensor","fieldName":"hasAnomaly","returnType":"Boolean","startOffset":31065349,"duration":2354},{"path":["sensors",16,"_id"],"parentType":"Sensor","fieldName":"_id","returnType":"ID!","startOffset":31074833,"duration":2668},{"path":["sensors",16,"identifier"],"parentType":"Sensor","fieldName":"identifier","returnType":"String!","startOffset":31079604,"duration":2402},{"path":["sensors",16,"name"],"parentType":"Sensor","fieldName":"name","returnType":"String!","startOffset":31086975,"duration":2591},{"path":["sensors",16,"unitType"],"parentType":"Sensor","fieldName":"unitType","returnType":"UnitType","startOffset":31091479,"duration":3165},{"path":["sensors",16,"reading"],"parentType":"Sensor","fieldName":"reading","returnType":"SensorReading","startOffset":31099127,"duration":2887},{"path":["sensors",16,"reading","timestamp"],"parentType":"SensorReading","fieldName":"timestamp","returnType":"String!","startOffset":31106057,"duration":4518},{"path":["sensors",16,"reading","value"],"parentType":"SensorReading","fieldName":"value","returnType":"Float!","startOffset":31113309,"duration":2697},{"path":["sensors",16,"reading","unitType"],"parentType":"SensorReading","fieldName":"unitType","returnType":"UnitType!","startOffset":31118013,"duration":4358},{"path":["sensors",16,"hasAnomaly"],"parentType":"Sensor","fieldName":"hasAnomaly","returnType":"Boolean","startOffset":31124879,"duration":2330},{"path":["sensors",17,"_id"],"parentType":"Sensor","fieldName":"_id","returnType":"ID!","startOffset":31134778,"duration":2771},{"path":["sensors",17,"identifier"],"parentType":"Sensor","fieldName":"identifier","returnType":"String!","startOffset":31139502,"duration":4390},{"path":["sensors",17,"name"],"parentType":"Sensor","fieldName":"name","returnType":"String!","startOffset":31145766,"duration":2405},{"path":["sensors",17,"unitType"],"parentType":"Sensor","fieldName":"unitType","returnType":"UnitType","startOffset":31150056,"duration":4208},{"path":["sensors",17,"reading"],"parentType":"Sensor","fieldName":"reading","returnType":"SensorReading","startOffset":31156750,"duration":3208},{"path":["sensors",17,"reading","timestamp"],"parentType":"SensorReading","fieldName":"timestamp","returnType":"String!","startOffset":31165879,"duration":2574},{"path":["sensors",17,"reading","value"],"parentType":"SensorReading","fieldName":"value","returnType":"Float!","startOffset":31170299,"duration":2539},{"path":["sensors",17,"reading","unitType"],"parentType":"SensorReading","fieldName":"unitType","returnType":"UnitType!","startOffset":31176752,"duration":2509},{"path":["sensors",17,"hasAnomaly"],"parentType":"Sensor","fieldName":"hasAnomaly","returnType":"Boolean","startOffset":31181660,"duration":2316},{"path":["sensors",18,"_id"],"parentType":"Sensor","fieldName":"_id","returnType":"ID!","startOffset":31191513,"duration":2619},{"path":["sensors",18,"identifier"],"parentType":"Sensor""
4862 [main] DEBUG org.apache.http.wire  -  << "ding","value"],"parentType":"SensorReading","fieldName":"value","returnType":"Float!","startOffset":30461904,"duration":2555},{"path":["sensors",5,"reading","unitType"],"parentType":"SensorReading","fieldName":"unitType","returnType":"UnitType!","startOffset":30466958,"duration":2661},{"path":["sensors",5,"hasAnomaly"],"parentType":"Sensor","fieldName":"hasAnomaly","returnType":"Boolean","startOffset":30473843,"duration":2330},{"path":["sensors",6,"_id"],"parentType":"Sensor","fieldName":"_id","returnType":"ID!","startOffset":30481758,"duration":4635},{"path":["sensors",6,"identifier"],"parentType":"Sensor","fieldName":"identifier","returnType":"String!","startOffset":30488927,"duration":2522},{"path":["sensors",6,"name"],"parentType":"Sensor","fieldName":"name","returnType":"String!","startOffset":30493356,"duration":5221},{"path":["sensors",6,"unitType"],"parentType":"Sensor","fieldName":"unitType","returnType":"UnitType","startOffset":30500480,"duration":2514},{"path":["sensors",6,"reading"],"parentType":"Sensor","fieldName":"reading","returnType":"SensorReading","startOffset":30508284,"duration":3292},{"path":["sensors",6,"reading","timestamp"],"parentType":"SensorReading","fieldName":"timestamp","returnType":"String!","startOffset":30515138,"duration":2551},{"path":["sensors",6,"reading","value"],"parentType":"SensorReading","fieldName":"value","returnType":"Float!","startOffset":30522265,"duration":2686},{"path":["sensors",6,"reading","unitType"],"parentType":"SensorReading","fieldName":"unitType","returnType":"UnitType!","startOffset":30527043,"duration":4461},{"path":["sensors",6,"hasAnomaly"],"parentType":"Sensor","fieldName":"hasAnomaly","returnType":"Boolean","startOffset":30534064,"duration":2758},{"path":["sensors",7,"_id"],"parentType":"Sensor","fieldName":"_id","returnType":"ID!","startOffset":30544837,"duration":2615},{"path":["sensors",7,"identifier"],"parentType":"Sensor","fieldName":"identifier","returnType":"String!","startOffset":30549437,"duration":2379},{"path":["sensors",7,"name"],"parentType":"Sensor","fieldName":"name","returnType":"String!","startOffset":30555572,"duration":2393},{"path":["sensors",7,"unitType"],"parentType":"Sensor","fieldName":"unitType","returnType":"UnitType","startOffset":30560691,"duration":2470},{"path":["sensors",7,"reading"],"parentType":"Sensor","fieldName":"reading","returnType":"SensorReading","startOffset":30567735,"duration":3849},{"path":["sensors",7,"reading","timestamp"],"parentType":"SensorReading","fieldName":"timestamp","returnType":"String!","startOffset":30575041,"duration":4521},{"path":["sensors",7,"reading","value"],"parentType":"SensorReading","fieldName":"value","returnType":"Float!","startOffset":30581401,"duration":2555},{"path":["sensors",7,"reading","unitType"],"parentType":"SensorReading","fieldName":"unitType","returnType":"UnitType!","startOffset":30586036,"duration":4339},{"path":["sensors",7,"hasAnomaly"],"parentType":"Sensor","fieldName":"hasAnomaly","returnType":"Boolean","startOffset":30592896,"duration":2349},{"path":["sensors",8,"_id"],"parentType":"Sensor","fieldName":"_id","returnType":"ID!","startOffset":30603360,"duration":2784},{"path":["sensors",8,"identifier"],"parentType":"Sensor","fieldName":"identifier","returnType":"String!","startOffset":30608166,"duration":4372},{"path":["sensors",8,"name"],"parentType":"Sensor","fieldName":"name","returnType":"String!","startOffset":30615081,"duration":2540},{"path":["sensors",8,"unitType"],"parentType":"Sensor","fieldName":"unitType","returnType":"UnitType","startOffset":30619993,"duration":4456},{"path":["sensors",8,"reading"],"parentType":"Sensor","fieldName":"reading","returnType":"SensorReading","startOffset":30627021,"duration":3042},{"path":["sensors",8,"reading","timestamp"],"parentType":"SensorReading","fieldName":"timestamp","returnType":"String!","startOffset":30636057,"duration":2703},{"path":["sensors",8,"reading","value"],"parentType":"SensorReading","fieldName":"value","returnType":"Float!","startOffset":30641257,"duration":2689},{"path":["sensors",8,"reading","unitType"],"parentType":"SensorReading","fieldName":"unitType","returnType":"UnitType!","startOffset":30647848,"duration":3130},{"path":["sensors",8,"hasAnomaly"],"parentType":"Sensor","fieldName":"hasAnomaly","returnType":"Boolean","startOffset":30653435,"duration":2331},{"path":["sensors",9,"_id"],"parentType":"Sensor","fieldName":"_id","returnType":"ID!","startOffset":30663430,"duration":3028},{"path":["sensors",9,"identifier"],"parentType":"Sensor","fieldName":"identifier","returnType":"String!","startOffset":30670626,"duration":2511},{"path":["sensors",9,"name"],"parentType":"Sensor","fieldName":"name","returnType":"String!","startOffset":30675024,"duration":2399},{"path":["sensors",9,"unitType"],"parentType":"Sensor","fieldName":"unitType","returnType":"UnitType","startOffset":30682041,"duration":2427},{"path":["sensors",9,"reading"],"parentType":"Sensor","fieldName":"reading","returnType":"SensorReading","startOffset":30687630,"duration":5054},{"path":["sensors",9,"reading","timestamp"],"parentType":"SensorReading","fieldName":"timestamp","returnType":"String!","startOffset":30696190,"duration":2617},{"path":["sensors",9,"reading","value"],"parentType":"SensorReading","fieldName":"value","returnType":"Float!","startOffset":30700610,"duration":4945},{"path":["sensors",9,"reading","unitType"],"parentType":"SensorReading","fieldName":"unitType","returnType":"UnitType!","startOffset":30707547,"duration":2548},{"path":["sensors",9,"hasAnomaly"],"parentType":"Sensor","fieldName":"hasAnomaly","returnType":"Boolean","startOffset":30712592,"duration":4562},{"path":["sensors",10,"_id"],"parentType":"Sensor","fieldName":"_id","returnType":"ID!","startOffset":30722174,"duration":4532},{"path":["sensors",10,"identifier"],"parentType":"Sensor","fieldName":"identifier","returnType":"String!","startOffset":30728722,"duration":2429},{"path":["sensors",10,"name"],"parentType":"Sensor","fieldName":"name","returnType":"String!","startOffset":30733925,"duration":4414},{"path":["sensors",10,"unitType"],"parentType":"Sensor","fieldName":"unitType","returnType":"UnitType","startOffset":30740376,"duration":3176},{"path":["sensors",10,"reading"],"parentType":"Sensor","fieldName":"reading","returnType":"SensorReading","startOffset":30746019,"duration":5093},{"path":["sensors",10,"reading","timestamp"],"parentType":"SensorReading","fieldName":"timestamp","returnType":"String!","startOffset":30755332,"duration":2656},{"path":["sensors",10,"reading","value"],"parentType":"SensorReading","fieldName":"value","returnType":"Float!","startOffset":30762012,"duration":2654},{"path":["sensors",10,"reading","unitType"],"parentType":"SensorReading","fieldName":"unitType","returnType":"UnitType!","startOffset":30767095,"duration":2590},{"path":["sensors",10,"hasAnomaly"],"parentType":"Sensor","fieldName":"hasAnomaly","returnType":"Boolean","startOffset":30774032,"duration":2980},{"path":["sensors",11,"_id"],"parentType":"Sensor","fieldName":"_id","returnType":"ID!","startOffset":30782032,"duration":4611},{"path":["sensors",11,"identifier"],"parentType":"Sensor","fieldName":"identifier","returnType":"String!","startOffset":30788700,"duration":2380},{"path":["sensors",11,"name"],"parentType":"Sensor","fieldName":"name","returnType":"String!","startOffset":30792962,"duration":4253},{"path":["sensors",11,"unitType"],"parentType":"Sensor","fieldName":"unitType","returnType":"UnitType","startOffset":30799974,"duration":2382},{"path":["sensors",11,"reading"],"parentType":"Sensor","fieldName":"reading","returnType":"SensorReading","startOffset":30804860,"duration":5755},{"path":["sensors",11,"reading","timestamp"],"parentType":"SensorReading","fieldName":"timestamp","returnType":"String!","startOffset":30814142,"duration":2533},{"path":["sensors",11,"reading","value"],"parentType":"SensorReading","fieldName":"value","returnType":"Float!","startOffset":30820402,"duration":2530},{"path":["sensors",11,"reading","unitType"],"parentType":"SensorReading","fieldName":"unitType","returnType":"UnitType!","startOffset":30824991,"duration":2489},{"path":["sensors",11,"hasAnomaly"],"parentType":"Sensor","fieldName":"hasAnomaly","returnType":"Boolean","startOffset":30831833,"duration":2358},{"path":["sensors",12,"_id"],"parentType":"Sensor","fieldName":"_id","returnType":"ID!","startOffset":30839284,"duration":4408},{"path":["sensors",12,"identifier"],"parentType":"Sensor","fieldName":"identifier","returnType":"String!","startOffset":30845741,"duration":2406},{"path":["sensors",12,"name"],"parentType":"Sensor","fieldName":"name","returnType":"String!","startOffset":30850010,"duration":4450},{"path":["sensors",12,"unitType"],"parentType":"Sensor","fieldName":"unitType","returnType":"UnitType","startOffset":30856524,"duration":2333},{"path":["sensors",12,"reading"],"parentType":"Sensor","fieldName":"reading","returnType":"SensorReading","startOffset":30863144,"duration":2965},{"path":["sensors",12,"reading","timestamp"],"parentType":"SensorReading","fieldName":"timestamp","returnType":"String!","startOffset":30869536,"duration":3147},{"path":["sensors",12,"reading","value"],"parentType":"SensorReading","fieldName":"value","returnType":"Float!","startOffset":30876479,"duration":2571},{"path":["sensors",12,"reading","unitType"],"parentType":"SensorReading","fieldName":"unitType","returnType":"UnitType!","startOffset":30881550,"duration":4476},{"path":["sensors",12,"hasAnomaly"],"parentType":"Sensor","fieldName":"hasAnomaly","returnType":"Boolean","startOffset":30889035,"duration":2484},{"path":["sensors",13,"_id"],"parentType":"Sensor","fieldName":"_id","returnType":"ID!","startOffset":30898679,"duration":2738},{"path":["sensors",13,"identifier"],"parentType":"Sensor","fieldName":"identifier","returnType":"String!","startOffset":30903405,"duration":2375},{"path":["sensors",13,"name"],"parentType":"Sensor","fieldName":"name","returnType":"String!","startOffset":30909583,"duration":2421},{"path":["sensors",13,"unitType"],"parentType":"Sensor","fieldName":"unitType","returnType":"UnitType","startOffset":30913900,"duration":2316},{"path":["sensors",13,"reading"],"parentType":"Sensor","fieldName":"reading","returnType":"SensorReading","startOffset":30920556,"duration":2923},{"path":["sensors",13,"reading","timestamp"],"parentType":"SensorReading","fieldName":"timestamp","returnType":"String!","startOffset":30926910,"duration":4521},{"path":["sensors",13,"reading","value"],"parentType":"SensorReading","fieldName":"value","returnType":"Float!","startOffset":30933266,"duration":2467},{"path":["sensors",13,"reading","unitType"],"parentType":"SensorReading","fieldName":"unitType","returnType":"UnitType!","startOffset":30937632,"duration":5295},{"path":["sensors",13,"hasAnomaly"],"parentType":"Sensor","fieldName":"hasAnomaly","returnType":"Boolean","startOffset":30945407,"duration":2336},{"path":["sensors",14,"_id"],"parentType":"Sensor","fieldName":"_id","returnType":"ID!","startOffset":30954737,"duration":2801},{"path":["sensors",14,"identifier"],"parentType":"Sensor","fieldName":"identifier","returnType":"String!","startOffset":30959553,"duration":3034},{"path":["sensors",14,"name"],"parentType":"Sensor","fieldName":"name","returnType":"String!","startOffset":30966477,"duration":2353},{"path":["sensors",14,"unitType"],"parentType":"Sensor","fieldName":"unitType","returnType":"UnitType","startOffset":30970775,"duration":2327},{"path":["sensors",14,"reading"],"parentType":"Sensor","fieldName":"reading","returnType":"SensorReading","startOffset":30977390,"duration":2960},{"path":["sensors",14,"reading","timestamp"],"parentType":"SensorReading","fieldName":"timestamp","returnType":"String!","startOffset":30983820,"duration":5340},{"path":["sensors",14,"reading","value"],"parentType":"SensorReading","fieldName":"value","returnType":"Float!","startOffset":30991028,"duration":2543},{"path":["sensors",14,"reading","unitType"],"parentType":"SensorReading","fieldName":"unitType","returnType":"UnitType!","startOffset":30996057,"duration":4575},{"path":["sensors",14,"hasAnomaly"],"parentType":"Sensor","fieldName":"hasAnomaly","returnType":"Boolean","startOffset":31003328,"duration":2402},{"path":["sensors",15,"_id"],"parentType":"Sensor","fieldName":"_id","returnType":"ID!","startOffset":31013288,"duration":2595},{"path":["sensors",15,"identifier"],"parentType":"Sensor","fieldName":"identifier","returnType":"String!","startOffset":31018443,"duration":3375},{"path":["sensors",15,"name"],"parentType":"Sensor","fieldName":"name","returnType":"String!","startOffset":31023801,"duration":2376},{"path":["sensors",15,"unitType"],"parentType":"Sensor","fieldName":"unitType","returnType":"UnitType","startOffset":31028362,"duration":5709},{"path":["sensors",15,"reading"],"parentType":"Sensor","fieldName":"reading","returnType":"SensorReading","startOffset":31036637,"duration":6912},{"path":["sensors",15,"reading","timestamp"],"parentType":"SensorReading","fieldName":"timestamp","returnType":"String!","startOffset":31047268,"duration":4832},{"path":["sensors",15,"reading","value"],"parentType":"SensorReading","fieldName":"value","returnType":"Float!","startOffset":31053944,"duration":2535},{"path":["sensors",15,"reading","unitType"],"parentType":"SensorReading","fieldName":"unitType","returnType":"UnitType!","startOffset":31058442,"duration":4469},{"path":["sensors",15,"hasAnomaly"],"parentType":"Sensor","fieldName":"hasAnomaly","returnType":"Boolean","startOffset":31065349,"duration":2354},{"path":["sensors",16,"_id"],"parentType":"Sensor","fieldName":"_id","returnType":"ID!","startOffset":31074833,"duration":2668},{"path":["sensors",16,"identifier"],"parentType":"Sensor","fieldName":"identifier","returnType":"String!","startOffset":31079604,"duration":2402},{"path":["sensors",16,"name"],"parentType":"Sensor","fieldName":"name","returnType":"String!","startOffset":31086975,"duration":2591},{"path":["sensors",16,"unitType"],"parentType":"Sensor","fieldName":"unitType","returnType":"UnitType","startOffset":31091479,"duration":3165},{"path":["sensors",16,"reading"],"parentType":"Sensor","fieldName":"reading","returnType":"SensorReading","startOffset":31099127,"duration":2887},{"path":["sensors",16,"reading","timestamp"],"parentType":"SensorReading","fieldName":"timestamp","returnType":"String!","startOffset":31106057,"duration":4518},{"path":["sensors",16,"reading","value"],"parentType":"SensorReading","fieldName":"value","returnType":"Float!","startOffset":31113309,"duration":2697},{"path":["sensors",16,"reading","unitType"],"parentType":"SensorReading","fieldName":"unitType","returnType":"UnitType!","startOffset":31118013,"duration":4358},{"path":["sensors",16,"hasAnomaly"],"parentType":"Sensor","fieldName":"hasAnomaly","returnType":"Boolean","startOffset":31124879,"duration":2330},{"path":["sensors",17,"_id"],"parentType":"Sensor","fieldName":"_id","returnType":"ID!","startOffset":31134778,"duration":2771},{"path":["sensors",17,"identifier"],"parentType":"Sensor","fieldName":"identifier","returnType":"String!","startOffset":31139502,"duration":4390},{"path":["sensors",17,"name"],"parentType":"Sensor","fieldName":"name","returnType":"String!","startOffset":31145766,"duration":2405},{"path":["sensors",17,"unitType"],"parentType":"Sensor","fieldName":"unitType","returnType":"UnitType","startOffset":31150056,"duration":4208},{"path":["sensors",17,"reading"],"parentType":"Sensor","fieldName":"reading","returnType":"SensorReading","startOffset":31156750,"duration":3208},{"path":["sensors",17,"reading","timestamp"],"parentType":"SensorReading","fieldName":"timestamp","returnType":"String!","startOffset":31165879,"duration":2574},{"path":["sensors",17,"reading","value"],"parentType":"SensorReading","fieldName":"value","returnType":"Float!","startOffset":31170299,"duration":2539},{"path":["sensors",17,"reading","unitType"],"parentType":"SensorReading","fieldName":"unitType","returnType":"UnitType!","startOffset":31176752,"duration":2509},{"path":["sensors",17,"hasAnomaly"],"parentType":"Sensor","fieldName":"hasAnomaly","returnType":"Boolean","startOffset":31181660,"duration":2316},{"path":["sensors",18,"_id"],"parentType":"Sensor","fieldName":"_id","returnType":"ID!","startOffset":31191513,"duration":2619},{"path":["sensors",18,"identifier"],"parentType":"Sensor""
4862 [main] DEBUG org.apache.http.wire  -  << "ding","value"],"parentType":"SensorReading","fieldName":"value","returnType":"Float!","startOffset":30461904,"duration":2555},{"path":["sensors",5,"reading","unitType"],"parentType":"SensorReading","fieldName":"unitType","returnType":"UnitType!","startOffset":30466958,"duration":2661},{"path":["sensors",5,"hasAnomaly"],"parentType":"Sensor","fieldName":"hasAnomaly","returnType":"Boolean","startOffset":30473843,"duration":2330},{"path":["sensors",6,"_id"],"parentType":"Sensor","fieldName":"_id","returnType":"ID!","startOffset":30481758,"duration":4635},{"path":["sensors",6,"identifier"],"parentType":"Sensor","fieldName":"identifier","returnType":"String!","startOffset":30488927,"duration":2522},{"path":["sensors",6,"name"],"parentType":"Sensor","fieldName":"name","returnType":"String!","startOffset":30493356,"duration":5221},{"path":["sensors",6,"unitType"],"parentType":"Sensor","fieldName":"unitType","returnType":"UnitType","startOffset":30500480,"duration":2514},{"path":["sensors",6,"reading"],"parentType":"Sensor","fieldName":"reading","returnType":"SensorReading","startOffset":30508284,"duration":3292},{"path":["sensors",6,"reading","timestamp"],"parentType":"SensorReading","fieldName":"timestamp","returnType":"String!","startOffset":30515138,"duration":2551},{"path":["sensors",6,"reading","value"],"parentType":"SensorReading","fieldName":"value","returnType":"Float!","startOffset":30522265,"duration":2686},{"path":["sensors",6,"reading","unitType"],"parentType":"SensorReading","fieldName":"unitType","returnType":"UnitType!","startOffset":30527043,"duration":4461},{"path":["sensors",6,"hasAnomaly"],"parentType":"Sensor","fieldName":"hasAnomaly","returnType":"Boolean","startOffset":30534064,"duration":2758},{"path":["sensors",7,"_id"],"parentType":"Sensor","fieldName":"_id","returnType":"ID!","startOffset":30544837,"duration":2615},{"path":["sensors",7,"identifier"],"parentType":"Sensor","fieldName":"identifier","returnType":"String!","startOffset":30549437,"duration":2379},{"path":["sensors",7,"name"],"parentType":"Sensor","fieldName":"name","returnType":"String!","startOffset":30555572,"duration":2393},{"path":["sensors",7,"unitType"],"parentType":"Sensor","fieldName":"unitType","returnType":"UnitType","startOffset":30560691,"duration":2470},{"path":["sensors",7,"reading"],"parentType":"Sensor","fieldName":"reading","returnType":"SensorReading","startOffset":30567735,"duration":3849},{"path":["sensors",7,"reading","timestamp"],"parentType":"SensorReading","fieldName":"timestamp","returnType":"String!","startOffset":30575041,"duration":4521},{"path":["sensors",7,"reading","value"],"parentType":"SensorReading","fieldName":"value","returnType":"Float!","startOffset":30581401,"duration":2555},{"path":["sensors",7,"reading","unitType"],"parentType":"SensorReading","fieldName":"unitType","returnType":"UnitType!","startOffset":30586036,"duration":4339},{"path":["sensors",7,"hasAnomaly"],"parentType":"Sensor","fieldName":"hasAnomaly","returnType":"Boolean","startOffset":30592896,"duration":2349},{"path":["sensors",8,"_id"],"parentType":"Sensor","fieldName":"_id","returnType":"ID!","startOffset":30603360,"duration":2784},{"path":["sensors",8,"identifier"],"parentType":"Sensor","fieldName":"identifier","returnType":"String!","startOffset":30608166,"duration":4372},{"path":["sensors",8,"name"],"parentType":"Sensor","fieldName":"name","returnType":"String!","startOffset":30615081,"duration":2540},{"path":["sensors",8,"unitType"],"parentType":"Sensor","fieldName":"unitType","returnType":"UnitType","startOffset":30619993,"duration":4456},{"path":["sensors",8,"reading"],"parentType":"Sensor","fieldName":"reading","returnType":"SensorReading","startOffset":30627021,"duration":3042},{"path":["sensors",8,"reading","timestamp"],"parentType":"SensorReading","fieldName":"timestamp","returnType":"String!","startOffset":30636057,"duration":2703},{"path":["sensors",8,"reading","value"],"parentType":"SensorReading","fieldName":"value","returnType":"Float!","startOffset":30641257,"duration":2689},{"path":["sensors",8,"reading","unitType"],"parentType":"SensorReading","fieldName":"unitType","returnType":"UnitType!","startOffset":30647848,"duration":3130},{"path":["sensors",8,"hasAnomaly"],"parentType":"Sensor","fieldName":"hasAnomaly","returnType":"Boolean","startOffset":30653435,"duration":2331},{"path":["sensors",9,"_id"],"parentType":"Sensor","fieldName":"_id","returnType":"ID!","startOffset":30663430,"duration":3028},{"path":["sensors",9,"identifier"],"parentType":"Sensor","fieldName":"identifier","returnType":"String!","startOffset":30670626,"duration":2511},{"path":["sensors",9,"name"],"parentType":"Sensor","fieldName":"name","returnType":"String!","startOffset":30675024,"duration":2399},{"path":["sensors",9,"unitType"],"parentType":"Sensor","fieldName":"unitType","returnType":"UnitType","startOffset":30682041,"duration":2427},{"path":["sensors",9,"reading"],"parentType":"Sensor","fieldName":"reading","returnType":"SensorReading","startOffset":30687630,"duration":5054},{"path":["sensors",9,"reading","timestamp"],"parentType":"SensorReading","fieldName":"timestamp","returnType":"String!","startOffset":30696190,"duration":2617},{"path":["sensors",9,"reading","value"],"parentType":"SensorReading","fieldName":"value","returnType":"Float!","startOffset":30700610,"duration":4945},{"path":["sensors",9,"reading","unitType"],"parentType":"SensorReading","fieldName":"unitType","returnType":"UnitType!","startOffset":30707547,"duration":2548},{"path":["sensors",9,"hasAnomaly"],"parentType":"Sensor","fieldName":"hasAnomaly","returnType":"Boolean","startOffset":30712592,"duration":4562},{"path":["sensors",10,"_id"],"parentType":"Sensor","fieldName":"_id","returnType":"ID!","startOffset":30722174,"duration":4532},{"path":["sensors",10,"identifier"],"parentType":"Sensor","fieldName":"identifier","returnType":"String!","startOffset":30728722,"duration":2429},{"path":["sensors",10,"name"],"parentType":"Sensor","fieldName":"name","returnType":"String!","startOffset":30733925,"duration":4414},{"path":["sensors",10,"unitType"],"parentType":"Sensor","fieldName":"unitType","returnType":"UnitType","startOffset":30740376,"duration":3176},{"path":["sensors",10,"reading"],"parentType":"Sensor","fieldName":"reading","returnType":"SensorReading","startOffset":30746019,"duration":5093},{"path":["sensors",10,"reading","timestamp"],"parentType":"SensorReading","fieldName":"timestamp","returnType":"String!","startOffset":30755332,"duration":2656},{"path":["sensors",10,"reading","value"],"parentType":"SensorReading","fieldName":"value","returnType":"Float!","startOffset":30762012,"duration":2654},{"path":["sensors",10,"reading","unitType"],"parentType":"SensorReading","fieldName":"unitType","returnType":"UnitType!","startOffset":30767095,"duration":2590},{"path":["sensors",10,"hasAnomaly"],"parentType":"Sensor","fieldName":"hasAnomaly","returnType":"Boolean","startOffset":30774032,"duration":2980},{"path":["sensors",11,"_id"],"parentType":"Sensor","fieldName":"_id","returnType":"ID!","startOffset":30782032,"duration":4611},{"path":["sensors",11,"identifier"],"parentType":"Sensor","fieldName":"identifier","returnType":"String!","startOffset":30788700,"duration":2380},{"path":["sensors",11,"name"],"parentType":"Sensor","fieldName":"name","returnType":"String!","startOffset":30792962,"duration":4253},{"path":["sensors",11,"unitType"],"parentType":"Sensor","fieldName":"unitType","returnType":"UnitType","startOffset":30799974,"duration":2382},{"path":["sensors",11,"reading"],"parentType":"Sensor","fieldName":"reading","returnType":"SensorReading","startOffset":30804860,"duration":5755},{"path":["sensors",11,"reading","timestamp"],"parentType":"SensorReading","fieldName":"timestamp","returnType":"String!","startOffset":30814142,"duration":2533},{"path":["sensors",11,"reading","value"],"parentType":"SensorReading","fieldName":"value","returnType":"Float!","startOffset":30820402,"duration":2530},{"path":["sensors",11,"reading","unitType"],"parentType":"SensorReading","fieldName":"unitType","returnType":"UnitType!","startOffset":30824991,"duration":2489},{"path":["sensors",11,"hasAnomaly"],"parentType":"Sensor","fieldName":"hasAnomaly","returnType":"Boolean","startOffset":30831833,"duration":2358},{"path":["sensors",12,"_id"],"parentType":"Sensor","fieldName":"_id","returnType":"ID!","startOffset":30839284,"duration":4408},{"path":["sensors",12,"identifier"],"parentType":"Sensor","fieldName":"identifier","returnType":"String!","startOffset":30845741,"duration":2406},{"path":["sensors",12,"name"],"parentType":"Sensor","fieldName":"name","returnType":"String!","startOffset":30850010,"duration":4450},{"path":["sensors",12,"unitType"],"parentType":"Sensor","fieldName":"unitType","returnType":"UnitType","startOffset":30856524,"duration":2333},{"path":["sensors",12,"reading"],"parentType":"Sensor","fieldName":"reading","returnType":"SensorReading","startOffset":30863144,"duration":2965},{"path":["sensors",12,"reading","timestamp"],"parentType":"SensorReading","fieldName":"timestamp","returnType":"String!","startOffset":30869536,"duration":3147},{"path":["sensors",12,"reading","value"],"parentType":"SensorReading","fieldName":"value","returnType":"Float!","startOffset":30876479,"duration":2571},{"path":["sensors",12,"reading","unitType"],"parentType":"SensorReading","fieldName":"unitType","returnType":"UnitType!","startOffset":30881550,"duration":4476},{"path":["sensors",12,"hasAnomaly"],"parentType":"Sensor","fieldName":"hasAnomaly","returnType":"Boolean","startOffset":30889035,"duration":2484},{"path":["sensors",13,"_id"],"parentType":"Sensor","fieldName":"_id","returnType":"ID!","startOffset":30898679,"duration":2738},{"path":["sensors",13,"identifier"],"parentType":"Sensor","fieldName":"identifier","returnType":"String!","startOffset":30903405,"duration":2375},{"path":["sensors",13,"name"],"parentType":"Sensor","fieldName":"name","returnType":"String!","startOffset":30909583,"duration":2421},{"path":["sensors",13,"unitType"],"parentType":"Sensor","fieldName":"unitType","returnType":"UnitType","startOffset":30913900,"duration":2316},{"path":["sensors",13,"reading"],"parentType":"Sensor","fieldName":"reading","returnType":"SensorReading","startOffset":30920556,"duration":2923},{"path":["sensors",13,"reading","timestamp"],"parentType":"SensorReading","fieldName":"timestamp","returnType":"String!","startOffset":30926910,"duration":4521},{"path":["sensors",13,"reading","value"],"parentType":"SensorReading","fieldName":"value","returnType":"Float!","startOffset":30933266,"duration":2467},{"path":["sensors",13,"reading","unitType"],"parentType":"SensorReading","fieldName":"unitType","returnType":"UnitType!","startOffset":30937632,"duration":5295},{"path":["sensors",13,"hasAnomaly"],"parentType":"Sensor","fieldName":"hasAnomaly","returnType":"Boolean","startOffset":30945407,"duration":2336},{"path":["sensors",14,"_id"],"parentType":"Sensor","fieldName":"_id","returnType":"ID!","startOffset":30954737,"duration":2801},{"path":["sensors",14,"identifier"],"parentType":"Sensor","fieldName":"identifier","returnType":"String!","startOffset":30959553,"duration":3034},{"path":["sensors",14,"name"],"parentType":"Sensor","fieldName":"name","returnType":"String!","startOffset":30966477,"duration":2353},{"path":["sensors",14,"unitType"],"parentType":"Sensor","fieldName":"unitType","returnType":"UnitType","startOffset":30970775,"duration":2327},{"path":["sensors",14,"reading"],"parentType":"Sensor","fieldName":"reading","returnType":"SensorReading","startOffset":30977390,"duration":2960},{"path":["sensors",14,"reading","timestamp"],"parentType":"SensorReading","fieldName":"timestamp","returnType":"String!","startOffset":30983820,"duration":5340},{"path":["sensors",14,"reading","value"],"parentType":"SensorReading","fieldName":"value","returnType":"Float!","startOffset":30991028,"duration":2543},{"path":["sensors",14,"reading","unitType"],"parentType":"SensorReading","fieldName":"unitType","returnType":"UnitType!","startOffset":30996057,"duration":4575},{"path":["sensors",14,"hasAnomaly"],"parentType":"Sensor","fieldName":"hasAnomaly","returnType":"Boolean","startOffset":31003328,"duration":2402},{"path":["sensors",15,"_id"],"parentType":"Sensor","fieldName":"_id","returnType":"ID!","startOffset":31013288,"duration":2595},{"path":["sensors",15,"identifier"],"parentType":"Sensor","fieldName":"identifier","returnType":"String!","startOffset":31018443,"duration":3375},{"path":["sensors",15,"name"],"parentType":"Sensor","fieldName":"name","returnType":"String!","startOffset":31023801,"duration":2376},{"path":["sensors",15,"unitType"],"parentType":"Sensor","fieldName":"unitType","returnType":"UnitType","startOffset":31028362,"duration":5709},{"path":["sensors",15,"reading"],"parentType":"Sensor","fieldName":"reading","returnType":"SensorReading","startOffset":31036637,"duration":6912},{"path":["sensors",15,"reading","timestamp"],"parentType":"SensorReading","fieldName":"timestamp","returnType":"String!","startOffset":31047268,"duration":4832},{"path":["sensors",15,"reading","value"],"parentType":"SensorReading","fieldName":"value","returnType":"Float!","startOffset":31053944,"duration":2535},{"path":["sensors",15,"reading","unitType"],"parentType":"SensorReading","fieldName":"unitType","returnType":"UnitType!","startOffset":31058442,"duration":4469},{"path":["sensors",15,"hasAnomaly"],"parentType":"Sensor","fieldName":"hasAnomaly","returnType":"Boolean","startOffset":31065349,"duration":2354},{"path":["sensors",16,"_id"],"parentType":"Sensor","fieldName":"_id","returnType":"ID!","startOffset":31074833,"duration":2668},{"path":["sensors",16,"identifier"],"parentType":"Sensor","fieldName":"identifier","returnType":"String!","startOffset":31079604,"duration":2402},{"path":["sensors",16,"name"],"parentType":"Sensor","fieldName":"name","returnType":"String!","startOffset":31086975,"duration":2591},{"path":["sensors",16,"unitType"],"parentType":"Sensor","fieldName":"unitType","returnType":"UnitType","startOffset":31091479,"duration":3165},{"path":["sensors",16,"reading"],"parentType":"Sensor","fieldName":"reading","returnType":"SensorReading","startOffset":31099127,"duration":2887},{"path":["sensors",16,"reading","timestamp"],"parentType":"SensorReading","fieldName":"timestamp","returnType":"String!","startOffset":31106057,"duration":4518},{"path":["sensors",16,"reading","value"],"parentType":"SensorReading","fieldName":"value","returnType":"Float!","startOffset":31113309,"duration":2697},{"path":["sensors",16,"reading","unitType"],"parentType":"SensorReading","fieldName":"unitType","returnType":"UnitType!","startOffset":31118013,"duration":4358},{"path":["sensors",16,"hasAnomaly"],"parentType":"Sensor","fieldName":"hasAnomaly","returnType":"Boolean","startOffset":31124879,"duration":2330},{"path":["sensors",17,"_id"],"parentType":"Sensor","fieldName":"_id","returnType":"ID!","startOffset":31134778,"duration":2771},{"path":["sensors",17,"identifier"],"parentType":"Sensor","fieldName":"identifier","returnType":"String!","startOffset":31139502,"duration":4390},{"path":["sensors",17,"name"],"parentType":"Sensor","fieldName":"name","returnType":"String!","startOffset":31145766,"duration":2405},{"path":["sensors",17,"unitType"],"parentType":"Sensor","fieldName":"unitType","returnType":"UnitType","startOffset":31150056,"duration":4208},{"path":["sensors",17,"reading"],"parentType":"Sensor","fieldName":"reading","returnType":"SensorReading","startOffset":31156750,"duration":3208},{"path":["sensors",17,"reading","timestamp"],"parentType":"SensorReading","fieldName":"timestamp","returnType":"String!","startOffset":31165879,"duration":2574},{"path":["sensors",17,"reading","value"],"parentType":"SensorReading","fieldName":"value","returnType":"Float!","startOffset":31170299,"duration":2539},{"path":["sensors",17,"reading","unitType"],"parentType":"SensorReading","fieldName":"unitType","returnType":"UnitType!","startOffset":31176752,"duration":2509},{"path":["sensors",17,"hasAnomaly"],"parentType":"Sensor","fieldName":"hasAnomaly","returnType":"Boolean","startOffset":31181660,"duration":2316},{"path":["sensors",18,"_id"],"parentType":"Sensor","fieldName":"_id","returnType":"ID!","startOffset":31191513,"duration":2619},{"path":["sensors",18,"identifier"],"parentType":"Sensor""
4862 [main] DEBUG org.apache.http.wire  -  << "ding","value"],"parentType":"SensorReading","fieldName":"value","returnType":"Float!","startOffset":30461904,"duration":2555},{"path":["sensors",5,"reading","unitType"],"parentType":"SensorReading","fieldName":"unitType","returnType":"UnitType!","startOffset":30466958,"duration":2661},{"path":["sensors",5,"hasAnomaly"],"parentType":"Sensor","fieldName":"hasAnomaly","returnType":"Boolean","startOffset":30473843,"duration":2330},{"path":["sensors",6,"_id"],"parentType":"Sensor","fieldName":"_id","returnType":"ID!","startOffset":30481758,"duration":4635},{"path":["sensors",6,"identifier"],"parentType":"Sensor","fieldName":"identifier","returnType":"String!","startOffset":30488927,"duration":2522},{"path":["sensors",6,"name"],"parentType":"Sensor","fieldName":"name","returnType":"String!","startOffset":30493356,"duration":5221},{"path":["sensors",6,"unitType"],"parentType":"Sensor","fieldName":"unitType","returnType":"UnitType","startOffset":30500480,"duration":2514},{"path":["sensors",6,"reading"],"parentType":"Sensor","fieldName":"reading","returnType":"SensorReading","startOffset":30508284,"duration":3292},{"path":["sensors",6,"reading","timestamp"],"parentType":"SensorReading","fieldName":"timestamp","returnType":"String!","startOffset":30515138,"duration":2551},{"path":["sensors",6,"reading","value"],"parentType":"SensorReading","fieldName":"value","returnType":"Float!","startOffset":30522265,"duration":2686},{"path":["sensors",6,"reading","unitType"],"parentType":"SensorReading","fieldName":"unitType","returnType":"UnitType!","startOffset":30527043,"duration":4461},{"path":["sensors",6,"hasAnomaly"],"parentType":"Sensor","fieldName":"hasAnomaly","returnType":"Boolean","startOffset":30534064,"duration":2758},{"path":["sensors",7,"_id"],"parentType":"Sensor","fieldName":"_id","returnType":"ID!","startOffset":30544837,"duration":2615},{"path":["sensors",7,"identifier"],"parentType":"Sensor","fieldName":"identifier","returnType":"String!","startOffset":30549437,"duration":2379},{"path":["sensors",7,"name"],"parentType":"Sensor","fieldName":"name","returnType":"String!","startOffset":30555572,"duration":2393},{"path":["sensors",7,"unitType"],"parentType":"Sensor","fieldName":"unitType","returnType":"UnitType","startOffset":30560691,"duration":2470},{"path":["sensors",7,"reading"],"parentType":"Sensor","fieldName":"reading","returnType":"SensorReading","startOffset":30567735,"duration":3849},{"path":["sensors",7,"reading","timestamp"],"parentType":"SensorReading","fieldName":"timestamp","returnType":"String!","startOffset":30575041,"duration":4521},{"path":["sensors",7,"reading","value"],"parentType":"SensorReading","fieldName":"value","returnType":"Float!","startOffset":30581401,"duration":2555},{"path":["sensors",7,"reading","unitType"],"parentType":"SensorReading","fieldName":"unitType","returnType":"UnitType!","startOffset":30586036,"duration":4339},{"path":["sensors",7,"hasAnomaly"],"parentType":"Sensor","fieldName":"hasAnomaly","returnType":"Boolean","startOffset":30592896,"duration":2349},{"path":["sensors",8,"_id"],"parentType":"Sensor","fieldName":"_id","returnType":"ID!","startOffset":30603360,"duration":2784},{"path":["sensors",8,"identifier"],"parentType":"Sensor","fieldName":"identifier","returnType":"String!","startOffset":30608166,"duration":4372},{"path":["sensors",8,"name"],"parentType":"Sensor","fieldName":"name","returnType":"String!","startOffset":30615081,"duration":2540},{"path":["sensors",8,"unitType"],"parentType":"Sensor","fieldName":"unitType","returnType":"UnitType","startOffset":30619993,"duration":4456},{"path":["sensors",8,"reading"],"parentType":"Sensor","fieldName":"reading","returnType":"SensorReading","startOffset":30627021,"duration":3042},{"path":["sensors",8,"reading","timestamp"],"parentType":"SensorReading","fieldName":"timestamp","returnType":"String!","startOffset":30636057,"duration":2703},{"path":["sensors",8,"reading","value"],"parentType":"SensorReading","fieldName":"value","returnType":"Float!","startOffset":30641257,"duration":2689},{"path":["sensors",8,"reading","unitType"],"parentType":"SensorReading","fieldName":"unitType","returnType":"UnitType!","startOffset":30647848,"duration":3130},{"path":["sensors",8,"hasAnomaly"],"parentType":"Sensor","fieldName":"hasAnomaly","returnType":"Boolean","startOffset":30653435,"duration":2331},{"path":["sensors",9,"_id"],"parentType":"Sensor","fieldName":"_id","returnType":"ID!","startOffset":30663430,"duration":3028},{"path":["sensors",9,"identifier"],"parentType":"Sensor","fieldName":"identifier","returnType":"String!","startOffset":30670626,"duration":2511},{"path":["sensors",9,"name"],"parentType":"Sensor","fieldName":"name","returnType":"String!","startOffset":30675024,"duration":2399},{"path":["sensors",9,"unitType"],"parentType":"Sensor","fieldName":"unitType","returnType":"UnitType","startOffset":30682041,"duration":2427},{"path":["sensors",9,"reading"],"parentType":"Sensor","fieldName":"reading","returnType":"SensorReading","startOffset":30687630,"duration":5054},{"path":["sensors",9,"reading","timestamp"],"parentType":"SensorReading","fieldName":"timestamp","returnType":"String!","startOffset":30696190,"duration":2617},{"path":["sensors",9,"reading","value"],"parentType":"SensorReading","fieldName":"value","returnType":"Float!","startOffset":30700610,"duration":4945},{"path":["sensors",9,"reading","unitType"],"parentType":"SensorReading","fieldName":"unitType","returnType":"UnitType!","startOffset":30707547,"duration":2548},{"path":["sensors",9,"hasAnomaly"],"parentType":"Sensor","fieldName":"hasAnomaly","returnType":"Boolean","startOffset":30712592,"duration":4562},{"path":["sensors",10,"_id"],"parentType":"Sensor","fieldName":"_id","returnType":"ID!","startOffset":30722174,"duration":4532},{"path":["sensors",10,"identifier"],"parentType":"Sensor","fieldName":"identifier","returnType":"String!","startOffset":30728722,"duration":2429},{"path":["sensors",10,"name"],"parentType":"Sensor","fieldName":"name","returnType":"String!","startOffset":30733925,"duration":4414},{"path":["sensors",10,"unitType"],"parentType":"Sensor","fieldName":"unitType","returnType":"UnitType","startOffset":30740376,"duration":3176},{"path":["sensors",10,"reading"],"parentType":"Sensor","fieldName":"reading","returnType":"SensorReading","startOffset":30746019,"duration":5093},{"path":["sensors",10,"reading","timestamp"],"parentType":"SensorReading","fieldName":"timestamp","returnType":"String!","startOffset":30755332,"duration":2656},{"path":["sensors",10,"reading","value"],"parentType":"SensorReading","fieldName":"value","returnType":"Float!","startOffset":30762012,"duration":2654},{"path":["sensors",10,"reading","unitType"],"parentType":"SensorReading","fieldName":"unitType","returnType":"UnitType!","startOffset":30767095,"duration":2590},{"path":["sensors",10,"hasAnomaly"],"parentType":"Sensor","fieldName":"hasAnomaly","returnType":"Boolean","startOffset":30774032,"duration":2980},{"path":["sensors",11,"_id"],"parentType":"Sensor","fieldName":"_id","returnType":"ID!","startOffset":30782032,"duration":4611},{"path":["sensors",11,"identifier"],"parentType":"Sensor","fieldName":"identifier","returnType":"String!","startOffset":30788700,"duration":2380},{"path":["sensors",11,"name"],"parentType":"Sensor","fieldName":"name","returnType":"String!","startOffset":30792962,"duration":4253},{"path":["sensors",11,"unitType"],"parentType":"Sensor","fieldName":"unitType","returnType":"UnitType","startOffset":30799974,"duration":2382},{"path":["sensors",11,"reading"],"parentType":"Sensor","fieldName":"reading","returnType":"SensorReading","startOffset":30804860,"duration":5755},{"path":["sensors",11,"reading","timestamp"],"parentType":"SensorReading","fieldName":"timestamp","returnType":"String!","startOffset":30814142,"duration":2533},{"path":["sensors",11,"reading","value"],"parentType":"SensorReading","fieldName":"value","returnType":"Float!","startOffset":30820402,"duration":2530},{"path":["sensors",11,"reading","unitType"],"parentType":"SensorReading","fieldName":"unitType","returnType":"UnitType!","startOffset":30824991,"duration":2489},{"path":["sensors",11,"hasAnomaly"],"parentType":"Sensor","fieldName":"hasAnomaly","returnType":"Boolean","startOffset":30831833,"duration":2358},{"path":["sensors",12,"_id"],"parentType":"Sensor","fieldName":"_id","returnType":"ID!","startOffset":30839284,"duration":4408},{"path":["sensors",12,"identifier"],"parentType":"Sensor","fieldName":"identifier","returnType":"String!","startOffset":30845741,"duration":2406},{"path":["sensors",12,"name"],"parentType":"Sensor","fieldName":"name","returnType":"String!","startOffset":30850010,"duration":4450},{"path":["sensors",12,"unitType"],"parentType":"Sensor","fieldName":"unitType","returnType":"UnitType","startOffset":30856524,"duration":2333},{"path":["sensors",12,"reading"],"parentType":"Sensor","fieldName":"reading","returnType":"SensorReading","startOffset":30863144,"duration":2965},{"path":["sensors",12,"reading","timestamp"],"parentType":"SensorReading","fieldName":"timestamp","returnType":"String!","startOffset":30869536,"duration":3147},{"path":["sensors",12,"reading","value"],"parentType":"SensorReading","fieldName":"value","returnType":"Float!","startOffset":30876479,"duration":2571},{"path":["sensors",12,"reading","unitType"],"parentType":"SensorReading","fieldName":"unitType","returnType":"UnitType!","startOffset":30881550,"duration":4476},{"path":["sensors",12,"hasAnomaly"],"parentType":"Sensor","fieldName":"hasAnomaly","returnType":"Boolean","startOffset":30889035,"duration":2484},{"path":["sensors",13,"_id"],"parentType":"Sensor","fieldName":"_id","returnType":"ID!","startOffset":30898679,"duration":2738},{"path":["sensors",13,"identifier"],"parentType":"Sensor","fieldName":"identifier","returnType":"String!","startOffset":30903405,"duration":2375},{"path":["sensors",13,"name"],"parentType":"Sensor","fieldName":"name","returnType":"String!","startOffset":30909583,"duration":2421},{"path":["sensors",13,"unitType"],"parentType":"Sensor","fieldName":"unitType","returnType":"UnitType","startOffset":30913900,"duration":2316},{"path":["sensors",13,"reading"],"parentType":"Sensor","fieldName":"reading","returnType":"SensorReading","startOffset":30920556,"duration":2923},{"path":["sensors",13,"reading","timestamp"],"parentType":"SensorReading","fieldName":"timestamp","returnType":"String!","startOffset":30926910,"duration":4521},{"path":["sensors",13,"reading","value"],"parentType":"SensorReading","fieldName":"value","returnType":"Float!","startOffset":30933266,"duration":2467},{"path":["sensors",13,"reading","unitType"],"parentType":"SensorReading","fieldName":"unitType","returnType":"UnitType!","startOffset":30937632,"duration":5295},{"path":["sensors",13,"hasAnomaly"],"parentType":"Sensor","fieldName":"hasAnomaly","returnType":"Boolean","startOffset":30945407,"duration":2336},{"path":["sensors",14,"_id"],"parentType":"Sensor","fieldName":"_id","returnType":"ID!","startOffset":30954737,"duration":2801},{"path":["sensors",14,"identifier"],"parentType":"Sensor","fieldName":"identifier","returnType":"String!","startOffset":30959553,"duration":3034},{"path":["sensors",14,"name"],"parentType":"Sensor","fieldName":"name","returnType":"String!","startOffset":30966477,"duration":2353},{"path":["sensors",14,"unitType"],"parentType":"Sensor","fieldName":"unitType","returnType":"UnitType","startOffset":30970775,"duration":2327},{"path":["sensors",14,"reading"],"parentType":"Sensor","fieldName":"reading","returnType":"SensorReading","startOffset":30977390,"duration":2960},{"path":["sensors",14,"reading","timestamp"],"parentType":"SensorReading","fieldName":"timestamp","returnType":"String!","startOffset":30983820,"duration":5340},{"path":["sensors",14,"reading","value"],"parentType":"SensorReading","fieldName":"value","returnType":"Float!","startOffset":30991028,"duration":2543},{"path":["sensors",14,"reading","unitType"],"parentType":"SensorReading","fieldName":"unitType","returnType":"UnitType!","startOffset":30996057,"duration":4575},{"path":["sensors",14,"hasAnomaly"],"parentType":"Sensor","fieldName":"hasAnomaly","returnType":"Boolean","startOffset":31003328,"duration":2402},{"path":["sensors",15,"_id"],"parentType":"Sensor","fieldName":"_id","returnType":"ID!","startOffset":31013288,"duration":2595},{"path":["sensors",15,"identifier"],"parentType":"Sensor","fieldName":"identifier","returnType":"String!","startOffset":31018443,"duration":3375},{"path":["sensors",15,"name"],"parentType":"Sensor","fieldName":"name","returnType":"String!","startOffset":31023801,"duration":2376},{"path":["sensors",15,"unitType"],"parentType":"Sensor","fieldName":"unitType","returnType":"UnitType","startOffset":31028362,"duration":5709},{"path":["sensors",15,"reading"],"parentType":"Sensor","fieldName":"reading","returnType":"SensorReading","startOffset":31036637,"duration":6912},{"path":["sensors",15,"reading","timestamp"],"parentType":"SensorReading","fieldName":"timestamp","returnType":"String!","startOffset":31047268,"duration":4832},{"path":["sensors",15,"reading","value"],"parentType":"SensorReading","fieldName":"value","returnType":"Float!","startOffset":31053944,"duration":2535},{"path":["sensors",15,"reading","unitType"],"parentType":"SensorReading","fieldName":"unitType","returnType":"UnitType!","startOffset":31058442,"duration":4469},{"path":["sensors",15,"hasAnomaly"],"parentType":"Sensor","fieldName":"hasAnomaly","returnType":"Boolean","startOffset":31065349,"duration":2354},{"path":["sensors",16,"_id"],"parentType":"Sensor","fieldName":"_id","returnType":"ID!","startOffset":31074833,"duration":2668},{"path":["sensors",16,"identifier"],"parentType":"Sensor","fieldName":"identifier","returnType":"String!","startOffset":31079604,"duration":2402},{"path":["sensors",16,"name"],"parentType":"Sensor","fieldName":"name","returnType":"String!","startOffset":31086975,"duration":2591},{"path":["sensors",16,"unitType"],"parentType":"Sensor","fieldName":"unitType","returnType":"UnitType","startOffset":31091479,"duration":3165},{"path":["sensors",16,"reading"],"parentType":"Sensor","fieldName":"reading","returnType":"SensorReading","startOffset":31099127,"duration":2887},{"path":["sensors",16,"reading","timestamp"],"parentType":"SensorReading","fieldName":"timestamp","returnType":"String!","startOffset":31106057,"duration":4518},{"path":["sensors",16,"reading","value"],"parentType":"SensorReading","fieldName":"value","returnType":"Float!","startOffset":31113309,"duration":2697},{"path":["sensors",16,"reading","unitType"],"parentType":"SensorReading","fieldName":"unitType","returnType":"UnitType!","startOffset":31118013,"duration":4358},{"path":["sensors",16,"hasAnomaly"],"parentType":"Sensor","fieldName":"hasAnomaly","returnType":"Boolean","startOffset":31124879,"duration":2330},{"path":["sensors",17,"_id"],"parentType":"Sensor","fieldName":"_id","returnType":"ID!","startOffset":31134778,"duration":2771},{"path":["sensors",17,"identifier"],"parentType":"Sensor","fieldName":"identifier","returnType":"String!","startOffset":31139502,"duration":4390},{"path":["sensors",17,"name"],"parentType":"Sensor","fieldName":"name","returnType":"String!","startOffset":31145766,"duration":2405},{"path":["sensors",17,"unitType"],"parentType":"Sensor","fieldName":"unitType","returnType":"UnitType","startOffset":31150056,"duration":4208},{"path":["sensors",17,"reading"],"parentType":"Sensor","fieldName":"reading","returnType":"SensorReading","startOffset":31156750,"duration":3208},{"path":["sensors",17,"reading","timestamp"],"parentType":"SensorReading","fieldName":"timestamp","returnType":"String!","startOffset":31165879,"duration":2574},{"path":["sensors",17,"reading","value"],"parentType":"SensorReading","fieldName":"value","returnType":"Float!","startOffset":31170299,"duration":2539},{"path":["sensors",17,"reading","unitType"],"parentType":"SensorReading","fieldName":"unitType","returnType":"UnitType!","startOffset":31176752,"duration":2509},{"path":["sensors",17,"hasAnomaly"],"parentType":"Sensor","fieldName":"hasAnomaly","returnType":"Boolean","startOffset":31181660,"duration":2316},{"path":["sensors",18,"_id"],"parentType":"Sensor","fieldName":"_id","returnType":"ID!","startOffset":31191513,"duration":2619},{"path":["sensors",18,"identifier"],"parentType":"Sensor""
4862 [main] DEBUG org.apache.http.wire  -  << "ding","value"],"parentType":"SensorReading","fieldName":"value","returnType":"Float!","startOffset":30461904,"duration":2555},{"path":["sensors",5,"reading","unitType"],"parentType":"SensorReading","fieldName":"unitType","returnType":"UnitType!","startOffset":30466958,"duration":2661},{"path":["sensors",5,"hasAnomaly"],"parentType":"Sensor","fieldName":"hasAnomaly","returnType":"Boolean","startOffset":30473843,"duration":2330},{"path":["sensors",6,"_id"],"parentType":"Sensor","fieldName":"_id","returnType":"ID!","startOffset":30481758,"duration":4635},{"path":["sensors",6,"identifier"],"parentType":"Sensor","fieldName":"identifier","returnType":"String!","startOffset":30488927,"duration":2522},{"path":["sensors",6,"name"],"parentType":"Sensor","fieldName":"name","returnType":"String!","startOffset":30493356,"duration":5221},{"path":["sensors",6,"unitType"],"parentType":"Sensor","fieldName":"unitType","returnType":"UnitType","startOffset":30500480,"duration":2514},{"path":["sensors",6,"reading"],"parentType":"Sensor","fieldName":"reading","returnType":"SensorReading","startOffset":30508284,"duration":3292},{"path":["sensors",6,"reading","timestamp"],"parentType":"SensorReading","fieldName":"timestamp","returnType":"String!","startOffset":30515138,"duration":2551},{"path":["sensors",6,"reading","value"],"parentType":"SensorReading","fieldName":"value","returnType":"Float!","startOffset":30522265,"duration":2686},{"path":["sensors",6,"reading","unitType"],"parentType":"SensorReading","fieldName":"unitType","returnType":"UnitType!","startOffset":30527043,"duration":4461},{"path":["sensors",6,"hasAnomaly"],"parentType":"Sensor","fieldName":"hasAnomaly","returnType":"Boolean","startOffset":30534064,"duration":2758},{"path":["sensors",7,"_id"],"parentType":"Sensor","fieldName":"_id","returnType":"ID!","startOffset":30544837,"duration":2615},{"path":["sensors",7,"identifier"],"parentType":"Sensor","fieldName":"identifier","returnType":"String!","startOffset":30549437,"duration":2379},{"path":["sensors",7,"name"],"parentType":"Sensor","fieldName":"name","returnType":"String!","startOffset":30555572,"duration":2393},{"path":["sensors",7,"unitType"],"parentType":"Sensor","fieldName":"unitType","returnType":"UnitType","startOffset":30560691,"duration":2470},{"path":["sensors",7,"reading"],"parentType":"Sensor","fieldName":"reading","returnType":"SensorReading","startOffset":30567735,"duration":3849},{"path":["sensors",7,"reading","timestamp"],"parentType":"SensorReading","fieldName":"timestamp","returnType":"String!","startOffset":30575041,"duration":4521},{"path":["sensors",7,"reading","value"],"parentType":"SensorReading","fieldName":"value","returnType":"Float!","startOffset":30581401,"duration":2555},{"path":["sensors",7,"reading","unitType"],"parentType":"SensorReading","fieldName":"unitType","returnType":"UnitType!","startOffset":30586036,"duration":4339},{"path":["sensors",7,"hasAnomaly"],"parentType":"Sensor","fieldName":"hasAnomaly","returnType":"Boolean","startOffset":30592896,"duration":2349},{"path":["sensors",8,"_id"],"parentType":"Sensor","fieldName":"_id","returnType":"ID!","startOffset":30603360,"duration":2784},{"path":["sensors",8,"identifier"],"parentType":"Sensor","fieldName":"identifier","returnType":"String!","startOffset":30608166,"duration":4372},{"path":["sensors",8,"name"],"parentType":"Sensor","fieldName":"name","returnType":"String!","startOffset":30615081,"duration":2540},{"path":["sensors",8,"unitType"],"parentType":"Sensor","fieldName":"unitType","returnType":"UnitType","startOffset":30619993,"duration":4456},{"path":["sensors",8,"reading"],"parentType":"Sensor","fieldName":"reading","returnType":"SensorReading","startOffset":30627021,"duration":3042},{"path":["sensors",8,"reading","timestamp"],"parentType":"SensorReading","fieldName":"timestamp","returnType":"String!","startOffset":30636057,"duration":2703},{"path":["sensors",8,"reading","value"],"parentType":"SensorReading","fieldName":"value","returnType":"Float!","startOffset":30641257,"duration":2689},{"path":["sensors",8,"reading","unitType"],"parentType":"SensorReading","fieldName":"unitType","returnType":"UnitType!","startOffset":30647848,"duration":3130},{"path":["sensors",8,"hasAnomaly"],"parentType":"Sensor","fieldName":"hasAnomaly","returnType":"Boolean","startOffset":30653435,"duration":2331},{"path":["sensors",9,"_id"],"parentType":"Sensor","fieldName":"_id","returnType":"ID!","startOffset":30663430,"duration":3028},{"path":["sensors",9,"identifier"],"parentType":"Sensor","fieldName":"identifier","returnType":"String!","startOffset":30670626,"duration":2511},{"path":["sensors",9,"name"],"parentType":"Sensor","fieldName":"name","returnType":"String!","startOffset":30675024,"duration":2399},{"path":["sensors",9,"unitType"],"parentType":"Sensor","fieldName":"unitType","returnType":"UnitType","startOffset":30682041,"duration":2427},{"path":["sensors",9,"reading"],"parentType":"Sensor","fieldName":"reading","returnType":"SensorReading","startOffset":30687630,"duration":5054},{"path":["sensors",9,"reading","timestamp"],"parentType":"SensorReading","fieldName":"timestamp","returnType":"String!","startOffset":30696190,"duration":2617},{"path":["sensors",9,"reading","value"],"parentType":"SensorReading","fieldName":"value","returnType":"Float!","startOffset":30700610,"duration":4945},{"path":["sensors",9,"reading","unitType"],"parentType":"SensorReading","fieldName":"unitType","returnType":"UnitType!","startOffset":30707547,"duration":2548},{"path":["sensors",9,"hasAnomaly"],"parentType":"Sensor","fieldName":"hasAnomaly","returnType":"Boolean","startOffset":30712592,"duration":4562},{"path":["sensors",10,"_id"],"parentType":"Sensor","fieldName":"_id","returnType":"ID!","startOffset":30722174,"duration":4532},{"path":["sensors",10,"identifier"],"parentType":"Sensor","fieldName":"identifier","returnType":"String!","startOffset":30728722,"duration":2429},{"path":["sensors",10,"name"],"parentType":"Sensor","fieldName":"name","returnType":"String!","startOffset":30733925,"duration":4414},{"path":["sensors",10,"unitType"],"parentType":"Sensor","fieldName":"unitType","returnType":"UnitType","startOffset":30740376,"duration":3176},{"path":["sensors",10,"reading"],"parentType":"Sensor","fieldName":"reading","returnType":"SensorReading","startOffset":30746019,"duration":5093},{"path":["sensors",10,"reading","timestamp"],"parentType":"SensorReading","fieldName":"timestamp","returnType":"String!","startOffset":30755332,"duration":2656},{"path":["sensors",10,"reading","value"],"parentType":"SensorReading","fieldName":"value","returnType":"Float!","startOffset":30762012,"duration":2654},{"path":["sensors",10,"reading","unitType"],"parentType":"SensorReading","fieldName":"unitType","returnType":"UnitType!","startOffset":30767095,"duration":2590},{"path":["sensors",10,"hasAnomaly"],"parentType":"Sensor","fieldName":"hasAnomaly","returnType":"Boolean","startOffset":30774032,"duration":2980},{"path":["sensors",11,"_id"],"parentType":"Sensor","fieldName":"_id","returnType":"ID!","startOffset":30782032,"duration":4611},{"path":["sensors",11,"identifier"],"parentType":"Sensor","fieldName":"identifier","returnType":"String!","startOffset":30788700,"duration":2380},{"path":["sensors",11,"name"],"parentType":"Sensor","fieldName":"name","returnType":"String!","startOffset":30792962,"duration":4253},{"path":["sensors",11,"unitType"],"parentType":"Sensor","fieldName":"unitType","returnType":"UnitType","startOffset":30799974,"duration":2382},{"path":["sensors",11,"reading"],"parentType":"Sensor","fieldName":"reading","returnType":"SensorReading","startOffset":30804860,"duration":5755},{"path":["sensors",11,"reading","timestamp"],"parentType":"SensorReading","fieldName":"timestamp","returnType":"String!","startOffset":30814142,"duration":2533},{"path":["sensors",11,"reading","value"],"parentType":"SensorReading","fieldName":"value","returnType":"Float!","startOffset":30820402,"duration":2530},{"path":["sensors",11,"reading","unitType"],"parentType":"SensorReading","fieldName":"unitType","returnType":"UnitType!","startOffset":30824991,"duration":2489},{"path":["sensors",11,"hasAnomaly"],"parentType":"Sensor","fieldName":"hasAnomaly","returnType":"Boolean","startOffset":30831833,"duration":2358},{"path":["sensors",12,"_id"],"parentType":"Sensor","fieldName":"_id","returnType":"ID!","startOffset":30839284,"duration":4408},{"path":["sensors",12,"identifier"],"parentType":"Sensor","fieldName":"identifier","returnType":"String!","startOffset":30845741,"duration":2406},{"path":["sensors",12,"name"],"parentType":"Sensor","fieldName":"name","returnType":"String!","startOffset":30850010,"duration":4450},{"path":["sensors",12,"unitType"],"parentType":"Sensor","fieldName":"unitType","returnType":"UnitType","startOffset":30856524,"duration":2333},{"path":["sensors",12,"reading"],"parentType":"Sensor","fieldName":"reading","returnType":"SensorReading","startOffset":30863144,"duration":2965},{"path":["sensors",12,"reading","timestamp"],"parentType":"SensorReading","fieldName":"timestamp","returnType":"String!","startOffset":30869536,"duration":3147},{"path":["sensors",12,"reading","value"],"parentType":"SensorReading","fieldName":"value","returnType":"Float!","startOffset":30876479,"duration":2571},{"path":["sensors",12,"reading","unitType"],"parentType":"SensorReading","fieldName":"unitType","returnType":"UnitType!","startOffset":30881550,"duration":4476},{"path":["sensors",12,"hasAnomaly"],"parentType":"Sensor","fieldName":"hasAnomaly","returnType":"Boolean","startOffset":30889035,"duration":2484},{"path":["sensors",13,"_id"],"parentType":"Sensor","fieldName":"_id","returnType":"ID!","startOffset":30898679,"duration":2738},{"path":["sensors",13,"identifier"],"parentType":"Sensor","fieldName":"identifier","returnType":"String!","startOffset":30903405,"duration":2375},{"path":["sensors",13,"name"],"parentType":"Sensor","fieldName":"name","returnType":"String!","startOffset":30909583,"duration":2421},{"path":["sensors",13,"unitType"],"parentType":"Sensor","fieldName":"unitType","returnType":"UnitType","startOffset":30913900,"duration":2316},{"path":["sensors",13,"reading"],"parentType":"Sensor","fieldName":"reading","returnType":"SensorReading","startOffset":30920556,"duration":2923},{"path":["sensors",13,"reading","timestamp"],"parentType":"SensorReading","fieldName":"timestamp","returnType":"String!","startOffset":30926910,"duration":4521},{"path":["sensors",13,"reading","value"],"parentType":"SensorReading","fieldName":"value","returnType":"Float!","startOffset":30933266,"duration":2467},{"path":["sensors",13,"reading","unitType"],"parentType":"SensorReading","fieldName":"unitType","returnType":"UnitType!","startOffset":30937632,"duration":5295},{"path":["sensors",13,"hasAnomaly"],"parentType":"Sensor","fieldName":"hasAnomaly","returnType":"Boolean","startOffset":30945407,"duration":2336},{"path":["sensors",14,"_id"],"parentType":"Sensor","fieldName":"_id","returnType":"ID!","startOffset":30954737,"duration":2801},{"path":["sensors",14,"identifier"],"parentType":"Sensor","fieldName":"identifier","returnType":"String!","startOffset":30959553,"duration":3034},{"path":["sensors",14,"name"],"parentType":"Sensor","fieldName":"name","returnType":"String!","startOffset":30966477,"duration":2353},{"path":["sensors",14,"unitType"],"parentType":"Sensor","fieldName":"unitType","returnType":"UnitType","startOffset":30970775,"duration":2327},{"path":["sensors",14,"reading"],"parentType":"Sensor","fieldName":"reading","returnType":"SensorReading","startOffset":30977390,"duration":2960},{"path":["sensors",14,"reading","timestamp"],"parentType":"SensorReading","fieldName":"timestamp","returnType":"String!","startOffset":30983820,"duration":5340},{"path":["sensors",14,"reading","value"],"parentType":"SensorReading","fieldName":"value","returnType":"Float!","startOffset":30991028,"duration":2543},{"path":["sensors",14,"reading","unitType"],"parentType":"SensorReading","fieldName":"unitType","returnType":"UnitType!","startOffset":30996057,"duration":4575},{"path":["sensors",14,"hasAnomaly"],"parentType":"Sensor","fieldName":"hasAnomaly","returnType":"Boolean","startOffset":31003328,"duration":2402},{"path":["sensors",15,"_id"],"parentType":"Sensor","fieldName":"_id","returnType":"ID!","startOffset":31013288,"duration":2595},{"path":["sensors",15,"identifier"],"parentType":"Sensor","fieldName":"identifier","returnType":"String!","startOffset":31018443,"duration":3375},{"path":["sensors",15,"name"],"parentType":"Sensor","fieldName":"name","returnType":"String!","startOffset":31023801,"duration":2376},{"path":["sensors",15,"unitType"],"parentType":"Sensor","fieldName":"unitType","returnType":"UnitType","startOffset":31028362,"duration":5709},{"path":["sensors",15,"reading"],"parentType":"Sensor","fieldName":"reading","returnType":"SensorReading","startOffset":31036637,"duration":6912},{"path":["sensors",15,"reading","timestamp"],"parentType":"SensorReading","fieldName":"timestamp","returnType":"String!","startOffset":31047268,"duration":4832},{"path":["sensors",15,"reading","value"],"parentType":"SensorReading","fieldName":"value","returnType":"Float!","startOffset":31053944,"duration":2535},{"path":["sensors",15,"reading","unitType"],"parentType":"SensorReading","fieldName":"unitType","returnType":"UnitType!","startOffset":31058442,"duration":4469},{"path":["sensors",15,"hasAnomaly"],"parentType":"Sensor","fieldName":"hasAnomaly","returnType":"Boolean","startOffset":31065349,"duration":2354},{"path":["sensors",16,"_id"],"parentType":"Sensor","fieldName":"_id","returnType":"ID!","startOffset":31074833,"duration":2668},{"path":["sensors",16,"identifier"],"parentType":"Sensor","fieldName":"identifier","returnType":"String!","startOffset":31079604,"duration":2402},{"path":["sensors",16,"name"],"parentType":"Sensor","fieldName":"name","returnType":"String!","startOffset":31086975,"duration":2591},{"path":["sensors",16,"unitType"],"parentType":"Sensor","fieldName":"unitType","returnType":"UnitType","startOffset":31091479,"duration":3165},{"path":["sensors",16,"reading"],"parentType":"Sensor","fieldName":"reading","returnType":"SensorReading","startOffset":31099127,"duration":2887},{"path":["sensors",16,"reading","timestamp"],"parentType":"SensorReading","fieldName":"timestamp","returnType":"String!","startOffset":31106057,"duration":4518},{"path":["sensors",16,"reading","value"],"parentType":"SensorReading","fieldName":"value","returnType":"Float!","startOffset":31113309,"duration":2697},{"path":["sensors",16,"reading","unitType"],"parentType":"SensorReading","fieldName":"unitType","returnType":"UnitType!","startOffset":31118013,"duration":4358},{"path":["sensors",16,"hasAnomaly"],"parentType":"Sensor","fieldName":"hasAnomaly","returnType":"Boolean","startOffset":31124879,"duration":2330},{"path":["sensors",17,"_id"],"parentType":"Sensor","fieldName":"_id","returnType":"ID!","startOffset":31134778,"duration":2771},{"path":["sensors",17,"identifier"],"parentType":"Sensor","fieldName":"identifier","returnType":"String!","startOffset":31139502,"duration":4390},{"path":["sensors",17,"name"],"parentType":"Sensor","fieldName":"name","returnType":"String!","startOffset":31145766,"duration":2405},{"path":["sensors",17,"unitType"],"parentType":"Sensor","fieldName":"unitType","returnType":"UnitType","startOffset":31150056,"duration":4208},{"path":["sensors",17,"reading"],"parentType":"Sensor","fieldName":"reading","returnType":"SensorReading","startOffset":31156750,"duration":3208},{"path":["sensors",17,"reading","timestamp"],"parentType":"SensorReading","fieldName":"timestamp","returnType":"String!","startOffset":31165879,"duration":2574},{"path":["sensors",17,"reading","value"],"parentType":"SensorReading","fieldName":"value","returnType":"Float!","startOffset":31170299,"duration":2539},{"path":["sensors",17,"reading","unitType"],"parentType":"SensorReading","fieldName":"unitType","returnType":"UnitType!","startOffset":31176752,"duration":2509},{"path":["sensors",17,"hasAnomaly"],"parentType":"Sensor","fieldName":"hasAnomaly","returnType":"Boolean","startOffset":31181660,"duration":2316},{"path":["sensors",18,"_id"],"parentType":"Sensor","fieldName":"_id","returnType":"ID!","startOffset":31191513,"duration":2619},{"path":["sensors",18,"identifier"],"parentType":"Sensor""
4862 [main] DEBUG org.apache.http.wire  -  << "ding","value"],"parentType":"SensorReading","fieldName":"value","returnType":"Float!","startOffset":30461904,"duration":2555},{"path":["sensors",5,"reading","unitType"],"parentType":"SensorReading","fieldName":"unitType","returnType":"UnitType!","startOffset":30466958,"duration":2661},{"path":["sensors",5,"hasAnomaly"],"parentType":"Sensor","fieldName":"hasAnomaly","returnType":"Boolean","startOffset":30473843,"duration":2330},{"path":["sensors",6,"_id"],"parentType":"Sensor","fieldName":"_id","returnType":"ID!","startOffset":30481758,"duration":4635},{"path":["sensors",6,"identifier"],"parentType":"Sensor","fieldName":"identifier","returnType":"String!","startOffset":30488927,"duration":2522},{"path":["sensors",6,"name"],"parentType":"Sensor","fieldName":"name","returnType":"String!","startOffset":30493356,"duration":5221},{"path":["sensors",6,"unitType"],"parentType":"Sensor","fieldName":"unitType","returnType":"UnitType","startOffset":30500480,"duration":2514},{"path":["sensors",6,"reading"],"parentType":"Sensor","fieldName":"reading","returnType":"SensorReading","startOffset":30508284,"duration":3292},{"path":["sensors",6,"reading","timestamp"],"parentType":"SensorReading","fieldName":"timestamp","returnType":"String!","startOffset":30515138,"duration":2551},{"path":["sensors",6,"reading","value"],"parentType":"SensorReading","fieldName":"value","returnType":"Float!","startOffset":30522265,"duration":2686},{"path":["sensors",6,"reading","unitType"],"parentType":"SensorReading","fieldName":"unitType","returnType":"UnitType!","startOffset":30527043,"duration":4461},{"path":["sensors",6,"hasAnomaly"],"parentType":"Sensor","fieldName":"hasAnomaly","returnType":"Boolean","startOffset":30534064,"duration":2758},{"path":["sensors",7,"_id"],"parentType":"Sensor","fieldName":"_id","returnType":"ID!","startOffset":30544837,"duration":2615},{"path":["sensors",7,"identifier"],"parentType":"Sensor","fieldName":"identifier","returnType":"String!","startOffset":30549437,"duration":2379},{"path":["sensors",7,"name"],"parentType":"Sensor","fieldName":"name","returnType":"String!","startOffset":30555572,"duration":2393},{"path":["sensors",7,"unitType"],"parentType":"Sensor","fieldName":"unitType","returnType":"UnitType","startOffset":30560691,"duration":2470},{"path":["sensors",7,"reading"],"parentType":"Sensor","fieldName":"reading","returnType":"SensorReading","startOffset":30567735,"duration":3849},{"path":["sensors",7,"reading","timestamp"],"parentType":"SensorReading","fieldName":"timestamp","returnType":"String!","startOffset":30575041,"duration":4521},{"path":["sensors",7,"reading","value"],"parentType":"SensorReading","fieldName":"value","returnType":"Float!","startOffset":30581401,"duration":2555},{"path":["sensors",7,"reading","unitType"],"parentType":"SensorReading","fieldName":"unitType","returnType":"UnitType!","startOffset":30586036,"duration":4339},{"path":["sensors",7,"hasAnomaly"],"parentType":"Sensor","fieldName":"hasAnomaly","returnType":"Boolean","startOffset":30592896,"duration":2349},{"path":["sensors",8,"_id"],"parentType":"Sensor","fieldName":"_id","returnType":"ID!","startOffset":30603360,"duration":2784},{"path":["sensors",8,"identifier"],"parentType":"Sensor","fieldName":"identifier","returnType":"String!","startOffset":30608166,"duration":4372},{"path":["sensors",8,"name"],"parentType":"Sensor","fieldName":"name","returnType":"String!","startOffset":30615081,"duration":2540},{"path":["sensors",8,"unitType"],"parentType":"Sensor","fieldName":"unitType","returnType":"UnitType","startOffset":30619993,"duration":4456},{"path":["sensors",8,"reading"],"parentType":"Sensor","fieldName":"reading","returnType":"SensorReading","startOffset":30627021,"duration":3042},{"path":["sensors",8,"reading","timestamp"],"parentType":"SensorReading","fieldName":"timestamp","returnType":"String!","startOffset":30636057,"duration":2703},{"path":["sensors",8,"reading","value"],"parentType":"SensorReading","fieldName":"value","returnType":"Float!","startOffset":30641257,"duration":2689},{"path":["sensors",8,"reading","unitType"],"parentType":"SensorReading","fieldName":"unitType","returnType":"UnitType!","startOffset":30647848,"duration":3130},{"path":["sensors",8,"hasAnomaly"],"parentType":"Sensor","fieldName":"hasAnomaly","returnType":"Boolean","startOffset":30653435,"duration":2331},{"path":["sensors",9,"_id"],"parentType":"Sensor","fieldName":"_id","returnType":"ID!","startOffset":30663430,"duration":3028},{"path":["sensors",9,"identifier"],"parentType":"Sensor","fieldName":"identifier","returnType":"String!","startOffset":30670626,"duration":2511},{"path":["sensors",9,"name"],"parentType":"Sensor","fieldName":"name","returnType":"String!","startOffset":30675024,"duration":2399},{"path":["sensors",9,"unitType"],"parentType":"Sensor","fieldName":"unitType","returnType":"UnitType","startOffset":30682041,"duration":2427},{"path":["sensors",9,"reading"],"parentType":"Sensor","fieldName":"reading","returnType":"SensorReading","startOffset":30687630,"duration":5054},{"path":["sensors",9,"reading","timestamp"],"parentType":"SensorReading","fieldName":"timestamp","returnType":"String!","startOffset":30696190,"duration":2617},{"path":["sensors",9,"reading","value"],"parentType":"SensorReading","fieldName":"value","returnType":"Float!","startOffset":30700610,"duration":4945},{"path":["sensors",9,"reading","unitType"],"parentType":"SensorReading","fieldName":"unitType","returnType":"UnitType!","startOffset":30707547,"duration":2548},{"path":["sensors",9,"hasAnomaly"],"parentType":"Sensor","fieldName":"hasAnomaly","returnType":"Boolean","startOffset":30712592,"duration":4562},{"path":["sensors",10,"_id"],"parentType":"Sensor","fieldName":"_id","returnType":"ID!","startOffset":30722174,"duration":4532},{"path":["sensors",10,"identifier"],"parentType":"Sensor","fieldName":"identifier","returnType":"String!","startOffset":30728722,"duration":2429},{"path":["sensors",10,"name"],"parentType":"Sensor","fieldName":"name","returnType":"String!","startOffset":30733925,"duration":4414},{"path":["sensors",10,"unitType"],"parentType":"Sensor","fieldName":"unitType","returnType":"UnitType","startOffset":30740376,"duration":3176},{"path":["sensors",10,"reading"],"parentType":"Sensor","fieldName":"reading","returnType":"SensorReading","startOffset":30746019,"duration":5093},{"path":["sensors",10,"reading","timestamp"],"parentType":"SensorReading","fieldName":"timestamp","returnType":"String!","startOffset":30755332,"duration":2656},{"path":["sensors",10,"reading","value"],"parentType":"SensorReading","fieldName":"value","returnType":"Float!","startOffset":30762012,"duration":2654},{"path":["sensors",10,"reading","unitType"],"parentType":"SensorReading","fieldName":"unitType","returnType":"UnitType!","startOffset":30767095,"duration":2590},{"path":["sensors",10,"hasAnomaly"],"parentType":"Sensor","fieldName":"hasAnomaly","returnType":"Boolean","startOffset":30774032,"duration":2980},{"path":["sensors",11,"_id"],"parentType":"Sensor","fieldName":"_id","returnType":"ID!","startOffset":30782032,"duration":4611},{"path":["sensors",11,"identifier"],"parentType":"Sensor","fieldName":"identifier","returnType":"String!","startOffset":30788700,"duration":2380},{"path":["sensors",11,"name"],"parentType":"Sensor","fieldName":"name","returnType":"String!","startOffset":30792962,"duration":4253},{"path":["sensors",11,"unitType"],"parentType":"Sensor","fieldName":"unitType","returnType":"UnitType","startOffset":30799974,"duration":2382},{"path":["sensors",11,"reading"],"parentType":"Sensor","fieldName":"reading","returnType":"SensorReading","startOffset":30804860,"duration":5755},{"path":["sensors",11,"reading","timestamp"],"parentType":"SensorReading","fieldName":"timestamp","returnType":"String!","startOffset":30814142,"duration":2533},{"path":["sensors",11,"reading","value"],"parentType":"SensorReading","fieldName":"value","returnType":"Float!","startOffset":30820402,"duration":2530},{"path":["sensors",11,"reading","unitType"],"parentType":"SensorReading","fieldName":"unitType","returnType":"UnitType!","startOffset":30824991,"duration":2489},{"path":["sensors",11,"hasAnomaly"],"parentType":"Sensor","fieldName":"hasAnomaly","returnType":"Boolean","startOffset":30831833,"duration":2358},{"path":["sensors",12,"_id"],"parentType":"Sensor","fieldName":"_id","returnType":"ID!","startOffset":30839284,"duration":4408},{"path":["sensors",12,"identifier"],"parentType":"Sensor","fieldName":"identifier","returnType":"String!","startOffset":30845741,"duration":2406},{"path":["sensors",12,"name"],"parentType":"Sensor","fieldName":"name","returnType":"String!","startOffset":30850010,"duration":4450},{"path":["sensors",12,"unitType"],"parentType":"Sensor","fieldName":"unitType","returnType":"UnitType","startOffset":30856524,"duration":2333},{"path":["sensors",12,"reading"],"parentType":"Sensor","fieldName":"reading","returnType":"SensorReading","startOffset":30863144,"duration":2965},{"path":["sensors",12,"reading","timestamp"],"parentType":"SensorReading","fieldName":"timestamp","returnType":"String!","startOffset":30869536,"duration":3147},{"path":["sensors",12,"reading","value"],"parentType":"SensorReading","fieldName":"value","returnType":"Float!","startOffset":30876479,"duration":2571},{"path":["sensors",12,"reading","unitType"],"parentType":"SensorReading","fieldName":"unitType","returnType":"UnitType!","startOffset":30881550,"duration":4476},{"path":["sensors",12,"hasAnomaly"],"parentType":"Sensor","fieldName":"hasAnomaly","returnType":"Boolean","startOffset":30889035,"duration":2484},{"path":["sensors",13,"_id"],"parentType":"Sensor","fieldName":"_id","returnType":"ID!","startOffset":30898679,"duration":2738},{"path":["sensors",13,"identifier"],"parentType":"Sensor","fieldName":"identifier","returnType":"String!","startOffset":30903405,"duration":2375},{"path":["sensors",13,"name"],"parentType":"Sensor","fieldName":"name","returnType":"String!","startOffset":30909583,"duration":2421},{"path":["sensors",13,"unitType"],"parentType":"Sensor","fieldName":"unitType","returnType":"UnitType","startOffset":30913900,"duration":2316},{"path":["sensors",13,"reading"],"parentType":"Sensor","fieldName":"reading","returnType":"SensorReading","startOffset":30920556,"duration":2923},{"path":["sensors",13,"reading","timestamp"],"parentType":"SensorReading","fieldName":"timestamp","returnType":"String!","startOffset":30926910,"duration":4521},{"path":["sensors",13,"reading","value"],"parentType":"SensorReading","fieldName":"value","returnType":"Float!","startOffset":30933266,"duration":2467},{"path":["sensors",13,"reading","unitType"],"parentType":"SensorReading","fieldName":"unitType","returnType":"UnitType!","startOffset":30937632,"duration":5295},{"path":["sensors",13,"hasAnomaly"],"parentType":"Sensor","fieldName":"hasAnomaly","returnType":"Boolean","startOffset":30945407,"duration":2336},{"path":["sensors",14,"_id"],"parentType":"Sensor","fieldName":"_id","returnType":"ID!","startOffset":30954737,"duration":2801},{"path":["sensors",14,"identifier"],"parentType":"Sensor","fieldName":"identifier","returnType":"String!","startOffset":30959553,"duration":3034},{"path":["sensors",14,"name"],"parentType":"Sensor","fieldName":"name","returnType":"String!","startOffset":30966477,"duration":2353},{"path":["sensors",14,"unitType"],"parentType":"Sensor","fieldName":"unitType","returnType":"UnitType","startOffset":30970775,"duration":2327},{"path":["sensors",14,"reading"],"parentType":"Sensor","fieldName":"reading","returnType":"SensorReading","startOffset":30977390,"duration":2960},{"path":["sensors",14,"reading","timestamp"],"parentType":"SensorReading","fieldName":"timestamp","returnType":"String!","startOffset":30983820,"duration":5340},{"path":["sensors",14,"reading","value"],"parentType":"SensorReading","fieldName":"value","returnType":"Float!","startOffset":30991028,"duration":2543},{"path":["sensors",14,"reading","unitType"],"parentType":"SensorReading","fieldName":"unitType","returnType":"UnitType!","startOffset":30996057,"duration":4575},{"path":["sensors",14,"hasAnomaly"],"parentType":"Sensor","fieldName":"hasAnomaly","returnType":"Boolean","startOffset":31003328,"duration":2402},{"path":["sensors",15,"_id"],"parentType":"Sensor","fieldName":"_id","returnType":"ID!","startOffset":31013288,"duration":2595},{"path":["sensors",15,"identifier"],"parentType":"Sensor","fieldName":"identifier","returnType":"String!","startOffset":31018443,"duration":3375},{"path":["sensors",15,"name"],"parentType":"Sensor","fieldName":"name","returnType":"String!","startOffset":31023801,"duration":2376},{"path":["sensors",15,"unitType"],"parentType":"Sensor","fieldName":"unitType","returnType":"UnitType","startOffset":31028362,"duration":5709},{"path":["sensors",15,"reading"],"parentType":"Sensor","fieldName":"reading","returnType":"SensorReading","startOffset":31036637,"duration":6912},{"path":["sensors",15,"reading","timestamp"],"parentType":"SensorReading","fieldName":"timestamp","returnType":"String!","startOffset":31047268,"duration":4832},{"path":["sensors",15,"reading","value"],"parentType":"SensorReading","fieldName":"value","returnType":"Float!","startOffset":31053944,"duration":2535},{"path":["sensors",15,"reading","unitType"],"parentType":"SensorReading","fieldName":"unitType","returnType":"UnitType!","startOffset":31058442,"duration":4469},{"path":["sensors",15,"hasAnomaly"],"parentType":"Sensor","fieldName":"hasAnomaly","returnType":"Boolean","startOffset":31065349,"duration":2354},{"path":["sensors",16,"_id"],"parentType":"Sensor","fieldName":"_id","returnType":"ID!","startOffset":31074833,"duration":2668},{"path":["sensors",16,"identifier"],"parentType":"Sensor","fieldName":"identifier","returnType":"String!","startOffset":31079604,"duration":2402},{"path":["sensors",16,"name"],"parentType":"Sensor","fieldName":"name","returnType":"String!","startOffset":31086975,"duration":2591},{"path":["sensors",16,"unitType"],"parentType":"Sensor","fieldName":"unitType","returnType":"UnitType","startOffset":31091479,"duration":3165},{"path":["sensors",16,"reading"],"parentType":"Sensor","fieldName":"reading","returnType":"SensorReading","startOffset":31099127,"duration":2887},{"path":["sensors",16,"reading","timestamp"],"parentType":"SensorReading","fieldName":"timestamp","returnType":"String!","startOffset":31106057,"duration":4518},{"path":["sensors",16,"reading","value"],"parentType":"SensorReading","fieldName":"value","returnType":"Float!","startOffset":31113309,"duration":2697},{"path":["sensors",16,"reading","unitType"],"parentType":"SensorReading","fieldName":"unitType","returnType":"UnitType!","startOffset":31118013,"duration":4358},{"path":["sensors",16,"hasAnomaly"],"parentType":"Sensor","fieldName":"hasAnomaly","returnType":"Boolean","startOffset":31124879,"duration":2330},{"path":["sensors",17,"_id"],"parentType":"Sensor","fieldName":"_id","returnType":"ID!","startOffset":31134778,"duration":2771},{"path":["sensors",17,"identifier"],"parentType":"Sensor","fieldName":"identifier","returnType":"String!","startOffset":31139502,"duration":4390},{"path":["sensors",17,"name"],"parentType":"Sensor","fieldName":"name","returnType":"String!","startOffset":31145766,"duration":2405},{"path":["sensors",17,"unitType"],"parentType":"Sensor","fieldName":"unitType","returnType":"UnitType","startOffset":31150056,"duration":4208},{"path":["sensors",17,"reading"],"parentType":"Sensor","fieldName":"reading","returnType":"SensorReading","startOffset":31156750,"duration":3208},{"path":["sensors",17,"reading","timestamp"],"parentType":"SensorReading","fieldName":"timestamp","returnType":"String!","startOffset":31165879,"duration":2574},{"path":["sensors",17,"reading","value"],"parentType":"SensorReading","fieldName":"value","returnType":"Float!","startOffset":31170299,"duration":2539},{"path":["sensors",17,"reading","unitType"],"parentType":"SensorReading","fieldName":"unitType","returnType":"UnitType!","startOffset":31176752,"duration":2509},{"path":["sensors",17,"hasAnomaly"],"parentType":"Sensor","fieldName":"hasAnomaly","returnType":"Boolean","startOffset":31181660,"duration":2316},{"path":["sensors",18,"_id"],"parentType":"Sensor","fieldName":"_id","returnType":"ID!","startOffset":31191513,"duration":2619},{"path":["sensors",18,"identifier"],"parentType":"Sensor""
4865 [main] DEBUG org.apache.http.wire  -  << ","fieldName":"identifier","returnType":"String!","startOffset":31196093,"duration":4322},{"path":["sensors",18,"name"],"parentType":"Sensor","fieldName":"name","returnType":"String!","startOffset":31202332,"duration":2375},{"path":["sensors",18,"unitType"],"parentType":"Sensor","fieldName":"unitType","returnType":"UnitType","startOffset":31206593,"duration":5109},{"path":["sensors",18,"reading"],"parentType":"Sensor","fieldName":"reading","returnType":"SensorReading","startOffset":31214229,"duration":2925},{"path":["sensors",18,"reading","timestamp"],"parentType":"SensorReading","fieldName":"timestamp","returnType":"String!","startOffset":31223307,"duration":2832},{"path":["sensors",18,"reading","value"],"parentType":"SensorReading","fieldName":"value","returnType":"Float!","startOffset":31228042,"duration":4405},{"path":["sensors",18,"reading","unitType"],"parentType":"SensorReading","fieldName":"unitType","returnType":"UnitType!","startOffset":31235009,"duration":2637},{"path":["sensors",18,"hasAnomaly"],"parentType":"Sensor","fieldName":"hasAnomaly","returnType":"Boolean","startOffset":31240083,"duration":4280},{"path":["sensors",19,"_id"],"parentType":"Sensor","fieldName":"_id","returnType":"ID!","startOffset":31249637,"duration":3143},{"path":["sensors",19,"identifier"],"parentType":"Sensor","fieldName":"identifier","returnType":"String!","startOffset":31256661,"duration":2447},{"path":["sensors",19,"name"],"parentType":"Sensor","fieldName":"name","returnType":"String!","startOffset":31260988,"duration":2568},{"path":["sensors",19,"unitType"],"parentType":"Sensor","fieldName":"unitType","returnType":"UnitType","startOffset":31267917,"duration":2537},{"path":["sensors",19,"reading"],"parentType":"Sensor","fieldName":"reading","returnType":"SensorReading","startOffset":31273019,"duration":2856},{"path":["sensors",19,"reading","timestamp"],"parentType":"SensorReading","fieldName":"timestamp","returnType":"String!","startOffset":31281816,"duration":2565},{"path":["sensors",19,"reading","value"],"parentType":"SensorReading","fieldName":"value","returnType":"Float!","startOffset":31286197,"duration":4992},{"path":["sensors",19,"reading","unitType"],"parentType":"SensorReading","fieldName":"unitType","returnType":"UnitType!","startOffset":31293240,"duration":2506},{"path":["sensors",19,"hasAnomaly"],"parentType":"Sensor","fieldName":"hasAnomaly","returnType":"Boolean","startOffset":31298650,"duration":4316},{"path":["sensors",20,"_id"],"parentType":"Sensor","fieldName":"_id","returnType":"ID!","startOffset":31308184,"duration":2575},{"path":["sensors",20,"identifier"],"parentType":"Sensor","fieldName":"identifier","returnType":"String!","startOffset":31315202,"duration":2505},{"path":["sensors",20,"name"],"parentType":"Sensor","fieldName":"name","returnType":"String!","startOffset":31319591,"duration":2438},{"path":["sensors",20,"unitType"],"parentType":"Sensor","fieldName":"unitType","returnType":"UnitType","startOffset":31326389,"duration":2488},{"path":["sensors",20,"reading"],"parentType":"Sensor","fieldName":"reading","returnType":"SensorReading","startOffset":31331355,"duration":4936},{"path":["sensors",20,"reading","timestamp"],"parentType":"SensorReading","fieldName":"timestamp","returnType":"String!","startOffset":31339809,"duration":2551},{"path":["sensors",20,"reading","value"],"parentType":"SensorReading","fieldName":"value","returnType":"Float!","startOffset":31344224,"duration":4451},{"path":["sensors",20,"reading","unitType"],"parentType":"SensorReading","fieldName":"unitType","returnType":"UnitType!","startOffset":31350636,"duration":2460},{"path":["sensors",20,"hasAnomaly"],"parentType":"Sensor","fieldName":"hasAnomaly","returnType":"Boolean","startOffset":31355457,"duration":4264},{"path":["sensors",21,"_id"],"parentType":"Sensor","fieldName":"_id","returnType":"ID!","startOffset":31364897,"duration":4534},{"path":["sensors",21,"identifier"],"parentType":"Sensor","fieldName":"identifier","returnType":"String!","startOffset":31371493,"duration":2470},{"path":["sensors",21,"name"],"parentType":"Sensor","fieldName":"name","returnType":"String!","startOffset":31375824,"duration":4216},{"path":["sensors",21,"unitType"],"parentType":"Sensor","fieldName":"unitType","returnType":"UnitType","startOffset":31382557,"duration":2334},{"path":["sensors",21,"reading"],"parentType":"Sensor","fieldName":"reading","returnType":"SensorReading","startOffset":31387598,"duration":5883},{"path":["sensors",21,"reading","timestamp"],"parentType":"SensorReading","fieldName":"timestamp","returnType":"String!","startOffset":31397175,"duration":2544},{"path":["sensors",21,"reading","value"],"parentType":"SensorReading","fieldName":"value","returnType":"Float!","startOffset":31404064,"duration":2653},{"path":["sensors",21,"reading","unitType"],"parentType":"SensorReading","fieldName":"unitType","returnType":"UnitType!","startOffset":31408764,"duration":3032},{"path":["sensors",21,"hasAnomaly"],"parentType":"Sensor","fieldName":"hasAnomaly","returnType":"Boolean","startOffset":31416185,"duration":2422},{"path":["sensors",22,"_id"],"parentType":"Sensor","fieldName":"_id","returnType":"ID!","startOffset":31423716,"duration":5177},{"path":["sensors",22,"identifier"],"parentType":"Sensor","fieldName":"identifier","returnType":"String!","startOffset":31430937,"duration":2604},{"path":["sensors",22,"name"],"parentType":"Sensor","fieldName":"name","returnType":"String!","startOffset":31435401,"duration":4217},{"path":["sensors",22,"unitType"],"parentType":"Sensor","fieldName":"unitType","returnType":"UnitType","startOffset":31442037,"duration":2399},{"path":["sensors",22,"reading"],"parentType":"Sensor","fieldName":"reading","returnType":"SensorReading","startOffset":31447430,"duration":4967},{"path":["sensors",22,"reading","timestamp"],"parentType":"SensorReading","fieldName":"timestamp","returnType":"String!","startOffset":31455863,"duration":3346},{"path":["sensors",22,"reading","value"],"parentType":"SensorReading","fieldName":"value","returnType":"Float!","startOffset":31463021,"duration":2567},{"path":["sensors",22,"reading","unitType"],"parentType":"SensorReading","fieldName":"unitType","returnType":"UnitType!","startOffset":31467659,"duration":2429},{"path":["sensors",22,"hasAnomaly"],"parentType":"Sensor","fieldName":"hasAnomaly","returnType":"Boolean","startOffset":31474412,"duration":2414},{"path":["sensors",23,"_id"],"parentType":"Sensor","fieldName":"_id","returnType":"ID!","startOffset":31481928,"duration":4531},{"path":["sensors",23,"identifier"],"parentType":"Sensor","fieldName":"identifier","returnType":"String!","startOffset":31488551,"duration":2370},{"path":["sensors",23,"name"],"parentType":"Sensor","fieldName":"name","returnType":"String!","startOffset":31492800,"duration":4288},{"path":["sensors",23,"unitType"],"parentType":"Sensor","fieldName":"unitType","returnType":"UnitType","startOffset":31498948,"duration":2348},{"path":["sensors",23,"reading"],"parentType":"Sensor","fieldName":"reading","returnType":"SensorReading","startOffset":31505620,"duration":2978},{"path":["sensors",23,"reading","timestamp"],"parentType":"SensorReading","fieldName":"timestamp","returnType":"String!","startOffset":31512561,"duration":2634},{"path":["sensors",23,"reading","value"],"parentType":"SensorReading","fieldName":"value","returnType":"Float!","startOffset":31519018,"duration":2852},{"path":["sensors",23,"reading","unitType"],"parentType":"SensorReading","fieldName":"unitType","returnType":"UnitType!","startOffset":31524370,"duration":4702},{"path":["sensors",23,"hasAnomaly"],"parentType":"Sensor","fieldName":"hasAnomaly","returnType":"Boolean","startOffset":31531500,"duration":2330},{"path":["sensors",24,"_id"],"parentType":"Sensor","fieldName":"_id","returnType":"ID!","startOffset":31541192,"duration":2732},{"path":["sensors",24,"identifier"],"parentType":"Sensor","fieldName":"identifier","returnType":"String!","startOffset":31545917,"duration":2417},{"path":["sensors",24,"name"],"parentType":"Sensor","fieldName":"name","returnType":"String!","startOffset":31552091,"duration":2481},{"path":["sensors",24,"unitType"],"parentType":"Sensor","fieldName":"unitType","returnType":"UnitType","startOffset":31556414,"duration":2348},{"path":["sensors",24,"reading"],"parentType":"Sensor","fieldName":"reading","returnType":"SensorReading","startOffset":31563708,"duration":3053},{"path":["sensors",24,"reading","timestamp"],"parentType":"SensorReading","fieldName":"timestamp","returnType":"String!","startOffset":31570751,"duration":4879},{"path":["sensors",24,"reading","value"],"parentType":"SensorReading","fieldName":"value","returnType":"Float!","startOffset":31577489,"duration":2600},{"path":["sensors",24,"reading","unitType"],"parentType":"SensorReading","fieldName":"unitType","returnType":"UnitType!","startOffset":31582042,"duration":5017},{"path":["sensors",24,"hasAnomaly"],"parentType":"Sensor","fieldName":"hasAnomaly","returnType":"Boolean","startOffset":31589644,"duration":2351},{"path":["sensors",25,"_id"],"parentType":"Sensor","fieldName":"_id","returnType":"ID!","startOffset":31598913,"duration":2690},{"path":["sensors",25,"identifier"],"parentType":"Sensor","fieldName":"identifier","returnType":"String!","startOffset":31603603,"duration":5073},{"path":["sensors",25,"name"],"parentType":"Sensor","fieldName":"name","returnType":"String!","startOffset":31610790,"duration":4349},{"path":["sensors",25,"unitType"],"parentType":"Sensor","fieldName":"unitType","returnType":"UnitType","startOffset":31617031,"duration":2299},{"path":["sensors",25,"reading"],"parentType":"Sensor","fieldName":"reading","returnType":"SensorReading","startOffset":31621806,"duration":4872},{"path":["sensors",25,"reading","timestamp"],"parentType":"SensorReading","fieldName":"timestamp","returnType":"String!","startOffset":31630056,"duration":2615},{"path":["sensors",25,"reading","value"],"parentType":"SensorReading","fieldName":"value","returnType":"Float!","startOffset":31636551,"duration":2554},{"path":["sensors",25,"reading","unitType"],"parentType":"SensorReading","fieldName":"unitType","returnType":"UnitType!","startOffset":31641126,"duration":2483},{"path":["sensors",25,"hasAnomaly"],"parentType":"Sensor","fieldName":"hasAnomaly","returnType":"Boolean","startOffset":31647961,"duration":3055},{"path":["sensors",26,"_id"],"parentType":"Sensor","fieldName":"_id","returnType":"ID!","startOffset":31656368,"duration":4795},{"path":["sensors",26,"identifier"],"parentType":"Sensor","fieldName":"identifier","returnType":"String!","startOffset":31663138,"duration":3018},{"path":["sensors",26,"name"],"parentType":"Sensor","fieldName":"name","returnType":"String!","startOffset":31668198,"duration":4339},{"path":["sensors",26,"unitType"],"parentType":"Sensor","fieldName":"unitType","returnType":"UnitType","startOffset":31674404,"duration":2322},{"path":["sensors",26,"reading"],"parentType":"Sensor","fieldName":"reading","returnType":"SensorReading","startOffset":31681755,"duration":3107},{"path":["sensors",26,"reading","timestamp"],"parentType":"SensorReading","fieldName":"timestamp","returnType":"String!","startOffset":31688818,"duration":4562},{"path":["sensors",26,"reading","value"],"parentType":"SensorReading","fieldName":"value","returnType":"Float!","startOffset":31695311,"duration":3103},{"path":["sensors",26,"reading","unitType"],"parentType":"SensorReading","fieldName":"unitType","returnType":"UnitType!","startOffset":31700354,"duration":4332},{"path":["sensors",26,"hasAnomaly"],"parentType":"Sensor","fieldName":"hasAnomaly","returnType":"Boolean","startOffset":31707591,"duration":2402},{"path":["sensors",27,"_id"],"parentType":"Sensor","fieldName":"_id","returnType":"ID!","startOffset":31716969,"duration":2661},{"path":["sensors",27,"identifier"],"parentType":"Sensor","fieldName":"identifier","returnType":"String!","startOffset":31721582,"duration":2402},{"path":["sensors",27,"name"],"parentType":"Sensor","fieldName":"name","returnType":"String!","startOffset":31727719,"duration":2431},{"path":["sensors",27,"unitType"],"parentType":"Sensor","fieldName":"unitType","returnType":"UnitType","startOffset":31732029,"duration":2288},{"path":["sensors",27,"reading"],"parentType":"Sensor","fieldName":"reading","returnType":"SensorReading","startOffset":31738849,"duration":3582},{"path":["sensors",27,"reading","timestamp"],"parentType":"SensorReading","fieldName":"timestamp","returnType":"String!","startOffset":31745910,"duration":4702},{"path":["sensors",27,"reading","value"],"parentType":"SensorReading","fieldName":"value","returnType":"Float!","startOffset":31752511,"duration":2558},{"path":["sensors",27,"reading","unitType"],"parentType":"SensorReading","fieldName":"unitType","returnType":"UnitType!","startOffset":31757056,"duration":4464},{"path":["sensors",27,"hasAnomaly"],"parentType":"Sensor","fieldName":"hasAnomaly","returnType":"Boolean","startOffset":31763926,"duration":2345},{"path":["sensors",28,"_id"],"parentType":"Sensor","fieldName":"_id","returnType":"ID!","startOffset":31773270,"duration":2671},{"path":["sensors",28,"identifier"],"parentType":"Sensor","fieldName":"identifier","returnType":"String!","startOffset":31777952,"duration":3526},{"path":["sensors",28,"name"],"parentType":"Sensor","fieldName":"name","returnType":"String!","startOffset":31785351,"duration":2447},{"path":["sensors",28,"unitType"],"parentType":"Sensor","fieldName":"unitType","returnType":"UnitType","startOffset":31789684,"duration":2303},{"path":["sensors",28,"reading"],"parentType":"Sensor","fieldName":"reading","returnType":"SensorReading","startOffset":31796374,"duration":2944},{"path":["sensors",28,"reading","timestamp"],"parentType":"SensorReading","fieldName":"timestamp","returnType":"String!","startOffset":31802776,"duration":4517},{"path":["sensors",28,"reading","value"],"parentType":"SensorReading","fieldName":"value","returnType":"Float!","startOffset":31809193,"duration":2504},{"path":["sensors",28,"reading","unitType"],"parentType":"SensorReading","fieldName":"unitType","returnType":"UnitType!","startOffset":31813688,"duration":4501},{"path":["sensors",28,"hasAnomaly"],"parentType":"Sensor","fieldName":"hasAnomaly","returnType":"Boolean","startOffset":31820600,"duration":2277},{"path":["sensors",29,"_id"],"parentType":"Sensor","fieldName":"_id","returnType":"ID!","startOffset":31829922,"duration":2708},{"path":["sensors",29,"identifier"],"parentType":"Sensor","fieldName":"identifier","returnType":"String!","startOffset":31835360,"duration":4637},{"path":["sensors",29,"name"],"parentType":"Sensor","fieldName":"name","returnType":"String!","startOffset":31841942,"duration":2381},{"path":["sensors",29,"unitType"],"parentType":"Sensor","fieldName":"unitType","returnType":"UnitType","startOffset":31846165,"duration":4159},{"path":["sensors",29,"reading"],"parentType":"Sensor","fieldName":"reading","returnType":"SensorReading","startOffset":31852841,"duration":2854},{"path":["sensors",29,"reading","timestamp"],"parentType":"SensorReading","fieldName":"timestamp","returnType":"String!","startOffset":31861737,"duration":2805},{"path":["sensors",29,"reading","value"],"parentType":"SensorReading","fieldName":"value","returnType":"Float!","startOffset":31866437,"duration":2531},{"path":["sensors",29,"reading","unitType"],"parentType":"SensorReading","fieldName":"unitType","returnType":"UnitType!","startOffset":31873031,"duration":3119},{"path":["sensors",29,"hasAnomaly"],"parentType":"Sensor","fieldName":"hasAnomaly","returnType":"Boolean","startOffset":31878638,"duration":2503},{"path":["sensors",30,"_id"],"parentType":"Sensor","fieldName":"_id","returnType":"ID!","startOffset":31888668,"duration":2773},{"path":["sensors",30,"identifier"],"parentType":"Sensor","fieldName":"identifier","returnType":"String!","startOffset":31894002,"duration":4435},{"path":["sensors",30,"name"],"parentType":"Sensor","fieldName":"name","returnType":"String!","startOffset":31900380,"duration":2380},{"path":["sensors",30,"unitType"],"parentType":"Sensor","fieldName":"unitType","returnType":"UnitType","startOffset":31904672,"duration":4400},{"path":["sensors",30,"reading"],"parentType":"Sensor","fieldName":"reading","returnType":"SensorReading","startOffset":31911568,"duration":3350},{"path":["sensors",30,"hasAnomaly"],"parentType":"Sensor","fieldName"
4865 [main] DEBUG org.apache.http.wire  -  << ","fieldName":"identifier","returnType":"String!","startOffset":31196093,"duration":4322},{"path":["sensors",18,"name"],"parentType":"Sensor","fieldName":"name","returnType":"String!","startOffset":31202332,"duration":2375},{"path":["sensors",18,"unitType"],"parentType":"Sensor","fieldName":"unitType","returnType":"UnitType","startOffset":31206593,"duration":5109},{"path":["sensors",18,"reading"],"parentType":"Sensor","fieldName":"reading","returnType":"SensorReading","startOffset":31214229,"duration":2925},{"path":["sensors",18,"reading","timestamp"],"parentType":"SensorReading","fieldName":"timestamp","returnType":"String!","startOffset":31223307,"duration":2832},{"path":["sensors",18,"reading","value"],"parentType":"SensorReading","fieldName":"value","returnType":"Float!","startOffset":31228042,"duration":4405},{"path":["sensors",18,"reading","unitType"],"parentType":"SensorReading","fieldName":"unitType","returnType":"UnitType!","startOffset":31235009,"duration":2637},{"path":["sensors",18,"hasAnomaly"],"parentType":"Sensor","fieldName":"hasAnomaly","returnType":"Boolean","startOffset":31240083,"duration":4280},{"path":["sensors",19,"_id"],"parentType":"Sensor","fieldName":"_id","returnType":"ID!","startOffset":31249637,"duration":3143},{"path":["sensors",19,"identifier"],"parentType":"Sensor","fieldName":"identifier","returnType":"String!","startOffset":31256661,"duration":2447},{"path":["sensors",19,"name"],"parentType":"Sensor","fieldName":"name","returnType":"String!","startOffset":31260988,"duration":2568},{"path":["sensors",19,"unitType"],"parentType":"Sensor","fieldName":"unitType","returnType":"UnitType","startOffset":31267917,"duration":2537},{"path":["sensors",19,"reading"],"parentType":"Sensor","fieldName":"reading","returnType":"SensorReading","startOffset":31273019,"duration":2856},{"path":["sensors",19,"reading","timestamp"],"parentType":"SensorReading","fieldName":"timestamp","returnType":"String!","startOffset":31281816,"duration":2565},{"path":["sensors",19,"reading","value"],"parentType":"SensorReading","fieldName":"value","returnType":"Float!","startOffset":31286197,"duration":4992},{"path":["sensors",19,"reading","unitType"],"parentType":"SensorReading","fieldName":"unitType","returnType":"UnitType!","startOffset":31293240,"duration":2506},{"path":["sensors",19,"hasAnomaly"],"parentType":"Sensor","fieldName":"hasAnomaly","returnType":"Boolean","startOffset":31298650,"duration":4316},{"path":["sensors",20,"_id"],"parentType":"Sensor","fieldName":"_id","returnType":"ID!","startOffset":31308184,"duration":2575},{"path":["sensors",20,"identifier"],"parentType":"Sensor","fieldName":"identifier","returnType":"String!","startOffset":31315202,"duration":2505},{"path":["sensors",20,"name"],"parentType":"Sensor","fieldName":"name","returnType":"String!","startOffset":31319591,"duration":2438},{"path":["sensors",20,"unitType"],"parentType":"Sensor","fieldName":"unitType","returnType":"UnitType","startOffset":31326389,"duration":2488},{"path":["sensors",20,"reading"],"parentType":"Sensor","fieldName":"reading","returnType":"SensorReading","startOffset":31331355,"duration":4936},{"path":["sensors",20,"reading","timestamp"],"parentType":"SensorReading","fieldName":"timestamp","returnType":"String!","startOffset":31339809,"duration":2551},{"path":["sensors",20,"reading","value"],"parentType":"SensorReading","fieldName":"value","returnType":"Float!","startOffset":31344224,"duration":4451},{"path":["sensors",20,"reading","unitType"],"parentType":"SensorReading","fieldName":"unitType","returnType":"UnitType!","startOffset":31350636,"duration":2460},{"path":["sensors",20,"hasAnomaly"],"parentType":"Sensor","fieldName":"hasAnomaly","returnType":"Boolean","startOffset":31355457,"duration":4264},{"path":["sensors",21,"_id"],"parentType":"Sensor","fieldName":"_id","returnType":"ID!","startOffset":31364897,"duration":4534},{"path":["sensors",21,"identifier"],"parentType":"Sensor","fieldName":"identifier","returnType":"String!","startOffset":31371493,"duration":2470},{"path":["sensors",21,"name"],"parentType":"Sensor","fieldName":"name","returnType":"String!","startOffset":31375824,"duration":4216},{"path":["sensors",21,"unitType"],"parentType":"Sensor","fieldName":"unitType","returnType":"UnitType","startOffset":31382557,"duration":2334},{"path":["sensors",21,"reading"],"parentType":"Sensor","fieldName":"reading","returnType":"SensorReading","startOffset":31387598,"duration":5883},{"path":["sensors",21,"reading","timestamp"],"parentType":"SensorReading","fieldName":"timestamp","returnType":"String!","startOffset":31397175,"duration":2544},{"path":["sensors",21,"reading","value"],"parentType":"SensorReading","fieldName":"value","returnType":"Float!","startOffset":31404064,"duration":2653},{"path":["sensors",21,"reading","unitType"],"parentType":"SensorReading","fieldName":"unitType","returnType":"UnitType!","startOffset":31408764,"duration":3032},{"path":["sensors",21,"hasAnomaly"],"parentType":"Sensor","fieldName":"hasAnomaly","returnType":"Boolean","startOffset":31416185,"duration":2422},{"path":["sensors",22,"_id"],"parentType":"Sensor","fieldName":"_id","returnType":"ID!","startOffset":31423716,"duration":5177},{"path":["sensors",22,"identifier"],"parentType":"Sensor","fieldName":"identifier","returnType":"String!","startOffset":31430937,"duration":2604},{"path":["sensors",22,"name"],"parentType":"Sensor","fieldName":"name","returnType":"String!","startOffset":31435401,"duration":4217},{"path":["sensors",22,"unitType"],"parentType":"Sensor","fieldName":"unitType","returnType":"UnitType","startOffset":31442037,"duration":2399},{"path":["sensors",22,"reading"],"parentType":"Sensor","fieldName":"reading","returnType":"SensorReading","startOffset":31447430,"duration":4967},{"path":["sensors",22,"reading","timestamp"],"parentType":"SensorReading","fieldName":"timestamp","returnType":"String!","startOffset":31455863,"duration":3346},{"path":["sensors",22,"reading","value"],"parentType":"SensorReading","fieldName":"value","returnType":"Float!","startOffset":31463021,"duration":2567},{"path":["sensors",22,"reading","unitType"],"parentType":"SensorReading","fieldName":"unitType","returnType":"UnitType!","startOffset":31467659,"duration":2429},{"path":["sensors",22,"hasAnomaly"],"parentType":"Sensor","fieldName":"hasAnomaly","returnType":"Boolean","startOffset":31474412,"duration":2414},{"path":["sensors",23,"_id"],"parentType":"Sensor","fieldName":"_id","returnType":"ID!","startOffset":31481928,"duration":4531},{"path":["sensors",23,"identifier"],"parentType":"Sensor","fieldName":"identifier","returnType":"String!","startOffset":31488551,"duration":2370},{"path":["sensors",23,"name"],"parentType":"Sensor","fieldName":"name","returnType":"String!","startOffset":31492800,"duration":4288},{"path":["sensors",23,"unitType"],"parentType":"Sensor","fieldName":"unitType","returnType":"UnitType","startOffset":31498948,"duration":2348},{"path":["sensors",23,"reading"],"parentType":"Sensor","fieldName":"reading","returnType":"SensorReading","startOffset":31505620,"duration":2978},{"path":["sensors",23,"reading","timestamp"],"parentType":"SensorReading","fieldName":"timestamp","returnType":"String!","startOffset":31512561,"duration":2634},{"path":["sensors",23,"reading","value"],"parentType":"SensorReading","fieldName":"value","returnType":"Float!","startOffset":31519018,"duration":2852},{"path":["sensors",23,"reading","unitType"],"parentType":"SensorReading","fieldName":"unitType","returnType":"UnitType!","startOffset":31524370,"duration":4702},{"path":["sensors",23,"hasAnomaly"],"parentType":"Sensor","fieldName":"hasAnomaly","returnType":"Boolean","startOffset":31531500,"duration":2330},{"path":["sensors",24,"_id"],"parentType":"Sensor","fieldName":"_id","returnType":"ID!","startOffset":31541192,"duration":2732},{"path":["sensors",24,"identifier"],"parentType":"Sensor","fieldName":"identifier","returnType":"String!","startOffset":31545917,"duration":2417},{"path":["sensors",24,"name"],"parentType":"Sensor","fieldName":"name","returnType":"String!","startOffset":31552091,"duration":2481},{"path":["sensors",24,"unitType"],"parentType":"Sensor","fieldName":"unitType","returnType":"UnitType","startOffset":31556414,"duration":2348},{"path":["sensors",24,"reading"],"parentType":"Sensor","fieldName":"reading","returnType":"SensorReading","startOffset":31563708,"duration":3053},{"path":["sensors",24,"reading","timestamp"],"parentType":"SensorReading","fieldName":"timestamp","returnType":"String!","startOffset":31570751,"duration":4879},{"path":["sensors",24,"reading","value"],"parentType":"SensorReading","fieldName":"value","returnType":"Float!","startOffset":31577489,"duration":2600},{"path":["sensors",24,"reading","unitType"],"parentType":"SensorReading","fieldName":"unitType","returnType":"UnitType!","startOffset":31582042,"duration":5017},{"path":["sensors",24,"hasAnomaly"],"parentType":"Sensor","fieldName":"hasAnomaly","returnType":"Boolean","startOffset":31589644,"duration":2351},{"path":["sensors",25,"_id"],"parentType":"Sensor","fieldName":"_id","returnType":"ID!","startOffset":31598913,"duration":2690},{"path":["sensors",25,"identifier"],"parentType":"Sensor","fieldName":"identifier","returnType":"String!","startOffset":31603603,"duration":5073},{"path":["sensors",25,"name"],"parentType":"Sensor","fieldName":"name","returnType":"String!","startOffset":31610790,"duration":4349},{"path":["sensors",25,"unitType"],"parentType":"Sensor","fieldName":"unitType","returnType":"UnitType","startOffset":31617031,"duration":2299},{"path":["sensors",25,"reading"],"parentType":"Sensor","fieldName":"reading","returnType":"SensorReading","startOffset":31621806,"duration":4872},{"path":["sensors",25,"reading","timestamp"],"parentType":"SensorReading","fieldName":"timestamp","returnType":"String!","startOffset":31630056,"duration":2615},{"path":["sensors",25,"reading","value"],"parentType":"SensorReading","fieldName":"value","returnType":"Float!","startOffset":31636551,"duration":2554},{"path":["sensors",25,"reading","unitType"],"parentType":"SensorReading","fieldName":"unitType","returnType":"UnitType!","startOffset":31641126,"duration":2483},{"path":["sensors",25,"hasAnomaly"],"parentType":"Sensor","fieldName":"hasAnomaly","returnType":"Boolean","startOffset":31647961,"duration":3055},{"path":["sensors",26,"_id"],"parentType":"Sensor","fieldName":"_id","returnType":"ID!","startOffset":31656368,"duration":4795},{"path":["sensors",26,"identifier"],"parentType":"Sensor","fieldName":"identifier","returnType":"String!","startOffset":31663138,"duration":3018},{"path":["sensors",26,"name"],"parentType":"Sensor","fieldName":"name","returnType":"String!","startOffset":31668198,"duration":4339},{"path":["sensors",26,"unitType"],"parentType":"Sensor","fieldName":"unitType","returnType":"UnitType","startOffset":31674404,"duration":2322},{"path":["sensors",26,"reading"],"parentType":"Sensor","fieldName":"reading","returnType":"SensorReading","startOffset":31681755,"duration":3107},{"path":["sensors",26,"reading","timestamp"],"parentType":"SensorReading","fieldName":"timestamp","returnType":"String!","startOffset":31688818,"duration":4562},{"path":["sensors",26,"reading","value"],"parentType":"SensorReading","fieldName":"value","returnType":"Float!","startOffset":31695311,"duration":3103},{"path":["sensors",26,"reading","unitType"],"parentType":"SensorReading","fieldName":"unitType","returnType":"UnitType!","startOffset":31700354,"duration":4332},{"path":["sensors",26,"hasAnomaly"],"parentType":"Sensor","fieldName":"hasAnomaly","returnType":"Boolean","startOffset":31707591,"duration":2402},{"path":["sensors",27,"_id"],"parentType":"Sensor","fieldName":"_id","returnType":"ID!","startOffset":31716969,"duration":2661},{"path":["sensors",27,"identifier"],"parentType":"Sensor","fieldName":"identifier","returnType":"String!","startOffset":31721582,"duration":2402},{"path":["sensors",27,"name"],"parentType":"Sensor","fieldName":"name","returnType":"String!","startOffset":31727719,"duration":2431},{"path":["sensors",27,"unitType"],"parentType":"Sensor","fieldName":"unitType","returnType":"UnitType","startOffset":31732029,"duration":2288},{"path":["sensors",27,"reading"],"parentType":"Sensor","fieldName":"reading","returnType":"SensorReading","startOffset":31738849,"duration":3582},{"path":["sensors",27,"reading","timestamp"],"parentType":"SensorReading","fieldName":"timestamp","returnType":"String!","startOffset":31745910,"duration":4702},{"path":["sensors",27,"reading","value"],"parentType":"SensorReading","fieldName":"value","returnType":"Float!","startOffset":31752511,"duration":2558},{"path":["sensors",27,"reading","unitType"],"parentType":"SensorReading","fieldName":"unitType","returnType":"UnitType!","startOffset":31757056,"duration":4464},{"path":["sensors",27,"hasAnomaly"],"parentType":"Sensor","fieldName":"hasAnomaly","returnType":"Boolean","startOffset":31763926,"duration":2345},{"path":["sensors",28,"_id"],"parentType":"Sensor","fieldName":"_id","returnType":"ID!","startOffset":31773270,"duration":2671},{"path":["sensors",28,"identifier"],"parentType":"Sensor","fieldName":"identifier","returnType":"String!","startOffset":31777952,"duration":3526},{"path":["sensors",28,"name"],"parentType":"Sensor","fieldName":"name","returnType":"String!","startOffset":31785351,"duration":2447},{"path":["sensors",28,"unitType"],"parentType":"Sensor","fieldName":"unitType","returnType":"UnitType","startOffset":31789684,"duration":2303},{"path":["sensors",28,"reading"],"parentType":"Sensor","fieldName":"reading","returnType":"SensorReading","startOffset":31796374,"duration":2944},{"path":["sensors",28,"reading","timestamp"],"parentType":"SensorReading","fieldName":"timestamp","returnType":"String!","startOffset":31802776,"duration":4517},{"path":["sensors",28,"reading","value"],"parentType":"SensorReading","fieldName":"value","returnType":"Float!","startOffset":31809193,"duration":2504},{"path":["sensors",28,"reading","unitType"],"parentType":"SensorReading","fieldName":"unitType","returnType":"UnitType!","startOffset":31813688,"duration":4501},{"path":["sensors",28,"hasAnomaly"],"parentType":"Sensor","fieldName":"hasAnomaly","returnType":"Boolean","startOffset":31820600,"duration":2277},{"path":["sensors",29,"_id"],"parentType":"Sensor","fieldName":"_id","returnType":"ID!","startOffset":31829922,"duration":2708},{"path":["sensors",29,"identifier"],"parentType":"Sensor","fieldName":"identifier","returnType":"String!","startOffset":31835360,"duration":4637},{"path":["sensors",29,"name"],"parentType":"Sensor","fieldName":"name","returnType":"String!","startOffset":31841942,"duration":2381},{"path":["sensors",29,"unitType"],"parentType":"Sensor","fieldName":"unitType","returnType":"UnitType","startOffset":31846165,"duration":4159},{"path":["sensors",29,"reading"],"parentType":"Sensor","fieldName":"reading","returnType":"SensorReading","startOffset":31852841,"duration":2854},{"path":["sensors",29,"reading","timestamp"],"parentType":"SensorReading","fieldName":"timestamp","returnType":"String!","startOffset":31861737,"duration":2805},{"path":["sensors",29,"reading","value"],"parentType":"SensorReading","fieldName":"value","returnType":"Float!","startOffset":31866437,"duration":2531},{"path":["sensors",29,"reading","unitType"],"parentType":"SensorReading","fieldName":"unitType","returnType":"UnitType!","startOffset":31873031,"duration":3119},{"path":["sensors",29,"hasAnomaly"],"parentType":"Sensor","fieldName":"hasAnomaly","returnType":"Boolean","startOffset":31878638,"duration":2503},{"path":["sensors",30,"_id"],"parentType":"Sensor","fieldName":"_id","returnType":"ID!","startOffset":31888668,"duration":2773},{"path":["sensors",30,"identifier"],"parentType":"Sensor","fieldName":"identifier","returnType":"String!","startOffset":31894002,"duration":4435},{"path":["sensors",30,"name"],"parentType":"Sensor","fieldName":"name","returnType":"String!","startOffset":31900380,"duration":2380},{"path":["sensors",30,"unitType"],"parentType":"Sensor","fieldName":"unitType","returnType":"UnitType","startOffset":31904672,"duration":4400},{"path":["sensors",30,"reading"],"parentType":"Sensor","fieldName":"reading","returnType":"SensorReading","startOffset":31911568,"duration":3350},{"path":["sensors",30,"hasAnomaly"],"parentType":"Sensor","fieldName"
4865 [main] DEBUG org.apache.http.wire  -  << ","fieldName":"identifier","returnType":"String!","startOffset":31196093,"duration":4322},{"path":["sensors",18,"name"],"parentType":"Sensor","fieldName":"name","returnType":"String!","startOffset":31202332,"duration":2375},{"path":["sensors",18,"unitType"],"parentType":"Sensor","fieldName":"unitType","returnType":"UnitType","startOffset":31206593,"duration":5109},{"path":["sensors",18,"reading"],"parentType":"Sensor","fieldName":"reading","returnType":"SensorReading","startOffset":31214229,"duration":2925},{"path":["sensors",18,"reading","timestamp"],"parentType":"SensorReading","fieldName":"timestamp","returnType":"String!","startOffset":31223307,"duration":2832},{"path":["sensors",18,"reading","value"],"parentType":"SensorReading","fieldName":"value","returnType":"Float!","startOffset":31228042,"duration":4405},{"path":["sensors",18,"reading","unitType"],"parentType":"SensorReading","fieldName":"unitType","returnType":"UnitType!","startOffset":31235009,"duration":2637},{"path":["sensors",18,"hasAnomaly"],"parentType":"Sensor","fieldName":"hasAnomaly","returnType":"Boolean","startOffset":31240083,"duration":4280},{"path":["sensors",19,"_id"],"parentType":"Sensor","fieldName":"_id","returnType":"ID!","startOffset":31249637,"duration":3143},{"path":["sensors",19,"identifier"],"parentType":"Sensor","fieldName":"identifier","returnType":"String!","startOffset":31256661,"duration":2447},{"path":["sensors",19,"name"],"parentType":"Sensor","fieldName":"name","returnType":"String!","startOffset":31260988,"duration":2568},{"path":["sensors",19,"unitType"],"parentType":"Sensor","fieldName":"unitType","returnType":"UnitType","startOffset":31267917,"duration":2537},{"path":["sensors",19,"reading"],"parentType":"Sensor","fieldName":"reading","returnType":"SensorReading","startOffset":31273019,"duration":2856},{"path":["sensors",19,"reading","timestamp"],"parentType":"SensorReading","fieldName":"timestamp","returnType":"String!","startOffset":31281816,"duration":2565},{"path":["sensors",19,"reading","value"],"parentType":"SensorReading","fieldName":"value","returnType":"Float!","startOffset":31286197,"duration":4992},{"path":["sensors",19,"reading","unitType"],"parentType":"SensorReading","fieldName":"unitType","returnType":"UnitType!","startOffset":31293240,"duration":2506},{"path":["sensors",19,"hasAnomaly"],"parentType":"Sensor","fieldName":"hasAnomaly","returnType":"Boolean","startOffset":31298650,"duration":4316},{"path":["sensors",20,"_id"],"parentType":"Sensor","fieldName":"_id","returnType":"ID!","startOffset":31308184,"duration":2575},{"path":["sensors",20,"identifier"],"parentType":"Sensor","fieldName":"identifier","returnType":"String!","startOffset":31315202,"duration":2505},{"path":["sensors",20,"name"],"parentType":"Sensor","fieldName":"name","returnType":"String!","startOffset":31319591,"duration":2438},{"path":["sensors",20,"unitType"],"parentType":"Sensor","fieldName":"unitType","returnType":"UnitType","startOffset":31326389,"duration":2488},{"path":["sensors",20,"reading"],"parentType":"Sensor","fieldName":"reading","returnType":"SensorReading","startOffset":31331355,"duration":4936},{"path":["sensors",20,"reading","timestamp"],"parentType":"SensorReading","fieldName":"timestamp","returnType":"String!","startOffset":31339809,"duration":2551},{"path":["sensors",20,"reading","value"],"parentType":"SensorReading","fieldName":"value","returnType":"Float!","startOffset":31344224,"duration":4451},{"path":["sensors",20,"reading","unitType"],"parentType":"SensorReading","fieldName":"unitType","returnType":"UnitType!","startOffset":31350636,"duration":2460},{"path":["sensors",20,"hasAnomaly"],"parentType":"Sensor","fieldName":"hasAnomaly","returnType":"Boolean","startOffset":31355457,"duration":4264},{"path":["sensors",21,"_id"],"parentType":"Sensor","fieldName":"_id","returnType":"ID!","startOffset":31364897,"duration":4534},{"path":["sensors",21,"identifier"],"parentType":"Sensor","fieldName":"identifier","returnType":"String!","startOffset":31371493,"duration":2470},{"path":["sensors",21,"name"],"parentType":"Sensor","fieldName":"name","returnType":"String!","startOffset":31375824,"duration":4216},{"path":["sensors",21,"unitType"],"parentType":"Sensor","fieldName":"unitType","returnType":"UnitType","startOffset":31382557,"duration":2334},{"path":["sensors",21,"reading"],"parentType":"Sensor","fieldName":"reading","returnType":"SensorReading","startOffset":31387598,"duration":5883},{"path":["sensors",21,"reading","timestamp"],"parentType":"SensorReading","fieldName":"timestamp","returnType":"String!","startOffset":31397175,"duration":2544},{"path":["sensors",21,"reading","value"],"parentType":"SensorReading","fieldName":"value","returnType":"Float!","startOffset":31404064,"duration":2653},{"path":["sensors",21,"reading","unitType"],"parentType":"SensorReading","fieldName":"unitType","returnType":"UnitType!","startOffset":31408764,"duration":3032},{"path":["sensors",21,"hasAnomaly"],"parentType":"Sensor","fieldName":"hasAnomaly","returnType":"Boolean","startOffset":31416185,"duration":2422},{"path":["sensors",22,"_id"],"parentType":"Sensor","fieldName":"_id","returnType":"ID!","startOffset":31423716,"duration":5177},{"path":["sensors",22,"identifier"],"parentType":"Sensor","fieldName":"identifier","returnType":"String!","startOffset":31430937,"duration":2604},{"path":["sensors",22,"name"],"parentType":"Sensor","fieldName":"name","returnType":"String!","startOffset":31435401,"duration":4217},{"path":["sensors",22,"unitType"],"parentType":"Sensor","fieldName":"unitType","returnType":"UnitType","startOffset":31442037,"duration":2399},{"path":["sensors",22,"reading"],"parentType":"Sensor","fieldName":"reading","returnType":"SensorReading","startOffset":31447430,"duration":4967},{"path":["sensors",22,"reading","timestamp"],"parentType":"SensorReading","fieldName":"timestamp","returnType":"String!","startOffset":31455863,"duration":3346},{"path":["sensors",22,"reading","value"],"parentType":"SensorReading","fieldName":"value","returnType":"Float!","startOffset":31463021,"duration":2567},{"path":["sensors",22,"reading","unitType"],"parentType":"SensorReading","fieldName":"unitType","returnType":"UnitType!","startOffset":31467659,"duration":2429},{"path":["sensors",22,"hasAnomaly"],"parentType":"Sensor","fieldName":"hasAnomaly","returnType":"Boolean","startOffset":31474412,"duration":2414},{"path":["sensors",23,"_id"],"parentType":"Sensor","fieldName":"_id","returnType":"ID!","startOffset":31481928,"duration":4531},{"path":["sensors",23,"identifier"],"parentType":"Sensor","fieldName":"identifier","returnType":"String!","startOffset":31488551,"duration":2370},{"path":["sensors",23,"name"],"parentType":"Sensor","fieldName":"name","returnType":"String!","startOffset":31492800,"duration":4288},{"path":["sensors",23,"unitType"],"parentType":"Sensor","fieldName":"unitType","returnType":"UnitType","startOffset":31498948,"duration":2348},{"path":["sensors",23,"reading"],"parentType":"Sensor","fieldName":"reading","returnType":"SensorReading","startOffset":31505620,"duration":2978},{"path":["sensors",23,"reading","timestamp"],"parentType":"SensorReading","fieldName":"timestamp","returnType":"String!","startOffset":31512561,"duration":2634},{"path":["sensors",23,"reading","value"],"parentType":"SensorReading","fieldName":"value","returnType":"Float!","startOffset":31519018,"duration":2852},{"path":["sensors",23,"reading","unitType"],"parentType":"SensorReading","fieldName":"unitType","returnType":"UnitType!","startOffset":31524370,"duration":4702},{"path":["sensors",23,"hasAnomaly"],"parentType":"Sensor","fieldName":"hasAnomaly","returnType":"Boolean","startOffset":31531500,"duration":2330},{"path":["sensors",24,"_id"],"parentType":"Sensor","fieldName":"_id","returnType":"ID!","startOffset":31541192,"duration":2732},{"path":["sensors",24,"identifier"],"parentType":"Sensor","fieldName":"identifier","returnType":"String!","startOffset":31545917,"duration":2417},{"path":["sensors",24,"name"],"parentType":"Sensor","fieldName":"name","returnType":"String!","startOffset":31552091,"duration":2481},{"path":["sensors",24,"unitType"],"parentType":"Sensor","fieldName":"unitType","returnType":"UnitType","startOffset":31556414,"duration":2348},{"path":["sensors",24,"reading"],"parentType":"Sensor","fieldName":"reading","returnType":"SensorReading","startOffset":31563708,"duration":3053},{"path":["sensors",24,"reading","timestamp"],"parentType":"SensorReading","fieldName":"timestamp","returnType":"String!","startOffset":31570751,"duration":4879},{"path":["sensors",24,"reading","value"],"parentType":"SensorReading","fieldName":"value","returnType":"Float!","startOffset":31577489,"duration":2600},{"path":["sensors",24,"reading","unitType"],"parentType":"SensorReading","fieldName":"unitType","returnType":"UnitType!","startOffset":31582042,"duration":5017},{"path":["sensors",24,"hasAnomaly"],"parentType":"Sensor","fieldName":"hasAnomaly","returnType":"Boolean","startOffset":31589644,"duration":2351},{"path":["sensors",25,"_id"],"parentType":"Sensor","fieldName":"_id","returnType":"ID!","startOffset":31598913,"duration":2690},{"path":["sensors",25,"identifier"],"parentType":"Sensor","fieldName":"identifier","returnType":"String!","startOffset":31603603,"duration":5073},{"path":["sensors",25,"name"],"parentType":"Sensor","fieldName":"name","returnType":"String!","startOffset":31610790,"duration":4349},{"path":["sensors",25,"unitType"],"parentType":"Sensor","fieldName":"unitType","returnType":"UnitType","startOffset":31617031,"duration":2299},{"path":["sensors",25,"reading"],"parentType":"Sensor","fieldName":"reading","returnType":"SensorReading","startOffset":31621806,"duration":4872},{"path":["sensors",25,"reading","timestamp"],"parentType":"SensorReading","fieldName":"timestamp","returnType":"String!","startOffset":31630056,"duration":2615},{"path":["sensors",25,"reading","value"],"parentType":"SensorReading","fieldName":"value","returnType":"Float!","startOffset":31636551,"duration":2554},{"path":["sensors",25,"reading","unitType"],"parentType":"SensorReading","fieldName":"unitType","returnType":"UnitType!","startOffset":31641126,"duration":2483},{"path":["sensors",25,"hasAnomaly"],"parentType":"Sensor","fieldName":"hasAnomaly","returnType":"Boolean","startOffset":31647961,"duration":3055},{"path":["sensors",26,"_id"],"parentType":"Sensor","fieldName":"_id","returnType":"ID!","startOffset":31656368,"duration":4795},{"path":["sensors",26,"identifier"],"parentType":"Sensor","fieldName":"identifier","returnType":"String!","startOffset":31663138,"duration":3018},{"path":["sensors",26,"name"],"parentType":"Sensor","fieldName":"name","returnType":"String!","startOffset":31668198,"duration":4339},{"path":["sensors",26,"unitType"],"parentType":"Sensor","fieldName":"unitType","returnType":"UnitType","startOffset":31674404,"duration":2322},{"path":["sensors",26,"reading"],"parentType":"Sensor","fieldName":"reading","returnType":"SensorReading","startOffset":31681755,"duration":3107},{"path":["sensors",26,"reading","timestamp"],"parentType":"SensorReading","fieldName":"timestamp","returnType":"String!","startOffset":31688818,"duration":4562},{"path":["sensors",26,"reading","value"],"parentType":"SensorReading","fieldName":"value","returnType":"Float!","startOffset":31695311,"duration":3103},{"path":["sensors",26,"reading","unitType"],"parentType":"SensorReading","fieldName":"unitType","returnType":"UnitType!","startOffset":31700354,"duration":4332},{"path":["sensors",26,"hasAnomaly"],"parentType":"Sensor","fieldName":"hasAnomaly","returnType":"Boolean","startOffset":31707591,"duration":2402},{"path":["sensors",27,"_id"],"parentType":"Sensor","fieldName":"_id","returnType":"ID!","startOffset":31716969,"duration":2661},{"path":["sensors",27,"identifier"],"parentType":"Sensor","fieldName":"identifier","returnType":"String!","startOffset":31721582,"duration":2402},{"path":["sensors",27,"name"],"parentType":"Sensor","fieldName":"name","returnType":"String!","startOffset":31727719,"duration":2431},{"path":["sensors",27,"unitType"],"parentType":"Sensor","fieldName":"unitType","returnType":"UnitType","startOffset":31732029,"duration":2288},{"path":["sensors",27,"reading"],"parentType":"Sensor","fieldName":"reading","returnType":"SensorReading","startOffset":31738849,"duration":3582},{"path":["sensors",27,"reading","timestamp"],"parentType":"SensorReading","fieldName":"timestamp","returnType":"String!","startOffset":31745910,"duration":4702},{"path":["sensors",27,"reading","value"],"parentType":"SensorReading","fieldName":"value","returnType":"Float!","startOffset":31752511,"duration":2558},{"path":["sensors",27,"reading","unitType"],"parentType":"SensorReading","fieldName":"unitType","returnType":"UnitType!","startOffset":31757056,"duration":4464},{"path":["sensors",27,"hasAnomaly"],"parentType":"Sensor","fieldName":"hasAnomaly","returnType":"Boolean","startOffset":31763926,"duration":2345},{"path":["sensors",28,"_id"],"parentType":"Sensor","fieldName":"_id","returnType":"ID!","startOffset":31773270,"duration":2671},{"path":["sensors",28,"identifier"],"parentType":"Sensor","fieldName":"identifier","returnType":"String!","startOffset":31777952,"duration":3526},{"path":["sensors",28,"name"],"parentType":"Sensor","fieldName":"name","returnType":"String!","startOffset":31785351,"duration":2447},{"path":["sensors",28,"unitType"],"parentType":"Sensor","fieldName":"unitType","returnType":"UnitType","startOffset":31789684,"duration":2303},{"path":["sensors",28,"reading"],"parentType":"Sensor","fieldName":"reading","returnType":"SensorReading","startOffset":31796374,"duration":2944},{"path":["sensors",28,"reading","timestamp"],"parentType":"SensorReading","fieldName":"timestamp","returnType":"String!","startOffset":31802776,"duration":4517},{"path":["sensors",28,"reading","value"],"parentType":"SensorReading","fieldName":"value","returnType":"Float!","startOffset":31809193,"duration":2504},{"path":["sensors",28,"reading","unitType"],"parentType":"SensorReading","fieldName":"unitType","returnType":"UnitType!","startOffset":31813688,"duration":4501},{"path":["sensors",28,"hasAnomaly"],"parentType":"Sensor","fieldName":"hasAnomaly","returnType":"Boolean","startOffset":31820600,"duration":2277},{"path":["sensors",29,"_id"],"parentType":"Sensor","fieldName":"_id","returnType":"ID!","startOffset":31829922,"duration":2708},{"path":["sensors",29,"identifier"],"parentType":"Sensor","fieldName":"identifier","returnType":"String!","startOffset":31835360,"duration":4637},{"path":["sensors",29,"name"],"parentType":"Sensor","fieldName":"name","returnType":"String!","startOffset":31841942,"duration":2381},{"path":["sensors",29,"unitType"],"parentType":"Sensor","fieldName":"unitType","returnType":"UnitType","startOffset":31846165,"duration":4159},{"path":["sensors",29,"reading"],"parentType":"Sensor","fieldName":"reading","returnType":"SensorReading","startOffset":31852841,"duration":2854},{"path":["sensors",29,"reading","timestamp"],"parentType":"SensorReading","fieldName":"timestamp","returnType":"String!","startOffset":31861737,"duration":2805},{"path":["sensors",29,"reading","value"],"parentType":"SensorReading","fieldName":"value","returnType":"Float!","startOffset":31866437,"duration":2531},{"path":["sensors",29,"reading","unitType"],"parentType":"SensorReading","fieldName":"unitType","returnType":"UnitType!","startOffset":31873031,"duration":3119},{"path":["sensors",29,"hasAnomaly"],"parentType":"Sensor","fieldName":"hasAnomaly","returnType":"Boolean","startOffset":31878638,"duration":2503},{"path":["sensors",30,"_id"],"parentType":"Sensor","fieldName":"_id","returnType":"ID!","startOffset":31888668,"duration":2773},{"path":["sensors",30,"identifier"],"parentType":"Sensor","fieldName":"identifier","returnType":"String!","startOffset":31894002,"duration":4435},{"path":["sensors",30,"name"],"parentType":"Sensor","fieldName":"name","returnType":"String!","startOffset":31900380,"duration":2380},{"path":["sensors",30,"unitType"],"parentType":"Sensor","fieldName":"unitType","returnType":"UnitType","startOffset":31904672,"duration":4400},{"path":["sensors",30,"reading"],"parentType":"Sensor","fieldName":"reading","returnType":"SensorReading","startOffset":31911568,"duration":3350},{"path":["sensors",30,"hasAnomaly"],"parentType":"Sensor","fieldName"
4865 [main] DEBUG org.apache.http.wire  -  << ","fieldName":"identifier","returnType":"String!","startOffset":31196093,"duration":4322},{"path":["sensors",18,"name"],"parentType":"Sensor","fieldName":"name","returnType":"String!","startOffset":31202332,"duration":2375},{"path":["sensors",18,"unitType"],"parentType":"Sensor","fieldName":"unitType","returnType":"UnitType","startOffset":31206593,"duration":5109},{"path":["sensors",18,"reading"],"parentType":"Sensor","fieldName":"reading","returnType":"SensorReading","startOffset":31214229,"duration":2925},{"path":["sensors",18,"reading","timestamp"],"parentType":"SensorReading","fieldName":"timestamp","returnType":"String!","startOffset":31223307,"duration":2832},{"path":["sensors",18,"reading","value"],"parentType":"SensorReading","fieldName":"value","returnType":"Float!","startOffset":31228042,"duration":4405},{"path":["sensors",18,"reading","unitType"],"parentType":"SensorReading","fieldName":"unitType","returnType":"UnitType!","startOffset":31235009,"duration":2637},{"path":["sensors",18,"hasAnomaly"],"parentType":"Sensor","fieldName":"hasAnomaly","returnType":"Boolean","startOffset":31240083,"duration":4280},{"path":["sensors",19,"_id"],"parentType":"Sensor","fieldName":"_id","returnType":"ID!","startOffset":31249637,"duration":3143},{"path":["sensors",19,"identifier"],"parentType":"Sensor","fieldName":"identifier","returnType":"String!","startOffset":31256661,"duration":2447},{"path":["sensors",19,"name"],"parentType":"Sensor","fieldName":"name","returnType":"String!","startOffset":31260988,"duration":2568},{"path":["sensors",19,"unitType"],"parentType":"Sensor","fieldName":"unitType","returnType":"UnitType","startOffset":31267917,"duration":2537},{"path":["sensors",19,"reading"],"parentType":"Sensor","fieldName":"reading","returnType":"SensorReading","startOffset":31273019,"duration":2856},{"path":["sensors",19,"reading","timestamp"],"parentType":"SensorReading","fieldName":"timestamp","returnType":"String!","startOffset":31281816,"duration":2565},{"path":["sensors",19,"reading","value"],"parentType":"SensorReading","fieldName":"value","returnType":"Float!","startOffset":31286197,"duration":4992},{"path":["sensors",19,"reading","unitType"],"parentType":"SensorReading","fieldName":"unitType","returnType":"UnitType!","startOffset":31293240,"duration":2506},{"path":["sensors",19,"hasAnomaly"],"parentType":"Sensor","fieldName":"hasAnomaly","returnType":"Boolean","startOffset":31298650,"duration":4316},{"path":["sensors",20,"_id"],"parentType":"Sensor","fieldName":"_id","returnType":"ID!","startOffset":31308184,"duration":2575},{"path":["sensors",20,"identifier"],"parentType":"Sensor","fieldName":"identifier","returnType":"String!","startOffset":31315202,"duration":2505},{"path":["sensors",20,"name"],"parentType":"Sensor","fieldName":"name","returnType":"String!","startOffset":31319591,"duration":2438},{"path":["sensors",20,"unitType"],"parentType":"Sensor","fieldName":"unitType","returnType":"UnitType","startOffset":31326389,"duration":2488},{"path":["sensors",20,"reading"],"parentType":"Sensor","fieldName":"reading","returnType":"SensorReading","startOffset":31331355,"duration":4936},{"path":["sensors",20,"reading","timestamp"],"parentType":"SensorReading","fieldName":"timestamp","returnType":"String!","startOffset":31339809,"duration":2551},{"path":["sensors",20,"reading","value"],"parentType":"SensorReading","fieldName":"value","returnType":"Float!","startOffset":31344224,"duration":4451},{"path":["sensors",20,"reading","unitType"],"parentType":"SensorReading","fieldName":"unitType","returnType":"UnitType!","startOffset":31350636,"duration":2460},{"path":["sensors",20,"hasAnomaly"],"parentType":"Sensor","fieldName":"hasAnomaly","returnType":"Boolean","startOffset":31355457,"duration":4264},{"path":["sensors",21,"_id"],"parentType":"Sensor","fieldName":"_id","returnType":"ID!","startOffset":31364897,"duration":4534},{"path":["sensors",21,"identifier"],"parentType":"Sensor","fieldName":"identifier","returnType":"String!","startOffset":31371493,"duration":2470},{"path":["sensors",21,"name"],"parentType":"Sensor","fieldName":"name","returnType":"String!","startOffset":31375824,"duration":4216},{"path":["sensors",21,"unitType"],"parentType":"Sensor","fieldName":"unitType","returnType":"UnitType","startOffset":31382557,"duration":2334},{"path":["sensors",21,"reading"],"parentType":"Sensor","fieldName":"reading","returnType":"SensorReading","startOffset":31387598,"duration":5883},{"path":["sensors",21,"reading","timestamp"],"parentType":"SensorReading","fieldName":"timestamp","returnType":"String!","startOffset":31397175,"duration":2544},{"path":["sensors",21,"reading","value"],"parentType":"SensorReading","fieldName":"value","returnType":"Float!","startOffset":31404064,"duration":2653},{"path":["sensors",21,"reading","unitType"],"parentType":"SensorReading","fieldName":"unitType","returnType":"UnitType!","startOffset":31408764,"duration":3032},{"path":["sensors",21,"hasAnomaly"],"parentType":"Sensor","fieldName":"hasAnomaly","returnType":"Boolean","startOffset":31416185,"duration":2422},{"path":["sensors",22,"_id"],"parentType":"Sensor","fieldName":"_id","returnType":"ID!","startOffset":31423716,"duration":5177},{"path":["sensors",22,"identifier"],"parentType":"Sensor","fieldName":"identifier","returnType":"String!","startOffset":31430937,"duration":2604},{"path":["sensors",22,"name"],"parentType":"Sensor","fieldName":"name","returnType":"String!","startOffset":31435401,"duration":4217},{"path":["sensors",22,"unitType"],"parentType":"Sensor","fieldName":"unitType","returnType":"UnitType","startOffset":31442037,"duration":2399},{"path":["sensors",22,"reading"],"parentType":"Sensor","fieldName":"reading","returnType":"SensorReading","startOffset":31447430,"duration":4967},{"path":["sensors",22,"reading","timestamp"],"parentType":"SensorReading","fieldName":"timestamp","returnType":"String!","startOffset":31455863,"duration":3346},{"path":["sensors",22,"reading","value"],"parentType":"SensorReading","fieldName":"value","returnType":"Float!","startOffset":31463021,"duration":2567},{"path":["sensors",22,"reading","unitType"],"parentType":"SensorReading","fieldName":"unitType","returnType":"UnitType!","startOffset":31467659,"duration":2429},{"path":["sensors",22,"hasAnomaly"],"parentType":"Sensor","fieldName":"hasAnomaly","returnType":"Boolean","startOffset":31474412,"duration":2414},{"path":["sensors",23,"_id"],"parentType":"Sensor","fieldName":"_id","returnType":"ID!","startOffset":31481928,"duration":4531},{"path":["sensors",23,"identifier"],"parentType":"Sensor","fieldName":"identifier","returnType":"String!","startOffset":31488551,"duration":2370},{"path":["sensors",23,"name"],"parentType":"Sensor","fieldName":"name","returnType":"String!","startOffset":31492800,"duration":4288},{"path":["sensors",23,"unitType"],"parentType":"Sensor","fieldName":"unitType","returnType":"UnitType","startOffset":31498948,"duration":2348},{"path":["sensors",23,"reading"],"parentType":"Sensor","fieldName":"reading","returnType":"SensorReading","startOffset":31505620,"duration":2978},{"path":["sensors",23,"reading","timestamp"],"parentType":"SensorReading","fieldName":"timestamp","returnType":"String!","startOffset":31512561,"duration":2634},{"path":["sensors",23,"reading","value"],"parentType":"SensorReading","fieldName":"value","returnType":"Float!","startOffset":31519018,"duration":2852},{"path":["sensors",23,"reading","unitType"],"parentType":"SensorReading","fieldName":"unitType","returnType":"UnitType!","startOffset":31524370,"duration":4702},{"path":["sensors",23,"hasAnomaly"],"parentType":"Sensor","fieldName":"hasAnomaly","returnType":"Boolean","startOffset":31531500,"duration":2330},{"path":["sensors",24,"_id"],"parentType":"Sensor","fieldName":"_id","returnType":"ID!","startOffset":31541192,"duration":2732},{"path":["sensors",24,"identifier"],"parentType":"Sensor","fieldName":"identifier","returnType":"String!","startOffset":31545917,"duration":2417},{"path":["sensors",24,"name"],"parentType":"Sensor","fieldName":"name","returnType":"String!","startOffset":31552091,"duration":2481},{"path":["sensors",24,"unitType"],"parentType":"Sensor","fieldName":"unitType","returnType":"UnitType","startOffset":31556414,"duration":2348},{"path":["sensors",24,"reading"],"parentType":"Sensor","fieldName":"reading","returnType":"SensorReading","startOffset":31563708,"duration":3053},{"path":["sensors",24,"reading","timestamp"],"parentType":"SensorReading","fieldName":"timestamp","returnType":"String!","startOffset":31570751,"duration":4879},{"path":["sensors",24,"reading","value"],"parentType":"SensorReading","fieldName":"value","returnType":"Float!","startOffset":31577489,"duration":2600},{"path":["sensors",24,"reading","unitType"],"parentType":"SensorReading","fieldName":"unitType","returnType":"UnitType!","startOffset":31582042,"duration":5017},{"path":["sensors",24,"hasAnomaly"],"parentType":"Sensor","fieldName":"hasAnomaly","returnType":"Boolean","startOffset":31589644,"duration":2351},{"path":["sensors",25,"_id"],"parentType":"Sensor","fieldName":"_id","returnType":"ID!","startOffset":31598913,"duration":2690},{"path":["sensors",25,"identifier"],"parentType":"Sensor","fieldName":"identifier","returnType":"String!","startOffset":31603603,"duration":5073},{"path":["sensors",25,"name"],"parentType":"Sensor","fieldName":"name","returnType":"String!","startOffset":31610790,"duration":4349},{"path":["sensors",25,"unitType"],"parentType":"Sensor","fieldName":"unitType","returnType":"UnitType","startOffset":31617031,"duration":2299},{"path":["sensors",25,"reading"],"parentType":"Sensor","fieldName":"reading","returnType":"SensorReading","startOffset":31621806,"duration":4872},{"path":["sensors",25,"reading","timestamp"],"parentType":"SensorReading","fieldName":"timestamp","returnType":"String!","startOffset":31630056,"duration":2615},{"path":["sensors",25,"reading","value"],"parentType":"SensorReading","fieldName":"value","returnType":"Float!","startOffset":31636551,"duration":2554},{"path":["sensors",25,"reading","unitType"],"parentType":"SensorReading","fieldName":"unitType","returnType":"UnitType!","startOffset":31641126,"duration":2483},{"path":["sensors",25,"hasAnomaly"],"parentType":"Sensor","fieldName":"hasAnomaly","returnType":"Boolean","startOffset":31647961,"duration":3055},{"path":["sensors",26,"_id"],"parentType":"Sensor","fieldName":"_id","returnType":"ID!","startOffset":31656368,"duration":4795},{"path":["sensors",26,"identifier"],"parentType":"Sensor","fieldName":"identifier","returnType":"String!","startOffset":31663138,"duration":3018},{"path":["sensors",26,"name"],"parentType":"Sensor","fieldName":"name","returnType":"String!","startOffset":31668198,"duration":4339},{"path":["sensors",26,"unitType"],"parentType":"Sensor","fieldName":"unitType","returnType":"UnitType","startOffset":31674404,"duration":2322},{"path":["sensors",26,"reading"],"parentType":"Sensor","fieldName":"reading","returnType":"SensorReading","startOffset":31681755,"duration":3107},{"path":["sensors",26,"reading","timestamp"],"parentType":"SensorReading","fieldName":"timestamp","returnType":"String!","startOffset":31688818,"duration":4562},{"path":["sensors",26,"reading","value"],"parentType":"SensorReading","fieldName":"value","returnType":"Float!","startOffset":31695311,"duration":3103},{"path":["sensors",26,"reading","unitType"],"parentType":"SensorReading","fieldName":"unitType","returnType":"UnitType!","startOffset":31700354,"duration":4332},{"path":["sensors",26,"hasAnomaly"],"parentType":"Sensor","fieldName":"hasAnomaly","returnType":"Boolean","startOffset":31707591,"duration":2402},{"path":["sensors",27,"_id"],"parentType":"Sensor","fieldName":"_id","returnType":"ID!","startOffset":31716969,"duration":2661},{"path":["sensors",27,"identifier"],"parentType":"Sensor","fieldName":"identifier","returnType":"String!","startOffset":31721582,"duration":2402},{"path":["sensors",27,"name"],"parentType":"Sensor","fieldName":"name","returnType":"String!","startOffset":31727719,"duration":2431},{"path":["sensors",27,"unitType"],"parentType":"Sensor","fieldName":"unitType","returnType":"UnitType","startOffset":31732029,"duration":2288},{"path":["sensors",27,"reading"],"parentType":"Sensor","fieldName":"reading","returnType":"SensorReading","startOffset":31738849,"duration":3582},{"path":["sensors",27,"reading","timestamp"],"parentType":"SensorReading","fieldName":"timestamp","returnType":"String!","startOffset":31745910,"duration":4702},{"path":["sensors",27,"reading","value"],"parentType":"SensorReading","fieldName":"value","returnType":"Float!","startOffset":31752511,"duration":2558},{"path":["sensors",27,"reading","unitType"],"parentType":"SensorReading","fieldName":"unitType","returnType":"UnitType!","startOffset":31757056,"duration":4464},{"path":["sensors",27,"hasAnomaly"],"parentType":"Sensor","fieldName":"hasAnomaly","returnType":"Boolean","startOffset":31763926,"duration":2345},{"path":["sensors",28,"_id"],"parentType":"Sensor","fieldName":"_id","returnType":"ID!","startOffset":31773270,"duration":2671},{"path":["sensors",28,"identifier"],"parentType":"Sensor","fieldName":"identifier","returnType":"String!","startOffset":31777952,"duration":3526},{"path":["sensors",28,"name"],"parentType":"Sensor","fieldName":"name","returnType":"String!","startOffset":31785351,"duration":2447},{"path":["sensors",28,"unitType"],"parentType":"Sensor","fieldName":"unitType","returnType":"UnitType","startOffset":31789684,"duration":2303},{"path":["sensors",28,"reading"],"parentType":"Sensor","fieldName":"reading","returnType":"SensorReading","startOffset":31796374,"duration":2944},{"path":["sensors",28,"reading","timestamp"],"parentType":"SensorReading","fieldName":"timestamp","returnType":"String!","startOffset":31802776,"duration":4517},{"path":["sensors",28,"reading","value"],"parentType":"SensorReading","fieldName":"value","returnType":"Float!","startOffset":31809193,"duration":2504},{"path":["sensors",28,"reading","unitType"],"parentType":"SensorReading","fieldName":"unitType","returnType":"UnitType!","startOffset":31813688,"duration":4501},{"path":["sensors",28,"hasAnomaly"],"parentType":"Sensor","fieldName":"hasAnomaly","returnType":"Boolean","startOffset":31820600,"duration":2277},{"path":["sensors",29,"_id"],"parentType":"Sensor","fieldName":"_id","returnType":"ID!","startOffset":31829922,"duration":2708},{"path":["sensors",29,"identifier"],"parentType":"Sensor","fieldName":"identifier","returnType":"String!","startOffset":31835360,"duration":4637},{"path":["sensors",29,"name"],"parentType":"Sensor","fieldName":"name","returnType":"String!","startOffset":31841942,"duration":2381},{"path":["sensors",29,"unitType"],"parentType":"Sensor","fieldName":"unitType","returnType":"UnitType","startOffset":31846165,"duration":4159},{"path":["sensors",29,"reading"],"parentType":"Sensor","fieldName":"reading","returnType":"SensorReading","startOffset":31852841,"duration":2854},{"path":["sensors",29,"reading","timestamp"],"parentType":"SensorReading","fieldName":"timestamp","returnType":"String!","startOffset":31861737,"duration":2805},{"path":["sensors",29,"reading","value"],"parentType":"SensorReading","fieldName":"value","returnType":"Float!","startOffset":31866437,"duration":2531},{"path":["sensors",29,"reading","unitType"],"parentType":"SensorReading","fieldName":"unitType","returnType":"UnitType!","startOffset":31873031,"duration":3119},{"path":["sensors",29,"hasAnomaly"],"parentType":"Sensor","fieldName":"hasAnomaly","returnType":"Boolean","startOffset":31878638,"duration":2503},{"path":["sensors",30,"_id"],"parentType":"Sensor","fieldName":"_id","returnType":"ID!","startOffset":31888668,"duration":2773},{"path":["sensors",30,"identifier"],"parentType":"Sensor","fieldName":"identifier","returnType":"String!","startOffset":31894002,"duration":4435},{"path":["sensors",30,"name"],"parentType":"Sensor","fieldName":"name","returnType":"String!","startOffset":31900380,"duration":2380},{"path":["sensors",30,"unitType"],"parentType":"Sensor","fieldName":"unitType","returnType":"UnitType","startOffset":31904672,"duration":4400},{"path":["sensors",30,"reading"],"parentType":"Sensor","fieldName":"reading","returnType":"SensorReading","startOffset":31911568,"duration":3350},{"path":["sensors",30,"hasAnomaly"],"parentType":"Sensor","fieldName"
4865 [main] DEBUG org.apache.http.wire  -  << ","fieldName":"identifier","returnType":"String!","startOffset":31196093,"duration":4322},{"path":["sensors",18,"name"],"parentType":"Sensor","fieldName":"name","returnType":"String!","startOffset":31202332,"duration":2375},{"path":["sensors",18,"unitType"],"parentType":"Sensor","fieldName":"unitType","returnType":"UnitType","startOffset":31206593,"duration":5109},{"path":["sensors",18,"reading"],"parentType":"Sensor","fieldName":"reading","returnType":"SensorReading","startOffset":31214229,"duration":2925},{"path":["sensors",18,"reading","timestamp"],"parentType":"SensorReading","fieldName":"timestamp","returnType":"String!","startOffset":31223307,"duration":2832},{"path":["sensors",18,"reading","value"],"parentType":"SensorReading","fieldName":"value","returnType":"Float!","startOffset":31228042,"duration":4405},{"path":["sensors",18,"reading","unitType"],"parentType":"SensorReading","fieldName":"unitType","returnType":"UnitType!","startOffset":31235009,"duration":2637},{"path":["sensors",18,"hasAnomaly"],"parentType":"Sensor","fieldName":"hasAnomaly","returnType":"Boolean","startOffset":31240083,"duration":4280},{"path":["sensors",19,"_id"],"parentType":"Sensor","fieldName":"_id","returnType":"ID!","startOffset":31249637,"duration":3143},{"path":["sensors",19,"identifier"],"parentType":"Sensor","fieldName":"identifier","returnType":"String!","startOffset":31256661,"duration":2447},{"path":["sensors",19,"name"],"parentType":"Sensor","fieldName":"name","returnType":"String!","startOffset":31260988,"duration":2568},{"path":["sensors",19,"unitType"],"parentType":"Sensor","fieldName":"unitType","returnType":"UnitType","startOffset":31267917,"duration":2537},{"path":["sensors",19,"reading"],"parentType":"Sensor","fieldName":"reading","returnType":"SensorReading","startOffset":31273019,"duration":2856},{"path":["sensors",19,"reading","timestamp"],"parentType":"SensorReading","fieldName":"timestamp","returnType":"String!","startOffset":31281816,"duration":2565},{"path":["sensors",19,"reading","value"],"parentType":"SensorReading","fieldName":"value","returnType":"Float!","startOffset":31286197,"duration":4992},{"path":["sensors",19,"reading","unitType"],"parentType":"SensorReading","fieldName":"unitType","returnType":"UnitType!","startOffset":31293240,"duration":2506},{"path":["sensors",19,"hasAnomaly"],"parentType":"Sensor","fieldName":"hasAnomaly","returnType":"Boolean","startOffset":31298650,"duration":4316},{"path":["sensors",20,"_id"],"parentType":"Sensor","fieldName":"_id","returnType":"ID!","startOffset":31308184,"duration":2575},{"path":["sensors",20,"identifier"],"parentType":"Sensor","fieldName":"identifier","returnType":"String!","startOffset":31315202,"duration":2505},{"path":["sensors",20,"name"],"parentType":"Sensor","fieldName":"name","returnType":"String!","startOffset":31319591,"duration":2438},{"path":["sensors",20,"unitType"],"parentType":"Sensor","fieldName":"unitType","returnType":"UnitType","startOffset":31326389,"duration":2488},{"path":["sensors",20,"reading"],"parentType":"Sensor","fieldName":"reading","returnType":"SensorReading","startOffset":31331355,"duration":4936},{"path":["sensors",20,"reading","timestamp"],"parentType":"SensorReading","fieldName":"timestamp","returnType":"String!","startOffset":31339809,"duration":2551},{"path":["sensors",20,"reading","value"],"parentType":"SensorReading","fieldName":"value","returnType":"Float!","startOffset":31344224,"duration":4451},{"path":["sensors",20,"reading","unitType"],"parentType":"SensorReading","fieldName":"unitType","returnType":"UnitType!","startOffset":31350636,"duration":2460},{"path":["sensors",20,"hasAnomaly"],"parentType":"Sensor","fieldName":"hasAnomaly","returnType":"Boolean","startOffset":31355457,"duration":4264},{"path":["sensors",21,"_id"],"parentType":"Sensor","fieldName":"_id","returnType":"ID!","startOffset":31364897,"duration":4534},{"path":["sensors",21,"identifier"],"parentType":"Sensor","fieldName":"identifier","returnType":"String!","startOffset":31371493,"duration":2470},{"path":["sensors",21,"name"],"parentType":"Sensor","fieldName":"name","returnType":"String!","startOffset":31375824,"duration":4216},{"path":["sensors",21,"unitType"],"parentType":"Sensor","fieldName":"unitType","returnType":"UnitType","startOffset":31382557,"duration":2334},{"path":["sensors",21,"reading"],"parentType":"Sensor","fieldName":"reading","returnType":"SensorReading","startOffset":31387598,"duration":5883},{"path":["sensors",21,"reading","timestamp"],"parentType":"SensorReading","fieldName":"timestamp","returnType":"String!","startOffset":31397175,"duration":2544},{"path":["sensors",21,"reading","value"],"parentType":"SensorReading","fieldName":"value","returnType":"Float!","startOffset":31404064,"duration":2653},{"path":["sensors",21,"reading","unitType"],"parentType":"SensorReading","fieldName":"unitType","returnType":"UnitType!","startOffset":31408764,"duration":3032},{"path":["sensors",21,"hasAnomaly"],"parentType":"Sensor","fieldName":"hasAnomaly","returnType":"Boolean","startOffset":31416185,"duration":2422},{"path":["sensors",22,"_id"],"parentType":"Sensor","fieldName":"_id","returnType":"ID!","startOffset":31423716,"duration":5177},{"path":["sensors",22,"identifier"],"parentType":"Sensor","fieldName":"identifier","returnType":"String!","startOffset":31430937,"duration":2604},{"path":["sensors",22,"name"],"parentType":"Sensor","fieldName":"name","returnType":"String!","startOffset":31435401,"duration":4217},{"path":["sensors",22,"unitType"],"parentType":"Sensor","fieldName":"unitType","returnType":"UnitType","startOffset":31442037,"duration":2399},{"path":["sensors",22,"reading"],"parentType":"Sensor","fieldName":"reading","returnType":"SensorReading","startOffset":31447430,"duration":4967},{"path":["sensors",22,"reading","timestamp"],"parentType":"SensorReading","fieldName":"timestamp","returnType":"String!","startOffset":31455863,"duration":3346},{"path":["sensors",22,"reading","value"],"parentType":"SensorReading","fieldName":"value","returnType":"Float!","startOffset":31463021,"duration":2567},{"path":["sensors",22,"reading","unitType"],"parentType":"SensorReading","fieldName":"unitType","returnType":"UnitType!","startOffset":31467659,"duration":2429},{"path":["sensors",22,"hasAnomaly"],"parentType":"Sensor","fieldName":"hasAnomaly","returnType":"Boolean","startOffset":31474412,"duration":2414},{"path":["sensors",23,"_id"],"parentType":"Sensor","fieldName":"_id","returnType":"ID!","startOffset":31481928,"duration":4531},{"path":["sensors",23,"identifier"],"parentType":"Sensor","fieldName":"identifier","returnType":"String!","startOffset":31488551,"duration":2370},{"path":["sensors",23,"name"],"parentType":"Sensor","fieldName":"name","returnType":"String!","startOffset":31492800,"duration":4288},{"path":["sensors",23,"unitType"],"parentType":"Sensor","fieldName":"unitType","returnType":"UnitType","startOffset":31498948,"duration":2348},{"path":["sensors",23,"reading"],"parentType":"Sensor","fieldName":"reading","returnType":"SensorReading","startOffset":31505620,"duration":2978},{"path":["sensors",23,"reading","timestamp"],"parentType":"SensorReading","fieldName":"timestamp","returnType":"String!","startOffset":31512561,"duration":2634},{"path":["sensors",23,"reading","value"],"parentType":"SensorReading","fieldName":"value","returnType":"Float!","startOffset":31519018,"duration":2852},{"path":["sensors",23,"reading","unitType"],"parentType":"SensorReading","fieldName":"unitType","returnType":"UnitType!","startOffset":31524370,"duration":4702},{"path":["sensors",23,"hasAnomaly"],"parentType":"Sensor","fieldName":"hasAnomaly","returnType":"Boolean","startOffset":31531500,"duration":2330},{"path":["sensors",24,"_id"],"parentType":"Sensor","fieldName":"_id","returnType":"ID!","startOffset":31541192,"duration":2732},{"path":["sensors",24,"identifier"],"parentType":"Sensor","fieldName":"identifier","returnType":"String!","startOffset":31545917,"duration":2417},{"path":["sensors",24,"name"],"parentType":"Sensor","fieldName":"name","returnType":"String!","startOffset":31552091,"duration":2481},{"path":["sensors",24,"unitType"],"parentType":"Sensor","fieldName":"unitType","returnType":"UnitType","startOffset":31556414,"duration":2348},{"path":["sensors",24,"reading"],"parentType":"Sensor","fieldName":"reading","returnType":"SensorReading","startOffset":31563708,"duration":3053},{"path":["sensors",24,"reading","timestamp"],"parentType":"SensorReading","fieldName":"timestamp","returnType":"String!","startOffset":31570751,"duration":4879},{"path":["sensors",24,"reading","value"],"parentType":"SensorReading","fieldName":"value","returnType":"Float!","startOffset":31577489,"duration":2600},{"path":["sensors",24,"reading","unitType"],"parentType":"SensorReading","fieldName":"unitType","returnType":"UnitType!","startOffset":31582042,"duration":5017},{"path":["sensors",24,"hasAnomaly"],"parentType":"Sensor","fieldName":"hasAnomaly","returnType":"Boolean","startOffset":31589644,"duration":2351},{"path":["sensors",25,"_id"],"parentType":"Sensor","fieldName":"_id","returnType":"ID!","startOffset":31598913,"duration":2690},{"path":["sensors",25,"identifier"],"parentType":"Sensor","fieldName":"identifier","returnType":"String!","startOffset":31603603,"duration":5073},{"path":["sensors",25,"name"],"parentType":"Sensor","fieldName":"name","returnType":"String!","startOffset":31610790,"duration":4349},{"path":["sensors",25,"unitType"],"parentType":"Sensor","fieldName":"unitType","returnType":"UnitType","startOffset":31617031,"duration":2299},{"path":["sensors",25,"reading"],"parentType":"Sensor","fieldName":"reading","returnType":"SensorReading","startOffset":31621806,"duration":4872},{"path":["sensors",25,"reading","timestamp"],"parentType":"SensorReading","fieldName":"timestamp","returnType":"String!","startOffset":31630056,"duration":2615},{"path":["sensors",25,"reading","value"],"parentType":"SensorReading","fieldName":"value","returnType":"Float!","startOffset":31636551,"duration":2554},{"path":["sensors",25,"reading","unitType"],"parentType":"SensorReading","fieldName":"unitType","returnType":"UnitType!","startOffset":31641126,"duration":2483},{"path":["sensors",25,"hasAnomaly"],"parentType":"Sensor","fieldName":"hasAnomaly","returnType":"Boolean","startOffset":31647961,"duration":3055},{"path":["sensors",26,"_id"],"parentType":"Sensor","fieldName":"_id","returnType":"ID!","startOffset":31656368,"duration":4795},{"path":["sensors",26,"identifier"],"parentType":"Sensor","fieldName":"identifier","returnType":"String!","startOffset":31663138,"duration":3018},{"path":["sensors",26,"name"],"parentType":"Sensor","fieldName":"name","returnType":"String!","startOffset":31668198,"duration":4339},{"path":["sensors",26,"unitType"],"parentType":"Sensor","fieldName":"unitType","returnType":"UnitType","startOffset":31674404,"duration":2322},{"path":["sensors",26,"reading"],"parentType":"Sensor","fieldName":"reading","returnType":"SensorReading","startOffset":31681755,"duration":3107},{"path":["sensors",26,"reading","timestamp"],"parentType":"SensorReading","fieldName":"timestamp","returnType":"String!","startOffset":31688818,"duration":4562},{"path":["sensors",26,"reading","value"],"parentType":"SensorReading","fieldName":"value","returnType":"Float!","startOffset":31695311,"duration":3103},{"path":["sensors",26,"reading","unitType"],"parentType":"SensorReading","fieldName":"unitType","returnType":"UnitType!","startOffset":31700354,"duration":4332},{"path":["sensors",26,"hasAnomaly"],"parentType":"Sensor","fieldName":"hasAnomaly","returnType":"Boolean","startOffset":31707591,"duration":2402},{"path":["sensors",27,"_id"],"parentType":"Sensor","fieldName":"_id","returnType":"ID!","startOffset":31716969,"duration":2661},{"path":["sensors",27,"identifier"],"parentType":"Sensor","fieldName":"identifier","returnType":"String!","startOffset":31721582,"duration":2402},{"path":["sensors",27,"name"],"parentType":"Sensor","fieldName":"name","returnType":"String!","startOffset":31727719,"duration":2431},{"path":["sensors",27,"unitType"],"parentType":"Sensor","fieldName":"unitType","returnType":"UnitType","startOffset":31732029,"duration":2288},{"path":["sensors",27,"reading"],"parentType":"Sensor","fieldName":"reading","returnType":"SensorReading","startOffset":31738849,"duration":3582},{"path":["sensors",27,"reading","timestamp"],"parentType":"SensorReading","fieldName":"timestamp","returnType":"String!","startOffset":31745910,"duration":4702},{"path":["sensors",27,"reading","value"],"parentType":"SensorReading","fieldName":"value","returnType":"Float!","startOffset":31752511,"duration":2558},{"path":["sensors",27,"reading","unitType"],"parentType":"SensorReading","fieldName":"unitType","returnType":"UnitType!","startOffset":31757056,"duration":4464},{"path":["sensors",27,"hasAnomaly"],"parentType":"Sensor","fieldName":"hasAnomaly","returnType":"Boolean","startOffset":31763926,"duration":2345},{"path":["sensors",28,"_id"],"parentType":"Sensor","fieldName":"_id","returnType":"ID!","startOffset":31773270,"duration":2671},{"path":["sensors",28,"identifier"],"parentType":"Sensor","fieldName":"identifier","returnType":"String!","startOffset":31777952,"duration":3526},{"path":["sensors",28,"name"],"parentType":"Sensor","fieldName":"name","returnType":"String!","startOffset":31785351,"duration":2447},{"path":["sensors",28,"unitType"],"parentType":"Sensor","fieldName":"unitType","returnType":"UnitType","startOffset":31789684,"duration":2303},{"path":["sensors",28,"reading"],"parentType":"Sensor","fieldName":"reading","returnType":"SensorReading","startOffset":31796374,"duration":2944},{"path":["sensors",28,"reading","timestamp"],"parentType":"SensorReading","fieldName":"timestamp","returnType":"String!","startOffset":31802776,"duration":4517},{"path":["sensors",28,"reading","value"],"parentType":"SensorReading","fieldName":"value","returnType":"Float!","startOffset":31809193,"duration":2504},{"path":["sensors",28,"reading","unitType"],"parentType":"SensorReading","fieldName":"unitType","returnType":"UnitType!","startOffset":31813688,"duration":4501},{"path":["sensors",28,"hasAnomaly"],"parentType":"Sensor","fieldName":"hasAnomaly","returnType":"Boolean","startOffset":31820600,"duration":2277},{"path":["sensors",29,"_id"],"parentType":"Sensor","fieldName":"_id","returnType":"ID!","startOffset":31829922,"duration":2708},{"path":["sensors",29,"identifier"],"parentType":"Sensor","fieldName":"identifier","returnType":"String!","startOffset":31835360,"duration":4637},{"path":["sensors",29,"name"],"parentType":"Sensor","fieldName":"name","returnType":"String!","startOffset":31841942,"duration":2381},{"path":["sensors",29,"unitType"],"parentType":"Sensor","fieldName":"unitType","returnType":"UnitType","startOffset":31846165,"duration":4159},{"path":["sensors",29,"reading"],"parentType":"Sensor","fieldName":"reading","returnType":"SensorReading","startOffset":31852841,"duration":2854},{"path":["sensors",29,"reading","timestamp"],"parentType":"SensorReading","fieldName":"timestamp","returnType":"String!","startOffset":31861737,"duration":2805},{"path":["sensors",29,"reading","value"],"parentType":"SensorReading","fieldName":"value","returnType":"Float!","startOffset":31866437,"duration":2531},{"path":["sensors",29,"reading","unitType"],"parentType":"SensorReading","fieldName":"unitType","returnType":"UnitType!","startOffset":31873031,"duration":3119},{"path":["sensors",29,"hasAnomaly"],"parentType":"Sensor","fieldName":"hasAnomaly","returnType":"Boolean","startOffset":31878638,"duration":2503},{"path":["sensors",30,"_id"],"parentType":"Sensor","fieldName":"_id","returnType":"ID!","startOffset":31888668,"duration":2773},{"path":["sensors",30,"identifier"],"parentType":"Sensor","fieldName":"identifier","returnType":"String!","startOffset":31894002,"duration":4435},{"path":["sensors",30,"name"],"parentType":"Sensor","fieldName":"name","returnType":"String!","startOffset":31900380,"duration":2380},{"path":["sensors",30,"unitType"],"parentType":"Sensor","fieldName":"unitType","returnType":"UnitType","startOffset":31904672,"duration":4400},{"path":["sensors",30,"reading"],"parentType":"Sensor","fieldName":"reading","returnType":"SensorReading","startOffset":31911568,"duration":3350},{"path":["sensors",30,"hasAnomaly"],"parentType":"Sensor","fieldName"
4865 [main] DEBUG org.apache.http.wire  -  << ","fieldName":"identifier","returnType":"String!","startOffset":31196093,"duration":4322},{"path":["sensors",18,"name"],"parentType":"Sensor","fieldName":"name","returnType":"String!","startOffset":31202332,"duration":2375},{"path":["sensors",18,"unitType"],"parentType":"Sensor","fieldName":"unitType","returnType":"UnitType","startOffset":31206593,"duration":5109},{"path":["sensors",18,"reading"],"parentType":"Sensor","fieldName":"reading","returnType":"SensorReading","startOffset":31214229,"duration":2925},{"path":["sensors",18,"reading","timestamp"],"parentType":"SensorReading","fieldName":"timestamp","returnType":"String!","startOffset":31223307,"duration":2832},{"path":["sensors",18,"reading","value"],"parentType":"SensorReading","fieldName":"value","returnType":"Float!","startOffset":31228042,"duration":4405},{"path":["sensors",18,"reading","unitType"],"parentType":"SensorReading","fieldName":"unitType","returnType":"UnitType!","startOffset":31235009,"duration":2637},{"path":["sensors",18,"hasAnomaly"],"parentType":"Sensor","fieldName":"hasAnomaly","returnType":"Boolean","startOffset":31240083,"duration":4280},{"path":["sensors",19,"_id"],"parentType":"Sensor","fieldName":"_id","returnType":"ID!","startOffset":31249637,"duration":3143},{"path":["sensors",19,"identifier"],"parentType":"Sensor","fieldName":"identifier","returnType":"String!","startOffset":31256661,"duration":2447},{"path":["sensors",19,"name"],"parentType":"Sensor","fieldName":"name","returnType":"String!","startOffset":31260988,"duration":2568},{"path":["sensors",19,"unitType"],"parentType":"Sensor","fieldName":"unitType","returnType":"UnitType","startOffset":31267917,"duration":2537},{"path":["sensors",19,"reading"],"parentType":"Sensor","fieldName":"reading","returnType":"SensorReading","startOffset":31273019,"duration":2856},{"path":["sensors",19,"reading","timestamp"],"parentType":"SensorReading","fieldName":"timestamp","returnType":"String!","startOffset":31281816,"duration":2565},{"path":["sensors",19,"reading","value"],"parentType":"SensorReading","fieldName":"value","returnType":"Float!","startOffset":31286197,"duration":4992},{"path":["sensors",19,"reading","unitType"],"parentType":"SensorReading","fieldName":"unitType","returnType":"UnitType!","startOffset":31293240,"duration":2506},{"path":["sensors",19,"hasAnomaly"],"parentType":"Sensor","fieldName":"hasAnomaly","returnType":"Boolean","startOffset":31298650,"duration":4316},{"path":["sensors",20,"_id"],"parentType":"Sensor","fieldName":"_id","returnType":"ID!","startOffset":31308184,"duration":2575},{"path":["sensors",20,"identifier"],"parentType":"Sensor","fieldName":"identifier","returnType":"String!","startOffset":31315202,"duration":2505},{"path":["sensors",20,"name"],"parentType":"Sensor","fieldName":"name","returnType":"String!","startOffset":31319591,"duration":2438},{"path":["sensors",20,"unitType"],"parentType":"Sensor","fieldName":"unitType","returnType":"UnitType","startOffset":31326389,"duration":2488},{"path":["sensors",20,"reading"],"parentType":"Sensor","fieldName":"reading","returnType":"SensorReading","startOffset":31331355,"duration":4936},{"path":["sensors",20,"reading","timestamp"],"parentType":"SensorReading","fieldName":"timestamp","returnType":"String!","startOffset":31339809,"duration":2551},{"path":["sensors",20,"reading","value"],"parentType":"SensorReading","fieldName":"value","returnType":"Float!","startOffset":31344224,"duration":4451},{"path":["sensors",20,"reading","unitType"],"parentType":"SensorReading","fieldName":"unitType","returnType":"UnitType!","startOffset":31350636,"duration":2460},{"path":["sensors",20,"hasAnomaly"],"parentType":"Sensor","fieldName":"hasAnomaly","returnType":"Boolean","startOffset":31355457,"duration":4264},{"path":["sensors",21,"_id"],"parentType":"Sensor","fieldName":"_id","returnType":"ID!","startOffset":31364897,"duration":4534},{"path":["sensors",21,"identifier"],"parentType":"Sensor","fieldName":"identifier","returnType":"String!","startOffset":31371493,"duration":2470},{"path":["sensors",21,"name"],"parentType":"Sensor","fieldName":"name","returnType":"String!","startOffset":31375824,"duration":4216},{"path":["sensors",21,"unitType"],"parentType":"Sensor","fieldName":"unitType","returnType":"UnitType","startOffset":31382557,"duration":2334},{"path":["sensors",21,"reading"],"parentType":"Sensor","fieldName":"reading","returnType":"SensorReading","startOffset":31387598,"duration":5883},{"path":["sensors",21,"reading","timestamp"],"parentType":"SensorReading","fieldName":"timestamp","returnType":"String!","startOffset":31397175,"duration":2544},{"path":["sensors",21,"reading","value"],"parentType":"SensorReading","fieldName":"value","returnType":"Float!","startOffset":31404064,"duration":2653},{"path":["sensors",21,"reading","unitType"],"parentType":"SensorReading","fieldName":"unitType","returnType":"UnitType!","startOffset":31408764,"duration":3032},{"path":["sensors",21,"hasAnomaly"],"parentType":"Sensor","fieldName":"hasAnomaly","returnType":"Boolean","startOffset":31416185,"duration":2422},{"path":["sensors",22,"_id"],"parentType":"Sensor","fieldName":"_id","returnType":"ID!","startOffset":31423716,"duration":5177},{"path":["sensors",22,"identifier"],"parentType":"Sensor","fieldName":"identifier","returnType":"String!","startOffset":31430937,"duration":2604},{"path":["sensors",22,"name"],"parentType":"Sensor","fieldName":"name","returnType":"String!","startOffset":31435401,"duration":4217},{"path":["sensors",22,"unitType"],"parentType":"Sensor","fieldName":"unitType","returnType":"UnitType","startOffset":31442037,"duration":2399},{"path":["sensors",22,"reading"],"parentType":"Sensor","fieldName":"reading","returnType":"SensorReading","startOffset":31447430,"duration":4967},{"path":["sensors",22,"reading","timestamp"],"parentType":"SensorReading","fieldName":"timestamp","returnType":"String!","startOffset":31455863,"duration":3346},{"path":["sensors",22,"reading","value"],"parentType":"SensorReading","fieldName":"value","returnType":"Float!","startOffset":31463021,"duration":2567},{"path":["sensors",22,"reading","unitType"],"parentType":"SensorReading","fieldName":"unitType","returnType":"UnitType!","startOffset":31467659,"duration":2429},{"path":["sensors",22,"hasAnomaly"],"parentType":"Sensor","fieldName":"hasAnomaly","returnType":"Boolean","startOffset":31474412,"duration":2414},{"path":["sensors",23,"_id"],"parentType":"Sensor","fieldName":"_id","returnType":"ID!","startOffset":31481928,"duration":4531},{"path":["sensors",23,"identifier"],"parentType":"Sensor","fieldName":"identifier","returnType":"String!","startOffset":31488551,"duration":2370},{"path":["sensors",23,"name"],"parentType":"Sensor","fieldName":"name","returnType":"String!","startOffset":31492800,"duration":4288},{"path":["sensors",23,"unitType"],"parentType":"Sensor","fieldName":"unitType","returnType":"UnitType","startOffset":31498948,"duration":2348},{"path":["sensors",23,"reading"],"parentType":"Sensor","fieldName":"reading","returnType":"SensorReading","startOffset":31505620,"duration":2978},{"path":["sensors",23,"reading","timestamp"],"parentType":"SensorReading","fieldName":"timestamp","returnType":"String!","startOffset":31512561,"duration":2634},{"path":["sensors",23,"reading","value"],"parentType":"SensorReading","fieldName":"value","returnType":"Float!","startOffset":31519018,"duration":2852},{"path":["sensors",23,"reading","unitType"],"parentType":"SensorReading","fieldName":"unitType","returnType":"UnitType!","startOffset":31524370,"duration":4702},{"path":["sensors",23,"hasAnomaly"],"parentType":"Sensor","fieldName":"hasAnomaly","returnType":"Boolean","startOffset":31531500,"duration":2330},{"path":["sensors",24,"_id"],"parentType":"Sensor","fieldName":"_id","returnType":"ID!","startOffset":31541192,"duration":2732},{"path":["sensors",24,"identifier"],"parentType":"Sensor","fieldName":"identifier","returnType":"String!","startOffset":31545917,"duration":2417},{"path":["sensors",24,"name"],"parentType":"Sensor","fieldName":"name","returnType":"String!","startOffset":31552091,"duration":2481},{"path":["sensors",24,"unitType"],"parentType":"Sensor","fieldName":"unitType","returnType":"UnitType","startOffset":31556414,"duration":2348},{"path":["sensors",24,"reading"],"parentType":"Sensor","fieldName":"reading","returnType":"SensorReading","startOffset":31563708,"duration":3053},{"path":["sensors",24,"reading","timestamp"],"parentType":"SensorReading","fieldName":"timestamp","returnType":"String!","startOffset":31570751,"duration":4879},{"path":["sensors",24,"reading","value"],"parentType":"SensorReading","fieldName":"value","returnType":"Float!","startOffset":31577489,"duration":2600},{"path":["sensors",24,"reading","unitType"],"parentType":"SensorReading","fieldName":"unitType","returnType":"UnitType!","startOffset":31582042,"duration":5017},{"path":["sensors",24,"hasAnomaly"],"parentType":"Sensor","fieldName":"hasAnomaly","returnType":"Boolean","startOffset":31589644,"duration":2351},{"path":["sensors",25,"_id"],"parentType":"Sensor","fieldName":"_id","returnType":"ID!","startOffset":31598913,"duration":2690},{"path":["sensors",25,"identifier"],"parentType":"Sensor","fieldName":"identifier","returnType":"String!","startOffset":31603603,"duration":5073},{"path":["sensors",25,"name"],"parentType":"Sensor","fieldName":"name","returnType":"String!","startOffset":31610790,"duration":4349},{"path":["sensors",25,"unitType"],"parentType":"Sensor","fieldName":"unitType","returnType":"UnitType","startOffset":31617031,"duration":2299},{"path":["sensors",25,"reading"],"parentType":"Sensor","fieldName":"reading","returnType":"SensorReading","startOffset":31621806,"duration":4872},{"path":["sensors",25,"reading","timestamp"],"parentType":"SensorReading","fieldName":"timestamp","returnType":"String!","startOffset":31630056,"duration":2615},{"path":["sensors",25,"reading","value"],"parentType":"SensorReading","fieldName":"value","returnType":"Float!","startOffset":31636551,"duration":2554},{"path":["sensors",25,"reading","unitType"],"parentType":"SensorReading","fieldName":"unitType","returnType":"UnitType!","startOffset":31641126,"duration":2483},{"path":["sensors",25,"hasAnomaly"],"parentType":"Sensor","fieldName":"hasAnomaly","returnType":"Boolean","startOffset":31647961,"duration":3055},{"path":["sensors",26,"_id"],"parentType":"Sensor","fieldName":"_id","returnType":"ID!","startOffset":31656368,"duration":4795},{"path":["sensors",26,"identifier"],"parentType":"Sensor","fieldName":"identifier","returnType":"String!","startOffset":31663138,"duration":3018},{"path":["sensors",26,"name"],"parentType":"Sensor","fieldName":"name","returnType":"String!","startOffset":31668198,"duration":4339},{"path":["sensors",26,"unitType"],"parentType":"Sensor","fieldName":"unitType","returnType":"UnitType","startOffset":31674404,"duration":2322},{"path":["sensors",26,"reading"],"parentType":"Sensor","fieldName":"reading","returnType":"SensorReading","startOffset":31681755,"duration":3107},{"path":["sensors",26,"reading","timestamp"],"parentType":"SensorReading","fieldName":"timestamp","returnType":"String!","startOffset":31688818,"duration":4562},{"path":["sensors",26,"reading","value"],"parentType":"SensorReading","fieldName":"value","returnType":"Float!","startOffset":31695311,"duration":3103},{"path":["sensors",26,"reading","unitType"],"parentType":"SensorReading","fieldName":"unitType","returnType":"UnitType!","startOffset":31700354,"duration":4332},{"path":["sensors",26,"hasAnomaly"],"parentType":"Sensor","fieldName":"hasAnomaly","returnType":"Boolean","startOffset":31707591,"duration":2402},{"path":["sensors",27,"_id"],"parentType":"Sensor","fieldName":"_id","returnType":"ID!","startOffset":31716969,"duration":2661},{"path":["sensors",27,"identifier"],"parentType":"Sensor","fieldName":"identifier","returnType":"String!","startOffset":31721582,"duration":2402},{"path":["sensors",27,"name"],"parentType":"Sensor","fieldName":"name","returnType":"String!","startOffset":31727719,"duration":2431},{"path":["sensors",27,"unitType"],"parentType":"Sensor","fieldName":"unitType","returnType":"UnitType","startOffset":31732029,"duration":2288},{"path":["sensors",27,"reading"],"parentType":"Sensor","fieldName":"reading","returnType":"SensorReading","startOffset":31738849,"duration":3582},{"path":["sensors",27,"reading","timestamp"],"parentType":"SensorReading","fieldName":"timestamp","returnType":"String!","startOffset":31745910,"duration":4702},{"path":["sensors",27,"reading","value"],"parentType":"SensorReading","fieldName":"value","returnType":"Float!","startOffset":31752511,"duration":2558},{"path":["sensors",27,"reading","unitType"],"parentType":"SensorReading","fieldName":"unitType","returnType":"UnitType!","startOffset":31757056,"duration":4464},{"path":["sensors",27,"hasAnomaly"],"parentType":"Sensor","fieldName":"hasAnomaly","returnType":"Boolean","startOffset":31763926,"duration":2345},{"path":["sensors",28,"_id"],"parentType":"Sensor","fieldName":"_id","returnType":"ID!","startOffset":31773270,"duration":2671},{"path":["sensors",28,"identifier"],"parentType":"Sensor","fieldName":"identifier","returnType":"String!","startOffset":31777952,"duration":3526},{"path":["sensors",28,"name"],"parentType":"Sensor","fieldName":"name","returnType":"String!","startOffset":31785351,"duration":2447},{"path":["sensors",28,"unitType"],"parentType":"Sensor","fieldName":"unitType","returnType":"UnitType","startOffset":31789684,"duration":2303},{"path":["sensors",28,"reading"],"parentType":"Sensor","fieldName":"reading","returnType":"SensorReading","startOffset":31796374,"duration":2944},{"path":["sensors",28,"reading","timestamp"],"parentType":"SensorReading","fieldName":"timestamp","returnType":"String!","startOffset":31802776,"duration":4517},{"path":["sensors",28,"reading","value"],"parentType":"SensorReading","fieldName":"value","returnType":"Float!","startOffset":31809193,"duration":2504},{"path":["sensors",28,"reading","unitType"],"parentType":"SensorReading","fieldName":"unitType","returnType":"UnitType!","startOffset":31813688,"duration":4501},{"path":["sensors",28,"hasAnomaly"],"parentType":"Sensor","fieldName":"hasAnomaly","returnType":"Boolean","startOffset":31820600,"duration":2277},{"path":["sensors",29,"_id"],"parentType":"Sensor","fieldName":"_id","returnType":"ID!","startOffset":31829922,"duration":2708},{"path":["sensors",29,"identifier"],"parentType":"Sensor","fieldName":"identifier","returnType":"String!","startOffset":31835360,"duration":4637},{"path":["sensors",29,"name"],"parentType":"Sensor","fieldName":"name","returnType":"String!","startOffset":31841942,"duration":2381},{"path":["sensors",29,"unitType"],"parentType":"Sensor","fieldName":"unitType","returnType":"UnitType","startOffset":31846165,"duration":4159},{"path":["sensors",29,"reading"],"parentType":"Sensor","fieldName":"reading","returnType":"SensorReading","startOffset":31852841,"duration":2854},{"path":["sensors",29,"reading","timestamp"],"parentType":"SensorReading","fieldName":"timestamp","returnType":"String!","startOffset":31861737,"duration":2805},{"path":["sensors",29,"reading","value"],"parentType":"SensorReading","fieldName":"value","returnType":"Float!","startOffset":31866437,"duration":2531},{"path":["sensors",29,"reading","unitType"],"parentType":"SensorReading","fieldName":"unitType","returnType":"UnitType!","startOffset":31873031,"duration":3119},{"path":["sensors",29,"hasAnomaly"],"parentType":"Sensor","fieldName":"hasAnomaly","returnType":"Boolean","startOffset":31878638,"duration":2503},{"path":["sensors",30,"_id"],"parentType":"Sensor","fieldName":"_id","returnType":"ID!","startOffset":31888668,"duration":2773},{"path":["sensors",30,"identifier"],"parentType":"Sensor","fieldName":"identifier","returnType":"String!","startOffset":31894002,"duration":4435},{"path":["sensors",30,"name"],"parentType":"Sensor","fieldName":"name","returnType":"String!","startOffset":31900380,"duration":2380},{"path":["sensors",30,"unitType"],"parentType":"Sensor","fieldName":"unitType","returnType":"UnitType","startOffset":31904672,"duration":4400},{"path":["sensors",30,"reading"],"parentType":"Sensor","fieldName":"reading","returnType":"SensorReading","startOffset":31911568,"duration":3350},{"path":["sensors",30,"hasAnomaly"],"parentType":"Sensor","fieldName"
4865 [main] DEBUG org.apache.http.wire  -  << ","fieldName":"identifier","returnType":"String!","startOffset":31196093,"duration":4322},{"path":["sensors",18,"name"],"parentType":"Sensor","fieldName":"name","returnType":"String!","startOffset":31202332,"duration":2375},{"path":["sensors",18,"unitType"],"parentType":"Sensor","fieldName":"unitType","returnType":"UnitType","startOffset":31206593,"duration":5109},{"path":["sensors",18,"reading"],"parentType":"Sensor","fieldName":"reading","returnType":"SensorReading","startOffset":31214229,"duration":2925},{"path":["sensors",18,"reading","timestamp"],"parentType":"SensorReading","fieldName":"timestamp","returnType":"String!","startOffset":31223307,"duration":2832},{"path":["sensors",18,"reading","value"],"parentType":"SensorReading","fieldName":"value","returnType":"Float!","startOffset":31228042,"duration":4405},{"path":["sensors",18,"reading","unitType"],"parentType":"SensorReading","fieldName":"unitType","returnType":"UnitType!","startOffset":31235009,"duration":2637},{"path":["sensors",18,"hasAnomaly"],"parentType":"Sensor","fieldName":"hasAnomaly","returnType":"Boolean","startOffset":31240083,"duration":4280},{"path":["sensors",19,"_id"],"parentType":"Sensor","fieldName":"_id","returnType":"ID!","startOffset":31249637,"duration":3143},{"path":["sensors",19,"identifier"],"parentType":"Sensor","fieldName":"identifier","returnType":"String!","startOffset":31256661,"duration":2447},{"path":["sensors",19,"name"],"parentType":"Sensor","fieldName":"name","returnType":"String!","startOffset":31260988,"duration":2568},{"path":["sensors",19,"unitType"],"parentType":"Sensor","fieldName":"unitType","returnType":"UnitType","startOffset":31267917,"duration":2537},{"path":["sensors",19,"reading"],"parentType":"Sensor","fieldName":"reading","returnType":"SensorReading","startOffset":31273019,"duration":2856},{"path":["sensors",19,"reading","timestamp"],"parentType":"SensorReading","fieldName":"timestamp","returnType":"String!","startOffset":31281816,"duration":2565},{"path":["sensors",19,"reading","value"],"parentType":"SensorReading","fieldName":"value","returnType":"Float!","startOffset":31286197,"duration":4992},{"path":["sensors",19,"reading","unitType"],"parentType":"SensorReading","fieldName":"unitType","returnType":"UnitType!","startOffset":31293240,"duration":2506},{"path":["sensors",19,"hasAnomaly"],"parentType":"Sensor","fieldName":"hasAnomaly","returnType":"Boolean","startOffset":31298650,"duration":4316},{"path":["sensors",20,"_id"],"parentType":"Sensor","fieldName":"_id","returnType":"ID!","startOffset":31308184,"duration":2575},{"path":["sensors",20,"identifier"],"parentType":"Sensor","fieldName":"identifier","returnType":"String!","startOffset":31315202,"duration":2505},{"path":["sensors",20,"name"],"parentType":"Sensor","fieldName":"name","returnType":"String!","startOffset":31319591,"duration":2438},{"path":["sensors",20,"unitType"],"parentType":"Sensor","fieldName":"unitType","returnType":"UnitType","startOffset":31326389,"duration":2488},{"path":["sensors",20,"reading"],"parentType":"Sensor","fieldName":"reading","returnType":"SensorReading","startOffset":31331355,"duration":4936},{"path":["sensors",20,"reading","timestamp"],"parentType":"SensorReading","fieldName":"timestamp","returnType":"String!","startOffset":31339809,"duration":2551},{"path":["sensors",20,"reading","value"],"parentType":"SensorReading","fieldName":"value","returnType":"Float!","startOffset":31344224,"duration":4451},{"path":["sensors",20,"reading","unitType"],"parentType":"SensorReading","fieldName":"unitType","returnType":"UnitType!","startOffset":31350636,"duration":2460},{"path":["sensors",20,"hasAnomaly"],"parentType":"Sensor","fieldName":"hasAnomaly","returnType":"Boolean","startOffset":31355457,"duration":4264},{"path":["sensors",21,"_id"],"parentType":"Sensor","fieldName":"_id","returnType":"ID!","startOffset":31364897,"duration":4534},{"path":["sensors",21,"identifier"],"parentType":"Sensor","fieldName":"identifier","returnType":"String!","startOffset":31371493,"duration":2470},{"path":["sensors",21,"name"],"parentType":"Sensor","fieldName":"name","returnType":"String!","startOffset":31375824,"duration":4216},{"path":["sensors",21,"unitType"],"parentType":"Sensor","fieldName":"unitType","returnType":"UnitType","startOffset":31382557,"duration":2334},{"path":["sensors",21,"reading"],"parentType":"Sensor","fieldName":"reading","returnType":"SensorReading","startOffset":31387598,"duration":5883},{"path":["sensors",21,"reading","timestamp"],"parentType":"SensorReading","fieldName":"timestamp","returnType":"String!","startOffset":31397175,"duration":2544},{"path":["sensors",21,"reading","value"],"parentType":"SensorReading","fieldName":"value","returnType":"Float!","startOffset":31404064,"duration":2653},{"path":["sensors",21,"reading","unitType"],"parentType":"SensorReading","fieldName":"unitType","returnType":"UnitType!","startOffset":31408764,"duration":3032},{"path":["sensors",21,"hasAnomaly"],"parentType":"Sensor","fieldName":"hasAnomaly","returnType":"Boolean","startOffset":31416185,"duration":2422},{"path":["sensors",22,"_id"],"parentType":"Sensor","fieldName":"_id","returnType":"ID!","startOffset":31423716,"duration":5177},{"path":["sensors",22,"identifier"],"parentType":"Sensor","fieldName":"identifier","returnType":"String!","startOffset":31430937,"duration":2604},{"path":["sensors",22,"name"],"parentType":"Sensor","fieldName":"name","returnType":"String!","startOffset":31435401,"duration":4217},{"path":["sensors",22,"unitType"],"parentType":"Sensor","fieldName":"unitType","returnType":"UnitType","startOffset":31442037,"duration":2399},{"path":["sensors",22,"reading"],"parentType":"Sensor","fieldName":"reading","returnType":"SensorReading","startOffset":31447430,"duration":4967},{"path":["sensors",22,"reading","timestamp"],"parentType":"SensorReading","fieldName":"timestamp","returnType":"String!","startOffset":31455863,"duration":3346},{"path":["sensors",22,"reading","value"],"parentType":"SensorReading","fieldName":"value","returnType":"Float!","startOffset":31463021,"duration":2567},{"path":["sensors",22,"reading","unitType"],"parentType":"SensorReading","fieldName":"unitType","returnType":"UnitType!","startOffset":31467659,"duration":2429},{"path":["sensors",22,"hasAnomaly"],"parentType":"Sensor","fieldName":"hasAnomaly","returnType":"Boolean","startOffset":31474412,"duration":2414},{"path":["sensors",23,"_id"],"parentType":"Sensor","fieldName":"_id","returnType":"ID!","startOffset":31481928,"duration":4531},{"path":["sensors",23,"identifier"],"parentType":"Sensor","fieldName":"identifier","returnType":"String!","startOffset":31488551,"duration":2370},{"path":["sensors",23,"name"],"parentType":"Sensor","fieldName":"name","returnType":"String!","startOffset":31492800,"duration":4288},{"path":["sensors",23,"unitType"],"parentType":"Sensor","fieldName":"unitType","returnType":"UnitType","startOffset":31498948,"duration":2348},{"path":["sensors",23,"reading"],"parentType":"Sensor","fieldName":"reading","returnType":"SensorReading","startOffset":31505620,"duration":2978},{"path":["sensors",23,"reading","timestamp"],"parentType":"SensorReading","fieldName":"timestamp","returnType":"String!","startOffset":31512561,"duration":2634},{"path":["sensors",23,"reading","value"],"parentType":"SensorReading","fieldName":"value","returnType":"Float!","startOffset":31519018,"duration":2852},{"path":["sensors",23,"reading","unitType"],"parentType":"SensorReading","fieldName":"unitType","returnType":"UnitType!","startOffset":31524370,"duration":4702},{"path":["sensors",23,"hasAnomaly"],"parentType":"Sensor","fieldName":"hasAnomaly","returnType":"Boolean","startOffset":31531500,"duration":2330},{"path":["sensors",24,"_id"],"parentType":"Sensor","fieldName":"_id","returnType":"ID!","startOffset":31541192,"duration":2732},{"path":["sensors",24,"identifier"],"parentType":"Sensor","fieldName":"identifier","returnType":"String!","startOffset":31545917,"duration":2417},{"path":["sensors",24,"name"],"parentType":"Sensor","fieldName":"name","returnType":"String!","startOffset":31552091,"duration":2481},{"path":["sensors",24,"unitType"],"parentType":"Sensor","fieldName":"unitType","returnType":"UnitType","startOffset":31556414,"duration":2348},{"path":["sensors",24,"reading"],"parentType":"Sensor","fieldName":"reading","returnType":"SensorReading","startOffset":31563708,"duration":3053},{"path":["sensors",24,"reading","timestamp"],"parentType":"SensorReading","fieldName":"timestamp","returnType":"String!","startOffset":31570751,"duration":4879},{"path":["sensors",24,"reading","value"],"parentType":"SensorReading","fieldName":"value","returnType":"Float!","startOffset":31577489,"duration":2600},{"path":["sensors",24,"reading","unitType"],"parentType":"SensorReading","fieldName":"unitType","returnType":"UnitType!","startOffset":31582042,"duration":5017},{"path":["sensors",24,"hasAnomaly"],"parentType":"Sensor","fieldName":"hasAnomaly","returnType":"Boolean","startOffset":31589644,"duration":2351},{"path":["sensors",25,"_id"],"parentType":"Sensor","fieldName":"_id","returnType":"ID!","startOffset":31598913,"duration":2690},{"path":["sensors",25,"identifier"],"parentType":"Sensor","fieldName":"identifier","returnType":"String!","startOffset":31603603,"duration":5073},{"path":["sensors",25,"name"],"parentType":"Sensor","fieldName":"name","returnType":"String!","startOffset":31610790,"duration":4349},{"path":["sensors",25,"unitType"],"parentType":"Sensor","fieldName":"unitType","returnType":"UnitType","startOffset":31617031,"duration":2299},{"path":["sensors",25,"reading"],"parentType":"Sensor","fieldName":"reading","returnType":"SensorReading","startOffset":31621806,"duration":4872},{"path":["sensors",25,"reading","timestamp"],"parentType":"SensorReading","fieldName":"timestamp","returnType":"String!","startOffset":31630056,"duration":2615},{"path":["sensors",25,"reading","value"],"parentType":"SensorReading","fieldName":"value","returnType":"Float!","startOffset":31636551,"duration":2554},{"path":["sensors",25,"reading","unitType"],"parentType":"SensorReading","fieldName":"unitType","returnType":"UnitType!","startOffset":31641126,"duration":2483},{"path":["sensors",25,"hasAnomaly"],"parentType":"Sensor","fieldName":"hasAnomaly","returnType":"Boolean","startOffset":31647961,"duration":3055},{"path":["sensors",26,"_id"],"parentType":"Sensor","fieldName":"_id","returnType":"ID!","startOffset":31656368,"duration":4795},{"path":["sensors",26,"identifier"],"parentType":"Sensor","fieldName":"identifier","returnType":"String!","startOffset":31663138,"duration":3018},{"path":["sensors",26,"name"],"parentType":"Sensor","fieldName":"name","returnType":"String!","startOffset":31668198,"duration":4339},{"path":["sensors",26,"unitType"],"parentType":"Sensor","fieldName":"unitType","returnType":"UnitType","startOffset":31674404,"duration":2322},{"path":["sensors",26,"reading"],"parentType":"Sensor","fieldName":"reading","returnType":"SensorReading","startOffset":31681755,"duration":3107},{"path":["sensors",26,"reading","timestamp"],"parentType":"SensorReading","fieldName":"timestamp","returnType":"String!","startOffset":31688818,"duration":4562},{"path":["sensors",26,"reading","value"],"parentType":"SensorReading","fieldName":"value","returnType":"Float!","startOffset":31695311,"duration":3103},{"path":["sensors",26,"reading","unitType"],"parentType":"SensorReading","fieldName":"unitType","returnType":"UnitType!","startOffset":31700354,"duration":4332},{"path":["sensors",26,"hasAnomaly"],"parentType":"Sensor","fieldName":"hasAnomaly","returnType":"Boolean","startOffset":31707591,"duration":2402},{"path":["sensors",27,"_id"],"parentType":"Sensor","fieldName":"_id","returnType":"ID!","startOffset":31716969,"duration":2661},{"path":["sensors",27,"identifier"],"parentType":"Sensor","fieldName":"identifier","returnType":"String!","startOffset":31721582,"duration":2402},{"path":["sensors",27,"name"],"parentType":"Sensor","fieldName":"name","returnType":"String!","startOffset":31727719,"duration":2431},{"path":["sensors",27,"unitType"],"parentType":"Sensor","fieldName":"unitType","returnType":"UnitType","startOffset":31732029,"duration":2288},{"path":["sensors",27,"reading"],"parentType":"Sensor","fieldName":"reading","returnType":"SensorReading","startOffset":31738849,"duration":3582},{"path":["sensors",27,"reading","timestamp"],"parentType":"SensorReading","fieldName":"timestamp","returnType":"String!","startOffset":31745910,"duration":4702},{"path":["sensors",27,"reading","value"],"parentType":"SensorReading","fieldName":"value","returnType":"Float!","startOffset":31752511,"duration":2558},{"path":["sensors",27,"reading","unitType"],"parentType":"SensorReading","fieldName":"unitType","returnType":"UnitType!","startOffset":31757056,"duration":4464},{"path":["sensors",27,"hasAnomaly"],"parentType":"Sensor","fieldName":"hasAnomaly","returnType":"Boolean","startOffset":31763926,"duration":2345},{"path":["sensors",28,"_id"],"parentType":"Sensor","fieldName":"_id","returnType":"ID!","startOffset":31773270,"duration":2671},{"path":["sensors",28,"identifier"],"parentType":"Sensor","fieldName":"identifier","returnType":"String!","startOffset":31777952,"duration":3526},{"path":["sensors",28,"name"],"parentType":"Sensor","fieldName":"name","returnType":"String!","startOffset":31785351,"duration":2447},{"path":["sensors",28,"unitType"],"parentType":"Sensor","fieldName":"unitType","returnType":"UnitType","startOffset":31789684,"duration":2303},{"path":["sensors",28,"reading"],"parentType":"Sensor","fieldName":"reading","returnType":"SensorReading","startOffset":31796374,"duration":2944},{"path":["sensors",28,"reading","timestamp"],"parentType":"SensorReading","fieldName":"timestamp","returnType":"String!","startOffset":31802776,"duration":4517},{"path":["sensors",28,"reading","value"],"parentType":"SensorReading","fieldName":"value","returnType":"Float!","startOffset":31809193,"duration":2504},{"path":["sensors",28,"reading","unitType"],"parentType":"SensorReading","fieldName":"unitType","returnType":"UnitType!","startOffset":31813688,"duration":4501},{"path":["sensors",28,"hasAnomaly"],"parentType":"Sensor","fieldName":"hasAnomaly","returnType":"Boolean","startOffset":31820600,"duration":2277},{"path":["sensors",29,"_id"],"parentType":"Sensor","fieldName":"_id","returnType":"ID!","startOffset":31829922,"duration":2708},{"path":["sensors",29,"identifier"],"parentType":"Sensor","fieldName":"identifier","returnType":"String!","startOffset":31835360,"duration":4637},{"path":["sensors",29,"name"],"parentType":"Sensor","fieldName":"name","returnType":"String!","startOffset":31841942,"duration":2381},{"path":["sensors",29,"unitType"],"parentType":"Sensor","fieldName":"unitType","returnType":"UnitType","startOffset":31846165,"duration":4159},{"path":["sensors",29,"reading"],"parentType":"Sensor","fieldName":"reading","returnType":"SensorReading","startOffset":31852841,"duration":2854},{"path":["sensors",29,"reading","timestamp"],"parentType":"SensorReading","fieldName":"timestamp","returnType":"String!","startOffset":31861737,"duration":2805},{"path":["sensors",29,"reading","value"],"parentType":"SensorReading","fieldName":"value","returnType":"Float!","startOffset":31866437,"duration":2531},{"path":["sensors",29,"reading","unitType"],"parentType":"SensorReading","fieldName":"unitType","returnType":"UnitType!","startOffset":31873031,"duration":3119},{"path":["sensors",29,"hasAnomaly"],"parentType":"Sensor","fieldName":"hasAnomaly","returnType":"Boolean","startOffset":31878638,"duration":2503},{"path":["sensors",30,"_id"],"parentType":"Sensor","fieldName":"_id","returnType":"ID!","startOffset":31888668,"duration":2773},{"path":["sensors",30,"identifier"],"parentType":"Sensor","fieldName":"identifier","returnType":"String!","startOffset":31894002,"duration":4435},{"path":["sensors",30,"name"],"parentType":"Sensor","fieldName":"name","returnType":"String!","startOffset":31900380,"duration":2380},{"path":["sensors",30,"unitType"],"parentType":"Sensor","fieldName":"unitType","returnType":"UnitType","startOffset":31904672,"duration":4400},{"path":["sensors",30,"reading"],"parentType":"Sensor","fieldName":"reading","returnType":"SensorReading","startOffset":31911568,"duration":3350},{"path":["sensors",30,"hasAnomaly"],"parentType":"Sensor","fieldName"
4865 [main] DEBUG org.apache.http.wire  -  << ","fieldName":"identifier","returnType":"String!","startOffset":31196093,"duration":4322},{"path":["sensors",18,"name"],"parentType":"Sensor","fieldName":"name","returnType":"String!","startOffset":31202332,"duration":2375},{"path":["sensors",18,"unitType"],"parentType":"Sensor","fieldName":"unitType","returnType":"UnitType","startOffset":31206593,"duration":5109},{"path":["sensors",18,"reading"],"parentType":"Sensor","fieldName":"reading","returnType":"SensorReading","startOffset":31214229,"duration":2925},{"path":["sensors",18,"reading","timestamp"],"parentType":"SensorReading","fieldName":"timestamp","returnType":"String!","startOffset":31223307,"duration":2832},{"path":["sensors",18,"reading","value"],"parentType":"SensorReading","fieldName":"value","returnType":"Float!","startOffset":31228042,"duration":4405},{"path":["sensors",18,"reading","unitType"],"parentType":"SensorReading","fieldName":"unitType","returnType":"UnitType!","startOffset":31235009,"duration":2637},{"path":["sensors",18,"hasAnomaly"],"parentType":"Sensor","fieldName":"hasAnomaly","returnType":"Boolean","startOffset":31240083,"duration":4280},{"path":["sensors",19,"_id"],"parentType":"Sensor","fieldName":"_id","returnType":"ID!","startOffset":31249637,"duration":3143},{"path":["sensors",19,"identifier"],"parentType":"Sensor","fieldName":"identifier","returnType":"String!","startOffset":31256661,"duration":2447},{"path":["sensors",19,"name"],"parentType":"Sensor","fieldName":"name","returnType":"String!","startOffset":31260988,"duration":2568},{"path":["sensors",19,"unitType"],"parentType":"Sensor","fieldName":"unitType","returnType":"UnitType","startOffset":31267917,"duration":2537},{"path":["sensors",19,"reading"],"parentType":"Sensor","fieldName":"reading","returnType":"SensorReading","startOffset":31273019,"duration":2856},{"path":["sensors",19,"reading","timestamp"],"parentType":"SensorReading","fieldName":"timestamp","returnType":"String!","startOffset":31281816,"duration":2565},{"path":["sensors",19,"reading","value"],"parentType":"SensorReading","fieldName":"value","returnType":"Float!","startOffset":31286197,"duration":4992},{"path":["sensors",19,"reading","unitType"],"parentType":"SensorReading","fieldName":"unitType","returnType":"UnitType!","startOffset":31293240,"duration":2506},{"path":["sensors",19,"hasAnomaly"],"parentType":"Sensor","fieldName":"hasAnomaly","returnType":"Boolean","startOffset":31298650,"duration":4316},{"path":["sensors",20,"_id"],"parentType":"Sensor","fieldName":"_id","returnType":"ID!","startOffset":31308184,"duration":2575},{"path":["sensors",20,"identifier"],"parentType":"Sensor","fieldName":"identifier","returnType":"String!","startOffset":31315202,"duration":2505},{"path":["sensors",20,"name"],"parentType":"Sensor","fieldName":"name","returnType":"String!","startOffset":31319591,"duration":2438},{"path":["sensors",20,"unitType"],"parentType":"Sensor","fieldName":"unitType","returnType":"UnitType","startOffset":31326389,"duration":2488},{"path":["sensors",20,"reading"],"parentType":"Sensor","fieldName":"reading","returnType":"SensorReading","startOffset":31331355,"duration":4936},{"path":["sensors",20,"reading","timestamp"],"parentType":"SensorReading","fieldName":"timestamp","returnType":"String!","startOffset":31339809,"duration":2551},{"path":["sensors",20,"reading","value"],"parentType":"SensorReading","fieldName":"value","returnType":"Float!","startOffset":31344224,"duration":4451},{"path":["sensors",20,"reading","unitType"],"parentType":"SensorReading","fieldName":"unitType","returnType":"UnitType!","startOffset":31350636,"duration":2460},{"path":["sensors",20,"hasAnomaly"],"parentType":"Sensor","fieldName":"hasAnomaly","returnType":"Boolean","startOffset":31355457,"duration":4264},{"path":["sensors",21,"_id"],"parentType":"Sensor","fieldName":"_id","returnType":"ID!","startOffset":31364897,"duration":4534},{"path":["sensors",21,"identifier"],"parentType":"Sensor","fieldName":"identifier","returnType":"String!","startOffset":31371493,"duration":2470},{"path":["sensors",21,"name"],"parentType":"Sensor","fieldName":"name","returnType":"String!","startOffset":31375824,"duration":4216},{"path":["sensors",21,"unitType"],"parentType":"Sensor","fieldName":"unitType","returnType":"UnitType","startOffset":31382557,"duration":2334},{"path":["sensors",21,"reading"],"parentType":"Sensor","fieldName":"reading","returnType":"SensorReading","startOffset":31387598,"duration":5883},{"path":["sensors",21,"reading","timestamp"],"parentType":"SensorReading","fieldName":"timestamp","returnType":"String!","startOffset":31397175,"duration":2544},{"path":["sensors",21,"reading","value"],"parentType":"SensorReading","fieldName":"value","returnType":"Float!","startOffset":31404064,"duration":2653},{"path":["sensors",21,"reading","unitType"],"parentType":"SensorReading","fieldName":"unitType","returnType":"UnitType!","startOffset":31408764,"duration":3032},{"path":["sensors",21,"hasAnomaly"],"parentType":"Sensor","fieldName":"hasAnomaly","returnType":"Boolean","startOffset":31416185,"duration":2422},{"path":["sensors",22,"_id"],"parentType":"Sensor","fieldName":"_id","returnType":"ID!","startOffset":31423716,"duration":5177},{"path":["sensors",22,"identifier"],"parentType":"Sensor","fieldName":"identifier","returnType":"String!","startOffset":31430937,"duration":2604},{"path":["sensors",22,"name"],"parentType":"Sensor","fieldName":"name","returnType":"String!","startOffset":31435401,"duration":4217},{"path":["sensors",22,"unitType"],"parentType":"Sensor","fieldName":"unitType","returnType":"UnitType","startOffset":31442037,"duration":2399},{"path":["sensors",22,"reading"],"parentType":"Sensor","fieldName":"reading","returnType":"SensorReading","startOffset":31447430,"duration":4967},{"path":["sensors",22,"reading","timestamp"],"parentType":"SensorReading","fieldName":"timestamp","returnType":"String!","startOffset":31455863,"duration":3346},{"path":["sensors",22,"reading","value"],"parentType":"SensorReading","fieldName":"value","returnType":"Float!","startOffset":31463021,"duration":2567},{"path":["sensors",22,"reading","unitType"],"parentType":"SensorReading","fieldName":"unitType","returnType":"UnitType!","startOffset":31467659,"duration":2429},{"path":["sensors",22,"hasAnomaly"],"parentType":"Sensor","fieldName":"hasAnomaly","returnType":"Boolean","startOffset":31474412,"duration":2414},{"path":["sensors",23,"_id"],"parentType":"Sensor","fieldName":"_id","returnType":"ID!","startOffset":31481928,"duration":4531},{"path":["sensors",23,"identifier"],"parentType":"Sensor","fieldName":"identifier","returnType":"String!","startOffset":31488551,"duration":2370},{"path":["sensors",23,"name"],"parentType":"Sensor","fieldName":"name","returnType":"String!","startOffset":31492800,"duration":4288},{"path":["sensors",23,"unitType"],"parentType":"Sensor","fieldName":"unitType","returnType":"UnitType","startOffset":31498948,"duration":2348},{"path":["sensors",23,"reading"],"parentType":"Sensor","fieldName":"reading","returnType":"SensorReading","startOffset":31505620,"duration":2978},{"path":["sensors",23,"reading","timestamp"],"parentType":"SensorReading","fieldName":"timestamp","returnType":"String!","startOffset":31512561,"duration":2634},{"path":["sensors",23,"reading","value"],"parentType":"SensorReading","fieldName":"value","returnType":"Float!","startOffset":31519018,"duration":2852},{"path":["sensors",23,"reading","unitType"],"parentType":"SensorReading","fieldName":"unitType","returnType":"UnitType!","startOffset":31524370,"duration":4702},{"path":["sensors",23,"hasAnomaly"],"parentType":"Sensor","fieldName":"hasAnomaly","returnType":"Boolean","startOffset":31531500,"duration":2330},{"path":["sensors",24,"_id"],"parentType":"Sensor","fieldName":"_id","returnType":"ID!","startOffset":31541192,"duration":2732},{"path":["sensors",24,"identifier"],"parentType":"Sensor","fieldName":"identifier","returnType":"String!","startOffset":31545917,"duration":2417},{"path":["sensors",24,"name"],"parentType":"Sensor","fieldName":"name","returnType":"String!","startOffset":31552091,"duration":2481},{"path":["sensors",24,"unitType"],"parentType":"Sensor","fieldName":"unitType","returnType":"UnitType","startOffset":31556414,"duration":2348},{"path":["sensors",24,"reading"],"parentType":"Sensor","fieldName":"reading","returnType":"SensorReading","startOffset":31563708,"duration":3053},{"path":["sensors",24,"reading","timestamp"],"parentType":"SensorReading","fieldName":"timestamp","returnType":"String!","startOffset":31570751,"duration":4879},{"path":["sensors",24,"reading","value"],"parentType":"SensorReading","fieldName":"value","returnType":"Float!","startOffset":31577489,"duration":2600},{"path":["sensors",24,"reading","unitType"],"parentType":"SensorReading","fieldName":"unitType","returnType":"UnitType!","startOffset":31582042,"duration":5017},{"path":["sensors",24,"hasAnomaly"],"parentType":"Sensor","fieldName":"hasAnomaly","returnType":"Boolean","startOffset":31589644,"duration":2351},{"path":["sensors",25,"_id"],"parentType":"Sensor","fieldName":"_id","returnType":"ID!","startOffset":31598913,"duration":2690},{"path":["sensors",25,"identifier"],"parentType":"Sensor","fieldName":"identifier","returnType":"String!","startOffset":31603603,"duration":5073},{"path":["sensors",25,"name"],"parentType":"Sensor","fieldName":"name","returnType":"String!","startOffset":31610790,"duration":4349},{"path":["sensors",25,"unitType"],"parentType":"Sensor","fieldName":"unitType","returnType":"UnitType","startOffset":31617031,"duration":2299},{"path":["sensors",25,"reading"],"parentType":"Sensor","fieldName":"reading","returnType":"SensorReading","startOffset":31621806,"duration":4872},{"path":["sensors",25,"reading","timestamp"],"parentType":"SensorReading","fieldName":"timestamp","returnType":"String!","startOffset":31630056,"duration":2615},{"path":["sensors",25,"reading","value"],"parentType":"SensorReading","fieldName":"value","returnType":"Float!","startOffset":31636551,"duration":2554},{"path":["sensors",25,"reading","unitType"],"parentType":"SensorReading","fieldName":"unitType","returnType":"UnitType!","startOffset":31641126,"duration":2483},{"path":["sensors",25,"hasAnomaly"],"parentType":"Sensor","fieldName":"hasAnomaly","returnType":"Boolean","startOffset":31647961,"duration":3055},{"path":["sensors",26,"_id"],"parentType":"Sensor","fieldName":"_id","returnType":"ID!","startOffset":31656368,"duration":4795},{"path":["sensors",26,"identifier"],"parentType":"Sensor","fieldName":"identifier","returnType":"String!","startOffset":31663138,"duration":3018},{"path":["sensors",26,"name"],"parentType":"Sensor","fieldName":"name","returnType":"String!","startOffset":31668198,"duration":4339},{"path":["sensors",26,"unitType"],"parentType":"Sensor","fieldName":"unitType","returnType":"UnitType","startOffset":31674404,"duration":2322},{"path":["sensors",26,"reading"],"parentType":"Sensor","fieldName":"reading","returnType":"SensorReading","startOffset":31681755,"duration":3107},{"path":["sensors",26,"reading","timestamp"],"parentType":"SensorReading","fieldName":"timestamp","returnType":"String!","startOffset":31688818,"duration":4562},{"path":["sensors",26,"reading","value"],"parentType":"SensorReading","fieldName":"value","returnType":"Float!","startOffset":31695311,"duration":3103},{"path":["sensors",26,"reading","unitType"],"parentType":"SensorReading","fieldName":"unitType","returnType":"UnitType!","startOffset":31700354,"duration":4332},{"path":["sensors",26,"hasAnomaly"],"parentType":"Sensor","fieldName":"hasAnomaly","returnType":"Boolean","startOffset":31707591,"duration":2402},{"path":["sensors",27,"_id"],"parentType":"Sensor","fieldName":"_id","returnType":"ID!","startOffset":31716969,"duration":2661},{"path":["sensors",27,"identifier"],"parentType":"Sensor","fieldName":"identifier","returnType":"String!","startOffset":31721582,"duration":2402},{"path":["sensors",27,"name"],"parentType":"Sensor","fieldName":"name","returnType":"String!","startOffset":31727719,"duration":2431},{"path":["sensors",27,"unitType"],"parentType":"Sensor","fieldName":"unitType","returnType":"UnitType","startOffset":31732029,"duration":2288},{"path":["sensors",27,"reading"],"parentType":"Sensor","fieldName":"reading","returnType":"SensorReading","startOffset":31738849,"duration":3582},{"path":["sensors",27,"reading","timestamp"],"parentType":"SensorReading","fieldName":"timestamp","returnType":"String!","startOffset":31745910,"duration":4702},{"path":["sensors",27,"reading","value"],"parentType":"SensorReading","fieldName":"value","returnType":"Float!","startOffset":31752511,"duration":2558},{"path":["sensors",27,"reading","unitType"],"parentType":"SensorReading","fieldName":"unitType","returnType":"UnitType!","startOffset":31757056,"duration":4464},{"path":["sensors",27,"hasAnomaly"],"parentType":"Sensor","fieldName":"hasAnomaly","returnType":"Boolean","startOffset":31763926,"duration":2345},{"path":["sensors",28,"_id"],"parentType":"Sensor","fieldName":"_id","returnType":"ID!","startOffset":31773270,"duration":2671},{"path":["sensors",28,"identifier"],"parentType":"Sensor","fieldName":"identifier","returnType":"String!","startOffset":31777952,"duration":3526},{"path":["sensors",28,"name"],"parentType":"Sensor","fieldName":"name","returnType":"String!","startOffset":31785351,"duration":2447},{"path":["sensors",28,"unitType"],"parentType":"Sensor","fieldName":"unitType","returnType":"UnitType","startOffset":31789684,"duration":2303},{"path":["sensors",28,"reading"],"parentType":"Sensor","fieldName":"reading","returnType":"SensorReading","startOffset":31796374,"duration":2944},{"path":["sensors",28,"reading","timestamp"],"parentType":"SensorReading","fieldName":"timestamp","returnType":"String!","startOffset":31802776,"duration":4517},{"path":["sensors",28,"reading","value"],"parentType":"SensorReading","fieldName":"value","returnType":"Float!","startOffset":31809193,"duration":2504},{"path":["sensors",28,"reading","unitType"],"parentType":"SensorReading","fieldName":"unitType","returnType":"UnitType!","startOffset":31813688,"duration":4501},{"path":["sensors",28,"hasAnomaly"],"parentType":"Sensor","fieldName":"hasAnomaly","returnType":"Boolean","startOffset":31820600,"duration":2277},{"path":["sensors",29,"_id"],"parentType":"Sensor","fieldName":"_id","returnType":"ID!","startOffset":31829922,"duration":2708},{"path":["sensors",29,"identifier"],"parentType":"Sensor","fieldName":"identifier","returnType":"String!","startOffset":31835360,"duration":4637},{"path":["sensors",29,"name"],"parentType":"Sensor","fieldName":"name","returnType":"String!","startOffset":31841942,"duration":2381},{"path":["sensors",29,"unitType"],"parentType":"Sensor","fieldName":"unitType","returnType":"UnitType","startOffset":31846165,"duration":4159},{"path":["sensors",29,"reading"],"parentType":"Sensor","fieldName":"reading","returnType":"SensorReading","startOffset":31852841,"duration":2854},{"path":["sensors",29,"reading","timestamp"],"parentType":"SensorReading","fieldName":"timestamp","returnType":"String!","startOffset":31861737,"duration":2805},{"path":["sensors",29,"reading","value"],"parentType":"SensorReading","fieldName":"value","returnType":"Float!","startOffset":31866437,"duration":2531},{"path":["sensors",29,"reading","unitType"],"parentType":"SensorReading","fieldName":"unitType","returnType":"UnitType!","startOffset":31873031,"duration":3119},{"path":["sensors",29,"hasAnomaly"],"parentType":"Sensor","fieldName":"hasAnomaly","returnType":"Boolean","startOffset":31878638,"duration":2503},{"path":["sensors",30,"_id"],"parentType":"Sensor","fieldName":"_id","returnType":"ID!","startOffset":31888668,"duration":2773},{"path":["sensors",30,"identifier"],"parentType":"Sensor","fieldName":"identifier","returnType":"String!","startOffset":31894002,"duration":4435},{"path":["sensors",30,"name"],"parentType":"Sensor","fieldName":"name","returnType":"String!","startOffset":31900380,"duration":2380},{"path":["sensors",30,"unitType"],"parentType":"Sensor","fieldName":"unitType","returnType":"UnitType","startOffset":31904672,"duration":4400},{"path":["sensors",30,"reading"],"parentType":"Sensor","fieldName":"reading","returnType":"SensorReading","startOffset":31911568,"duration":3350},{"path":["sensors",30,"hasAnomaly"],"parentType":"Sensor","fieldName"
4865 [main] DEBUG org.apache.http.wire  -  << ","fieldName":"identifier","returnType":"String!","startOffset":31196093,"duration":4322},{"path":["sensors",18,"name"],"parentType":"Sensor","fieldName":"name","returnType":"String!","startOffset":31202332,"duration":2375},{"path":["sensors",18,"unitType"],"parentType":"Sensor","fieldName":"unitType","returnType":"UnitType","startOffset":31206593,"duration":5109},{"path":["sensors",18,"reading"],"parentType":"Sensor","fieldName":"reading","returnType":"SensorReading","startOffset":31214229,"duration":2925},{"path":["sensors",18,"reading","timestamp"],"parentType":"SensorReading","fieldName":"timestamp","returnType":"String!","startOffset":31223307,"duration":2832},{"path":["sensors",18,"reading","value"],"parentType":"SensorReading","fieldName":"value","returnType":"Float!","startOffset":31228042,"duration":4405},{"path":["sensors",18,"reading","unitType"],"parentType":"SensorReading","fieldName":"unitType","returnType":"UnitType!","startOffset":31235009,"duration":2637},{"path":["sensors",18,"hasAnomaly"],"parentType":"Sensor","fieldName":"hasAnomaly","returnType":"Boolean","startOffset":31240083,"duration":4280},{"path":["sensors",19,"_id"],"parentType":"Sensor","fieldName":"_id","returnType":"ID!","startOffset":31249637,"duration":3143},{"path":["sensors",19,"identifier"],"parentType":"Sensor","fieldName":"identifier","returnType":"String!","startOffset":31256661,"duration":2447},{"path":["sensors",19,"name"],"parentType":"Sensor","fieldName":"name","returnType":"String!","startOffset":31260988,"duration":2568},{"path":["sensors",19,"unitType"],"parentType":"Sensor","fieldName":"unitType","returnType":"UnitType","startOffset":31267917,"duration":2537},{"path":["sensors",19,"reading"],"parentType":"Sensor","fieldName":"reading","returnType":"SensorReading","startOffset":31273019,"duration":2856},{"path":["sensors",19,"reading","timestamp"],"parentType":"SensorReading","fieldName":"timestamp","returnType":"String!","startOffset":31281816,"duration":2565},{"path":["sensors",19,"reading","value"],"parentType":"SensorReading","fieldName":"value","returnType":"Float!","startOffset":31286197,"duration":4992},{"path":["sensors",19,"reading","unitType"],"parentType":"SensorReading","fieldName":"unitType","returnType":"UnitType!","startOffset":31293240,"duration":2506},{"path":["sensors",19,"hasAnomaly"],"parentType":"Sensor","fieldName":"hasAnomaly","returnType":"Boolean","startOffset":31298650,"duration":4316},{"path":["sensors",20,"_id"],"parentType":"Sensor","fieldName":"_id","returnType":"ID!","startOffset":31308184,"duration":2575},{"path":["sensors",20,"identifier"],"parentType":"Sensor","fieldName":"identifier","returnType":"String!","startOffset":31315202,"duration":2505},{"path":["sensors",20,"name"],"parentType":"Sensor","fieldName":"name","returnType":"String!","startOffset":31319591,"duration":2438},{"path":["sensors",20,"unitType"],"parentType":"Sensor","fieldName":"unitType","returnType":"UnitType","startOffset":31326389,"duration":2488},{"path":["sensors",20,"reading"],"parentType":"Sensor","fieldName":"reading","returnType":"SensorReading","startOffset":31331355,"duration":4936},{"path":["sensors",20,"reading","timestamp"],"parentType":"SensorReading","fieldName":"timestamp","returnType":"String!","startOffset":31339809,"duration":2551},{"path":["sensors",20,"reading","value"],"parentType":"SensorReading","fieldName":"value","returnType":"Float!","startOffset":31344224,"duration":4451},{"path":["sensors",20,"reading","unitType"],"parentType":"SensorReading","fieldName":"unitType","returnType":"UnitType!","startOffset":31350636,"duration":2460},{"path":["sensors",20,"hasAnomaly"],"parentType":"Sensor","fieldName":"hasAnomaly","returnType":"Boolean","startOffset":31355457,"duration":4264},{"path":["sensors",21,"_id"],"parentType":"Sensor","fieldName":"_id","returnType":"ID!","startOffset":31364897,"duration":4534},{"path":["sensors",21,"identifier"],"parentType":"Sensor","fieldName":"identifier","returnType":"String!","startOffset":31371493,"duration":2470},{"path":["sensors",21,"name"],"parentType":"Sensor","fieldName":"name","returnType":"String!","startOffset":31375824,"duration":4216},{"path":["sensors",21,"unitType"],"parentType":"Sensor","fieldName":"unitType","returnType":"UnitType","startOffset":31382557,"duration":2334},{"path":["sensors",21,"reading"],"parentType":"Sensor","fieldName":"reading","returnType":"SensorReading","startOffset":31387598,"duration":5883},{"path":["sensors",21,"reading","timestamp"],"parentType":"SensorReading","fieldName":"timestamp","returnType":"String!","startOffset":31397175,"duration":2544},{"path":["sensors",21,"reading","value"],"parentType":"SensorReading","fieldName":"value","returnType":"Float!","startOffset":31404064,"duration":2653},{"path":["sensors",21,"reading","unitType"],"parentType":"SensorReading","fieldName":"unitType","returnType":"UnitType!","startOffset":31408764,"duration":3032},{"path":["sensors",21,"hasAnomaly"],"parentType":"Sensor","fieldName":"hasAnomaly","returnType":"Boolean","startOffset":31416185,"duration":2422},{"path":["sensors",22,"_id"],"parentType":"Sensor","fieldName":"_id","returnType":"ID!","startOffset":31423716,"duration":5177},{"path":["sensors",22,"identifier"],"parentType":"Sensor","fieldName":"identifier","returnType":"String!","startOffset":31430937,"duration":2604},{"path":["sensors",22,"name"],"parentType":"Sensor","fieldName":"name","returnType":"String!","startOffset":31435401,"duration":4217},{"path":["sensors",22,"unitType"],"parentType":"Sensor","fieldName":"unitType","returnType":"UnitType","startOffset":31442037,"duration":2399},{"path":["sensors",22,"reading"],"parentType":"Sensor","fieldName":"reading","returnType":"SensorReading","startOffset":31447430,"duration":4967},{"path":["sensors",22,"reading","timestamp"],"parentType":"SensorReading","fieldName":"timestamp","returnType":"String!","startOffset":31455863,"duration":3346},{"path":["sensors",22,"reading","value"],"parentType":"SensorReading","fieldName":"value","returnType":"Float!","startOffset":31463021,"duration":2567},{"path":["sensors",22,"reading","unitType"],"parentType":"SensorReading","fieldName":"unitType","returnType":"UnitType!","startOffset":31467659,"duration":2429},{"path":["sensors",22,"hasAnomaly"],"parentType":"Sensor","fieldName":"hasAnomaly","returnType":"Boolean","startOffset":31474412,"duration":2414},{"path":["sensors",23,"_id"],"parentType":"Sensor","fieldName":"_id","returnType":"ID!","startOffset":31481928,"duration":4531},{"path":["sensors",23,"identifier"],"parentType":"Sensor","fieldName":"identifier","returnType":"String!","startOffset":31488551,"duration":2370},{"path":["sensors",23,"name"],"parentType":"Sensor","fieldName":"name","returnType":"String!","startOffset":31492800,"duration":4288},{"path":["sensors",23,"unitType"],"parentType":"Sensor","fieldName":"unitType","returnType":"UnitType","startOffset":31498948,"duration":2348},{"path":["sensors",23,"reading"],"parentType":"Sensor","fieldName":"reading","returnType":"SensorReading","startOffset":31505620,"duration":2978},{"path":["sensors",23,"reading","timestamp"],"parentType":"SensorReading","fieldName":"timestamp","returnType":"String!","startOffset":31512561,"duration":2634},{"path":["sensors",23,"reading","value"],"parentType":"SensorReading","fieldName":"value","returnType":"Float!","startOffset":31519018,"duration":2852},{"path":["sensors",23,"reading","unitType"],"parentType":"SensorReading","fieldName":"unitType","returnType":"UnitType!","startOffset":31524370,"duration":4702},{"path":["sensors",23,"hasAnomaly"],"parentType":"Sensor","fieldName":"hasAnomaly","returnType":"Boolean","startOffset":31531500,"duration":2330},{"path":["sensors",24,"_id"],"parentType":"Sensor","fieldName":"_id","returnType":"ID!","startOffset":31541192,"duration":2732},{"path":["sensors",24,"identifier"],"parentType":"Sensor","fieldName":"identifier","returnType":"String!","startOffset":31545917,"duration":2417},{"path":["sensors",24,"name"],"parentType":"Sensor","fieldName":"name","returnType":"String!","startOffset":31552091,"duration":2481},{"path":["sensors",24,"unitType"],"parentType":"Sensor","fieldName":"unitType","returnType":"UnitType","startOffset":31556414,"duration":2348},{"path":["sensors",24,"reading"],"parentType":"Sensor","fieldName":"reading","returnType":"SensorReading","startOffset":31563708,"duration":3053},{"path":["sensors",24,"reading","timestamp"],"parentType":"SensorReading","fieldName":"timestamp","returnType":"String!","startOffset":31570751,"duration":4879},{"path":["sensors",24,"reading","value"],"parentType":"SensorReading","fieldName":"value","returnType":"Float!","startOffset":31577489,"duration":2600},{"path":["sensors",24,"reading","unitType"],"parentType":"SensorReading","fieldName":"unitType","returnType":"UnitType!","startOffset":31582042,"duration":5017},{"path":["sensors",24,"hasAnomaly"],"parentType":"Sensor","fieldName":"hasAnomaly","returnType":"Boolean","startOffset":31589644,"duration":2351},{"path":["sensors",25,"_id"],"parentType":"Sensor","fieldName":"_id","returnType":"ID!","startOffset":31598913,"duration":2690},{"path":["sensors",25,"identifier"],"parentType":"Sensor","fieldName":"identifier","returnType":"String!","startOffset":31603603,"duration":5073},{"path":["sensors",25,"name"],"parentType":"Sensor","fieldName":"name","returnType":"String!","startOffset":31610790,"duration":4349},{"path":["sensors",25,"unitType"],"parentType":"Sensor","fieldName":"unitType","returnType":"UnitType","startOffset":31617031,"duration":2299},{"path":["sensors",25,"reading"],"parentType":"Sensor","fieldName":"reading","returnType":"SensorReading","startOffset":31621806,"duration":4872},{"path":["sensors",25,"reading","timestamp"],"parentType":"SensorReading","fieldName":"timestamp","returnType":"String!","startOffset":31630056,"duration":2615},{"path":["sensors",25,"reading","value"],"parentType":"SensorReading","fieldName":"value","returnType":"Float!","startOffset":31636551,"duration":2554},{"path":["sensors",25,"reading","unitType"],"parentType":"SensorReading","fieldName":"unitType","returnType":"UnitType!","startOffset":31641126,"duration":2483},{"path":["sensors",25,"hasAnomaly"],"parentType":"Sensor","fieldName":"hasAnomaly","returnType":"Boolean","startOffset":31647961,"duration":3055},{"path":["sensors",26,"_id"],"parentType":"Sensor","fieldName":"_id","returnType":"ID!","startOffset":31656368,"duration":4795},{"path":["sensors",26,"identifier"],"parentType":"Sensor","fieldName":"identifier","returnType":"String!","startOffset":31663138,"duration":3018},{"path":["sensors",26,"name"],"parentType":"Sensor","fieldName":"name","returnType":"String!","startOffset":31668198,"duration":4339},{"path":["sensors",26,"unitType"],"parentType":"Sensor","fieldName":"unitType","returnType":"UnitType","startOffset":31674404,"duration":2322},{"path":["sensors",26,"reading"],"parentType":"Sensor","fieldName":"reading","returnType":"SensorReading","startOffset":31681755,"duration":3107},{"path":["sensors",26,"reading","timestamp"],"parentType":"SensorReading","fieldName":"timestamp","returnType":"String!","startOffset":31688818,"duration":4562},{"path":["sensors",26,"reading","value"],"parentType":"SensorReading","fieldName":"value","returnType":"Float!","startOffset":31695311,"duration":3103},{"path":["sensors",26,"reading","unitType"],"parentType":"SensorReading","fieldName":"unitType","returnType":"UnitType!","startOffset":31700354,"duration":4332},{"path":["sensors",26,"hasAnomaly"],"parentType":"Sensor","fieldName":"hasAnomaly","returnType":"Boolean","startOffset":31707591,"duration":2402},{"path":["sensors",27,"_id"],"parentType":"Sensor","fieldName":"_id","returnType":"ID!","startOffset":31716969,"duration":2661},{"path":["sensors",27,"identifier"],"parentType":"Sensor","fieldName":"identifier","returnType":"String!","startOffset":31721582,"duration":2402},{"path":["sensors",27,"name"],"parentType":"Sensor","fieldName":"name","returnType":"String!","startOffset":31727719,"duration":2431},{"path":["sensors",27,"unitType"],"parentType":"Sensor","fieldName":"unitType","returnType":"UnitType","startOffset":31732029,"duration":2288},{"path":["sensors",27,"reading"],"parentType":"Sensor","fieldName":"reading","returnType":"SensorReading","startOffset":31738849,"duration":3582},{"path":["sensors",27,"reading","timestamp"],"parentType":"SensorReading","fieldName":"timestamp","returnType":"String!","startOffset":31745910,"duration":4702},{"path":["sensors",27,"reading","value"],"parentType":"SensorReading","fieldName":"value","returnType":"Float!","startOffset":31752511,"duration":2558},{"path":["sensors",27,"reading","unitType"],"parentType":"SensorReading","fieldName":"unitType","returnType":"UnitType!","startOffset":31757056,"duration":4464},{"path":["sensors",27,"hasAnomaly"],"parentType":"Sensor","fieldName":"hasAnomaly","returnType":"Boolean","startOffset":31763926,"duration":2345},{"path":["sensors",28,"_id"],"parentType":"Sensor","fieldName":"_id","returnType":"ID!","startOffset":31773270,"duration":2671},{"path":["sensors",28,"identifier"],"parentType":"Sensor","fieldName":"identifier","returnType":"String!","startOffset":31777952,"duration":3526},{"path":["sensors",28,"name"],"parentType":"Sensor","fieldName":"name","returnType":"String!","startOffset":31785351,"duration":2447},{"path":["sensors",28,"unitType"],"parentType":"Sensor","fieldName":"unitType","returnType":"UnitType","startOffset":31789684,"duration":2303},{"path":["sensors",28,"reading"],"parentType":"Sensor","fieldName":"reading","returnType":"SensorReading","startOffset":31796374,"duration":2944},{"path":["sensors",28,"reading","timestamp"],"parentType":"SensorReading","fieldName":"timestamp","returnType":"String!","startOffset":31802776,"duration":4517},{"path":["sensors",28,"reading","value"],"parentType":"SensorReading","fieldName":"value","returnType":"Float!","startOffset":31809193,"duration":2504},{"path":["sensors",28,"reading","unitType"],"parentType":"SensorReading","fieldName":"unitType","returnType":"UnitType!","startOffset":31813688,"duration":4501},{"path":["sensors",28,"hasAnomaly"],"parentType":"Sensor","fieldName":"hasAnomaly","returnType":"Boolean","startOffset":31820600,"duration":2277},{"path":["sensors",29,"_id"],"parentType":"Sensor","fieldName":"_id","returnType":"ID!","startOffset":31829922,"duration":2708},{"path":["sensors",29,"identifier"],"parentType":"Sensor","fieldName":"identifier","returnType":"String!","startOffset":31835360,"duration":4637},{"path":["sensors",29,"name"],"parentType":"Sensor","fieldName":"name","returnType":"String!","startOffset":31841942,"duration":2381},{"path":["sensors",29,"unitType"],"parentType":"Sensor","fieldName":"unitType","returnType":"UnitType","startOffset":31846165,"duration":4159},{"path":["sensors",29,"reading"],"parentType":"Sensor","fieldName":"reading","returnType":"SensorReading","startOffset":31852841,"duration":2854},{"path":["sensors",29,"reading","timestamp"],"parentType":"SensorReading","fieldName":"timestamp","returnType":"String!","startOffset":31861737,"duration":2805},{"path":["sensors",29,"reading","value"],"parentType":"SensorReading","fieldName":"value","returnType":"Float!","startOffset":31866437,"duration":2531},{"path":["sensors",29,"reading","unitType"],"parentType":"SensorReading","fieldName":"unitType","returnType":"UnitType!","startOffset":31873031,"duration":3119},{"path":["sensors",29,"hasAnomaly"],"parentType":"Sensor","fieldName":"hasAnomaly","returnType":"Boolean","startOffset":31878638,"duration":2503},{"path":["sensors",30,"_id"],"parentType":"Sensor","fieldName":"_id","returnType":"ID!","startOffset":31888668,"duration":2773},{"path":["sensors",30,"identifier"],"parentType":"Sensor","fieldName":"identifier","returnType":"String!","startOffset":31894002,"duration":4435},{"path":["sensors",30,"name"],"parentType":"Sensor","fieldName":"name","returnType":"String!","startOffset":31900380,"duration":2380},{"path":["sensors",30,"unitType"],"parentType":"Sensor","fieldName":"unitType","returnType":"UnitType","startOffset":31904672,"duration":4400},{"path":["sensors",30,"reading"],"parentType":"Sensor","fieldName":"reading","returnType":"SensorReading","startOffset":31911568,"duration":3350},{"path":["sensors",30,"hasAnomaly"],"parentType":"Sensor","fieldName"
4865 [main] DEBUG org.apache.http.wire  -  << ","fieldName":"identifier","returnType":"String!","startOffset":31196093,"duration":4322},{"path":["sensors",18,"name"],"parentType":"Sensor","fieldName":"name","returnType":"String!","startOffset":31202332,"duration":2375},{"path":["sensors",18,"unitType"],"parentType":"Sensor","fieldName":"unitType","returnType":"UnitType","startOffset":31206593,"duration":5109},{"path":["sensors",18,"reading"],"parentType":"Sensor","fieldName":"reading","returnType":"SensorReading","startOffset":31214229,"duration":2925},{"path":["sensors",18,"reading","timestamp"],"parentType":"SensorReading","fieldName":"timestamp","returnType":"String!","startOffset":31223307,"duration":2832},{"path":["sensors",18,"reading","value"],"parentType":"SensorReading","fieldName":"value","returnType":"Float!","startOffset":31228042,"duration":4405},{"path":["sensors",18,"reading","unitType"],"parentType":"SensorReading","fieldName":"unitType","returnType":"UnitType!","startOffset":31235009,"duration":2637},{"path":["sensors",18,"hasAnomaly"],"parentType":"Sensor","fieldName":"hasAnomaly","returnType":"Boolean","startOffset":31240083,"duration":4280},{"path":["sensors",19,"_id"],"parentType":"Sensor","fieldName":"_id","returnType":"ID!","startOffset":31249637,"duration":3143},{"path":["sensors",19,"identifier"],"parentType":"Sensor","fieldName":"identifier","returnType":"String!","startOffset":31256661,"duration":2447},{"path":["sensors",19,"name"],"parentType":"Sensor","fieldName":"name","returnType":"String!","startOffset":31260988,"duration":2568},{"path":["sensors",19,"unitType"],"parentType":"Sensor","fieldName":"unitType","returnType":"UnitType","startOffset":31267917,"duration":2537},{"path":["sensors",19,"reading"],"parentType":"Sensor","fieldName":"reading","returnType":"SensorReading","startOffset":31273019,"duration":2856},{"path":["sensors",19,"reading","timestamp"],"parentType":"SensorReading","fieldName":"timestamp","returnType":"String!","startOffset":31281816,"duration":2565},{"path":["sensors",19,"reading","value"],"parentType":"SensorReading","fieldName":"value","returnType":"Float!","startOffset":31286197,"duration":4992},{"path":["sensors",19,"reading","unitType"],"parentType":"SensorReading","fieldName":"unitType","returnType":"UnitType!","startOffset":31293240,"duration":2506},{"path":["sensors",19,"hasAnomaly"],"parentType":"Sensor","fieldName":"hasAnomaly","returnType":"Boolean","startOffset":31298650,"duration":4316},{"path":["sensors",20,"_id"],"parentType":"Sensor","fieldName":"_id","returnType":"ID!","startOffset":31308184,"duration":2575},{"path":["sensors",20,"identifier"],"parentType":"Sensor","fieldName":"identifier","returnType":"String!","startOffset":31315202,"duration":2505},{"path":["sensors",20,"name"],"parentType":"Sensor","fieldName":"name","returnType":"String!","startOffset":31319591,"duration":2438},{"path":["sensors",20,"unitType"],"parentType":"Sensor","fieldName":"unitType","returnType":"UnitType","startOffset":31326389,"duration":2488},{"path":["sensors",20,"reading"],"parentType":"Sensor","fieldName":"reading","returnType":"SensorReading","startOffset":31331355,"duration":4936},{"path":["sensors",20,"reading","timestamp"],"parentType":"SensorReading","fieldName":"timestamp","returnType":"String!","startOffset":31339809,"duration":2551},{"path":["sensors",20,"reading","value"],"parentType":"SensorReading","fieldName":"value","returnType":"Float!","startOffset":31344224,"duration":4451},{"path":["sensors",20,"reading","unitType"],"parentType":"SensorReading","fieldName":"unitType","returnType":"UnitType!","startOffset":31350636,"duration":2460},{"path":["sensors",20,"hasAnomaly"],"parentType":"Sensor","fieldName":"hasAnomaly","returnType":"Boolean","startOffset":31355457,"duration":4264},{"path":["sensors",21,"_id"],"parentType":"Sensor","fieldName":"_id","returnType":"ID!","startOffset":31364897,"duration":4534},{"path":["sensors",21,"identifier"],"parentType":"Sensor","fieldName":"identifier","returnType":"String!","startOffset":31371493,"duration":2470},{"path":["sensors",21,"name"],"parentType":"Sensor","fieldName":"name","returnType":"String!","startOffset":31375824,"duration":4216},{"path":["sensors",21,"unitType"],"parentType":"Sensor","fieldName":"unitType","returnType":"UnitType","startOffset":31382557,"duration":2334},{"path":["sensors",21,"reading"],"parentType":"Sensor","fieldName":"reading","returnType":"SensorReading","startOffset":31387598,"duration":5883},{"path":["sensors",21,"reading","timestamp"],"parentType":"SensorReading","fieldName":"timestamp","returnType":"String!","startOffset":31397175,"duration":2544},{"path":["sensors",21,"reading","value"],"parentType":"SensorReading","fieldName":"value","returnType":"Float!","startOffset":31404064,"duration":2653},{"path":["sensors",21,"reading","unitType"],"parentType":"SensorReading","fieldName":"unitType","returnType":"UnitType!","startOffset":31408764,"duration":3032},{"path":["sensors",21,"hasAnomaly"],"parentType":"Sensor","fieldName":"hasAnomaly","returnType":"Boolean","startOffset":31416185,"duration":2422},{"path":["sensors",22,"_id"],"parentType":"Sensor","fieldName":"_id","returnType":"ID!","startOffset":31423716,"duration":5177},{"path":["sensors",22,"identifier"],"parentType":"Sensor","fieldName":"identifier","returnType":"String!","startOffset":31430937,"duration":2604},{"path":["sensors",22,"name"],"parentType":"Sensor","fieldName":"name","returnType":"String!","startOffset":31435401,"duration":4217},{"path":["sensors",22,"unitType"],"parentType":"Sensor","fieldName":"unitType","returnType":"UnitType","startOffset":31442037,"duration":2399},{"path":["sensors",22,"reading"],"parentType":"Sensor","fieldName":"reading","returnType":"SensorReading","startOffset":31447430,"duration":4967},{"path":["sensors",22,"reading","timestamp"],"parentType":"SensorReading","fieldName":"timestamp","returnType":"String!","startOffset":31455863,"duration":3346},{"path":["sensors",22,"reading","value"],"parentType":"SensorReading","fieldName":"value","returnType":"Float!","startOffset":31463021,"duration":2567},{"path":["sensors",22,"reading","unitType"],"parentType":"SensorReading","fieldName":"unitType","returnType":"UnitType!","startOffset":31467659,"duration":2429},{"path":["sensors",22,"hasAnomaly"],"parentType":"Sensor","fieldName":"hasAnomaly","returnType":"Boolean","startOffset":31474412,"duration":2414},{"path":["sensors",23,"_id"],"parentType":"Sensor","fieldName":"_id","returnType":"ID!","startOffset":31481928,"duration":4531},{"path":["sensors",23,"identifier"],"parentType":"Sensor","fieldName":"identifier","returnType":"String!","startOffset":31488551,"duration":2370},{"path":["sensors",23,"name"],"parentType":"Sensor","fieldName":"name","returnType":"String!","startOffset":31492800,"duration":4288},{"path":["sensors",23,"unitType"],"parentType":"Sensor","fieldName":"unitType","returnType":"UnitType","startOffset":31498948,"duration":2348},{"path":["sensors",23,"reading"],"parentType":"Sensor","fieldName":"reading","returnType":"SensorReading","startOffset":31505620,"duration":2978},{"path":["sensors",23,"reading","timestamp"],"parentType":"SensorReading","fieldName":"timestamp","returnType":"String!","startOffset":31512561,"duration":2634},{"path":["sensors",23,"reading","value"],"parentType":"SensorReading","fieldName":"value","returnType":"Float!","startOffset":31519018,"duration":2852},{"path":["sensors",23,"reading","unitType"],"parentType":"SensorReading","fieldName":"unitType","returnType":"UnitType!","startOffset":31524370,"duration":4702},{"path":["sensors",23,"hasAnomaly"],"parentType":"Sensor","fieldName":"hasAnomaly","returnType":"Boolean","startOffset":31531500,"duration":2330},{"path":["sensors",24,"_id"],"parentType":"Sensor","fieldName":"_id","returnType":"ID!","startOffset":31541192,"duration":2732},{"path":["sensors",24,"identifier"],"parentType":"Sensor","fieldName":"identifier","returnType":"String!","startOffset":31545917,"duration":2417},{"path":["sensors",24,"name"],"parentType":"Sensor","fieldName":"name","returnType":"String!","startOffset":31552091,"duration":2481},{"path":["sensors",24,"unitType"],"parentType":"Sensor","fieldName":"unitType","returnType":"UnitType","startOffset":31556414,"duration":2348},{"path":["sensors",24,"reading"],"parentType":"Sensor","fieldName":"reading","returnType":"SensorReading","startOffset":31563708,"duration":3053},{"path":["sensors",24,"reading","timestamp"],"parentType":"SensorReading","fieldName":"timestamp","returnType":"String!","startOffset":31570751,"duration":4879},{"path":["sensors",24,"reading","value"],"parentType":"SensorReading","fieldName":"value","returnType":"Float!","startOffset":31577489,"duration":2600},{"path":["sensors",24,"reading","unitType"],"parentType":"SensorReading","fieldName":"unitType","returnType":"UnitType!","startOffset":31582042,"duration":5017},{"path":["sensors",24,"hasAnomaly"],"parentType":"Sensor","fieldName":"hasAnomaly","returnType":"Boolean","startOffset":31589644,"duration":2351},{"path":["sensors",25,"_id"],"parentType":"Sensor","fieldName":"_id","returnType":"ID!","startOffset":31598913,"duration":2690},{"path":["sensors",25,"identifier"],"parentType":"Sensor","fieldName":"identifier","returnType":"String!","startOffset":31603603,"duration":5073},{"path":["sensors",25,"name"],"parentType":"Sensor","fieldName":"name","returnType":"String!","startOffset":31610790,"duration":4349},{"path":["sensors",25,"unitType"],"parentType":"Sensor","fieldName":"unitType","returnType":"UnitType","startOffset":31617031,"duration":2299},{"path":["sensors",25,"reading"],"parentType":"Sensor","fieldName":"reading","returnType":"SensorReading","startOffset":31621806,"duration":4872},{"path":["sensors",25,"reading","timestamp"],"parentType":"SensorReading","fieldName":"timestamp","returnType":"String!","startOffset":31630056,"duration":2615},{"path":["sensors",25,"reading","value"],"parentType":"SensorReading","fieldName":"value","returnType":"Float!","startOffset":31636551,"duration":2554},{"path":["sensors",25,"reading","unitType"],"parentType":"SensorReading","fieldName":"unitType","returnType":"UnitType!","startOffset":31641126,"duration":2483},{"path":["sensors",25,"hasAnomaly"],"parentType":"Sensor","fieldName":"hasAnomaly","returnType":"Boolean","startOffset":31647961,"duration":3055},{"path":["sensors",26,"_id"],"parentType":"Sensor","fieldName":"_id","returnType":"ID!","startOffset":31656368,"duration":4795},{"path":["sensors",26,"identifier"],"parentType":"Sensor","fieldName":"identifier","returnType":"String!","startOffset":31663138,"duration":3018},{"path":["sensors",26,"name"],"parentType":"Sensor","fieldName":"name","returnType":"String!","startOffset":31668198,"duration":4339},{"path":["sensors",26,"unitType"],"parentType":"Sensor","fieldName":"unitType","returnType":"UnitType","startOffset":31674404,"duration":2322},{"path":["sensors",26,"reading"],"parentType":"Sensor","fieldName":"reading","returnType":"SensorReading","startOffset":31681755,"duration":3107},{"path":["sensors",26,"reading","timestamp"],"parentType":"SensorReading","fieldName":"timestamp","returnType":"String!","startOffset":31688818,"duration":4562},{"path":["sensors",26,"reading","value"],"parentType":"SensorReading","fieldName":"value","returnType":"Float!","startOffset":31695311,"duration":3103},{"path":["sensors",26,"reading","unitType"],"parentType":"SensorReading","fieldName":"unitType","returnType":"UnitType!","startOffset":31700354,"duration":4332},{"path":["sensors",26,"hasAnomaly"],"parentType":"Sensor","fieldName":"hasAnomaly","returnType":"Boolean","startOffset":31707591,"duration":2402},{"path":["sensors",27,"_id"],"parentType":"Sensor","fieldName":"_id","returnType":"ID!","startOffset":31716969,"duration":2661},{"path":["sensors",27,"identifier"],"parentType":"Sensor","fieldName":"identifier","returnType":"String!","startOffset":31721582,"duration":2402},{"path":["sensors",27,"name"],"parentType":"Sensor","fieldName":"name","returnType":"String!","startOffset":31727719,"duration":2431},{"path":["sensors",27,"unitType"],"parentType":"Sensor","fieldName":"unitType","returnType":"UnitType","startOffset":31732029,"duration":2288},{"path":["sensors",27,"reading"],"parentType":"Sensor","fieldName":"reading","returnType":"SensorReading","startOffset":31738849,"duration":3582},{"path":["sensors",27,"reading","timestamp"],"parentType":"SensorReading","fieldName":"timestamp","returnType":"String!","startOffset":31745910,"duration":4702},{"path":["sensors",27,"reading","value"],"parentType":"SensorReading","fieldName":"value","returnType":"Float!","startOffset":31752511,"duration":2558},{"path":["sensors",27,"reading","unitType"],"parentType":"SensorReading","fieldName":"unitType","returnType":"UnitType!","startOffset":31757056,"duration":4464},{"path":["sensors",27,"hasAnomaly"],"parentType":"Sensor","fieldName":"hasAnomaly","returnType":"Boolean","startOffset":31763926,"duration":2345},{"path":["sensors",28,"_id"],"parentType":"Sensor","fieldName":"_id","returnType":"ID!","startOffset":31773270,"duration":2671},{"path":["sensors",28,"identifier"],"parentType":"Sensor","fieldName":"identifier","returnType":"String!","startOffset":31777952,"duration":3526},{"path":["sensors",28,"name"],"parentType":"Sensor","fieldName":"name","returnType":"String!","startOffset":31785351,"duration":2447},{"path":["sensors",28,"unitType"],"parentType":"Sensor","fieldName":"unitType","returnType":"UnitType","startOffset":31789684,"duration":2303},{"path":["sensors",28,"reading"],"parentType":"Sensor","fieldName":"reading","returnType":"SensorReading","startOffset":31796374,"duration":2944},{"path":["sensors",28,"reading","timestamp"],"parentType":"SensorReading","fieldName":"timestamp","returnType":"String!","startOffset":31802776,"duration":4517},{"path":["sensors",28,"reading","value"],"parentType":"SensorReading","fieldName":"value","returnType":"Float!","startOffset":31809193,"duration":2504},{"path":["sensors",28,"reading","unitType"],"parentType":"SensorReading","fieldName":"unitType","returnType":"UnitType!","startOffset":31813688,"duration":4501},{"path":["sensors",28,"hasAnomaly"],"parentType":"Sensor","fieldName":"hasAnomaly","returnType":"Boolean","startOffset":31820600,"duration":2277},{"path":["sensors",29,"_id"],"parentType":"Sensor","fieldName":"_id","returnType":"ID!","startOffset":31829922,"duration":2708},{"path":["sensors",29,"identifier"],"parentType":"Sensor","fieldName":"identifier","returnType":"String!","startOffset":31835360,"duration":4637},{"path":["sensors",29,"name"],"parentType":"Sensor","fieldName":"name","returnType":"String!","startOffset":31841942,"duration":2381},{"path":["sensors",29,"unitType"],"parentType":"Sensor","fieldName":"unitType","returnType":"UnitType","startOffset":31846165,"duration":4159},{"path":["sensors",29,"reading"],"parentType":"Sensor","fieldName":"reading","returnType":"SensorReading","startOffset":31852841,"duration":2854},{"path":["sensors",29,"reading","timestamp"],"parentType":"SensorReading","fieldName":"timestamp","returnType":"String!","startOffset":31861737,"duration":2805},{"path":["sensors",29,"reading","value"],"parentType":"SensorReading","fieldName":"value","returnType":"Float!","startOffset":31866437,"duration":2531},{"path":["sensors",29,"reading","unitType"],"parentType":"SensorReading","fieldName":"unitType","returnType":"UnitType!","startOffset":31873031,"duration":3119},{"path":["sensors",29,"hasAnomaly"],"parentType":"Sensor","fieldName":"hasAnomaly","returnType":"Boolean","startOffset":31878638,"duration":2503},{"path":["sensors",30,"_id"],"parentType":"Sensor","fieldName":"_id","returnType":"ID!","startOffset":31888668,"duration":2773},{"path":["sensors",30,"identifier"],"parentType":"Sensor","fieldName":"identifier","returnType":"String!","startOffset":31894002,"duration":4435},{"path":["sensors",30,"name"],"parentType":"Sensor","fieldName":"name","returnType":"String!","startOffset":31900380,"duration":2380},{"path":["sensors",30,"unitType"],"parentType":"Sensor","fieldName":"unitType","returnType":"UnitType","startOffset":31904672,"duration":4400},{"path":["sensors",30,"reading"],"parentType":"Sensor","fieldName":"reading","returnType":"SensorReading","startOffset":31911568,"duration":3350},{"path":["sensors",30,"hasAnomaly"],"parentType":"Sensor","fieldName"
4867 [main] DEBUG org.apache.http.wire  -  << "":"hasAnomaly","returnType":"Boolean","startOffset":31918956,"duration":2411},{"path":["sensors",31,"_id"],"parentType":"Sensor","fieldName":"_id","returnType":"ID!","startOffset":31926597,"duration":4577},{"path":["sensors",31,"identifier"],"parentType":"Sensor","fieldName":"identifier","returnType":"String!","startOffset":31933334,"duration":2370},{"path":["sensors",31,"name"],"parentType":"Sensor","fieldName":"name","returnType":"String!","startOffset":31937564,"duration":4526},{"path":["sensors",31,"unitType"],"parentType":"Sensor","fieldName":"unitType","returnType":"UnitType","startOffset":31943997,"duration":2332},{"path":["sensors",31,"reading"],"parentType":"Sensor","fieldName":"reading","returnType":"SensorReading","startOffset":31948865,"duration":8209},{"path":["sensors",31,"hasAnomaly"],"parentType":"Sensor","fieldName":"hasAnomaly","returnType":"Boolean","startOffset":31959442,"duration":4318},{"path":["sensors",32,"_id"],"parentType":"Sensor","fieldName":"_id","returnType":"ID!","startOffset":31968991,"duration":2722},{"path":["sensors",32,"identifier"],"parentType":"Sensor","fieldName":"identifier","returnType":"String!","startOffset":31976334,"duration":2561},{"path":["sensors",32,"name"],"parentType":"Sensor","fieldName":"name","returnType":"String!","startOffset":31981579,"duration":4387},{"path":["sensors",32,"unitType"],"parentType":"Sensor","fieldName":"unitType","returnType":"UnitType","startOffset":31987862,"duration":2374},{"path":["sensors",32,"reading"],"parentType":"Sensor","fieldName":"reading","returnType":"SensorReading","startOffset":31993500,"duration":5069},{"path":["sensors",32,"reading","timestamp"],"parentType":"SensorReading","fieldName":"timestamp","returnType":"String!","startOffset":32002052,"duration":2589},{"path":["sensors",32,"reading","value"],"parentType":"SensorReading","fieldName":"value","returnType":"Float!","startOffset":32006501,"duration":5129},{"path":["sensors",32,"reading","unitType"],"parentType":"SensorReading","fieldName":"unitType","returnType":"UnitType!","startOffset":32013678,"duration":2473},{"path":["sensors",32,"hasAnomaly"],"parentType":"Sensor","fieldName":"hasAnomaly","returnType":"Boolean","startOffset":32020605,"duration":2411},{"path":["sensors",33,"_id"],"parentType":"Sensor","fieldName":"_id","returnType":"ID!","startOffset":32028005,"duration":4511},{"path":["sensors",33,"identifier"],"parentType":"Sensor","fieldName":"identifier","returnType":"String!","startOffset":32034498,"duration":2403},{"path":["sensors",33,"name"],"parentType":"Sensor","fieldName":"name","returnType":"String!","startOffset":32038773,"duration":4244},{"path":["sensors",33,"unitType"],"parentType":"Sensor","fieldName":"unitType","returnType":"UnitType","startOffset":32044951,"duration":2314},{"path":["sensors",33,"reading"],"parentType":"Sensor","fieldName":"reading","returnType":"SensorReading","startOffset":32049859,"duration":5177},{"path":["sensors",33,"reading","timestamp"],"parentType":"SensorReading","fieldName":"timestamp","returnType":"String!","startOffset":32059276,"duration":2702},{"path":["sensors",33,"reading","value"],"parentType":"SensorReading","fieldName":"value","returnType":"Float!","startOffset":32066132,"duration":2621},{"path":["sensors",33,"reading","unitType"],"parentType":"SensorReading","fieldName":"unitType","returnType":"UnitType!","startOffset":32071275,"duration":2616},{"path":["sensors",33,"hasAnomaly"],"parentType":"Sensor","fieldName":"hasAnomaly","returnType":"Boolean","startOffset":32078217,"duration":2504},{"path":["sensors",34,"_id"],"parentType":"Sensor","fieldName":"_id","returnType":"ID!","startOffset":32085700,"duration":4530},{"path":["sensors",34,"identifier"],"parentType":"Sensor","fieldName":"identifier","returnType":"String!","startOffset":32092282,"duration":2395},{"path":["sensors",34,"name"],"parentType":"Sensor","fieldName":"name","returnType":"String!","startOffset":32097404,"duration":4385},{"path":["sensors",34,"unitType"],"parentType":"Sensor","fieldName":"unitType","returnType":"UnitType","startOffset":32103701,"duration":2312},{"path":["sensors",34,"reading"],"parentType":"Sensor","fieldName":"reading","returnType":"SensorReading","startOffset":32110603,"duration":3352},{"path":["sensors",34,"reading","timestamp"],"parentType":"SensorReading","fieldName":"timestamp","returnType":"String!","startOffset":32117503,"duration":2615},{"path":["sensors",34,"reading","value"],"parentType":"SensorReading","fieldName":"value","returnType":"Float!","startOffset":32123993,"duration":2557},{"path":["sensors",34,"reading","unitType"],"parentType":"SensorReading","fieldName":"unitType","returnType":"UnitType!","startOffset":32128988,"duration":15980},{"path":["sensors",34,"hasAnomaly"],"parentType":"Sensor","fieldName":"hasAnomaly","returnType":"Boolean","startOffset":32150020,"duration":2432},{"path":["sensors",35,"_id"],"parentType":"Sensor","fieldName":"_id","returnType":"ID!","startOffset":32158236,"duration":4933},{"path":["sensors",35,"identifier"],"parentType":"Sensor","fieldName":"identifier","returnType":"String!","startOffset":32165369,"duration":2454},{"path":["sensors",35,"name"],"parentType":"Sensor","fieldName":"name","returnType":"String!","startOffset":32171600,"duration":2437},{"path":["sensors",35,"unitType"],"parentType":"Sensor","fieldName":"unitType","returnType":"UnitType","startOffset":32176591,"duration":2472},{"path":["sensors",35,"reading"],"parentType":"Sensor","fieldName":"reading","returnType":"SensorReading","startOffset":32183637,"duration":3106},{"path":["sensors",35,"reading","timestamp"],"parentType":"SensorReading","fieldName":"timestamp","returnType":"String!","startOffset":32190749,"duration":4506},{"path":["sensors",35,"reading","value"],"parentType":"SensorReading","fieldName":"value","returnType":"Float!","startOffset":32197081,"duration":2556},{"path":["sensors",35,"reading","unitType"],"parentType":"SensorReading","fieldName":"unitType","returnType":"UnitType!","startOffset":32202198,"duration":4553},{"path":["sensors",35,"hasAnomaly"],"parentType":"Sensor","fieldName":"hasAnomaly","returnType":"Boolean","startOffset":32209193,"duration":2335},{"path":["sensors",36,"_id"],"parentType":"Sensor","fieldName":"_id","returnType":"ID!","startOffset":32219240,"duration":2650},{"path":["sensors",36,"identifier"],"parentType":"Sensor","fieldName":"identifier","returnType":"String!","startOffset":32224363,"duration":2949},{"path":["sensors",36,"name"],"parentType":"Sensor","fieldName":"name","returnType":"String!","startOffset":32231353,"duration":2417},{"path":["sensors",36,"unitType"],"parentType":"Sensor","fieldName":"unitType","returnType":"UnitType","startOffset":32235623,"duration":2341},{"path":["sensors",36,"reading"],"parentType":"Sensor","fieldName":"reading","returnType":"SensorReading","startOffset":32242978,"duration":3159},{"path":["sensors",36,"reading","timestamp"],"parentType":"SensorReading","fieldName":"timestamp","returnType":"String!","startOffset":32249547,"duration":4697},{"path":["sensors",36,"reading","value"],"parentType":"SensorReading","fieldName":"value","returnType":"Float!","startOffset":32256650,"duration":2658},{"path":["sensors",36,"reading","unitType"],"parentType":"SensorReading","fieldName":"unitType","returnType":"UnitType!","startOffset":32261253,"duration":4934},{"path":["sensors",36,"hasAnomaly"],"parentType":"Sensor","fieldName":"hasAnomaly","returnType":"Boolean","startOffset":32268557,"duration":2389},{"path":["sensors",37,"_id"],"parentType":"Sensor","fieldName":"_id","returnType":"ID!","startOffset":32278700,"duration":2798},{"path":["sensors",37,"identifier"],"parentType":"Sensor","fieldName":"identifier","returnType":"String!","startOffset":32283553,"duration":4214},{"path":["sensors",37,"name"],"parentType":"Sensor","fieldName":"name","returnType":"String!","startOffset":32289693,"duration":2398},{"path":["sensors",37,"unitType"],"parentType":"Sensor","fieldName":"unitType","returnType":"UnitType","startOffset":32293919,"duration":4175},{"path":["sensors",37,"reading"],"parentType":"Sensor","fieldName":"reading","returnType":"SensorReading","startOffset":32301193,"duration":3018},{"path":["sensors",37,"reading","timestamp"],"parentType":"SensorReading","fieldName":"timestamp","returnType":"String!","startOffset":32307653,"duration":4535},{"path":["sensors",37,"reading","value"],"parentType":"SensorReading","fieldName":"value","returnType":"Float!","startOffset":32314550,"duration":2878},{"path":["sensors",37,"reading","unitType"],"parentType":"SensorReading","fieldName":"unitType","returnType":"UnitType!","startOffset":32321755,"duration":2526},{"path":["sensors",37,"hasAnomaly"],"parentType":"Sensor","fieldName":"hasAnomaly","returnType":"Boolean","startOffset":32335114,"duration":2553},{"path":["sensors",38,"_id"],"parentType":"Sensor","fieldName":"_id","returnType":"ID!","startOffset":32345823,"duration":3944},{"path":["sensors",38,"identifier"],"parentType":"Sensor","fieldName":"identifier","returnType":"String!","startOffset":32351800,"duration":4643},{"path":["sensors",38,"name"],"parentType":"Sensor","fieldName":"name","returnType":"String!","startOffset":32358380,"duration":2432},{"path":["sensors",38,"unitType"],"parentType":"Sensor","fieldName":"unitType","returnType":"UnitType","startOffset":32362653,"duration":4202},{"path":["sensors",38,"reading"],"parentType":"Sensor","fieldName":"reading","returnType":"SensorReading","startOffset":32369364,"duration":3041},{"path":["sensors",38,"reading","timestamp"],"parentType":"SensorReading","fieldName":"timestamp","returnType":"String!","startOffset":32377842,"duration":3617},{"path":["sensors",38,"reading","value"],"parentType":"SensorReading","fieldName":"value","returnType":"Float!","startOffset":32383573,"duration":2674},{"path":["sensors",38,"reading","unitType"],"parentType":"SensorReading","fieldName":"unitType","returnType":"UnitType!","startOffset":32391292,"duration":2577},{"path":["sensors",38,"hasAnomaly"],"parentType":"Sensor","fieldName":"hasAnomaly","returnType":"Boolean","startOffset":32396581,"duration":3005},{"path":["sensors",39,"_id"],"parentType":"Sensor","fieldName":"_id","returnType":"ID!","startOffset":32413839,"duration":562254},{"path":["sensors",39,"identifier"],"parentType":"Sensor","fieldName":"identifier","returnType":"String!","startOffset":32989208,"duration":12098},{"path":["sensors",39,"name"],"parentType":"Sensor","fieldName":"name","returnType":"String!","startOffset":33004491,"duration":3291},{"path":["sensors",39,"unitType"],"parentType":"Sensor","fieldName":"unitType","returnType":"UnitType","startOffset":33010249,"duration":9237},{"path":["sensors",39,"reading"],"parentType":"Sensor","fieldName":"reading","returnType":"SensorReading","startOffset":33024248,"duration":6224},{"path":["sensors",39,"reading","timestamp"],"parentType":"SensorReading","fieldName":"timestamp","returnType":"String!","startOffset":33041737,"duration":3165},{"path":["sensors",39,"reading","value"],"parentType":"SensorReading","fieldName":"value","returnType":"Float!","startOffset":33047168,"duration":4676},{"path":["sensors",39,"reading","unitType"],"parentType":"SensorReading","fieldName":"unitType","returnType":"UnitType!","startOffset":33056293,"duration":2914},{"path":["sensors",39,"hasAnomaly"],"parentType":"Sensor","fieldName":"hasAnomaly","returnType":"Boolean","startOffset":33062434,"duration":5185},{"path":["sensors",40,"_id"],"parentType":"Sensor","fieldName":"_id","returnType":"ID!","startOffset":33076650,"duration":3079},{"path":["sensors",40,"identifier"],"parentType":"Sensor","fieldName":"identifier","returnType":"String!","startOffset":34303772,"duration":20202},{"path":["sensors",40,"name"],"parentType":"Sensor","fieldName":"name","returnType":"String!","startOffset":34336102,"duration":4359},{"path":["sensors",40,"unitType"],"parentType":"Sensor","fieldName":"unitType","returnType":"UnitType","startOffset":34343719,"duration":4933},{"path":["sensors",40,"reading"],"parentType":"Sensor","fieldName":"reading","returnType":"SensorReading","startOffset":34353967,"duration":7856},{"path":["sensors",40,"reading","timestamp"],"parentType":"SensorReading","fieldName":"timestamp","returnType":"String!","startOffset":34371704,"duration":4248},{"path":["sensors",40,"reading","value"],"parentType":"SensorReading","fieldName":"value","returnType":"Float!","startOffset":34378359,"duration":3436},{"path":["sensors",40,"reading","unitType"],"parentType":"SensorReading","fieldName":"unitType","returnType":"UnitType!","startOffset":34384604,"duration":2824},{"path":["sensors",40,"hasAnomaly"],"parentType":"Sensor","fieldName":"hasAnomaly","returnType":"Boolean","startOffset":34390719,"duration":3117},{"path":["sensors",41,"_id"],"parentType":"Sensor","fieldName":"_id","returnType":"ID!","startOffset":34403580,"duration":3198},{"path":["sensors",41,"identifier"],"parentType":"Sensor","fieldName":"identifier","returnType":"String!","startOffset":34409833,"duration":2538},{"path":["sensors",41,"name"],"parentType":"Sensor","fieldName":"name","returnType":"String!","startOffset":34414528,"duration":2554},{"path":["sensors",41,"unitType"],"parentType":"Sensor","fieldName":"unitType","returnType":"UnitType","startOffset":34419017,"duration":2457},{"path":["sensors",41,"reading"],"parentType":"Sensor","fieldName":"reading","returnType":"SensorReading","startOffset":34424394,"duration":3413},{"path":["sensors",41,"reading","timestamp"],"parentType":"SensorReading","fieldName":"timestamp","returnType":"String!","startOffset":34431861,"duration":2712},{"path":["sensors",41,"reading","value"],"parentType":"SensorReading","fieldName":"value","returnType":"Float!","startOffset":34436519,"duration":2606},{"path":["sensors",41,"reading","unitType"],"parentType":"SensorReading","fieldName":"unitType","returnType":"UnitType!","startOffset":34441873,"duration":2620},{"path":["sensors",41,"hasAnomaly"],"parentType":"Sensor","fieldName":"hasAnomaly","returnType":"Boolean","startOffset":34447311,"duration":2558},{"path":["sensors",42,"_id"],"parentType":"Sensor","fieldName":"_id","returnType":"ID!","startOffset":34455303,"duration":2799},{"path":["sensors",42,"identifier"],"parentType":"Sensor","fieldName":"identifier","returnType":"String!","startOffset":34460188,"duration":2706},{"path":["sensors",42,"name"],"parentType":"Sensor","fieldName":"name","returnType":"String!","startOffset":34464929,"duration":2498},{"path":["sensors",42,"unitType"],"parentType":"Sensor","fieldName":"unitType","returnType":"UnitType","startOffset":34469507,"duration":2484},{"path":["sensors",42,"reading"],"parentType":"Sensor","fieldName":"reading","returnType":"SensorReading","startOffset":34474576,"duration":3054},{"path":["sensors",42,"reading","timestamp"],"parentType":"SensorReading","fieldName":"timestamp","returnType":"String!","startOffset":34481167,"duration":2623},{"path":["sensors",42,"reading","value"],"parentType":"SensorReading","fieldName":"value","returnType":"Float!","startOffset":34485651,"duration":2656},{"path":["sensors",42,"reading","unitType"],"parentType":"SensorReading","fieldName":"unitType","returnType":"UnitType!","startOffset":34490438,"duration":2621},{"path":["sensors",42,"hasAnomaly"],"parentType":"Sensor","fieldName":"hasAnomaly","returnType":"Boolean","startOffset":34496232,"duration":2639},{"path":["sensors",43,"_id"],"parentType":"Sensor","fieldName":"_id","returnType":"ID!","startOffset":34504297,"duration":2651},{"path":["sensors",43,"identifier"],"parentType":"Sensor","fieldName":"identifier","returnType":"String!","startOffset":34508956,"duration":2518},{"path":["sensors",43,"name"],"parentType":"Sensor","fieldName":"name","returnType":"String!","startOffset":34514399,"duration":2455},{"path":["sensors",43,"unitType"],"parentType":"Sensor","fieldName":"unitType","returnType":"UnitType","startOffset":34518830,"duration":2452},{"path":["sensors",43,"reading"],"parentType":"Sensor","fieldName":"reading","returnType":"SensorReading","startOffset":34523965,"duration":2988},{"path":["sensors",43,"reading","timestamp"],"parentType":"SensorReading","fieldName":"timestamp","returnType":"String!","startOffset":34530498,"duration":2568},{"path":["sensors",43,"reading","value"],"parentType":"SensorReading","fieldName":"value","returnType":"Float!",""
4867 [main] DEBUG org.apache.http.wire  -  << "":"hasAnomaly","returnType":"Boolean","startOffset":31918956,"duration":2411},{"path":["sensors",31,"_id"],"parentType":"Sensor","fieldName":"_id","returnType":"ID!","startOffset":31926597,"duration":4577},{"path":["sensors",31,"identifier"],"parentType":"Sensor","fieldName":"identifier","returnType":"String!","startOffset":31933334,"duration":2370},{"path":["sensors",31,"name"],"parentType":"Sensor","fieldName":"name","returnType":"String!","startOffset":31937564,"duration":4526},{"path":["sensors",31,"unitType"],"parentType":"Sensor","fieldName":"unitType","returnType":"UnitType","startOffset":31943997,"duration":2332},{"path":["sensors",31,"reading"],"parentType":"Sensor","fieldName":"reading","returnType":"SensorReading","startOffset":31948865,"duration":8209},{"path":["sensors",31,"hasAnomaly"],"parentType":"Sensor","fieldName":"hasAnomaly","returnType":"Boolean","startOffset":31959442,"duration":4318},{"path":["sensors",32,"_id"],"parentType":"Sensor","fieldName":"_id","returnType":"ID!","startOffset":31968991,"duration":2722},{"path":["sensors",32,"identifier"],"parentType":"Sensor","fieldName":"identifier","returnType":"String!","startOffset":31976334,"duration":2561},{"path":["sensors",32,"name"],"parentType":"Sensor","fieldName":"name","returnType":"String!","startOffset":31981579,"duration":4387},{"path":["sensors",32,"unitType"],"parentType":"Sensor","fieldName":"unitType","returnType":"UnitType","startOffset":31987862,"duration":2374},{"path":["sensors",32,"reading"],"parentType":"Sensor","fieldName":"reading","returnType":"SensorReading","startOffset":31993500,"duration":5069},{"path":["sensors",32,"reading","timestamp"],"parentType":"SensorReading","fieldName":"timestamp","returnType":"String!","startOffset":32002052,"duration":2589},{"path":["sensors",32,"reading","value"],"parentType":"SensorReading","fieldName":"value","returnType":"Float!","startOffset":32006501,"duration":5129},{"path":["sensors",32,"reading","unitType"],"parentType":"SensorReading","fieldName":"unitType","returnType":"UnitType!","startOffset":32013678,"duration":2473},{"path":["sensors",32,"hasAnomaly"],"parentType":"Sensor","fieldName":"hasAnomaly","returnType":"Boolean","startOffset":32020605,"duration":2411},{"path":["sensors",33,"_id"],"parentType":"Sensor","fieldName":"_id","returnType":"ID!","startOffset":32028005,"duration":4511},{"path":["sensors",33,"identifier"],"parentType":"Sensor","fieldName":"identifier","returnType":"String!","startOffset":32034498,"duration":2403},{"path":["sensors",33,"name"],"parentType":"Sensor","fieldName":"name","returnType":"String!","startOffset":32038773,"duration":4244},{"path":["sensors",33,"unitType"],"parentType":"Sensor","fieldName":"unitType","returnType":"UnitType","startOffset":32044951,"duration":2314},{"path":["sensors",33,"reading"],"parentType":"Sensor","fieldName":"reading","returnType":"SensorReading","startOffset":32049859,"duration":5177},{"path":["sensors",33,"reading","timestamp"],"parentType":"SensorReading","fieldName":"timestamp","returnType":"String!","startOffset":32059276,"duration":2702},{"path":["sensors",33,"reading","value"],"parentType":"SensorReading","fieldName":"value","returnType":"Float!","startOffset":32066132,"duration":2621},{"path":["sensors",33,"reading","unitType"],"parentType":"SensorReading","fieldName":"unitType","returnType":"UnitType!","startOffset":32071275,"duration":2616},{"path":["sensors",33,"hasAnomaly"],"parentType":"Sensor","fieldName":"hasAnomaly","returnType":"Boolean","startOffset":32078217,"duration":2504},{"path":["sensors",34,"_id"],"parentType":"Sensor","fieldName":"_id","returnType":"ID!","startOffset":32085700,"duration":4530},{"path":["sensors",34,"identifier"],"parentType":"Sensor","fieldName":"identifier","returnType":"String!","startOffset":32092282,"duration":2395},{"path":["sensors",34,"name"],"parentType":"Sensor","fieldName":"name","returnType":"String!","startOffset":32097404,"duration":4385},{"path":["sensors",34,"unitType"],"parentType":"Sensor","fieldName":"unitType","returnType":"UnitType","startOffset":32103701,"duration":2312},{"path":["sensors",34,"reading"],"parentType":"Sensor","fieldName":"reading","returnType":"SensorReading","startOffset":32110603,"duration":3352},{"path":["sensors",34,"reading","timestamp"],"parentType":"SensorReading","fieldName":"timestamp","returnType":"String!","startOffset":32117503,"duration":2615},{"path":["sensors",34,"reading","value"],"parentType":"SensorReading","fieldName":"value","returnType":"Float!","startOffset":32123993,"duration":2557},{"path":["sensors",34,"reading","unitType"],"parentType":"SensorReading","fieldName":"unitType","returnType":"UnitType!","startOffset":32128988,"duration":15980},{"path":["sensors",34,"hasAnomaly"],"parentType":"Sensor","fieldName":"hasAnomaly","returnType":"Boolean","startOffset":32150020,"duration":2432},{"path":["sensors",35,"_id"],"parentType":"Sensor","fieldName":"_id","returnType":"ID!","startOffset":32158236,"duration":4933},{"path":["sensors",35,"identifier"],"parentType":"Sensor","fieldName":"identifier","returnType":"String!","startOffset":32165369,"duration":2454},{"path":["sensors",35,"name"],"parentType":"Sensor","fieldName":"name","returnType":"String!","startOffset":32171600,"duration":2437},{"path":["sensors",35,"unitType"],"parentType":"Sensor","fieldName":"unitType","returnType":"UnitType","startOffset":32176591,"duration":2472},{"path":["sensors",35,"reading"],"parentType":"Sensor","fieldName":"reading","returnType":"SensorReading","startOffset":32183637,"duration":3106},{"path":["sensors",35,"reading","timestamp"],"parentType":"SensorReading","fieldName":"timestamp","returnType":"String!","startOffset":32190749,"duration":4506},{"path":["sensors",35,"reading","value"],"parentType":"SensorReading","fieldName":"value","returnType":"Float!","startOffset":32197081,"duration":2556},{"path":["sensors",35,"reading","unitType"],"parentType":"SensorReading","fieldName":"unitType","returnType":"UnitType!","startOffset":32202198,"duration":4553},{"path":["sensors",35,"hasAnomaly"],"parentType":"Sensor","fieldName":"hasAnomaly","returnType":"Boolean","startOffset":32209193,"duration":2335},{"path":["sensors",36,"_id"],"parentType":"Sensor","fieldName":"_id","returnType":"ID!","startOffset":32219240,"duration":2650},{"path":["sensors",36,"identifier"],"parentType":"Sensor","fieldName":"identifier","returnType":"String!","startOffset":32224363,"duration":2949},{"path":["sensors",36,"name"],"parentType":"Sensor","fieldName":"name","returnType":"String!","startOffset":32231353,"duration":2417},{"path":["sensors",36,"unitType"],"parentType":"Sensor","fieldName":"unitType","returnType":"UnitType","startOffset":32235623,"duration":2341},{"path":["sensors",36,"reading"],"parentType":"Sensor","fieldName":"reading","returnType":"SensorReading","startOffset":32242978,"duration":3159},{"path":["sensors",36,"reading","timestamp"],"parentType":"SensorReading","fieldName":"timestamp","returnType":"String!","startOffset":32249547,"duration":4697},{"path":["sensors",36,"reading","value"],"parentType":"SensorReading","fieldName":"value","returnType":"Float!","startOffset":32256650,"duration":2658},{"path":["sensors",36,"reading","unitType"],"parentType":"SensorReading","fieldName":"unitType","returnType":"UnitType!","startOffset":32261253,"duration":4934},{"path":["sensors",36,"hasAnomaly"],"parentType":"Sensor","fieldName":"hasAnomaly","returnType":"Boolean","startOffset":32268557,"duration":2389},{"path":["sensors",37,"_id"],"parentType":"Sensor","fieldName":"_id","returnType":"ID!","startOffset":32278700,"duration":2798},{"path":["sensors",37,"identifier"],"parentType":"Sensor","fieldName":"identifier","returnType":"String!","startOffset":32283553,"duration":4214},{"path":["sensors",37,"name"],"parentType":"Sensor","fieldName":"name","returnType":"String!","startOffset":32289693,"duration":2398},{"path":["sensors",37,"unitType"],"parentType":"Sensor","fieldName":"unitType","returnType":"UnitType","startOffset":32293919,"duration":4175},{"path":["sensors",37,"reading"],"parentType":"Sensor","fieldName":"reading","returnType":"SensorReading","startOffset":32301193,"duration":3018},{"path":["sensors",37,"reading","timestamp"],"parentType":"SensorReading","fieldName":"timestamp","returnType":"String!","startOffset":32307653,"duration":4535},{"path":["sensors",37,"reading","value"],"parentType":"SensorReading","fieldName":"value","returnType":"Float!","startOffset":32314550,"duration":2878},{"path":["sensors",37,"reading","unitType"],"parentType":"SensorReading","fieldName":"unitType","returnType":"UnitType!","startOffset":32321755,"duration":2526},{"path":["sensors",37,"hasAnomaly"],"parentType":"Sensor","fieldName":"hasAnomaly","returnType":"Boolean","startOffset":32335114,"duration":2553},{"path":["sensors",38,"_id"],"parentType":"Sensor","fieldName":"_id","returnType":"ID!","startOffset":32345823,"duration":3944},{"path":["sensors",38,"identifier"],"parentType":"Sensor","fieldName":"identifier","returnType":"String!","startOffset":32351800,"duration":4643},{"path":["sensors",38,"name"],"parentType":"Sensor","fieldName":"name","returnType":"String!","startOffset":32358380,"duration":2432},{"path":["sensors",38,"unitType"],"parentType":"Sensor","fieldName":"unitType","returnType":"UnitType","startOffset":32362653,"duration":4202},{"path":["sensors",38,"reading"],"parentType":"Sensor","fieldName":"reading","returnType":"SensorReading","startOffset":32369364,"duration":3041},{"path":["sensors",38,"reading","timestamp"],"parentType":"SensorReading","fieldName":"timestamp","returnType":"String!","startOffset":32377842,"duration":3617},{"path":["sensors",38,"reading","value"],"parentType":"SensorReading","fieldName":"value","returnType":"Float!","startOffset":32383573,"duration":2674},{"path":["sensors",38,"reading","unitType"],"parentType":"SensorReading","fieldName":"unitType","returnType":"UnitType!","startOffset":32391292,"duration":2577},{"path":["sensors",38,"hasAnomaly"],"parentType":"Sensor","fieldName":"hasAnomaly","returnType":"Boolean","startOffset":32396581,"duration":3005},{"path":["sensors",39,"_id"],"parentType":"Sensor","fieldName":"_id","returnType":"ID!","startOffset":32413839,"duration":562254},{"path":["sensors",39,"identifier"],"parentType":"Sensor","fieldName":"identifier","returnType":"String!","startOffset":32989208,"duration":12098},{"path":["sensors",39,"name"],"parentType":"Sensor","fieldName":"name","returnType":"String!","startOffset":33004491,"duration":3291},{"path":["sensors",39,"unitType"],"parentType":"Sensor","fieldName":"unitType","returnType":"UnitType","startOffset":33010249,"duration":9237},{"path":["sensors",39,"reading"],"parentType":"Sensor","fieldName":"reading","returnType":"SensorReading","startOffset":33024248,"duration":6224},{"path":["sensors",39,"reading","timestamp"],"parentType":"SensorReading","fieldName":"timestamp","returnType":"String!","startOffset":33041737,"duration":3165},{"path":["sensors",39,"reading","value"],"parentType":"SensorReading","fieldName":"value","returnType":"Float!","startOffset":33047168,"duration":4676},{"path":["sensors",39,"reading","unitType"],"parentType":"SensorReading","fieldName":"unitType","returnType":"UnitType!","startOffset":33056293,"duration":2914},{"path":["sensors",39,"hasAnomaly"],"parentType":"Sensor","fieldName":"hasAnomaly","returnType":"Boolean","startOffset":33062434,"duration":5185},{"path":["sensors",40,"_id"],"parentType":"Sensor","fieldName":"_id","returnType":"ID!","startOffset":33076650,"duration":3079},{"path":["sensors",40,"identifier"],"parentType":"Sensor","fieldName":"identifier","returnType":"String!","startOffset":34303772,"duration":20202},{"path":["sensors",40,"name"],"parentType":"Sensor","fieldName":"name","returnType":"String!","startOffset":34336102,"duration":4359},{"path":["sensors",40,"unitType"],"parentType":"Sensor","fieldName":"unitType","returnType":"UnitType","startOffset":34343719,"duration":4933},{"path":["sensors",40,"reading"],"parentType":"Sensor","fieldName":"reading","returnType":"SensorReading","startOffset":34353967,"duration":7856},{"path":["sensors",40,"reading","timestamp"],"parentType":"SensorReading","fieldName":"timestamp","returnType":"String!","startOffset":34371704,"duration":4248},{"path":["sensors",40,"reading","value"],"parentType":"SensorReading","fieldName":"value","returnType":"Float!","startOffset":34378359,"duration":3436},{"path":["sensors",40,"reading","unitType"],"parentType":"SensorReading","fieldName":"unitType","returnType":"UnitType!","startOffset":34384604,"duration":2824},{"path":["sensors",40,"hasAnomaly"],"parentType":"Sensor","fieldName":"hasAnomaly","returnType":"Boolean","startOffset":34390719,"duration":3117},{"path":["sensors",41,"_id"],"parentType":"Sensor","fieldName":"_id","returnType":"ID!","startOffset":34403580,"duration":3198},{"path":["sensors",41,"identifier"],"parentType":"Sensor","fieldName":"identifier","returnType":"String!","startOffset":34409833,"duration":2538},{"path":["sensors",41,"name"],"parentType":"Sensor","fieldName":"name","returnType":"String!","startOffset":34414528,"duration":2554},{"path":["sensors",41,"unitType"],"parentType":"Sensor","fieldName":"unitType","returnType":"UnitType","startOffset":34419017,"duration":2457},{"path":["sensors",41,"reading"],"parentType":"Sensor","fieldName":"reading","returnType":"SensorReading","startOffset":34424394,"duration":3413},{"path":["sensors",41,"reading","timestamp"],"parentType":"SensorReading","fieldName":"timestamp","returnType":"String!","startOffset":34431861,"duration":2712},{"path":["sensors",41,"reading","value"],"parentType":"SensorReading","fieldName":"value","returnType":"Float!","startOffset":34436519,"duration":2606},{"path":["sensors",41,"reading","unitType"],"parentType":"SensorReading","fieldName":"unitType","returnType":"UnitType!","startOffset":34441873,"duration":2620},{"path":["sensors",41,"hasAnomaly"],"parentType":"Sensor","fieldName":"hasAnomaly","returnType":"Boolean","startOffset":34447311,"duration":2558},{"path":["sensors",42,"_id"],"parentType":"Sensor","fieldName":"_id","returnType":"ID!","startOffset":34455303,"duration":2799},{"path":["sensors",42,"identifier"],"parentType":"Sensor","fieldName":"identifier","returnType":"String!","startOffset":34460188,"duration":2706},{"path":["sensors",42,"name"],"parentType":"Sensor","fieldName":"name","returnType":"String!","startOffset":34464929,"duration":2498},{"path":["sensors",42,"unitType"],"parentType":"Sensor","fieldName":"unitType","returnType":"UnitType","startOffset":34469507,"duration":2484},{"path":["sensors",42,"reading"],"parentType":"Sensor","fieldName":"reading","returnType":"SensorReading","startOffset":34474576,"duration":3054},{"path":["sensors",42,"reading","timestamp"],"parentType":"SensorReading","fieldName":"timestamp","returnType":"String!","startOffset":34481167,"duration":2623},{"path":["sensors",42,"reading","value"],"parentType":"SensorReading","fieldName":"value","returnType":"Float!","startOffset":34485651,"duration":2656},{"path":["sensors",42,"reading","unitType"],"parentType":"SensorReading","fieldName":"unitType","returnType":"UnitType!","startOffset":34490438,"duration":2621},{"path":["sensors",42,"hasAnomaly"],"parentType":"Sensor","fieldName":"hasAnomaly","returnType":"Boolean","startOffset":34496232,"duration":2639},{"path":["sensors",43,"_id"],"parentType":"Sensor","fieldName":"_id","returnType":"ID!","startOffset":34504297,"duration":2651},{"path":["sensors",43,"identifier"],"parentType":"Sensor","fieldName":"identifier","returnType":"String!","startOffset":34508956,"duration":2518},{"path":["sensors",43,"name"],"parentType":"Sensor","fieldName":"name","returnType":"String!","startOffset":34514399,"duration":2455},{"path":["sensors",43,"unitType"],"parentType":"Sensor","fieldName":"unitType","returnType":"UnitType","startOffset":34518830,"duration":2452},{"path":["sensors",43,"reading"],"parentType":"Sensor","fieldName":"reading","returnType":"SensorReading","startOffset":34523965,"duration":2988},{"path":["sensors",43,"reading","timestamp"],"parentType":"SensorReading","fieldName":"timestamp","returnType":"String!","startOffset":34530498,"duration":2568},{"path":["sensors",43,"reading","value"],"parentType":"SensorReading","fieldName":"value","returnType":"Float!",""
4867 [main] DEBUG org.apache.http.wire  -  << "":"hasAnomaly","returnType":"Boolean","startOffset":31918956,"duration":2411},{"path":["sensors",31,"_id"],"parentType":"Sensor","fieldName":"_id","returnType":"ID!","startOffset":31926597,"duration":4577},{"path":["sensors",31,"identifier"],"parentType":"Sensor","fieldName":"identifier","returnType":"String!","startOffset":31933334,"duration":2370},{"path":["sensors",31,"name"],"parentType":"Sensor","fieldName":"name","returnType":"String!","startOffset":31937564,"duration":4526},{"path":["sensors",31,"unitType"],"parentType":"Sensor","fieldName":"unitType","returnType":"UnitType","startOffset":31943997,"duration":2332},{"path":["sensors",31,"reading"],"parentType":"Sensor","fieldName":"reading","returnType":"SensorReading","startOffset":31948865,"duration":8209},{"path":["sensors",31,"hasAnomaly"],"parentType":"Sensor","fieldName":"hasAnomaly","returnType":"Boolean","startOffset":31959442,"duration":4318},{"path":["sensors",32,"_id"],"parentType":"Sensor","fieldName":"_id","returnType":"ID!","startOffset":31968991,"duration":2722},{"path":["sensors",32,"identifier"],"parentType":"Sensor","fieldName":"identifier","returnType":"String!","startOffset":31976334,"duration":2561},{"path":["sensors",32,"name"],"parentType":"Sensor","fieldName":"name","returnType":"String!","startOffset":31981579,"duration":4387},{"path":["sensors",32,"unitType"],"parentType":"Sensor","fieldName":"unitType","returnType":"UnitType","startOffset":31987862,"duration":2374},{"path":["sensors",32,"reading"],"parentType":"Sensor","fieldName":"reading","returnType":"SensorReading","startOffset":31993500,"duration":5069},{"path":["sensors",32,"reading","timestamp"],"parentType":"SensorReading","fieldName":"timestamp","returnType":"String!","startOffset":32002052,"duration":2589},{"path":["sensors",32,"reading","value"],"parentType":"SensorReading","fieldName":"value","returnType":"Float!","startOffset":32006501,"duration":5129},{"path":["sensors",32,"reading","unitType"],"parentType":"SensorReading","fieldName":"unitType","returnType":"UnitType!","startOffset":32013678,"duration":2473},{"path":["sensors",32,"hasAnomaly"],"parentType":"Sensor","fieldName":"hasAnomaly","returnType":"Boolean","startOffset":32020605,"duration":2411},{"path":["sensors",33,"_id"],"parentType":"Sensor","fieldName":"_id","returnType":"ID!","startOffset":32028005,"duration":4511},{"path":["sensors",33,"identifier"],"parentType":"Sensor","fieldName":"identifier","returnType":"String!","startOffset":32034498,"duration":2403},{"path":["sensors",33,"name"],"parentType":"Sensor","fieldName":"name","returnType":"String!","startOffset":32038773,"duration":4244},{"path":["sensors",33,"unitType"],"parentType":"Sensor","fieldName":"unitType","returnType":"UnitType","startOffset":32044951,"duration":2314},{"path":["sensors",33,"reading"],"parentType":"Sensor","fieldName":"reading","returnType":"SensorReading","startOffset":32049859,"duration":5177},{"path":["sensors",33,"reading","timestamp"],"parentType":"SensorReading","fieldName":"timestamp","returnType":"String!","startOffset":32059276,"duration":2702},{"path":["sensors",33,"reading","value"],"parentType":"SensorReading","fieldName":"value","returnType":"Float!","startOffset":32066132,"duration":2621},{"path":["sensors",33,"reading","unitType"],"parentType":"SensorReading","fieldName":"unitType","returnType":"UnitType!","startOffset":32071275,"duration":2616},{"path":["sensors",33,"hasAnomaly"],"parentType":"Sensor","fieldName":"hasAnomaly","returnType":"Boolean","startOffset":32078217,"duration":2504},{"path":["sensors",34,"_id"],"parentType":"Sensor","fieldName":"_id","returnType":"ID!","startOffset":32085700,"duration":4530},{"path":["sensors",34,"identifier"],"parentType":"Sensor","fieldName":"identifier","returnType":"String!","startOffset":32092282,"duration":2395},{"path":["sensors",34,"name"],"parentType":"Sensor","fieldName":"name","returnType":"String!","startOffset":32097404,"duration":4385},{"path":["sensors",34,"unitType"],"parentType":"Sensor","fieldName":"unitType","returnType":"UnitType","startOffset":32103701,"duration":2312},{"path":["sensors",34,"reading"],"parentType":"Sensor","fieldName":"reading","returnType":"SensorReading","startOffset":32110603,"duration":3352},{"path":["sensors",34,"reading","timestamp"],"parentType":"SensorReading","fieldName":"timestamp","returnType":"String!","startOffset":32117503,"duration":2615},{"path":["sensors",34,"reading","value"],"parentType":"SensorReading","fieldName":"value","returnType":"Float!","startOffset":32123993,"duration":2557},{"path":["sensors",34,"reading","unitType"],"parentType":"SensorReading","fieldName":"unitType","returnType":"UnitType!","startOffset":32128988,"duration":15980},{"path":["sensors",34,"hasAnomaly"],"parentType":"Sensor","fieldName":"hasAnomaly","returnType":"Boolean","startOffset":32150020,"duration":2432},{"path":["sensors",35,"_id"],"parentType":"Sensor","fieldName":"_id","returnType":"ID!","startOffset":32158236,"duration":4933},{"path":["sensors",35,"identifier"],"parentType":"Sensor","fieldName":"identifier","returnType":"String!","startOffset":32165369,"duration":2454},{"path":["sensors",35,"name"],"parentType":"Sensor","fieldName":"name","returnType":"String!","startOffset":32171600,"duration":2437},{"path":["sensors",35,"unitType"],"parentType":"Sensor","fieldName":"unitType","returnType":"UnitType","startOffset":32176591,"duration":2472},{"path":["sensors",35,"reading"],"parentType":"Sensor","fieldName":"reading","returnType":"SensorReading","startOffset":32183637,"duration":3106},{"path":["sensors",35,"reading","timestamp"],"parentType":"SensorReading","fieldName":"timestamp","returnType":"String!","startOffset":32190749,"duration":4506},{"path":["sensors",35,"reading","value"],"parentType":"SensorReading","fieldName":"value","returnType":"Float!","startOffset":32197081,"duration":2556},{"path":["sensors",35,"reading","unitType"],"parentType":"SensorReading","fieldName":"unitType","returnType":"UnitType!","startOffset":32202198,"duration":4553},{"path":["sensors",35,"hasAnomaly"],"parentType":"Sensor","fieldName":"hasAnomaly","returnType":"Boolean","startOffset":32209193,"duration":2335},{"path":["sensors",36,"_id"],"parentType":"Sensor","fieldName":"_id","returnType":"ID!","startOffset":32219240,"duration":2650},{"path":["sensors",36,"identifier"],"parentType":"Sensor","fieldName":"identifier","returnType":"String!","startOffset":32224363,"duration":2949},{"path":["sensors",36,"name"],"parentType":"Sensor","fieldName":"name","returnType":"String!","startOffset":32231353,"duration":2417},{"path":["sensors",36,"unitType"],"parentType":"Sensor","fieldName":"unitType","returnType":"UnitType","startOffset":32235623,"duration":2341},{"path":["sensors",36,"reading"],"parentType":"Sensor","fieldName":"reading","returnType":"SensorReading","startOffset":32242978,"duration":3159},{"path":["sensors",36,"reading","timestamp"],"parentType":"SensorReading","fieldName":"timestamp","returnType":"String!","startOffset":32249547,"duration":4697},{"path":["sensors",36,"reading","value"],"parentType":"SensorReading","fieldName":"value","returnType":"Float!","startOffset":32256650,"duration":2658},{"path":["sensors",36,"reading","unitType"],"parentType":"SensorReading","fieldName":"unitType","returnType":"UnitType!","startOffset":32261253,"duration":4934},{"path":["sensors",36,"hasAnomaly"],"parentType":"Sensor","fieldName":"hasAnomaly","returnType":"Boolean","startOffset":32268557,"duration":2389},{"path":["sensors",37,"_id"],"parentType":"Sensor","fieldName":"_id","returnType":"ID!","startOffset":32278700,"duration":2798},{"path":["sensors",37,"identifier"],"parentType":"Sensor","fieldName":"identifier","returnType":"String!","startOffset":32283553,"duration":4214},{"path":["sensors",37,"name"],"parentType":"Sensor","fieldName":"name","returnType":"String!","startOffset":32289693,"duration":2398},{"path":["sensors",37,"unitType"],"parentType":"Sensor","fieldName":"unitType","returnType":"UnitType","startOffset":32293919,"duration":4175},{"path":["sensors",37,"reading"],"parentType":"Sensor","fieldName":"reading","returnType":"SensorReading","startOffset":32301193,"duration":3018},{"path":["sensors",37,"reading","timestamp"],"parentType":"SensorReading","fieldName":"timestamp","returnType":"String!","startOffset":32307653,"duration":4535},{"path":["sensors",37,"reading","value"],"parentType":"SensorReading","fieldName":"value","returnType":"Float!","startOffset":32314550,"duration":2878},{"path":["sensors",37,"reading","unitType"],"parentType":"SensorReading","fieldName":"unitType","returnType":"UnitType!","startOffset":32321755,"duration":2526},{"path":["sensors",37,"hasAnomaly"],"parentType":"Sensor","fieldName":"hasAnomaly","returnType":"Boolean","startOffset":32335114,"duration":2553},{"path":["sensors",38,"_id"],"parentType":"Sensor","fieldName":"_id","returnType":"ID!","startOffset":32345823,"duration":3944},{"path":["sensors",38,"identifier"],"parentType":"Sensor","fieldName":"identifier","returnType":"String!","startOffset":32351800,"duration":4643},{"path":["sensors",38,"name"],"parentType":"Sensor","fieldName":"name","returnType":"String!","startOffset":32358380,"duration":2432},{"path":["sensors",38,"unitType"],"parentType":"Sensor","fieldName":"unitType","returnType":"UnitType","startOffset":32362653,"duration":4202},{"path":["sensors",38,"reading"],"parentType":"Sensor","fieldName":"reading","returnType":"SensorReading","startOffset":32369364,"duration":3041},{"path":["sensors",38,"reading","timestamp"],"parentType":"SensorReading","fieldName":"timestamp","returnType":"String!","startOffset":32377842,"duration":3617},{"path":["sensors",38,"reading","value"],"parentType":"SensorReading","fieldName":"value","returnType":"Float!","startOffset":32383573,"duration":2674},{"path":["sensors",38,"reading","unitType"],"parentType":"SensorReading","fieldName":"unitType","returnType":"UnitType!","startOffset":32391292,"duration":2577},{"path":["sensors",38,"hasAnomaly"],"parentType":"Sensor","fieldName":"hasAnomaly","returnType":"Boolean","startOffset":32396581,"duration":3005},{"path":["sensors",39,"_id"],"parentType":"Sensor","fieldName":"_id","returnType":"ID!","startOffset":32413839,"duration":562254},{"path":["sensors",39,"identifier"],"parentType":"Sensor","fieldName":"identifier","returnType":"String!","startOffset":32989208,"duration":12098},{"path":["sensors",39,"name"],"parentType":"Sensor","fieldName":"name","returnType":"String!","startOffset":33004491,"duration":3291},{"path":["sensors",39,"unitType"],"parentType":"Sensor","fieldName":"unitType","returnType":"UnitType","startOffset":33010249,"duration":9237},{"path":["sensors",39,"reading"],"parentType":"Sensor","fieldName":"reading","returnType":"SensorReading","startOffset":33024248,"duration":6224},{"path":["sensors",39,"reading","timestamp"],"parentType":"SensorReading","fieldName":"timestamp","returnType":"String!","startOffset":33041737,"duration":3165},{"path":["sensors",39,"reading","value"],"parentType":"SensorReading","fieldName":"value","returnType":"Float!","startOffset":33047168,"duration":4676},{"path":["sensors",39,"reading","unitType"],"parentType":"SensorReading","fieldName":"unitType","returnType":"UnitType!","startOffset":33056293,"duration":2914},{"path":["sensors",39,"hasAnomaly"],"parentType":"Sensor","fieldName":"hasAnomaly","returnType":"Boolean","startOffset":33062434,"duration":5185},{"path":["sensors",40,"_id"],"parentType":"Sensor","fieldName":"_id","returnType":"ID!","startOffset":33076650,"duration":3079},{"path":["sensors",40,"identifier"],"parentType":"Sensor","fieldName":"identifier","returnType":"String!","startOffset":34303772,"duration":20202},{"path":["sensors",40,"name"],"parentType":"Sensor","fieldName":"name","returnType":"String!","startOffset":34336102,"duration":4359},{"path":["sensors",40,"unitType"],"parentType":"Sensor","fieldName":"unitType","returnType":"UnitType","startOffset":34343719,"duration":4933},{"path":["sensors",40,"reading"],"parentType":"Sensor","fieldName":"reading","returnType":"SensorReading","startOffset":34353967,"duration":7856},{"path":["sensors",40,"reading","timestamp"],"parentType":"SensorReading","fieldName":"timestamp","returnType":"String!","startOffset":34371704,"duration":4248},{"path":["sensors",40,"reading","value"],"parentType":"SensorReading","fieldName":"value","returnType":"Float!","startOffset":34378359,"duration":3436},{"path":["sensors",40,"reading","unitType"],"parentType":"SensorReading","fieldName":"unitType","returnType":"UnitType!","startOffset":34384604,"duration":2824},{"path":["sensors",40,"hasAnomaly"],"parentType":"Sensor","fieldName":"hasAnomaly","returnType":"Boolean","startOffset":34390719,"duration":3117},{"path":["sensors",41,"_id"],"parentType":"Sensor","fieldName":"_id","returnType":"ID!","startOffset":34403580,"duration":3198},{"path":["sensors",41,"identifier"],"parentType":"Sensor","fieldName":"identifier","returnType":"String!","startOffset":34409833,"duration":2538},{"path":["sensors",41,"name"],"parentType":"Sensor","fieldName":"name","returnType":"String!","startOffset":34414528,"duration":2554},{"path":["sensors",41,"unitType"],"parentType":"Sensor","fieldName":"unitType","returnType":"UnitType","startOffset":34419017,"duration":2457},{"path":["sensors",41,"reading"],"parentType":"Sensor","fieldName":"reading","returnType":"SensorReading","startOffset":34424394,"duration":3413},{"path":["sensors",41,"reading","timestamp"],"parentType":"SensorReading","fieldName":"timestamp","returnType":"String!","startOffset":34431861,"duration":2712},{"path":["sensors",41,"reading","value"],"parentType":"SensorReading","fieldName":"value","returnType":"Float!","startOffset":34436519,"duration":2606},{"path":["sensors",41,"reading","unitType"],"parentType":"SensorReading","fieldName":"unitType","returnType":"UnitType!","startOffset":34441873,"duration":2620},{"path":["sensors",41,"hasAnomaly"],"parentType":"Sensor","fieldName":"hasAnomaly","returnType":"Boolean","startOffset":34447311,"duration":2558},{"path":["sensors",42,"_id"],"parentType":"Sensor","fieldName":"_id","returnType":"ID!","startOffset":34455303,"duration":2799},{"path":["sensors",42,"identifier"],"parentType":"Sensor","fieldName":"identifier","returnType":"String!","startOffset":34460188,"duration":2706},{"path":["sensors",42,"name"],"parentType":"Sensor","fieldName":"name","returnType":"String!","startOffset":34464929,"duration":2498},{"path":["sensors",42,"unitType"],"parentType":"Sensor","fieldName":"unitType","returnType":"UnitType","startOffset":34469507,"duration":2484},{"path":["sensors",42,"reading"],"parentType":"Sensor","fieldName":"reading","returnType":"SensorReading","startOffset":34474576,"duration":3054},{"path":["sensors",42,"reading","timestamp"],"parentType":"SensorReading","fieldName":"timestamp","returnType":"String!","startOffset":34481167,"duration":2623},{"path":["sensors",42,"reading","value"],"parentType":"SensorReading","fieldName":"value","returnType":"Float!","startOffset":34485651,"duration":2656},{"path":["sensors",42,"reading","unitType"],"parentType":"SensorReading","fieldName":"unitType","returnType":"UnitType!","startOffset":34490438,"duration":2621},{"path":["sensors",42,"hasAnomaly"],"parentType":"Sensor","fieldName":"hasAnomaly","returnType":"Boolean","startOffset":34496232,"duration":2639},{"path":["sensors",43,"_id"],"parentType":"Sensor","fieldName":"_id","returnType":"ID!","startOffset":34504297,"duration":2651},{"path":["sensors",43,"identifier"],"parentType":"Sensor","fieldName":"identifier","returnType":"String!","startOffset":34508956,"duration":2518},{"path":["sensors",43,"name"],"parentType":"Sensor","fieldName":"name","returnType":"String!","startOffset":34514399,"duration":2455},{"path":["sensors",43,"unitType"],"parentType":"Sensor","fieldName":"unitType","returnType":"UnitType","startOffset":34518830,"duration":2452},{"path":["sensors",43,"reading"],"parentType":"Sensor","fieldName":"reading","returnType":"SensorReading","startOffset":34523965,"duration":2988},{"path":["sensors",43,"reading","timestamp"],"parentType":"SensorReading","fieldName":"timestamp","returnType":"String!","startOffset":34530498,"duration":2568},{"path":["sensors",43,"reading","value"],"parentType":"SensorReading","fieldName":"value","returnType":"Float!",""
4867 [main] DEBUG org.apache.http.wire  -  << "":"hasAnomaly","returnType":"Boolean","startOffset":31918956,"duration":2411},{"path":["sensors",31,"_id"],"parentType":"Sensor","fieldName":"_id","returnType":"ID!","startOffset":31926597,"duration":4577},{"path":["sensors",31,"identifier"],"parentType":"Sensor","fieldName":"identifier","returnType":"String!","startOffset":31933334,"duration":2370},{"path":["sensors",31,"name"],"parentType":"Sensor","fieldName":"name","returnType":"String!","startOffset":31937564,"duration":4526},{"path":["sensors",31,"unitType"],"parentType":"Sensor","fieldName":"unitType","returnType":"UnitType","startOffset":31943997,"duration":2332},{"path":["sensors",31,"reading"],"parentType":"Sensor","fieldName":"reading","returnType":"SensorReading","startOffset":31948865,"duration":8209},{"path":["sensors",31,"hasAnomaly"],"parentType":"Sensor","fieldName":"hasAnomaly","returnType":"Boolean","startOffset":31959442,"duration":4318},{"path":["sensors",32,"_id"],"parentType":"Sensor","fieldName":"_id","returnType":"ID!","startOffset":31968991,"duration":2722},{"path":["sensors",32,"identifier"],"parentType":"Sensor","fieldName":"identifier","returnType":"String!","startOffset":31976334,"duration":2561},{"path":["sensors",32,"name"],"parentType":"Sensor","fieldName":"name","returnType":"String!","startOffset":31981579,"duration":4387},{"path":["sensors",32,"unitType"],"parentType":"Sensor","fieldName":"unitType","returnType":"UnitType","startOffset":31987862,"duration":2374},{"path":["sensors",32,"reading"],"parentType":"Sensor","fieldName":"reading","returnType":"SensorReading","startOffset":31993500,"duration":5069},{"path":["sensors",32,"reading","timestamp"],"parentType":"SensorReading","fieldName":"timestamp","returnType":"String!","startOffset":32002052,"duration":2589},{"path":["sensors",32,"reading","value"],"parentType":"SensorReading","fieldName":"value","returnType":"Float!","startOffset":32006501,"duration":5129},{"path":["sensors",32,"reading","unitType"],"parentType":"SensorReading","fieldName":"unitType","returnType":"UnitType!","startOffset":32013678,"duration":2473},{"path":["sensors",32,"hasAnomaly"],"parentType":"Sensor","fieldName":"hasAnomaly","returnType":"Boolean","startOffset":32020605,"duration":2411},{"path":["sensors",33,"_id"],"parentType":"Sensor","fieldName":"_id","returnType":"ID!","startOffset":32028005,"duration":4511},{"path":["sensors",33,"identifier"],"parentType":"Sensor","fieldName":"identifier","returnType":"String!","startOffset":32034498,"duration":2403},{"path":["sensors",33,"name"],"parentType":"Sensor","fieldName":"name","returnType":"String!","startOffset":32038773,"duration":4244},{"path":["sensors",33,"unitType"],"parentType":"Sensor","fieldName":"unitType","returnType":"UnitType","startOffset":32044951,"duration":2314},{"path":["sensors",33,"reading"],"parentType":"Sensor","fieldName":"reading","returnType":"SensorReading","startOffset":32049859,"duration":5177},{"path":["sensors",33,"reading","timestamp"],"parentType":"SensorReading","fieldName":"timestamp","returnType":"String!","startOffset":32059276,"duration":2702},{"path":["sensors",33,"reading","value"],"parentType":"SensorReading","fieldName":"value","returnType":"Float!","startOffset":32066132,"duration":2621},{"path":["sensors",33,"reading","unitType"],"parentType":"SensorReading","fieldName":"unitType","returnType":"UnitType!","startOffset":32071275,"duration":2616},{"path":["sensors",33,"hasAnomaly"],"parentType":"Sensor","fieldName":"hasAnomaly","returnType":"Boolean","startOffset":32078217,"duration":2504},{"path":["sensors",34,"_id"],"parentType":"Sensor","fieldName":"_id","returnType":"ID!","startOffset":32085700,"duration":4530},{"path":["sensors",34,"identifier"],"parentType":"Sensor","fieldName":"identifier","returnType":"String!","startOffset":32092282,"duration":2395},{"path":["sensors",34,"name"],"parentType":"Sensor","fieldName":"name","returnType":"String!","startOffset":32097404,"duration":4385},{"path":["sensors",34,"unitType"],"parentType":"Sensor","fieldName":"unitType","returnType":"UnitType","startOffset":32103701,"duration":2312},{"path":["sensors",34,"reading"],"parentType":"Sensor","fieldName":"reading","returnType":"SensorReading","startOffset":32110603,"duration":3352},{"path":["sensors",34,"reading","timestamp"],"parentType":"SensorReading","fieldName":"timestamp","returnType":"String!","startOffset":32117503,"duration":2615},{"path":["sensors",34,"reading","value"],"parentType":"SensorReading","fieldName":"value","returnType":"Float!","startOffset":32123993,"duration":2557},{"path":["sensors",34,"reading","unitType"],"parentType":"SensorReading","fieldName":"unitType","returnType":"UnitType!","startOffset":32128988,"duration":15980},{"path":["sensors",34,"hasAnomaly"],"parentType":"Sensor","fieldName":"hasAnomaly","returnType":"Boolean","startOffset":32150020,"duration":2432},{"path":["sensors",35,"_id"],"parentType":"Sensor","fieldName":"_id","returnType":"ID!","startOffset":32158236,"duration":4933},{"path":["sensors",35,"identifier"],"parentType":"Sensor","fieldName":"identifier","returnType":"String!","startOffset":32165369,"duration":2454},{"path":["sensors",35,"name"],"parentType":"Sensor","fieldName":"name","returnType":"String!","startOffset":32171600,"duration":2437},{"path":["sensors",35,"unitType"],"parentType":"Sensor","fieldName":"unitType","returnType":"UnitType","startOffset":32176591,"duration":2472},{"path":["sensors",35,"reading"],"parentType":"Sensor","fieldName":"reading","returnType":"SensorReading","startOffset":32183637,"duration":3106},{"path":["sensors",35,"reading","timestamp"],"parentType":"SensorReading","fieldName":"timestamp","returnType":"String!","startOffset":32190749,"duration":4506},{"path":["sensors",35,"reading","value"],"parentType":"SensorReading","fieldName":"value","returnType":"Float!","startOffset":32197081,"duration":2556},{"path":["sensors",35,"reading","unitType"],"parentType":"SensorReading","fieldName":"unitType","returnType":"UnitType!","startOffset":32202198,"duration":4553},{"path":["sensors",35,"hasAnomaly"],"parentType":"Sensor","fieldName":"hasAnomaly","returnType":"Boolean","startOffset":32209193,"duration":2335},{"path":["sensors",36,"_id"],"parentType":"Sensor","fieldName":"_id","returnType":"ID!","startOffset":32219240,"duration":2650},{"path":["sensors",36,"identifier"],"parentType":"Sensor","fieldName":"identifier","returnType":"String!","startOffset":32224363,"duration":2949},{"path":["sensors",36,"name"],"parentType":"Sensor","fieldName":"name","returnType":"String!","startOffset":32231353,"duration":2417},{"path":["sensors",36,"unitType"],"parentType":"Sensor","fieldName":"unitType","returnType":"UnitType","startOffset":32235623,"duration":2341},{"path":["sensors",36,"reading"],"parentType":"Sensor","fieldName":"reading","returnType":"SensorReading","startOffset":32242978,"duration":3159},{"path":["sensors",36,"reading","timestamp"],"parentType":"SensorReading","fieldName":"timestamp","returnType":"String!","startOffset":32249547,"duration":4697},{"path":["sensors",36,"reading","value"],"parentType":"SensorReading","fieldName":"value","returnType":"Float!","startOffset":32256650,"duration":2658},{"path":["sensors",36,"reading","unitType"],"parentType":"SensorReading","fieldName":"unitType","returnType":"UnitType!","startOffset":32261253,"duration":4934},{"path":["sensors",36,"hasAnomaly"],"parentType":"Sensor","fieldName":"hasAnomaly","returnType":"Boolean","startOffset":32268557,"duration":2389},{"path":["sensors",37,"_id"],"parentType":"Sensor","fieldName":"_id","returnType":"ID!","startOffset":32278700,"duration":2798},{"path":["sensors",37,"identifier"],"parentType":"Sensor","fieldName":"identifier","returnType":"String!","startOffset":32283553,"duration":4214},{"path":["sensors",37,"name"],"parentType":"Sensor","fieldName":"name","returnType":"String!","startOffset":32289693,"duration":2398},{"path":["sensors",37,"unitType"],"parentType":"Sensor","fieldName":"unitType","returnType":"UnitType","startOffset":32293919,"duration":4175},{"path":["sensors",37,"reading"],"parentType":"Sensor","fieldName":"reading","returnType":"SensorReading","startOffset":32301193,"duration":3018},{"path":["sensors",37,"reading","timestamp"],"parentType":"SensorReading","fieldName":"timestamp","returnType":"String!","startOffset":32307653,"duration":4535},{"path":["sensors",37,"reading","value"],"parentType":"SensorReading","fieldName":"value","returnType":"Float!","startOffset":32314550,"duration":2878},{"path":["sensors",37,"reading","unitType"],"parentType":"SensorReading","fieldName":"unitType","returnType":"UnitType!","startOffset":32321755,"duration":2526},{"path":["sensors",37,"hasAnomaly"],"parentType":"Sensor","fieldName":"hasAnomaly","returnType":"Boolean","startOffset":32335114,"duration":2553},{"path":["sensors",38,"_id"],"parentType":"Sensor","fieldName":"_id","returnType":"ID!","startOffset":32345823,"duration":3944},{"path":["sensors",38,"identifier"],"parentType":"Sensor","fieldName":"identifier","returnType":"String!","startOffset":32351800,"duration":4643},{"path":["sensors",38,"name"],"parentType":"Sensor","fieldName":"name","returnType":"String!","startOffset":32358380,"duration":2432},{"path":["sensors",38,"unitType"],"parentType":"Sensor","fieldName":"unitType","returnType":"UnitType","startOffset":32362653,"duration":4202},{"path":["sensors",38,"reading"],"parentType":"Sensor","fieldName":"reading","returnType":"SensorReading","startOffset":32369364,"duration":3041},{"path":["sensors",38,"reading","timestamp"],"parentType":"SensorReading","fieldName":"timestamp","returnType":"String!","startOffset":32377842,"duration":3617},{"path":["sensors",38,"reading","value"],"parentType":"SensorReading","fieldName":"value","returnType":"Float!","startOffset":32383573,"duration":2674},{"path":["sensors",38,"reading","unitType"],"parentType":"SensorReading","fieldName":"unitType","returnType":"UnitType!","startOffset":32391292,"duration":2577},{"path":["sensors",38,"hasAnomaly"],"parentType":"Sensor","fieldName":"hasAnomaly","returnType":"Boolean","startOffset":32396581,"duration":3005},{"path":["sensors",39,"_id"],"parentType":"Sensor","fieldName":"_id","returnType":"ID!","startOffset":32413839,"duration":562254},{"path":["sensors",39,"identifier"],"parentType":"Sensor","fieldName":"identifier","returnType":"String!","startOffset":32989208,"duration":12098},{"path":["sensors",39,"name"],"parentType":"Sensor","fieldName":"name","returnType":"String!","startOffset":33004491,"duration":3291},{"path":["sensors",39,"unitType"],"parentType":"Sensor","fieldName":"unitType","returnType":"UnitType","startOffset":33010249,"duration":9237},{"path":["sensors",39,"reading"],"parentType":"Sensor","fieldName":"reading","returnType":"SensorReading","startOffset":33024248,"duration":6224},{"path":["sensors",39,"reading","timestamp"],"parentType":"SensorReading","fieldName":"timestamp","returnType":"String!","startOffset":33041737,"duration":3165},{"path":["sensors",39,"reading","value"],"parentType":"SensorReading","fieldName":"value","returnType":"Float!","startOffset":33047168,"duration":4676},{"path":["sensors",39,"reading","unitType"],"parentType":"SensorReading","fieldName":"unitType","returnType":"UnitType!","startOffset":33056293,"duration":2914},{"path":["sensors",39,"hasAnomaly"],"parentType":"Sensor","fieldName":"hasAnomaly","returnType":"Boolean","startOffset":33062434,"duration":5185},{"path":["sensors",40,"_id"],"parentType":"Sensor","fieldName":"_id","returnType":"ID!","startOffset":33076650,"duration":3079},{"path":["sensors",40,"identifier"],"parentType":"Sensor","fieldName":"identifier","returnType":"String!","startOffset":34303772,"duration":20202},{"path":["sensors",40,"name"],"parentType":"Sensor","fieldName":"name","returnType":"String!","startOffset":34336102,"duration":4359},{"path":["sensors",40,"unitType"],"parentType":"Sensor","fieldName":"unitType","returnType":"UnitType","startOffset":34343719,"duration":4933},{"path":["sensors",40,"reading"],"parentType":"Sensor","fieldName":"reading","returnType":"SensorReading","startOffset":34353967,"duration":7856},{"path":["sensors",40,"reading","timestamp"],"parentType":"SensorReading","fieldName":"timestamp","returnType":"String!","startOffset":34371704,"duration":4248},{"path":["sensors",40,"reading","value"],"parentType":"SensorReading","fieldName":"value","returnType":"Float!","startOffset":34378359,"duration":3436},{"path":["sensors",40,"reading","unitType"],"parentType":"SensorReading","fieldName":"unitType","returnType":"UnitType!","startOffset":34384604,"duration":2824},{"path":["sensors",40,"hasAnomaly"],"parentType":"Sensor","fieldName":"hasAnomaly","returnType":"Boolean","startOffset":34390719,"duration":3117},{"path":["sensors",41,"_id"],"parentType":"Sensor","fieldName":"_id","returnType":"ID!","startOffset":34403580,"duration":3198},{"path":["sensors",41,"identifier"],"parentType":"Sensor","fieldName":"identifier","returnType":"String!","startOffset":34409833,"duration":2538},{"path":["sensors",41,"name"],"parentType":"Sensor","fieldName":"name","returnType":"String!","startOffset":34414528,"duration":2554},{"path":["sensors",41,"unitType"],"parentType":"Sensor","fieldName":"unitType","returnType":"UnitType","startOffset":34419017,"duration":2457},{"path":["sensors",41,"reading"],"parentType":"Sensor","fieldName":"reading","returnType":"SensorReading","startOffset":34424394,"duration":3413},{"path":["sensors",41,"reading","timestamp"],"parentType":"SensorReading","fieldName":"timestamp","returnType":"String!","startOffset":34431861,"duration":2712},{"path":["sensors",41,"reading","value"],"parentType":"SensorReading","fieldName":"value","returnType":"Float!","startOffset":34436519,"duration":2606},{"path":["sensors",41,"reading","unitType"],"parentType":"SensorReading","fieldName":"unitType","returnType":"UnitType!","startOffset":34441873,"duration":2620},{"path":["sensors",41,"hasAnomaly"],"parentType":"Sensor","fieldName":"hasAnomaly","returnType":"Boolean","startOffset":34447311,"duration":2558},{"path":["sensors",42,"_id"],"parentType":"Sensor","fieldName":"_id","returnType":"ID!","startOffset":34455303,"duration":2799},{"path":["sensors",42,"identifier"],"parentType":"Sensor","fieldName":"identifier","returnType":"String!","startOffset":34460188,"duration":2706},{"path":["sensors",42,"name"],"parentType":"Sensor","fieldName":"name","returnType":"String!","startOffset":34464929,"duration":2498},{"path":["sensors",42,"unitType"],"parentType":"Sensor","fieldName":"unitType","returnType":"UnitType","startOffset":34469507,"duration":2484},{"path":["sensors",42,"reading"],"parentType":"Sensor","fieldName":"reading","returnType":"SensorReading","startOffset":34474576,"duration":3054},{"path":["sensors",42,"reading","timestamp"],"parentType":"SensorReading","fieldName":"timestamp","returnType":"String!","startOffset":34481167,"duration":2623},{"path":["sensors",42,"reading","value"],"parentType":"SensorReading","fieldName":"value","returnType":"Float!","startOffset":34485651,"duration":2656},{"path":["sensors",42,"reading","unitType"],"parentType":"SensorReading","fieldName":"unitType","returnType":"UnitType!","startOffset":34490438,"duration":2621},{"path":["sensors",42,"hasAnomaly"],"parentType":"Sensor","fieldName":"hasAnomaly","returnType":"Boolean","startOffset":34496232,"duration":2639},{"path":["sensors",43,"_id"],"parentType":"Sensor","fieldName":"_id","returnType":"ID!","startOffset":34504297,"duration":2651},{"path":["sensors",43,"identifier"],"parentType":"Sensor","fieldName":"identifier","returnType":"String!","startOffset":34508956,"duration":2518},{"path":["sensors",43,"name"],"parentType":"Sensor","fieldName":"name","returnType":"String!","startOffset":34514399,"duration":2455},{"path":["sensors",43,"unitType"],"parentType":"Sensor","fieldName":"unitType","returnType":"UnitType","startOffset":34518830,"duration":2452},{"path":["sensors",43,"reading"],"parentType":"Sensor","fieldName":"reading","returnType":"SensorReading","startOffset":34523965,"duration":2988},{"path":["sensors",43,"reading","timestamp"],"parentType":"SensorReading","fieldName":"timestamp","returnType":"String!","startOffset":34530498,"duration":2568},{"path":["sensors",43,"reading","value"],"parentType":"SensorReading","fieldName":"value","returnType":"Float!",""
4867 [main] DEBUG org.apache.http.wire  -  << "":"hasAnomaly","returnType":"Boolean","startOffset":31918956,"duration":2411},{"path":["sensors",31,"_id"],"parentType":"Sensor","fieldName":"_id","returnType":"ID!","startOffset":31926597,"duration":4577},{"path":["sensors",31,"identifier"],"parentType":"Sensor","fieldName":"identifier","returnType":"String!","startOffset":31933334,"duration":2370},{"path":["sensors",31,"name"],"parentType":"Sensor","fieldName":"name","returnType":"String!","startOffset":31937564,"duration":4526},{"path":["sensors",31,"unitType"],"parentType":"Sensor","fieldName":"unitType","returnType":"UnitType","startOffset":31943997,"duration":2332},{"path":["sensors",31,"reading"],"parentType":"Sensor","fieldName":"reading","returnType":"SensorReading","startOffset":31948865,"duration":8209},{"path":["sensors",31,"hasAnomaly"],"parentType":"Sensor","fieldName":"hasAnomaly","returnType":"Boolean","startOffset":31959442,"duration":4318},{"path":["sensors",32,"_id"],"parentType":"Sensor","fieldName":"_id","returnType":"ID!","startOffset":31968991,"duration":2722},{"path":["sensors",32,"identifier"],"parentType":"Sensor","fieldName":"identifier","returnType":"String!","startOffset":31976334,"duration":2561},{"path":["sensors",32,"name"],"parentType":"Sensor","fieldName":"name","returnType":"String!","startOffset":31981579,"duration":4387},{"path":["sensors",32,"unitType"],"parentType":"Sensor","fieldName":"unitType","returnType":"UnitType","startOffset":31987862,"duration":2374},{"path":["sensors",32,"reading"],"parentType":"Sensor","fieldName":"reading","returnType":"SensorReading","startOffset":31993500,"duration":5069},{"path":["sensors",32,"reading","timestamp"],"parentType":"SensorReading","fieldName":"timestamp","returnType":"String!","startOffset":32002052,"duration":2589},{"path":["sensors",32,"reading","value"],"parentType":"SensorReading","fieldName":"value","returnType":"Float!","startOffset":32006501,"duration":5129},{"path":["sensors",32,"reading","unitType"],"parentType":"SensorReading","fieldName":"unitType","returnType":"UnitType!","startOffset":32013678,"duration":2473},{"path":["sensors",32,"hasAnomaly"],"parentType":"Sensor","fieldName":"hasAnomaly","returnType":"Boolean","startOffset":32020605,"duration":2411},{"path":["sensors",33,"_id"],"parentType":"Sensor","fieldName":"_id","returnType":"ID!","startOffset":32028005,"duration":4511},{"path":["sensors",33,"identifier"],"parentType":"Sensor","fieldName":"identifier","returnType":"String!","startOffset":32034498,"duration":2403},{"path":["sensors",33,"name"],"parentType":"Sensor","fieldName":"name","returnType":"String!","startOffset":32038773,"duration":4244},{"path":["sensors",33,"unitType"],"parentType":"Sensor","fieldName":"unitType","returnType":"UnitType","startOffset":32044951,"duration":2314},{"path":["sensors",33,"reading"],"parentType":"Sensor","fieldName":"reading","returnType":"SensorReading","startOffset":32049859,"duration":5177},{"path":["sensors",33,"reading","timestamp"],"parentType":"SensorReading","fieldName":"timestamp","returnType":"String!","startOffset":32059276,"duration":2702},{"path":["sensors",33,"reading","value"],"parentType":"SensorReading","fieldName":"value","returnType":"Float!","startOffset":32066132,"duration":2621},{"path":["sensors",33,"reading","unitType"],"parentType":"SensorReading","fieldName":"unitType","returnType":"UnitType!","startOffset":32071275,"duration":2616},{"path":["sensors",33,"hasAnomaly"],"parentType":"Sensor","fieldName":"hasAnomaly","returnType":"Boolean","startOffset":32078217,"duration":2504},{"path":["sensors",34,"_id"],"parentType":"Sensor","fieldName":"_id","returnType":"ID!","startOffset":32085700,"duration":4530},{"path":["sensors",34,"identifier"],"parentType":"Sensor","fieldName":"identifier","returnType":"String!","startOffset":32092282,"duration":2395},{"path":["sensors",34,"name"],"parentType":"Sensor","fieldName":"name","returnType":"String!","startOffset":32097404,"duration":4385},{"path":["sensors",34,"unitType"],"parentType":"Sensor","fieldName":"unitType","returnType":"UnitType","startOffset":32103701,"duration":2312},{"path":["sensors",34,"reading"],"parentType":"Sensor","fieldName":"reading","returnType":"SensorReading","startOffset":32110603,"duration":3352},{"path":["sensors",34,"reading","timestamp"],"parentType":"SensorReading","fieldName":"timestamp","returnType":"String!","startOffset":32117503,"duration":2615},{"path":["sensors",34,"reading","value"],"parentType":"SensorReading","fieldName":"value","returnType":"Float!","startOffset":32123993,"duration":2557},{"path":["sensors",34,"reading","unitType"],"parentType":"SensorReading","fieldName":"unitType","returnType":"UnitType!","startOffset":32128988,"duration":15980},{"path":["sensors",34,"hasAnomaly"],"parentType":"Sensor","fieldName":"hasAnomaly","returnType":"Boolean","startOffset":32150020,"duration":2432},{"path":["sensors",35,"_id"],"parentType":"Sensor","fieldName":"_id","returnType":"ID!","startOffset":32158236,"duration":4933},{"path":["sensors",35,"identifier"],"parentType":"Sensor","fieldName":"identifier","returnType":"String!","startOffset":32165369,"duration":2454},{"path":["sensors",35,"name"],"parentType":"Sensor","fieldName":"name","returnType":"String!","startOffset":32171600,"duration":2437},{"path":["sensors",35,"unitType"],"parentType":"Sensor","fieldName":"unitType","returnType":"UnitType","startOffset":32176591,"duration":2472},{"path":["sensors",35,"reading"],"parentType":"Sensor","fieldName":"reading","returnType":"SensorReading","startOffset":32183637,"duration":3106},{"path":["sensors",35,"reading","timestamp"],"parentType":"SensorReading","fieldName":"timestamp","returnType":"String!","startOffset":32190749,"duration":4506},{"path":["sensors",35,"reading","value"],"parentType":"SensorReading","fieldName":"value","returnType":"Float!","startOffset":32197081,"duration":2556},{"path":["sensors",35,"reading","unitType"],"parentType":"SensorReading","fieldName":"unitType","returnType":"UnitType!","startOffset":32202198,"duration":4553},{"path":["sensors",35,"hasAnomaly"],"parentType":"Sensor","fieldName":"hasAnomaly","returnType":"Boolean","startOffset":32209193,"duration":2335},{"path":["sensors",36,"_id"],"parentType":"Sensor","fieldName":"_id","returnType":"ID!","startOffset":32219240,"duration":2650},{"path":["sensors",36,"identifier"],"parentType":"Sensor","fieldName":"identifier","returnType":"String!","startOffset":32224363,"duration":2949},{"path":["sensors",36,"name"],"parentType":"Sensor","fieldName":"name","returnType":"String!","startOffset":32231353,"duration":2417},{"path":["sensors",36,"unitType"],"parentType":"Sensor","fieldName":"unitType","returnType":"UnitType","startOffset":32235623,"duration":2341},{"path":["sensors",36,"reading"],"parentType":"Sensor","fieldName":"reading","returnType":"SensorReading","startOffset":32242978,"duration":3159},{"path":["sensors",36,"reading","timestamp"],"parentType":"SensorReading","fieldName":"timestamp","returnType":"String!","startOffset":32249547,"duration":4697},{"path":["sensors",36,"reading","value"],"parentType":"SensorReading","fieldName":"value","returnType":"Float!","startOffset":32256650,"duration":2658},{"path":["sensors",36,"reading","unitType"],"parentType":"SensorReading","fieldName":"unitType","returnType":"UnitType!","startOffset":32261253,"duration":4934},{"path":["sensors",36,"hasAnomaly"],"parentType":"Sensor","fieldName":"hasAnomaly","returnType":"Boolean","startOffset":32268557,"duration":2389},{"path":["sensors",37,"_id"],"parentType":"Sensor","fieldName":"_id","returnType":"ID!","startOffset":32278700,"duration":2798},{"path":["sensors",37,"identifier"],"parentType":"Sensor","fieldName":"identifier","returnType":"String!","startOffset":32283553,"duration":4214},{"path":["sensors",37,"name"],"parentType":"Sensor","fieldName":"name","returnType":"String!","startOffset":32289693,"duration":2398},{"path":["sensors",37,"unitType"],"parentType":"Sensor","fieldName":"unitType","returnType":"UnitType","startOffset":32293919,"duration":4175},{"path":["sensors",37,"reading"],"parentType":"Sensor","fieldName":"reading","returnType":"SensorReading","startOffset":32301193,"duration":3018},{"path":["sensors",37,"reading","timestamp"],"parentType":"SensorReading","fieldName":"timestamp","returnType":"String!","startOffset":32307653,"duration":4535},{"path":["sensors",37,"reading","value"],"parentType":"SensorReading","fieldName":"value","returnType":"Float!","startOffset":32314550,"duration":2878},{"path":["sensors",37,"reading","unitType"],"parentType":"SensorReading","fieldName":"unitType","returnType":"UnitType!","startOffset":32321755,"duration":2526},{"path":["sensors",37,"hasAnomaly"],"parentType":"Sensor","fieldName":"hasAnomaly","returnType":"Boolean","startOffset":32335114,"duration":2553},{"path":["sensors",38,"_id"],"parentType":"Sensor","fieldName":"_id","returnType":"ID!","startOffset":32345823,"duration":3944},{"path":["sensors",38,"identifier"],"parentType":"Sensor","fieldName":"identifier","returnType":"String!","startOffset":32351800,"duration":4643},{"path":["sensors",38,"name"],"parentType":"Sensor","fieldName":"name","returnType":"String!","startOffset":32358380,"duration":2432},{"path":["sensors",38,"unitType"],"parentType":"Sensor","fieldName":"unitType","returnType":"UnitType","startOffset":32362653,"duration":4202},{"path":["sensors",38,"reading"],"parentType":"Sensor","fieldName":"reading","returnType":"SensorReading","startOffset":32369364,"duration":3041},{"path":["sensors",38,"reading","timestamp"],"parentType":"SensorReading","fieldName":"timestamp","returnType":"String!","startOffset":32377842,"duration":3617},{"path":["sensors",38,"reading","value"],"parentType":"SensorReading","fieldName":"value","returnType":"Float!","startOffset":32383573,"duration":2674},{"path":["sensors",38,"reading","unitType"],"parentType":"SensorReading","fieldName":"unitType","returnType":"UnitType!","startOffset":32391292,"duration":2577},{"path":["sensors",38,"hasAnomaly"],"parentType":"Sensor","fieldName":"hasAnomaly","returnType":"Boolean","startOffset":32396581,"duration":3005},{"path":["sensors",39,"_id"],"parentType":"Sensor","fieldName":"_id","returnType":"ID!","startOffset":32413839,"duration":562254},{"path":["sensors",39,"identifier"],"parentType":"Sensor","fieldName":"identifier","returnType":"String!","startOffset":32989208,"duration":12098},{"path":["sensors",39,"name"],"parentType":"Sensor","fieldName":"name","returnType":"String!","startOffset":33004491,"duration":3291},{"path":["sensors",39,"unitType"],"parentType":"Sensor","fieldName":"unitType","returnType":"UnitType","startOffset":33010249,"duration":9237},{"path":["sensors",39,"reading"],"parentType":"Sensor","fieldName":"reading","returnType":"SensorReading","startOffset":33024248,"duration":6224},{"path":["sensors",39,"reading","timestamp"],"parentType":"SensorReading","fieldName":"timestamp","returnType":"String!","startOffset":33041737,"duration":3165},{"path":["sensors",39,"reading","value"],"parentType":"SensorReading","fieldName":"value","returnType":"Float!","startOffset":33047168,"duration":4676},{"path":["sensors",39,"reading","unitType"],"parentType":"SensorReading","fieldName":"unitType","returnType":"UnitType!","startOffset":33056293,"duration":2914},{"path":["sensors",39,"hasAnomaly"],"parentType":"Sensor","fieldName":"hasAnomaly","returnType":"Boolean","startOffset":33062434,"duration":5185},{"path":["sensors",40,"_id"],"parentType":"Sensor","fieldName":"_id","returnType":"ID!","startOffset":33076650,"duration":3079},{"path":["sensors",40,"identifier"],"parentType":"Sensor","fieldName":"identifier","returnType":"String!","startOffset":34303772,"duration":20202},{"path":["sensors",40,"name"],"parentType":"Sensor","fieldName":"name","returnType":"String!","startOffset":34336102,"duration":4359},{"path":["sensors",40,"unitType"],"parentType":"Sensor","fieldName":"unitType","returnType":"UnitType","startOffset":34343719,"duration":4933},{"path":["sensors",40,"reading"],"parentType":"Sensor","fieldName":"reading","returnType":"SensorReading","startOffset":34353967,"duration":7856},{"path":["sensors",40,"reading","timestamp"],"parentType":"SensorReading","fieldName":"timestamp","returnType":"String!","startOffset":34371704,"duration":4248},{"path":["sensors",40,"reading","value"],"parentType":"SensorReading","fieldName":"value","returnType":"Float!","startOffset":34378359,"duration":3436},{"path":["sensors",40,"reading","unitType"],"parentType":"SensorReading","fieldName":"unitType","returnType":"UnitType!","startOffset":34384604,"duration":2824},{"path":["sensors",40,"hasAnomaly"],"parentType":"Sensor","fieldName":"hasAnomaly","returnType":"Boolean","startOffset":34390719,"duration":3117},{"path":["sensors",41,"_id"],"parentType":"Sensor","fieldName":"_id","returnType":"ID!","startOffset":34403580,"duration":3198},{"path":["sensors",41,"identifier"],"parentType":"Sensor","fieldName":"identifier","returnType":"String!","startOffset":34409833,"duration":2538},{"path":["sensors",41,"name"],"parentType":"Sensor","fieldName":"name","returnType":"String!","startOffset":34414528,"duration":2554},{"path":["sensors",41,"unitType"],"parentType":"Sensor","fieldName":"unitType","returnType":"UnitType","startOffset":34419017,"duration":2457},{"path":["sensors",41,"reading"],"parentType":"Sensor","fieldName":"reading","returnType":"SensorReading","startOffset":34424394,"duration":3413},{"path":["sensors",41,"reading","timestamp"],"parentType":"SensorReading","fieldName":"timestamp","returnType":"String!","startOffset":34431861,"duration":2712},{"path":["sensors",41,"reading","value"],"parentType":"SensorReading","fieldName":"value","returnType":"Float!","startOffset":34436519,"duration":2606},{"path":["sensors",41,"reading","unitType"],"parentType":"SensorReading","fieldName":"unitType","returnType":"UnitType!","startOffset":34441873,"duration":2620},{"path":["sensors",41,"hasAnomaly"],"parentType":"Sensor","fieldName":"hasAnomaly","returnType":"Boolean","startOffset":34447311,"duration":2558},{"path":["sensors",42,"_id"],"parentType":"Sensor","fieldName":"_id","returnType":"ID!","startOffset":34455303,"duration":2799},{"path":["sensors",42,"identifier"],"parentType":"Sensor","fieldName":"identifier","returnType":"String!","startOffset":34460188,"duration":2706},{"path":["sensors",42,"name"],"parentType":"Sensor","fieldName":"name","returnType":"String!","startOffset":34464929,"duration":2498},{"path":["sensors",42,"unitType"],"parentType":"Sensor","fieldName":"unitType","returnType":"UnitType","startOffset":34469507,"duration":2484},{"path":["sensors",42,"reading"],"parentType":"Sensor","fieldName":"reading","returnType":"SensorReading","startOffset":34474576,"duration":3054},{"path":["sensors",42,"reading","timestamp"],"parentType":"SensorReading","fieldName":"timestamp","returnType":"String!","startOffset":34481167,"duration":2623},{"path":["sensors",42,"reading","value"],"parentType":"SensorReading","fieldName":"value","returnType":"Float!","startOffset":34485651,"duration":2656},{"path":["sensors",42,"reading","unitType"],"parentType":"SensorReading","fieldName":"unitType","returnType":"UnitType!","startOffset":34490438,"duration":2621},{"path":["sensors",42,"hasAnomaly"],"parentType":"Sensor","fieldName":"hasAnomaly","returnType":"Boolean","startOffset":34496232,"duration":2639},{"path":["sensors",43,"_id"],"parentType":"Sensor","fieldName":"_id","returnType":"ID!","startOffset":34504297,"duration":2651},{"path":["sensors",43,"identifier"],"parentType":"Sensor","fieldName":"identifier","returnType":"String!","startOffset":34508956,"duration":2518},{"path":["sensors",43,"name"],"parentType":"Sensor","fieldName":"name","returnType":"String!","startOffset":34514399,"duration":2455},{"path":["sensors",43,"unitType"],"parentType":"Sensor","fieldName":"unitType","returnType":"UnitType","startOffset":34518830,"duration":2452},{"path":["sensors",43,"reading"],"parentType":"Sensor","fieldName":"reading","returnType":"SensorReading","startOffset":34523965,"duration":2988},{"path":["sensors",43,"reading","timestamp"],"parentType":"SensorReading","fieldName":"timestamp","returnType":"String!","startOffset":34530498,"duration":2568},{"path":["sensors",43,"reading","value"],"parentType":"SensorReading","fieldName":"value","returnType":"Float!",""
4867 [main] DEBUG org.apache.http.wire  -  << "":"hasAnomaly","returnType":"Boolean","startOffset":31918956,"duration":2411},{"path":["sensors",31,"_id"],"parentType":"Sensor","fieldName":"_id","returnType":"ID!","startOffset":31926597,"duration":4577},{"path":["sensors",31,"identifier"],"parentType":"Sensor","fieldName":"identifier","returnType":"String!","startOffset":31933334,"duration":2370},{"path":["sensors",31,"name"],"parentType":"Sensor","fieldName":"name","returnType":"String!","startOffset":31937564,"duration":4526},{"path":["sensors",31,"unitType"],"parentType":"Sensor","fieldName":"unitType","returnType":"UnitType","startOffset":31943997,"duration":2332},{"path":["sensors",31,"reading"],"parentType":"Sensor","fieldName":"reading","returnType":"SensorReading","startOffset":31948865,"duration":8209},{"path":["sensors",31,"hasAnomaly"],"parentType":"Sensor","fieldName":"hasAnomaly","returnType":"Boolean","startOffset":31959442,"duration":4318},{"path":["sensors",32,"_id"],"parentType":"Sensor","fieldName":"_id","returnType":"ID!","startOffset":31968991,"duration":2722},{"path":["sensors",32,"identifier"],"parentType":"Sensor","fieldName":"identifier","returnType":"String!","startOffset":31976334,"duration":2561},{"path":["sensors",32,"name"],"parentType":"Sensor","fieldName":"name","returnType":"String!","startOffset":31981579,"duration":4387},{"path":["sensors",32,"unitType"],"parentType":"Sensor","fieldName":"unitType","returnType":"UnitType","startOffset":31987862,"duration":2374},{"path":["sensors",32,"reading"],"parentType":"Sensor","fieldName":"reading","returnType":"SensorReading","startOffset":31993500,"duration":5069},{"path":["sensors",32,"reading","timestamp"],"parentType":"SensorReading","fieldName":"timestamp","returnType":"String!","startOffset":32002052,"duration":2589},{"path":["sensors",32,"reading","value"],"parentType":"SensorReading","fieldName":"value","returnType":"Float!","startOffset":32006501,"duration":5129},{"path":["sensors",32,"reading","unitType"],"parentType":"SensorReading","fieldName":"unitType","returnType":"UnitType!","startOffset":32013678,"duration":2473},{"path":["sensors",32,"hasAnomaly"],"parentType":"Sensor","fieldName":"hasAnomaly","returnType":"Boolean","startOffset":32020605,"duration":2411},{"path":["sensors",33,"_id"],"parentType":"Sensor","fieldName":"_id","returnType":"ID!","startOffset":32028005,"duration":4511},{"path":["sensors",33,"identifier"],"parentType":"Sensor","fieldName":"identifier","returnType":"String!","startOffset":32034498,"duration":2403},{"path":["sensors",33,"name"],"parentType":"Sensor","fieldName":"name","returnType":"String!","startOffset":32038773,"duration":4244},{"path":["sensors",33,"unitType"],"parentType":"Sensor","fieldName":"unitType","returnType":"UnitType","startOffset":32044951,"duration":2314},{"path":["sensors",33,"reading"],"parentType":"Sensor","fieldName":"reading","returnType":"SensorReading","startOffset":32049859,"duration":5177},{"path":["sensors",33,"reading","timestamp"],"parentType":"SensorReading","fieldName":"timestamp","returnType":"String!","startOffset":32059276,"duration":2702},{"path":["sensors",33,"reading","value"],"parentType":"SensorReading","fieldName":"value","returnType":"Float!","startOffset":32066132,"duration":2621},{"path":["sensors",33,"reading","unitType"],"parentType":"SensorReading","fieldName":"unitType","returnType":"UnitType!","startOffset":32071275,"duration":2616},{"path":["sensors",33,"hasAnomaly"],"parentType":"Sensor","fieldName":"hasAnomaly","returnType":"Boolean","startOffset":32078217,"duration":2504},{"path":["sensors",34,"_id"],"parentType":"Sensor","fieldName":"_id","returnType":"ID!","startOffset":32085700,"duration":4530},{"path":["sensors",34,"identifier"],"parentType":"Sensor","fieldName":"identifier","returnType":"String!","startOffset":32092282,"duration":2395},{"path":["sensors",34,"name"],"parentType":"Sensor","fieldName":"name","returnType":"String!","startOffset":32097404,"duration":4385},{"path":["sensors",34,"unitType"],"parentType":"Sensor","fieldName":"unitType","returnType":"UnitType","startOffset":32103701,"duration":2312},{"path":["sensors",34,"reading"],"parentType":"Sensor","fieldName":"reading","returnType":"SensorReading","startOffset":32110603,"duration":3352},{"path":["sensors",34,"reading","timestamp"],"parentType":"SensorReading","fieldName":"timestamp","returnType":"String!","startOffset":32117503,"duration":2615},{"path":["sensors",34,"reading","value"],"parentType":"SensorReading","fieldName":"value","returnType":"Float!","startOffset":32123993,"duration":2557},{"path":["sensors",34,"reading","unitType"],"parentType":"SensorReading","fieldName":"unitType","returnType":"UnitType!","startOffset":32128988,"duration":15980},{"path":["sensors",34,"hasAnomaly"],"parentType":"Sensor","fieldName":"hasAnomaly","returnType":"Boolean","startOffset":32150020,"duration":2432},{"path":["sensors",35,"_id"],"parentType":"Sensor","fieldName":"_id","returnType":"ID!","startOffset":32158236,"duration":4933},{"path":["sensors",35,"identifier"],"parentType":"Sensor","fieldName":"identifier","returnType":"String!","startOffset":32165369,"duration":2454},{"path":["sensors",35,"name"],"parentType":"Sensor","fieldName":"name","returnType":"String!","startOffset":32171600,"duration":2437},{"path":["sensors",35,"unitType"],"parentType":"Sensor","fieldName":"unitType","returnType":"UnitType","startOffset":32176591,"duration":2472},{"path":["sensors",35,"reading"],"parentType":"Sensor","fieldName":"reading","returnType":"SensorReading","startOffset":32183637,"duration":3106},{"path":["sensors",35,"reading","timestamp"],"parentType":"SensorReading","fieldName":"timestamp","returnType":"String!","startOffset":32190749,"duration":4506},{"path":["sensors",35,"reading","value"],"parentType":"SensorReading","fieldName":"value","returnType":"Float!","startOffset":32197081,"duration":2556},{"path":["sensors",35,"reading","unitType"],"parentType":"SensorReading","fieldName":"unitType","returnType":"UnitType!","startOffset":32202198,"duration":4553},{"path":["sensors",35,"hasAnomaly"],"parentType":"Sensor","fieldName":"hasAnomaly","returnType":"Boolean","startOffset":32209193,"duration":2335},{"path":["sensors",36,"_id"],"parentType":"Sensor","fieldName":"_id","returnType":"ID!","startOffset":32219240,"duration":2650},{"path":["sensors",36,"identifier"],"parentType":"Sensor","fieldName":"identifier","returnType":"String!","startOffset":32224363,"duration":2949},{"path":["sensors",36,"name"],"parentType":"Sensor","fieldName":"name","returnType":"String!","startOffset":32231353,"duration":2417},{"path":["sensors",36,"unitType"],"parentType":"Sensor","fieldName":"unitType","returnType":"UnitType","startOffset":32235623,"duration":2341},{"path":["sensors",36,"reading"],"parentType":"Sensor","fieldName":"reading","returnType":"SensorReading","startOffset":32242978,"duration":3159},{"path":["sensors",36,"reading","timestamp"],"parentType":"SensorReading","fieldName":"timestamp","returnType":"String!","startOffset":32249547,"duration":4697},{"path":["sensors",36,"reading","value"],"parentType":"SensorReading","fieldName":"value","returnType":"Float!","startOffset":32256650,"duration":2658},{"path":["sensors",36,"reading","unitType"],"parentType":"SensorReading","fieldName":"unitType","returnType":"UnitType!","startOffset":32261253,"duration":4934},{"path":["sensors",36,"hasAnomaly"],"parentType":"Sensor","fieldName":"hasAnomaly","returnType":"Boolean","startOffset":32268557,"duration":2389},{"path":["sensors",37,"_id"],"parentType":"Sensor","fieldName":"_id","returnType":"ID!","startOffset":32278700,"duration":2798},{"path":["sensors",37,"identifier"],"parentType":"Sensor","fieldName":"identifier","returnType":"String!","startOffset":32283553,"duration":4214},{"path":["sensors",37,"name"],"parentType":"Sensor","fieldName":"name","returnType":"String!","startOffset":32289693,"duration":2398},{"path":["sensors",37,"unitType"],"parentType":"Sensor","fieldName":"unitType","returnType":"UnitType","startOffset":32293919,"duration":4175},{"path":["sensors",37,"reading"],"parentType":"Sensor","fieldName":"reading","returnType":"SensorReading","startOffset":32301193,"duration":3018},{"path":["sensors",37,"reading","timestamp"],"parentType":"SensorReading","fieldName":"timestamp","returnType":"String!","startOffset":32307653,"duration":4535},{"path":["sensors",37,"reading","value"],"parentType":"SensorReading","fieldName":"value","returnType":"Float!","startOffset":32314550,"duration":2878},{"path":["sensors",37,"reading","unitType"],"parentType":"SensorReading","fieldName":"unitType","returnType":"UnitType!","startOffset":32321755,"duration":2526},{"path":["sensors",37,"hasAnomaly"],"parentType":"Sensor","fieldName":"hasAnomaly","returnType":"Boolean","startOffset":32335114,"duration":2553},{"path":["sensors",38,"_id"],"parentType":"Sensor","fieldName":"_id","returnType":"ID!","startOffset":32345823,"duration":3944},{"path":["sensors",38,"identifier"],"parentType":"Sensor","fieldName":"identifier","returnType":"String!","startOffset":32351800,"duration":4643},{"path":["sensors",38,"name"],"parentType":"Sensor","fieldName":"name","returnType":"String!","startOffset":32358380,"duration":2432},{"path":["sensors",38,"unitType"],"parentType":"Sensor","fieldName":"unitType","returnType":"UnitType","startOffset":32362653,"duration":4202},{"path":["sensors",38,"reading"],"parentType":"Sensor","fieldName":"reading","returnType":"SensorReading","startOffset":32369364,"duration":3041},{"path":["sensors",38,"reading","timestamp"],"parentType":"SensorReading","fieldName":"timestamp","returnType":"String!","startOffset":32377842,"duration":3617},{"path":["sensors",38,"reading","value"],"parentType":"SensorReading","fieldName":"value","returnType":"Float!","startOffset":32383573,"duration":2674},{"path":["sensors",38,"reading","unitType"],"parentType":"SensorReading","fieldName":"unitType","returnType":"UnitType!","startOffset":32391292,"duration":2577},{"path":["sensors",38,"hasAnomaly"],"parentType":"Sensor","fieldName":"hasAnomaly","returnType":"Boolean","startOffset":32396581,"duration":3005},{"path":["sensors",39,"_id"],"parentType":"Sensor","fieldName":"_id","returnType":"ID!","startOffset":32413839,"duration":562254},{"path":["sensors",39,"identifier"],"parentType":"Sensor","fieldName":"identifier","returnType":"String!","startOffset":32989208,"duration":12098},{"path":["sensors",39,"name"],"parentType":"Sensor","fieldName":"name","returnType":"String!","startOffset":33004491,"duration":3291},{"path":["sensors",39,"unitType"],"parentType":"Sensor","fieldName":"unitType","returnType":"UnitType","startOffset":33010249,"duration":9237},{"path":["sensors",39,"reading"],"parentType":"Sensor","fieldName":"reading","returnType":"SensorReading","startOffset":33024248,"duration":6224},{"path":["sensors",39,"reading","timestamp"],"parentType":"SensorReading","fieldName":"timestamp","returnType":"String!","startOffset":33041737,"duration":3165},{"path":["sensors",39,"reading","value"],"parentType":"SensorReading","fieldName":"value","returnType":"Float!","startOffset":33047168,"duration":4676},{"path":["sensors",39,"reading","unitType"],"parentType":"SensorReading","fieldName":"unitType","returnType":"UnitType!","startOffset":33056293,"duration":2914},{"path":["sensors",39,"hasAnomaly"],"parentType":"Sensor","fieldName":"hasAnomaly","returnType":"Boolean","startOffset":33062434,"duration":5185},{"path":["sensors",40,"_id"],"parentType":"Sensor","fieldName":"_id","returnType":"ID!","startOffset":33076650,"duration":3079},{"path":["sensors",40,"identifier"],"parentType":"Sensor","fieldName":"identifier","returnType":"String!","startOffset":34303772,"duration":20202},{"path":["sensors",40,"name"],"parentType":"Sensor","fieldName":"name","returnType":"String!","startOffset":34336102,"duration":4359},{"path":["sensors",40,"unitType"],"parentType":"Sensor","fieldName":"unitType","returnType":"UnitType","startOffset":34343719,"duration":4933},{"path":["sensors",40,"reading"],"parentType":"Sensor","fieldName":"reading","returnType":"SensorReading","startOffset":34353967,"duration":7856},{"path":["sensors",40,"reading","timestamp"],"parentType":"SensorReading","fieldName":"timestamp","returnType":"String!","startOffset":34371704,"duration":4248},{"path":["sensors",40,"reading","value"],"parentType":"SensorReading","fieldName":"value","returnType":"Float!","startOffset":34378359,"duration":3436},{"path":["sensors",40,"reading","unitType"],"parentType":"SensorReading","fieldName":"unitType","returnType":"UnitType!","startOffset":34384604,"duration":2824},{"path":["sensors",40,"hasAnomaly"],"parentType":"Sensor","fieldName":"hasAnomaly","returnType":"Boolean","startOffset":34390719,"duration":3117},{"path":["sensors",41,"_id"],"parentType":"Sensor","fieldName":"_id","returnType":"ID!","startOffset":34403580,"duration":3198},{"path":["sensors",41,"identifier"],"parentType":"Sensor","fieldName":"identifier","returnType":"String!","startOffset":34409833,"duration":2538},{"path":["sensors",41,"name"],"parentType":"Sensor","fieldName":"name","returnType":"String!","startOffset":34414528,"duration":2554},{"path":["sensors",41,"unitType"],"parentType":"Sensor","fieldName":"unitType","returnType":"UnitType","startOffset":34419017,"duration":2457},{"path":["sensors",41,"reading"],"parentType":"Sensor","fieldName":"reading","returnType":"SensorReading","startOffset":34424394,"duration":3413},{"path":["sensors",41,"reading","timestamp"],"parentType":"SensorReading","fieldName":"timestamp","returnType":"String!","startOffset":34431861,"duration":2712},{"path":["sensors",41,"reading","value"],"parentType":"SensorReading","fieldName":"value","returnType":"Float!","startOffset":34436519,"duration":2606},{"path":["sensors",41,"reading","unitType"],"parentType":"SensorReading","fieldName":"unitType","returnType":"UnitType!","startOffset":34441873,"duration":2620},{"path":["sensors",41,"hasAnomaly"],"parentType":"Sensor","fieldName":"hasAnomaly","returnType":"Boolean","startOffset":34447311,"duration":2558},{"path":["sensors",42,"_id"],"parentType":"Sensor","fieldName":"_id","returnType":"ID!","startOffset":34455303,"duration":2799},{"path":["sensors",42,"identifier"],"parentType":"Sensor","fieldName":"identifier","returnType":"String!","startOffset":34460188,"duration":2706},{"path":["sensors",42,"name"],"parentType":"Sensor","fieldName":"name","returnType":"String!","startOffset":34464929,"duration":2498},{"path":["sensors",42,"unitType"],"parentType":"Sensor","fieldName":"unitType","returnType":"UnitType","startOffset":34469507,"duration":2484},{"path":["sensors",42,"reading"],"parentType":"Sensor","fieldName":"reading","returnType":"SensorReading","startOffset":34474576,"duration":3054},{"path":["sensors",42,"reading","timestamp"],"parentType":"SensorReading","fieldName":"timestamp","returnType":"String!","startOffset":34481167,"duration":2623},{"path":["sensors",42,"reading","value"],"parentType":"SensorReading","fieldName":"value","returnType":"Float!","startOffset":34485651,"duration":2656},{"path":["sensors",42,"reading","unitType"],"parentType":"SensorReading","fieldName":"unitType","returnType":"UnitType!","startOffset":34490438,"duration":2621},{"path":["sensors",42,"hasAnomaly"],"parentType":"Sensor","fieldName":"hasAnomaly","returnType":"Boolean","startOffset":34496232,"duration":2639},{"path":["sensors",43,"_id"],"parentType":"Sensor","fieldName":"_id","returnType":"ID!","startOffset":34504297,"duration":2651},{"path":["sensors",43,"identifier"],"parentType":"Sensor","fieldName":"identifier","returnType":"String!","startOffset":34508956,"duration":2518},{"path":["sensors",43,"name"],"parentType":"Sensor","fieldName":"name","returnType":"String!","startOffset":34514399,"duration":2455},{"path":["sensors",43,"unitType"],"parentType":"Sensor","fieldName":"unitType","returnType":"UnitType","startOffset":34518830,"duration":2452},{"path":["sensors",43,"reading"],"parentType":"Sensor","fieldName":"reading","returnType":"SensorReading","startOffset":34523965,"duration":2988},{"path":["sensors",43,"reading","timestamp"],"parentType":"SensorReading","fieldName":"timestamp","returnType":"String!","startOffset":34530498,"duration":2568},{"path":["sensors",43,"reading","value"],"parentType":"SensorReading","fieldName":"value","returnType":"Float!",""
4867 [main] DEBUG org.apache.http.wire  -  << "":"hasAnomaly","returnType":"Boolean","startOffset":31918956,"duration":2411},{"path":["sensors",31,"_id"],"parentType":"Sensor","fieldName":"_id","returnType":"ID!","startOffset":31926597,"duration":4577},{"path":["sensors",31,"identifier"],"parentType":"Sensor","fieldName":"identifier","returnType":"String!","startOffset":31933334,"duration":2370},{"path":["sensors",31,"name"],"parentType":"Sensor","fieldName":"name","returnType":"String!","startOffset":31937564,"duration":4526},{"path":["sensors",31,"unitType"],"parentType":"Sensor","fieldName":"unitType","returnType":"UnitType","startOffset":31943997,"duration":2332},{"path":["sensors",31,"reading"],"parentType":"Sensor","fieldName":"reading","returnType":"SensorReading","startOffset":31948865,"duration":8209},{"path":["sensors",31,"hasAnomaly"],"parentType":"Sensor","fieldName":"hasAnomaly","returnType":"Boolean","startOffset":31959442,"duration":4318},{"path":["sensors",32,"_id"],"parentType":"Sensor","fieldName":"_id","returnType":"ID!","startOffset":31968991,"duration":2722},{"path":["sensors",32,"identifier"],"parentType":"Sensor","fieldName":"identifier","returnType":"String!","startOffset":31976334,"duration":2561},{"path":["sensors",32,"name"],"parentType":"Sensor","fieldName":"name","returnType":"String!","startOffset":31981579,"duration":4387},{"path":["sensors",32,"unitType"],"parentType":"Sensor","fieldName":"unitType","returnType":"UnitType","startOffset":31987862,"duration":2374},{"path":["sensors",32,"reading"],"parentType":"Sensor","fieldName":"reading","returnType":"SensorReading","startOffset":31993500,"duration":5069},{"path":["sensors",32,"reading","timestamp"],"parentType":"SensorReading","fieldName":"timestamp","returnType":"String!","startOffset":32002052,"duration":2589},{"path":["sensors",32,"reading","value"],"parentType":"SensorReading","fieldName":"value","returnType":"Float!","startOffset":32006501,"duration":5129},{"path":["sensors",32,"reading","unitType"],"parentType":"SensorReading","fieldName":"unitType","returnType":"UnitType!","startOffset":32013678,"duration":2473},{"path":["sensors",32,"hasAnomaly"],"parentType":"Sensor","fieldName":"hasAnomaly","returnType":"Boolean","startOffset":32020605,"duration":2411},{"path":["sensors",33,"_id"],"parentType":"Sensor","fieldName":"_id","returnType":"ID!","startOffset":32028005,"duration":4511},{"path":["sensors",33,"identifier"],"parentType":"Sensor","fieldName":"identifier","returnType":"String!","startOffset":32034498,"duration":2403},{"path":["sensors",33,"name"],"parentType":"Sensor","fieldName":"name","returnType":"String!","startOffset":32038773,"duration":4244},{"path":["sensors",33,"unitType"],"parentType":"Sensor","fieldName":"unitType","returnType":"UnitType","startOffset":32044951,"duration":2314},{"path":["sensors",33,"reading"],"parentType":"Sensor","fieldName":"reading","returnType":"SensorReading","startOffset":32049859,"duration":5177},{"path":["sensors",33,"reading","timestamp"],"parentType":"SensorReading","fieldName":"timestamp","returnType":"String!","startOffset":32059276,"duration":2702},{"path":["sensors",33,"reading","value"],"parentType":"SensorReading","fieldName":"value","returnType":"Float!","startOffset":32066132,"duration":2621},{"path":["sensors",33,"reading","unitType"],"parentType":"SensorReading","fieldName":"unitType","returnType":"UnitType!","startOffset":32071275,"duration":2616},{"path":["sensors",33,"hasAnomaly"],"parentType":"Sensor","fieldName":"hasAnomaly","returnType":"Boolean","startOffset":32078217,"duration":2504},{"path":["sensors",34,"_id"],"parentType":"Sensor","fieldName":"_id","returnType":"ID!","startOffset":32085700,"duration":4530},{"path":["sensors",34,"identifier"],"parentType":"Sensor","fieldName":"identifier","returnType":"String!","startOffset":32092282,"duration":2395},{"path":["sensors",34,"name"],"parentType":"Sensor","fieldName":"name","returnType":"String!","startOffset":32097404,"duration":4385},{"path":["sensors",34,"unitType"],"parentType":"Sensor","fieldName":"unitType","returnType":"UnitType","startOffset":32103701,"duration":2312},{"path":["sensors",34,"reading"],"parentType":"Sensor","fieldName":"reading","returnType":"SensorReading","startOffset":32110603,"duration":3352},{"path":["sensors",34,"reading","timestamp"],"parentType":"SensorReading","fieldName":"timestamp","returnType":"String!","startOffset":32117503,"duration":2615},{"path":["sensors",34,"reading","value"],"parentType":"SensorReading","fieldName":"value","returnType":"Float!","startOffset":32123993,"duration":2557},{"path":["sensors",34,"reading","unitType"],"parentType":"SensorReading","fieldName":"unitType","returnType":"UnitType!","startOffset":32128988,"duration":15980},{"path":["sensors",34,"hasAnomaly"],"parentType":"Sensor","fieldName":"hasAnomaly","returnType":"Boolean","startOffset":32150020,"duration":2432},{"path":["sensors",35,"_id"],"parentType":"Sensor","fieldName":"_id","returnType":"ID!","startOffset":32158236,"duration":4933},{"path":["sensors",35,"identifier"],"parentType":"Sensor","fieldName":"identifier","returnType":"String!","startOffset":32165369,"duration":2454},{"path":["sensors",35,"name"],"parentType":"Sensor","fieldName":"name","returnType":"String!","startOffset":32171600,"duration":2437},{"path":["sensors",35,"unitType"],"parentType":"Sensor","fieldName":"unitType","returnType":"UnitType","startOffset":32176591,"duration":2472},{"path":["sensors",35,"reading"],"parentType":"Sensor","fieldName":"reading","returnType":"SensorReading","startOffset":32183637,"duration":3106},{"path":["sensors",35,"reading","timestamp"],"parentType":"SensorReading","fieldName":"timestamp","returnType":"String!","startOffset":32190749,"duration":4506},{"path":["sensors",35,"reading","value"],"parentType":"SensorReading","fieldName":"value","returnType":"Float!","startOffset":32197081,"duration":2556},{"path":["sensors",35,"reading","unitType"],"parentType":"SensorReading","fieldName":"unitType","returnType":"UnitType!","startOffset":32202198,"duration":4553},{"path":["sensors",35,"hasAnomaly"],"parentType":"Sensor","fieldName":"hasAnomaly","returnType":"Boolean","startOffset":32209193,"duration":2335},{"path":["sensors",36,"_id"],"parentType":"Sensor","fieldName":"_id","returnType":"ID!","startOffset":32219240,"duration":2650},{"path":["sensors",36,"identifier"],"parentType":"Sensor","fieldName":"identifier","returnType":"String!","startOffset":32224363,"duration":2949},{"path":["sensors",36,"name"],"parentType":"Sensor","fieldName":"name","returnType":"String!","startOffset":32231353,"duration":2417},{"path":["sensors",36,"unitType"],"parentType":"Sensor","fieldName":"unitType","returnType":"UnitType","startOffset":32235623,"duration":2341},{"path":["sensors",36,"reading"],"parentType":"Sensor","fieldName":"reading","returnType":"SensorReading","startOffset":32242978,"duration":3159},{"path":["sensors",36,"reading","timestamp"],"parentType":"SensorReading","fieldName":"timestamp","returnType":"String!","startOffset":32249547,"duration":4697},{"path":["sensors",36,"reading","value"],"parentType":"SensorReading","fieldName":"value","returnType":"Float!","startOffset":32256650,"duration":2658},{"path":["sensors",36,"reading","unitType"],"parentType":"SensorReading","fieldName":"unitType","returnType":"UnitType!","startOffset":32261253,"duration":4934},{"path":["sensors",36,"hasAnomaly"],"parentType":"Sensor","fieldName":"hasAnomaly","returnType":"Boolean","startOffset":32268557,"duration":2389},{"path":["sensors",37,"_id"],"parentType":"Sensor","fieldName":"_id","returnType":"ID!","startOffset":32278700,"duration":2798},{"path":["sensors",37,"identifier"],"parentType":"Sensor","fieldName":"identifier","returnType":"String!","startOffset":32283553,"duration":4214},{"path":["sensors",37,"name"],"parentType":"Sensor","fieldName":"name","returnType":"String!","startOffset":32289693,"duration":2398},{"path":["sensors",37,"unitType"],"parentType":"Sensor","fieldName":"unitType","returnType":"UnitType","startOffset":32293919,"duration":4175},{"path":["sensors",37,"reading"],"parentType":"Sensor","fieldName":"reading","returnType":"SensorReading","startOffset":32301193,"duration":3018},{"path":["sensors",37,"reading","timestamp"],"parentType":"SensorReading","fieldName":"timestamp","returnType":"String!","startOffset":32307653,"duration":4535},{"path":["sensors",37,"reading","value"],"parentType":"SensorReading","fieldName":"value","returnType":"Float!","startOffset":32314550,"duration":2878},{"path":["sensors",37,"reading","unitType"],"parentType":"SensorReading","fieldName":"unitType","returnType":"UnitType!","startOffset":32321755,"duration":2526},{"path":["sensors",37,"hasAnomaly"],"parentType":"Sensor","fieldName":"hasAnomaly","returnType":"Boolean","startOffset":32335114,"duration":2553},{"path":["sensors",38,"_id"],"parentType":"Sensor","fieldName":"_id","returnType":"ID!","startOffset":32345823,"duration":3944},{"path":["sensors",38,"identifier"],"parentType":"Sensor","fieldName":"identifier","returnType":"String!","startOffset":32351800,"duration":4643},{"path":["sensors",38,"name"],"parentType":"Sensor","fieldName":"name","returnType":"String!","startOffset":32358380,"duration":2432},{"path":["sensors",38,"unitType"],"parentType":"Sensor","fieldName":"unitType","returnType":"UnitType","startOffset":32362653,"duration":4202},{"path":["sensors",38,"reading"],"parentType":"Sensor","fieldName":"reading","returnType":"SensorReading","startOffset":32369364,"duration":3041},{"path":["sensors",38,"reading","timestamp"],"parentType":"SensorReading","fieldName":"timestamp","returnType":"String!","startOffset":32377842,"duration":3617},{"path":["sensors",38,"reading","value"],"parentType":"SensorReading","fieldName":"value","returnType":"Float!","startOffset":32383573,"duration":2674},{"path":["sensors",38,"reading","unitType"],"parentType":"SensorReading","fieldName":"unitType","returnType":"UnitType!","startOffset":32391292,"duration":2577},{"path":["sensors",38,"hasAnomaly"],"parentType":"Sensor","fieldName":"hasAnomaly","returnType":"Boolean","startOffset":32396581,"duration":3005},{"path":["sensors",39,"_id"],"parentType":"Sensor","fieldName":"_id","returnType":"ID!","startOffset":32413839,"duration":562254},{"path":["sensors",39,"identifier"],"parentType":"Sensor","fieldName":"identifier","returnType":"String!","startOffset":32989208,"duration":12098},{"path":["sensors",39,"name"],"parentType":"Sensor","fieldName":"name","returnType":"String!","startOffset":33004491,"duration":3291},{"path":["sensors",39,"unitType"],"parentType":"Sensor","fieldName":"unitType","returnType":"UnitType","startOffset":33010249,"duration":9237},{"path":["sensors",39,"reading"],"parentType":"Sensor","fieldName":"reading","returnType":"SensorReading","startOffset":33024248,"duration":6224},{"path":["sensors",39,"reading","timestamp"],"parentType":"SensorReading","fieldName":"timestamp","returnType":"String!","startOffset":33041737,"duration":3165},{"path":["sensors",39,"reading","value"],"parentType":"SensorReading","fieldName":"value","returnType":"Float!","startOffset":33047168,"duration":4676},{"path":["sensors",39,"reading","unitType"],"parentType":"SensorReading","fieldName":"unitType","returnType":"UnitType!","startOffset":33056293,"duration":2914},{"path":["sensors",39,"hasAnomaly"],"parentType":"Sensor","fieldName":"hasAnomaly","returnType":"Boolean","startOffset":33062434,"duration":5185},{"path":["sensors",40,"_id"],"parentType":"Sensor","fieldName":"_id","returnType":"ID!","startOffset":33076650,"duration":3079},{"path":["sensors",40,"identifier"],"parentType":"Sensor","fieldName":"identifier","returnType":"String!","startOffset":34303772,"duration":20202},{"path":["sensors",40,"name"],"parentType":"Sensor","fieldName":"name","returnType":"String!","startOffset":34336102,"duration":4359},{"path":["sensors",40,"unitType"],"parentType":"Sensor","fieldName":"unitType","returnType":"UnitType","startOffset":34343719,"duration":4933},{"path":["sensors",40,"reading"],"parentType":"Sensor","fieldName":"reading","returnType":"SensorReading","startOffset":34353967,"duration":7856},{"path":["sensors",40,"reading","timestamp"],"parentType":"SensorReading","fieldName":"timestamp","returnType":"String!","startOffset":34371704,"duration":4248},{"path":["sensors",40,"reading","value"],"parentType":"SensorReading","fieldName":"value","returnType":"Float!","startOffset":34378359,"duration":3436},{"path":["sensors",40,"reading","unitType"],"parentType":"SensorReading","fieldName":"unitType","returnType":"UnitType!","startOffset":34384604,"duration":2824},{"path":["sensors",40,"hasAnomaly"],"parentType":"Sensor","fieldName":"hasAnomaly","returnType":"Boolean","startOffset":34390719,"duration":3117},{"path":["sensors",41,"_id"],"parentType":"Sensor","fieldName":"_id","returnType":"ID!","startOffset":34403580,"duration":3198},{"path":["sensors",41,"identifier"],"parentType":"Sensor","fieldName":"identifier","returnType":"String!","startOffset":34409833,"duration":2538},{"path":["sensors",41,"name"],"parentType":"Sensor","fieldName":"name","returnType":"String!","startOffset":34414528,"duration":2554},{"path":["sensors",41,"unitType"],"parentType":"Sensor","fieldName":"unitType","returnType":"UnitType","startOffset":34419017,"duration":2457},{"path":["sensors",41,"reading"],"parentType":"Sensor","fieldName":"reading","returnType":"SensorReading","startOffset":34424394,"duration":3413},{"path":["sensors",41,"reading","timestamp"],"parentType":"SensorReading","fieldName":"timestamp","returnType":"String!","startOffset":34431861,"duration":2712},{"path":["sensors",41,"reading","value"],"parentType":"SensorReading","fieldName":"value","returnType":"Float!","startOffset":34436519,"duration":2606},{"path":["sensors",41,"reading","unitType"],"parentType":"SensorReading","fieldName":"unitType","returnType":"UnitType!","startOffset":34441873,"duration":2620},{"path":["sensors",41,"hasAnomaly"],"parentType":"Sensor","fieldName":"hasAnomaly","returnType":"Boolean","startOffset":34447311,"duration":2558},{"path":["sensors",42,"_id"],"parentType":"Sensor","fieldName":"_id","returnType":"ID!","startOffset":34455303,"duration":2799},{"path":["sensors",42,"identifier"],"parentType":"Sensor","fieldName":"identifier","returnType":"String!","startOffset":34460188,"duration":2706},{"path":["sensors",42,"name"],"parentType":"Sensor","fieldName":"name","returnType":"String!","startOffset":34464929,"duration":2498},{"path":["sensors",42,"unitType"],"parentType":"Sensor","fieldName":"unitType","returnType":"UnitType","startOffset":34469507,"duration":2484},{"path":["sensors",42,"reading"],"parentType":"Sensor","fieldName":"reading","returnType":"SensorReading","startOffset":34474576,"duration":3054},{"path":["sensors",42,"reading","timestamp"],"parentType":"SensorReading","fieldName":"timestamp","returnType":"String!","startOffset":34481167,"duration":2623},{"path":["sensors",42,"reading","value"],"parentType":"SensorReading","fieldName":"value","returnType":"Float!","startOffset":34485651,"duration":2656},{"path":["sensors",42,"reading","unitType"],"parentType":"SensorReading","fieldName":"unitType","returnType":"UnitType!","startOffset":34490438,"duration":2621},{"path":["sensors",42,"hasAnomaly"],"parentType":"Sensor","fieldName":"hasAnomaly","returnType":"Boolean","startOffset":34496232,"duration":2639},{"path":["sensors",43,"_id"],"parentType":"Sensor","fieldName":"_id","returnType":"ID!","startOffset":34504297,"duration":2651},{"path":["sensors",43,"identifier"],"parentType":"Sensor","fieldName":"identifier","returnType":"String!","startOffset":34508956,"duration":2518},{"path":["sensors",43,"name"],"parentType":"Sensor","fieldName":"name","returnType":"String!","startOffset":34514399,"duration":2455},{"path":["sensors",43,"unitType"],"parentType":"Sensor","fieldName":"unitType","returnType":"UnitType","startOffset":34518830,"duration":2452},{"path":["sensors",43,"reading"],"parentType":"Sensor","fieldName":"reading","returnType":"SensorReading","startOffset":34523965,"duration":2988},{"path":["sensors",43,"reading","timestamp"],"parentType":"SensorReading","fieldName":"timestamp","returnType":"String!","startOffset":34530498,"duration":2568},{"path":["sensors",43,"reading","value"],"parentType":"SensorReading","fieldName":"value","returnType":"Float!",""
4867 [main] DEBUG org.apache.http.wire  -  << "":"hasAnomaly","returnType":"Boolean","startOffset":31918956,"duration":2411},{"path":["sensors",31,"_id"],"parentType":"Sensor","fieldName":"_id","returnType":"ID!","startOffset":31926597,"duration":4577},{"path":["sensors",31,"identifier"],"parentType":"Sensor","fieldName":"identifier","returnType":"String!","startOffset":31933334,"duration":2370},{"path":["sensors",31,"name"],"parentType":"Sensor","fieldName":"name","returnType":"String!","startOffset":31937564,"duration":4526},{"path":["sensors",31,"unitType"],"parentType":"Sensor","fieldName":"unitType","returnType":"UnitType","startOffset":31943997,"duration":2332},{"path":["sensors",31,"reading"],"parentType":"Sensor","fieldName":"reading","returnType":"SensorReading","startOffset":31948865,"duration":8209},{"path":["sensors",31,"hasAnomaly"],"parentType":"Sensor","fieldName":"hasAnomaly","returnType":"Boolean","startOffset":31959442,"duration":4318},{"path":["sensors",32,"_id"],"parentType":"Sensor","fieldName":"_id","returnType":"ID!","startOffset":31968991,"duration":2722},{"path":["sensors",32,"identifier"],"parentType":"Sensor","fieldName":"identifier","returnType":"String!","startOffset":31976334,"duration":2561},{"path":["sensors",32,"name"],"parentType":"Sensor","fieldName":"name","returnType":"String!","startOffset":31981579,"duration":4387},{"path":["sensors",32,"unitType"],"parentType":"Sensor","fieldName":"unitType","returnType":"UnitType","startOffset":31987862,"duration":2374},{"path":["sensors",32,"reading"],"parentType":"Sensor","fieldName":"reading","returnType":"SensorReading","startOffset":31993500,"duration":5069},{"path":["sensors",32,"reading","timestamp"],"parentType":"SensorReading","fieldName":"timestamp","returnType":"String!","startOffset":32002052,"duration":2589},{"path":["sensors",32,"reading","value"],"parentType":"SensorReading","fieldName":"value","returnType":"Float!","startOffset":32006501,"duration":5129},{"path":["sensors",32,"reading","unitType"],"parentType":"SensorReading","fieldName":"unitType","returnType":"UnitType!","startOffset":32013678,"duration":2473},{"path":["sensors",32,"hasAnomaly"],"parentType":"Sensor","fieldName":"hasAnomaly","returnType":"Boolean","startOffset":32020605,"duration":2411},{"path":["sensors",33,"_id"],"parentType":"Sensor","fieldName":"_id","returnType":"ID!","startOffset":32028005,"duration":4511},{"path":["sensors",33,"identifier"],"parentType":"Sensor","fieldName":"identifier","returnType":"String!","startOffset":32034498,"duration":2403},{"path":["sensors",33,"name"],"parentType":"Sensor","fieldName":"name","returnType":"String!","startOffset":32038773,"duration":4244},{"path":["sensors",33,"unitType"],"parentType":"Sensor","fieldName":"unitType","returnType":"UnitType","startOffset":32044951,"duration":2314},{"path":["sensors",33,"reading"],"parentType":"Sensor","fieldName":"reading","returnType":"SensorReading","startOffset":32049859,"duration":5177},{"path":["sensors",33,"reading","timestamp"],"parentType":"SensorReading","fieldName":"timestamp","returnType":"String!","startOffset":32059276,"duration":2702},{"path":["sensors",33,"reading","value"],"parentType":"SensorReading","fieldName":"value","returnType":"Float!","startOffset":32066132,"duration":2621},{"path":["sensors",33,"reading","unitType"],"parentType":"SensorReading","fieldName":"unitType","returnType":"UnitType!","startOffset":32071275,"duration":2616},{"path":["sensors",33,"hasAnomaly"],"parentType":"Sensor","fieldName":"hasAnomaly","returnType":"Boolean","startOffset":32078217,"duration":2504},{"path":["sensors",34,"_id"],"parentType":"Sensor","fieldName":"_id","returnType":"ID!","startOffset":32085700,"duration":4530},{"path":["sensors",34,"identifier"],"parentType":"Sensor","fieldName":"identifier","returnType":"String!","startOffset":32092282,"duration":2395},{"path":["sensors",34,"name"],"parentType":"Sensor","fieldName":"name","returnType":"String!","startOffset":32097404,"duration":4385},{"path":["sensors",34,"unitType"],"parentType":"Sensor","fieldName":"unitType","returnType":"UnitType","startOffset":32103701,"duration":2312},{"path":["sensors",34,"reading"],"parentType":"Sensor","fieldName":"reading","returnType":"SensorReading","startOffset":32110603,"duration":3352},{"path":["sensors",34,"reading","timestamp"],"parentType":"SensorReading","fieldName":"timestamp","returnType":"String!","startOffset":32117503,"duration":2615},{"path":["sensors",34,"reading","value"],"parentType":"SensorReading","fieldName":"value","returnType":"Float!","startOffset":32123993,"duration":2557},{"path":["sensors",34,"reading","unitType"],"parentType":"SensorReading","fieldName":"unitType","returnType":"UnitType!","startOffset":32128988,"duration":15980},{"path":["sensors",34,"hasAnomaly"],"parentType":"Sensor","fieldName":"hasAnomaly","returnType":"Boolean","startOffset":32150020,"duration":2432},{"path":["sensors",35,"_id"],"parentType":"Sensor","fieldName":"_id","returnType":"ID!","startOffset":32158236,"duration":4933},{"path":["sensors",35,"identifier"],"parentType":"Sensor","fieldName":"identifier","returnType":"String!","startOffset":32165369,"duration":2454},{"path":["sensors",35,"name"],"parentType":"Sensor","fieldName":"name","returnType":"String!","startOffset":32171600,"duration":2437},{"path":["sensors",35,"unitType"],"parentType":"Sensor","fieldName":"unitType","returnType":"UnitType","startOffset":32176591,"duration":2472},{"path":["sensors",35,"reading"],"parentType":"Sensor","fieldName":"reading","returnType":"SensorReading","startOffset":32183637,"duration":3106},{"path":["sensors",35,"reading","timestamp"],"parentType":"SensorReading","fieldName":"timestamp","returnType":"String!","startOffset":32190749,"duration":4506},{"path":["sensors",35,"reading","value"],"parentType":"SensorReading","fieldName":"value","returnType":"Float!","startOffset":32197081,"duration":2556},{"path":["sensors",35,"reading","unitType"],"parentType":"SensorReading","fieldName":"unitType","returnType":"UnitType!","startOffset":32202198,"duration":4553},{"path":["sensors",35,"hasAnomaly"],"parentType":"Sensor","fieldName":"hasAnomaly","returnType":"Boolean","startOffset":32209193,"duration":2335},{"path":["sensors",36,"_id"],"parentType":"Sensor","fieldName":"_id","returnType":"ID!","startOffset":32219240,"duration":2650},{"path":["sensors",36,"identifier"],"parentType":"Sensor","fieldName":"identifier","returnType":"String!","startOffset":32224363,"duration":2949},{"path":["sensors",36,"name"],"parentType":"Sensor","fieldName":"name","returnType":"String!","startOffset":32231353,"duration":2417},{"path":["sensors",36,"unitType"],"parentType":"Sensor","fieldName":"unitType","returnType":"UnitType","startOffset":32235623,"duration":2341},{"path":["sensors",36,"reading"],"parentType":"Sensor","fieldName":"reading","returnType":"SensorReading","startOffset":32242978,"duration":3159},{"path":["sensors",36,"reading","timestamp"],"parentType":"SensorReading","fieldName":"timestamp","returnType":"String!","startOffset":32249547,"duration":4697},{"path":["sensors",36,"reading","value"],"parentType":"SensorReading","fieldName":"value","returnType":"Float!","startOffset":32256650,"duration":2658},{"path":["sensors",36,"reading","unitType"],"parentType":"SensorReading","fieldName":"unitType","returnType":"UnitType!","startOffset":32261253,"duration":4934},{"path":["sensors",36,"hasAnomaly"],"parentType":"Sensor","fieldName":"hasAnomaly","returnType":"Boolean","startOffset":32268557,"duration":2389},{"path":["sensors",37,"_id"],"parentType":"Sensor","fieldName":"_id","returnType":"ID!","startOffset":32278700,"duration":2798},{"path":["sensors",37,"identifier"],"parentType":"Sensor","fieldName":"identifier","returnType":"String!","startOffset":32283553,"duration":4214},{"path":["sensors",37,"name"],"parentType":"Sensor","fieldName":"name","returnType":"String!","startOffset":32289693,"duration":2398},{"path":["sensors",37,"unitType"],"parentType":"Sensor","fieldName":"unitType","returnType":"UnitType","startOffset":32293919,"duration":4175},{"path":["sensors",37,"reading"],"parentType":"Sensor","fieldName":"reading","returnType":"SensorReading","startOffset":32301193,"duration":3018},{"path":["sensors",37,"reading","timestamp"],"parentType":"SensorReading","fieldName":"timestamp","returnType":"String!","startOffset":32307653,"duration":4535},{"path":["sensors",37,"reading","value"],"parentType":"SensorReading","fieldName":"value","returnType":"Float!","startOffset":32314550,"duration":2878},{"path":["sensors",37,"reading","unitType"],"parentType":"SensorReading","fieldName":"unitType","returnType":"UnitType!","startOffset":32321755,"duration":2526},{"path":["sensors",37,"hasAnomaly"],"parentType":"Sensor","fieldName":"hasAnomaly","returnType":"Boolean","startOffset":32335114,"duration":2553},{"path":["sensors",38,"_id"],"parentType":"Sensor","fieldName":"_id","returnType":"ID!","startOffset":32345823,"duration":3944},{"path":["sensors",38,"identifier"],"parentType":"Sensor","fieldName":"identifier","returnType":"String!","startOffset":32351800,"duration":4643},{"path":["sensors",38,"name"],"parentType":"Sensor","fieldName":"name","returnType":"String!","startOffset":32358380,"duration":2432},{"path":["sensors",38,"unitType"],"parentType":"Sensor","fieldName":"unitType","returnType":"UnitType","startOffset":32362653,"duration":4202},{"path":["sensors",38,"reading"],"parentType":"Sensor","fieldName":"reading","returnType":"SensorReading","startOffset":32369364,"duration":3041},{"path":["sensors",38,"reading","timestamp"],"parentType":"SensorReading","fieldName":"timestamp","returnType":"String!","startOffset":32377842,"duration":3617},{"path":["sensors",38,"reading","value"],"parentType":"SensorReading","fieldName":"value","returnType":"Float!","startOffset":32383573,"duration":2674},{"path":["sensors",38,"reading","unitType"],"parentType":"SensorReading","fieldName":"unitType","returnType":"UnitType!","startOffset":32391292,"duration":2577},{"path":["sensors",38,"hasAnomaly"],"parentType":"Sensor","fieldName":"hasAnomaly","returnType":"Boolean","startOffset":32396581,"duration":3005},{"path":["sensors",39,"_id"],"parentType":"Sensor","fieldName":"_id","returnType":"ID!","startOffset":32413839,"duration":562254},{"path":["sensors",39,"identifier"],"parentType":"Sensor","fieldName":"identifier","returnType":"String!","startOffset":32989208,"duration":12098},{"path":["sensors",39,"name"],"parentType":"Sensor","fieldName":"name","returnType":"String!","startOffset":33004491,"duration":3291},{"path":["sensors",39,"unitType"],"parentType":"Sensor","fieldName":"unitType","returnType":"UnitType","startOffset":33010249,"duration":9237},{"path":["sensors",39,"reading"],"parentType":"Sensor","fieldName":"reading","returnType":"SensorReading","startOffset":33024248,"duration":6224},{"path":["sensors",39,"reading","timestamp"],"parentType":"SensorReading","fieldName":"timestamp","returnType":"String!","startOffset":33041737,"duration":3165},{"path":["sensors",39,"reading","value"],"parentType":"SensorReading","fieldName":"value","returnType":"Float!","startOffset":33047168,"duration":4676},{"path":["sensors",39,"reading","unitType"],"parentType":"SensorReading","fieldName":"unitType","returnType":"UnitType!","startOffset":33056293,"duration":2914},{"path":["sensors",39,"hasAnomaly"],"parentType":"Sensor","fieldName":"hasAnomaly","returnType":"Boolean","startOffset":33062434,"duration":5185},{"path":["sensors",40,"_id"],"parentType":"Sensor","fieldName":"_id","returnType":"ID!","startOffset":33076650,"duration":3079},{"path":["sensors",40,"identifier"],"parentType":"Sensor","fieldName":"identifier","returnType":"String!","startOffset":34303772,"duration":20202},{"path":["sensors",40,"name"],"parentType":"Sensor","fieldName":"name","returnType":"String!","startOffset":34336102,"duration":4359},{"path":["sensors",40,"unitType"],"parentType":"Sensor","fieldName":"unitType","returnType":"UnitType","startOffset":34343719,"duration":4933},{"path":["sensors",40,"reading"],"parentType":"Sensor","fieldName":"reading","returnType":"SensorReading","startOffset":34353967,"duration":7856},{"path":["sensors",40,"reading","timestamp"],"parentType":"SensorReading","fieldName":"timestamp","returnType":"String!","startOffset":34371704,"duration":4248},{"path":["sensors",40,"reading","value"],"parentType":"SensorReading","fieldName":"value","returnType":"Float!","startOffset":34378359,"duration":3436},{"path":["sensors",40,"reading","unitType"],"parentType":"SensorReading","fieldName":"unitType","returnType":"UnitType!","startOffset":34384604,"duration":2824},{"path":["sensors",40,"hasAnomaly"],"parentType":"Sensor","fieldName":"hasAnomaly","returnType":"Boolean","startOffset":34390719,"duration":3117},{"path":["sensors",41,"_id"],"parentType":"Sensor","fieldName":"_id","returnType":"ID!","startOffset":34403580,"duration":3198},{"path":["sensors",41,"identifier"],"parentType":"Sensor","fieldName":"identifier","returnType":"String!","startOffset":34409833,"duration":2538},{"path":["sensors",41,"name"],"parentType":"Sensor","fieldName":"name","returnType":"String!","startOffset":34414528,"duration":2554},{"path":["sensors",41,"unitType"],"parentType":"Sensor","fieldName":"unitType","returnType":"UnitType","startOffset":34419017,"duration":2457},{"path":["sensors",41,"reading"],"parentType":"Sensor","fieldName":"reading","returnType":"SensorReading","startOffset":34424394,"duration":3413},{"path":["sensors",41,"reading","timestamp"],"parentType":"SensorReading","fieldName":"timestamp","returnType":"String!","startOffset":34431861,"duration":2712},{"path":["sensors",41,"reading","value"],"parentType":"SensorReading","fieldName":"value","returnType":"Float!","startOffset":34436519,"duration":2606},{"path":["sensors",41,"reading","unitType"],"parentType":"SensorReading","fieldName":"unitType","returnType":"UnitType!","startOffset":34441873,"duration":2620},{"path":["sensors",41,"hasAnomaly"],"parentType":"Sensor","fieldName":"hasAnomaly","returnType":"Boolean","startOffset":34447311,"duration":2558},{"path":["sensors",42,"_id"],"parentType":"Sensor","fieldName":"_id","returnType":"ID!","startOffset":34455303,"duration":2799},{"path":["sensors",42,"identifier"],"parentType":"Sensor","fieldName":"identifier","returnType":"String!","startOffset":34460188,"duration":2706},{"path":["sensors",42,"name"],"parentType":"Sensor","fieldName":"name","returnType":"String!","startOffset":34464929,"duration":2498},{"path":["sensors",42,"unitType"],"parentType":"Sensor","fieldName":"unitType","returnType":"UnitType","startOffset":34469507,"duration":2484},{"path":["sensors",42,"reading"],"parentType":"Sensor","fieldName":"reading","returnType":"SensorReading","startOffset":34474576,"duration":3054},{"path":["sensors",42,"reading","timestamp"],"parentType":"SensorReading","fieldName":"timestamp","returnType":"String!","startOffset":34481167,"duration":2623},{"path":["sensors",42,"reading","value"],"parentType":"SensorReading","fieldName":"value","returnType":"Float!","startOffset":34485651,"duration":2656},{"path":["sensors",42,"reading","unitType"],"parentType":"SensorReading","fieldName":"unitType","returnType":"UnitType!","startOffset":34490438,"duration":2621},{"path":["sensors",42,"hasAnomaly"],"parentType":"Sensor","fieldName":"hasAnomaly","returnType":"Boolean","startOffset":34496232,"duration":2639},{"path":["sensors",43,"_id"],"parentType":"Sensor","fieldName":"_id","returnType":"ID!","startOffset":34504297,"duration":2651},{"path":["sensors",43,"identifier"],"parentType":"Sensor","fieldName":"identifier","returnType":"String!","startOffset":34508956,"duration":2518},{"path":["sensors",43,"name"],"parentType":"Sensor","fieldName":"name","returnType":"String!","startOffset":34514399,"duration":2455},{"path":["sensors",43,"unitType"],"parentType":"Sensor","fieldName":"unitType","returnType":"UnitType","startOffset":34518830,"duration":2452},{"path":["sensors",43,"reading"],"parentType":"Sensor","fieldName":"reading","returnType":"SensorReading","startOffset":34523965,"duration":2988},{"path":["sensors",43,"reading","timestamp"],"parentType":"SensorReading","fieldName":"timestamp","returnType":"String!","startOffset":34530498,"duration":2568},{"path":["sensors",43,"reading","value"],"parentType":"SensorReading","fieldName":"value","returnType":"Float!",""
4867 [main] DEBUG org.apache.http.wire  -  << "":"hasAnomaly","returnType":"Boolean","startOffset":31918956,"duration":2411},{"path":["sensors",31,"_id"],"parentType":"Sensor","fieldName":"_id","returnType":"ID!","startOffset":31926597,"duration":4577},{"path":["sensors",31,"identifier"],"parentType":"Sensor","fieldName":"identifier","returnType":"String!","startOffset":31933334,"duration":2370},{"path":["sensors",31,"name"],"parentType":"Sensor","fieldName":"name","returnType":"String!","startOffset":31937564,"duration":4526},{"path":["sensors",31,"unitType"],"parentType":"Sensor","fieldName":"unitType","returnType":"UnitType","startOffset":31943997,"duration":2332},{"path":["sensors",31,"reading"],"parentType":"Sensor","fieldName":"reading","returnType":"SensorReading","startOffset":31948865,"duration":8209},{"path":["sensors",31,"hasAnomaly"],"parentType":"Sensor","fieldName":"hasAnomaly","returnType":"Boolean","startOffset":31959442,"duration":4318},{"path":["sensors",32,"_id"],"parentType":"Sensor","fieldName":"_id","returnType":"ID!","startOffset":31968991,"duration":2722},{"path":["sensors",32,"identifier"],"parentType":"Sensor","fieldName":"identifier","returnType":"String!","startOffset":31976334,"duration":2561},{"path":["sensors",32,"name"],"parentType":"Sensor","fieldName":"name","returnType":"String!","startOffset":31981579,"duration":4387},{"path":["sensors",32,"unitType"],"parentType":"Sensor","fieldName":"unitType","returnType":"UnitType","startOffset":31987862,"duration":2374},{"path":["sensors",32,"reading"],"parentType":"Sensor","fieldName":"reading","returnType":"SensorReading","startOffset":31993500,"duration":5069},{"path":["sensors",32,"reading","timestamp"],"parentType":"SensorReading","fieldName":"timestamp","returnType":"String!","startOffset":32002052,"duration":2589},{"path":["sensors",32,"reading","value"],"parentType":"SensorReading","fieldName":"value","returnType":"Float!","startOffset":32006501,"duration":5129},{"path":["sensors",32,"reading","unitType"],"parentType":"SensorReading","fieldName":"unitType","returnType":"UnitType!","startOffset":32013678,"duration":2473},{"path":["sensors",32,"hasAnomaly"],"parentType":"Sensor","fieldName":"hasAnomaly","returnType":"Boolean","startOffset":32020605,"duration":2411},{"path":["sensors",33,"_id"],"parentType":"Sensor","fieldName":"_id","returnType":"ID!","startOffset":32028005,"duration":4511},{"path":["sensors",33,"identifier"],"parentType":"Sensor","fieldName":"identifier","returnType":"String!","startOffset":32034498,"duration":2403},{"path":["sensors",33,"name"],"parentType":"Sensor","fieldName":"name","returnType":"String!","startOffset":32038773,"duration":4244},{"path":["sensors",33,"unitType"],"parentType":"Sensor","fieldName":"unitType","returnType":"UnitType","startOffset":32044951,"duration":2314},{"path":["sensors",33,"reading"],"parentType":"Sensor","fieldName":"reading","returnType":"SensorReading","startOffset":32049859,"duration":5177},{"path":["sensors",33,"reading","timestamp"],"parentType":"SensorReading","fieldName":"timestamp","returnType":"String!","startOffset":32059276,"duration":2702},{"path":["sensors",33,"reading","value"],"parentType":"SensorReading","fieldName":"value","returnType":"Float!","startOffset":32066132,"duration":2621},{"path":["sensors",33,"reading","unitType"],"parentType":"SensorReading","fieldName":"unitType","returnType":"UnitType!","startOffset":32071275,"duration":2616},{"path":["sensors",33,"hasAnomaly"],"parentType":"Sensor","fieldName":"hasAnomaly","returnType":"Boolean","startOffset":32078217,"duration":2504},{"path":["sensors",34,"_id"],"parentType":"Sensor","fieldName":"_id","returnType":"ID!","startOffset":32085700,"duration":4530},{"path":["sensors",34,"identifier"],"parentType":"Sensor","fieldName":"identifier","returnType":"String!","startOffset":32092282,"duration":2395},{"path":["sensors",34,"name"],"parentType":"Sensor","fieldName":"name","returnType":"String!","startOffset":32097404,"duration":4385},{"path":["sensors",34,"unitType"],"parentType":"Sensor","fieldName":"unitType","returnType":"UnitType","startOffset":32103701,"duration":2312},{"path":["sensors",34,"reading"],"parentType":"Sensor","fieldName":"reading","returnType":"SensorReading","startOffset":32110603,"duration":3352},{"path":["sensors",34,"reading","timestamp"],"parentType":"SensorReading","fieldName":"timestamp","returnType":"String!","startOffset":32117503,"duration":2615},{"path":["sensors",34,"reading","value"],"parentType":"SensorReading","fieldName":"value","returnType":"Float!","startOffset":32123993,"duration":2557},{"path":["sensors",34,"reading","unitType"],"parentType":"SensorReading","fieldName":"unitType","returnType":"UnitType!","startOffset":32128988,"duration":15980},{"path":["sensors",34,"hasAnomaly"],"parentType":"Sensor","fieldName":"hasAnomaly","returnType":"Boolean","startOffset":32150020,"duration":2432},{"path":["sensors",35,"_id"],"parentType":"Sensor","fieldName":"_id","returnType":"ID!","startOffset":32158236,"duration":4933},{"path":["sensors",35,"identifier"],"parentType":"Sensor","fieldName":"identifier","returnType":"String!","startOffset":32165369,"duration":2454},{"path":["sensors",35,"name"],"parentType":"Sensor","fieldName":"name","returnType":"String!","startOffset":32171600,"duration":2437},{"path":["sensors",35,"unitType"],"parentType":"Sensor","fieldName":"unitType","returnType":"UnitType","startOffset":32176591,"duration":2472},{"path":["sensors",35,"reading"],"parentType":"Sensor","fieldName":"reading","returnType":"SensorReading","startOffset":32183637,"duration":3106},{"path":["sensors",35,"reading","timestamp"],"parentType":"SensorReading","fieldName":"timestamp","returnType":"String!","startOffset":32190749,"duration":4506},{"path":["sensors",35,"reading","value"],"parentType":"SensorReading","fieldName":"value","returnType":"Float!","startOffset":32197081,"duration":2556},{"path":["sensors",35,"reading","unitType"],"parentType":"SensorReading","fieldName":"unitType","returnType":"UnitType!","startOffset":32202198,"duration":4553},{"path":["sensors",35,"hasAnomaly"],"parentType":"Sensor","fieldName":"hasAnomaly","returnType":"Boolean","startOffset":32209193,"duration":2335},{"path":["sensors",36,"_id"],"parentType":"Sensor","fieldName":"_id","returnType":"ID!","startOffset":32219240,"duration":2650},{"path":["sensors",36,"identifier"],"parentType":"Sensor","fieldName":"identifier","returnType":"String!","startOffset":32224363,"duration":2949},{"path":["sensors",36,"name"],"parentType":"Sensor","fieldName":"name","returnType":"String!","startOffset":32231353,"duration":2417},{"path":["sensors",36,"unitType"],"parentType":"Sensor","fieldName":"unitType","returnType":"UnitType","startOffset":32235623,"duration":2341},{"path":["sensors",36,"reading"],"parentType":"Sensor","fieldName":"reading","returnType":"SensorReading","startOffset":32242978,"duration":3159},{"path":["sensors",36,"reading","timestamp"],"parentType":"SensorReading","fieldName":"timestamp","returnType":"String!","startOffset":32249547,"duration":4697},{"path":["sensors",36,"reading","value"],"parentType":"SensorReading","fieldName":"value","returnType":"Float!","startOffset":32256650,"duration":2658},{"path":["sensors",36,"reading","unitType"],"parentType":"SensorReading","fieldName":"unitType","returnType":"UnitType!","startOffset":32261253,"duration":4934},{"path":["sensors",36,"hasAnomaly"],"parentType":"Sensor","fieldName":"hasAnomaly","returnType":"Boolean","startOffset":32268557,"duration":2389},{"path":["sensors",37,"_id"],"parentType":"Sensor","fieldName":"_id","returnType":"ID!","startOffset":32278700,"duration":2798},{"path":["sensors",37,"identifier"],"parentType":"Sensor","fieldName":"identifier","returnType":"String!","startOffset":32283553,"duration":4214},{"path":["sensors",37,"name"],"parentType":"Sensor","fieldName":"name","returnType":"String!","startOffset":32289693,"duration":2398},{"path":["sensors",37,"unitType"],"parentType":"Sensor","fieldName":"unitType","returnType":"UnitType","startOffset":32293919,"duration":4175},{"path":["sensors",37,"reading"],"parentType":"Sensor","fieldName":"reading","returnType":"SensorReading","startOffset":32301193,"duration":3018},{"path":["sensors",37,"reading","timestamp"],"parentType":"SensorReading","fieldName":"timestamp","returnType":"String!","startOffset":32307653,"duration":4535},{"path":["sensors",37,"reading","value"],"parentType":"SensorReading","fieldName":"value","returnType":"Float!","startOffset":32314550,"duration":2878},{"path":["sensors",37,"reading","unitType"],"parentType":"SensorReading","fieldName":"unitType","returnType":"UnitType!","startOffset":32321755,"duration":2526},{"path":["sensors",37,"hasAnomaly"],"parentType":"Sensor","fieldName":"hasAnomaly","returnType":"Boolean","startOffset":32335114,"duration":2553},{"path":["sensors",38,"_id"],"parentType":"Sensor","fieldName":"_id","returnType":"ID!","startOffset":32345823,"duration":3944},{"path":["sensors",38,"identifier"],"parentType":"Sensor","fieldName":"identifier","returnType":"String!","startOffset":32351800,"duration":4643},{"path":["sensors",38,"name"],"parentType":"Sensor","fieldName":"name","returnType":"String!","startOffset":32358380,"duration":2432},{"path":["sensors",38,"unitType"],"parentType":"Sensor","fieldName":"unitType","returnType":"UnitType","startOffset":32362653,"duration":4202},{"path":["sensors",38,"reading"],"parentType":"Sensor","fieldName":"reading","returnType":"SensorReading","startOffset":32369364,"duration":3041},{"path":["sensors",38,"reading","timestamp"],"parentType":"SensorReading","fieldName":"timestamp","returnType":"String!","startOffset":32377842,"duration":3617},{"path":["sensors",38,"reading","value"],"parentType":"SensorReading","fieldName":"value","returnType":"Float!","startOffset":32383573,"duration":2674},{"path":["sensors",38,"reading","unitType"],"parentType":"SensorReading","fieldName":"unitType","returnType":"UnitType!","startOffset":32391292,"duration":2577},{"path":["sensors",38,"hasAnomaly"],"parentType":"Sensor","fieldName":"hasAnomaly","returnType":"Boolean","startOffset":32396581,"duration":3005},{"path":["sensors",39,"_id"],"parentType":"Sensor","fieldName":"_id","returnType":"ID!","startOffset":32413839,"duration":562254},{"path":["sensors",39,"identifier"],"parentType":"Sensor","fieldName":"identifier","returnType":"String!","startOffset":32989208,"duration":12098},{"path":["sensors",39,"name"],"parentType":"Sensor","fieldName":"name","returnType":"String!","startOffset":33004491,"duration":3291},{"path":["sensors",39,"unitType"],"parentType":"Sensor","fieldName":"unitType","returnType":"UnitType","startOffset":33010249,"duration":9237},{"path":["sensors",39,"reading"],"parentType":"Sensor","fieldName":"reading","returnType":"SensorReading","startOffset":33024248,"duration":6224},{"path":["sensors",39,"reading","timestamp"],"parentType":"SensorReading","fieldName":"timestamp","returnType":"String!","startOffset":33041737,"duration":3165},{"path":["sensors",39,"reading","value"],"parentType":"SensorReading","fieldName":"value","returnType":"Float!","startOffset":33047168,"duration":4676},{"path":["sensors",39,"reading","unitType"],"parentType":"SensorReading","fieldName":"unitType","returnType":"UnitType!","startOffset":33056293,"duration":2914},{"path":["sensors",39,"hasAnomaly"],"parentType":"Sensor","fieldName":"hasAnomaly","returnType":"Boolean","startOffset":33062434,"duration":5185},{"path":["sensors",40,"_id"],"parentType":"Sensor","fieldName":"_id","returnType":"ID!","startOffset":33076650,"duration":3079},{"path":["sensors",40,"identifier"],"parentType":"Sensor","fieldName":"identifier","returnType":"String!","startOffset":34303772,"duration":20202},{"path":["sensors",40,"name"],"parentType":"Sensor","fieldName":"name","returnType":"String!","startOffset":34336102,"duration":4359},{"path":["sensors",40,"unitType"],"parentType":"Sensor","fieldName":"unitType","returnType":"UnitType","startOffset":34343719,"duration":4933},{"path":["sensors",40,"reading"],"parentType":"Sensor","fieldName":"reading","returnType":"SensorReading","startOffset":34353967,"duration":7856},{"path":["sensors",40,"reading","timestamp"],"parentType":"SensorReading","fieldName":"timestamp","returnType":"String!","startOffset":34371704,"duration":4248},{"path":["sensors",40,"reading","value"],"parentType":"SensorReading","fieldName":"value","returnType":"Float!","startOffset":34378359,"duration":3436},{"path":["sensors",40,"reading","unitType"],"parentType":"SensorReading","fieldName":"unitType","returnType":"UnitType!","startOffset":34384604,"duration":2824},{"path":["sensors",40,"hasAnomaly"],"parentType":"Sensor","fieldName":"hasAnomaly","returnType":"Boolean","startOffset":34390719,"duration":3117},{"path":["sensors",41,"_id"],"parentType":"Sensor","fieldName":"_id","returnType":"ID!","startOffset":34403580,"duration":3198},{"path":["sensors",41,"identifier"],"parentType":"Sensor","fieldName":"identifier","returnType":"String!","startOffset":34409833,"duration":2538},{"path":["sensors",41,"name"],"parentType":"Sensor","fieldName":"name","returnType":"String!","startOffset":34414528,"duration":2554},{"path":["sensors",41,"unitType"],"parentType":"Sensor","fieldName":"unitType","returnType":"UnitType","startOffset":34419017,"duration":2457},{"path":["sensors",41,"reading"],"parentType":"Sensor","fieldName":"reading","returnType":"SensorReading","startOffset":34424394,"duration":3413},{"path":["sensors",41,"reading","timestamp"],"parentType":"SensorReading","fieldName":"timestamp","returnType":"String!","startOffset":34431861,"duration":2712},{"path":["sensors",41,"reading","value"],"parentType":"SensorReading","fieldName":"value","returnType":"Float!","startOffset":34436519,"duration":2606},{"path":["sensors",41,"reading","unitType"],"parentType":"SensorReading","fieldName":"unitType","returnType":"UnitType!","startOffset":34441873,"duration":2620},{"path":["sensors",41,"hasAnomaly"],"parentType":"Sensor","fieldName":"hasAnomaly","returnType":"Boolean","startOffset":34447311,"duration":2558},{"path":["sensors",42,"_id"],"parentType":"Sensor","fieldName":"_id","returnType":"ID!","startOffset":34455303,"duration":2799},{"path":["sensors",42,"identifier"],"parentType":"Sensor","fieldName":"identifier","returnType":"String!","startOffset":34460188,"duration":2706},{"path":["sensors",42,"name"],"parentType":"Sensor","fieldName":"name","returnType":"String!","startOffset":34464929,"duration":2498},{"path":["sensors",42,"unitType"],"parentType":"Sensor","fieldName":"unitType","returnType":"UnitType","startOffset":34469507,"duration":2484},{"path":["sensors",42,"reading"],"parentType":"Sensor","fieldName":"reading","returnType":"SensorReading","startOffset":34474576,"duration":3054},{"path":["sensors",42,"reading","timestamp"],"parentType":"SensorReading","fieldName":"timestamp","returnType":"String!","startOffset":34481167,"duration":2623},{"path":["sensors",42,"reading","value"],"parentType":"SensorReading","fieldName":"value","returnType":"Float!","startOffset":34485651,"duration":2656},{"path":["sensors",42,"reading","unitType"],"parentType":"SensorReading","fieldName":"unitType","returnType":"UnitType!","startOffset":34490438,"duration":2621},{"path":["sensors",42,"hasAnomaly"],"parentType":"Sensor","fieldName":"hasAnomaly","returnType":"Boolean","startOffset":34496232,"duration":2639},{"path":["sensors",43,"_id"],"parentType":"Sensor","fieldName":"_id","returnType":"ID!","startOffset":34504297,"duration":2651},{"path":["sensors",43,"identifier"],"parentType":"Sensor","fieldName":"identifier","returnType":"String!","startOffset":34508956,"duration":2518},{"path":["sensors",43,"name"],"parentType":"Sensor","fieldName":"name","returnType":"String!","startOffset":34514399,"duration":2455},{"path":["sensors",43,"unitType"],"parentType":"Sensor","fieldName":"unitType","returnType":"UnitType","startOffset":34518830,"duration":2452},{"path":["sensors",43,"reading"],"parentType":"Sensor","fieldName":"reading","returnType":"SensorReading","startOffset":34523965,"duration":2988},{"path":["sensors",43,"reading","timestamp"],"parentType":"SensorReading","fieldName":"timestamp","returnType":"String!","startOffset":34530498,"duration":2568},{"path":["sensors",43,"reading","value"],"parentType":"SensorReading","fieldName":"value","returnType":"Float!",""
4867 [main] DEBUG org.apache.http.wire  -  << "":"hasAnomaly","returnType":"Boolean","startOffset":31918956,"duration":2411},{"path":["sensors",31,"_id"],"parentType":"Sensor","fieldName":"_id","returnType":"ID!","startOffset":31926597,"duration":4577},{"path":["sensors",31,"identifier"],"parentType":"Sensor","fieldName":"identifier","returnType":"String!","startOffset":31933334,"duration":2370},{"path":["sensors",31,"name"],"parentType":"Sensor","fieldName":"name","returnType":"String!","startOffset":31937564,"duration":4526},{"path":["sensors",31,"unitType"],"parentType":"Sensor","fieldName":"unitType","returnType":"UnitType","startOffset":31943997,"duration":2332},{"path":["sensors",31,"reading"],"parentType":"Sensor","fieldName":"reading","returnType":"SensorReading","startOffset":31948865,"duration":8209},{"path":["sensors",31,"hasAnomaly"],"parentType":"Sensor","fieldName":"hasAnomaly","returnType":"Boolean","startOffset":31959442,"duration":4318},{"path":["sensors",32,"_id"],"parentType":"Sensor","fieldName":"_id","returnType":"ID!","startOffset":31968991,"duration":2722},{"path":["sensors",32,"identifier"],"parentType":"Sensor","fieldName":"identifier","returnType":"String!","startOffset":31976334,"duration":2561},{"path":["sensors",32,"name"],"parentType":"Sensor","fieldName":"name","returnType":"String!","startOffset":31981579,"duration":4387},{"path":["sensors",32,"unitType"],"parentType":"Sensor","fieldName":"unitType","returnType":"UnitType","startOffset":31987862,"duration":2374},{"path":["sensors",32,"reading"],"parentType":"Sensor","fieldName":"reading","returnType":"SensorReading","startOffset":31993500,"duration":5069},{"path":["sensors",32,"reading","timestamp"],"parentType":"SensorReading","fieldName":"timestamp","returnType":"String!","startOffset":32002052,"duration":2589},{"path":["sensors",32,"reading","value"],"parentType":"SensorReading","fieldName":"value","returnType":"Float!","startOffset":32006501,"duration":5129},{"path":["sensors",32,"reading","unitType"],"parentType":"SensorReading","fieldName":"unitType","returnType":"UnitType!","startOffset":32013678,"duration":2473},{"path":["sensors",32,"hasAnomaly"],"parentType":"Sensor","fieldName":"hasAnomaly","returnType":"Boolean","startOffset":32020605,"duration":2411},{"path":["sensors",33,"_id"],"parentType":"Sensor","fieldName":"_id","returnType":"ID!","startOffset":32028005,"duration":4511},{"path":["sensors",33,"identifier"],"parentType":"Sensor","fieldName":"identifier","returnType":"String!","startOffset":32034498,"duration":2403},{"path":["sensors",33,"name"],"parentType":"Sensor","fieldName":"name","returnType":"String!","startOffset":32038773,"duration":4244},{"path":["sensors",33,"unitType"],"parentType":"Sensor","fieldName":"unitType","returnType":"UnitType","startOffset":32044951,"duration":2314},{"path":["sensors",33,"reading"],"parentType":"Sensor","fieldName":"reading","returnType":"SensorReading","startOffset":32049859,"duration":5177},{"path":["sensors",33,"reading","timestamp"],"parentType":"SensorReading","fieldName":"timestamp","returnType":"String!","startOffset":32059276,"duration":2702},{"path":["sensors",33,"reading","value"],"parentType":"SensorReading","fieldName":"value","returnType":"Float!","startOffset":32066132,"duration":2621},{"path":["sensors",33,"reading","unitType"],"parentType":"SensorReading","fieldName":"unitType","returnType":"UnitType!","startOffset":32071275,"duration":2616},{"path":["sensors",33,"hasAnomaly"],"parentType":"Sensor","fieldName":"hasAnomaly","returnType":"Boolean","startOffset":32078217,"duration":2504},{"path":["sensors",34,"_id"],"parentType":"Sensor","fieldName":"_id","returnType":"ID!","startOffset":32085700,"duration":4530},{"path":["sensors",34,"identifier"],"parentType":"Sensor","fieldName":"identifier","returnType":"String!","startOffset":32092282,"duration":2395},{"path":["sensors",34,"name"],"parentType":"Sensor","fieldName":"name","returnType":"String!","startOffset":32097404,"duration":4385},{"path":["sensors",34,"unitType"],"parentType":"Sensor","fieldName":"unitType","returnType":"UnitType","startOffset":32103701,"duration":2312},{"path":["sensors",34,"reading"],"parentType":"Sensor","fieldName":"reading","returnType":"SensorReading","startOffset":32110603,"duration":3352},{"path":["sensors",34,"reading","timestamp"],"parentType":"SensorReading","fieldName":"timestamp","returnType":"String!","startOffset":32117503,"duration":2615},{"path":["sensors",34,"reading","value"],"parentType":"SensorReading","fieldName":"value","returnType":"Float!","startOffset":32123993,"duration":2557},{"path":["sensors",34,"reading","unitType"],"parentType":"SensorReading","fieldName":"unitType","returnType":"UnitType!","startOffset":32128988,"duration":15980},{"path":["sensors",34,"hasAnomaly"],"parentType":"Sensor","fieldName":"hasAnomaly","returnType":"Boolean","startOffset":32150020,"duration":2432},{"path":["sensors",35,"_id"],"parentType":"Sensor","fieldName":"_id","returnType":"ID!","startOffset":32158236,"duration":4933},{"path":["sensors",35,"identifier"],"parentType":"Sensor","fieldName":"identifier","returnType":"String!","startOffset":32165369,"duration":2454},{"path":["sensors",35,"name"],"parentType":"Sensor","fieldName":"name","returnType":"String!","startOffset":32171600,"duration":2437},{"path":["sensors",35,"unitType"],"parentType":"Sensor","fieldName":"unitType","returnType":"UnitType","startOffset":32176591,"duration":2472},{"path":["sensors",35,"reading"],"parentType":"Sensor","fieldName":"reading","returnType":"SensorReading","startOffset":32183637,"duration":3106},{"path":["sensors",35,"reading","timestamp"],"parentType":"SensorReading","fieldName":"timestamp","returnType":"String!","startOffset":32190749,"duration":4506},{"path":["sensors",35,"reading","value"],"parentType":"SensorReading","fieldName":"value","returnType":"Float!","startOffset":32197081,"duration":2556},{"path":["sensors",35,"reading","unitType"],"parentType":"SensorReading","fieldName":"unitType","returnType":"UnitType!","startOffset":32202198,"duration":4553},{"path":["sensors",35,"hasAnomaly"],"parentType":"Sensor","fieldName":"hasAnomaly","returnType":"Boolean","startOffset":32209193,"duration":2335},{"path":["sensors",36,"_id"],"parentType":"Sensor","fieldName":"_id","returnType":"ID!","startOffset":32219240,"duration":2650},{"path":["sensors",36,"identifier"],"parentType":"Sensor","fieldName":"identifier","returnType":"String!","startOffset":32224363,"duration":2949},{"path":["sensors",36,"name"],"parentType":"Sensor","fieldName":"name","returnType":"String!","startOffset":32231353,"duration":2417},{"path":["sensors",36,"unitType"],"parentType":"Sensor","fieldName":"unitType","returnType":"UnitType","startOffset":32235623,"duration":2341},{"path":["sensors",36,"reading"],"parentType":"Sensor","fieldName":"reading","returnType":"SensorReading","startOffset":32242978,"duration":3159},{"path":["sensors",36,"reading","timestamp"],"parentType":"SensorReading","fieldName":"timestamp","returnType":"String!","startOffset":32249547,"duration":4697},{"path":["sensors",36,"reading","value"],"parentType":"SensorReading","fieldName":"value","returnType":"Float!","startOffset":32256650,"duration":2658},{"path":["sensors",36,"reading","unitType"],"parentType":"SensorReading","fieldName":"unitType","returnType":"UnitType!","startOffset":32261253,"duration":4934},{"path":["sensors",36,"hasAnomaly"],"parentType":"Sensor","fieldName":"hasAnomaly","returnType":"Boolean","startOffset":32268557,"duration":2389},{"path":["sensors",37,"_id"],"parentType":"Sensor","fieldName":"_id","returnType":"ID!","startOffset":32278700,"duration":2798},{"path":["sensors",37,"identifier"],"parentType":"Sensor","fieldName":"identifier","returnType":"String!","startOffset":32283553,"duration":4214},{"path":["sensors",37,"name"],"parentType":"Sensor","fieldName":"name","returnType":"String!","startOffset":32289693,"duration":2398},{"path":["sensors",37,"unitType"],"parentType":"Sensor","fieldName":"unitType","returnType":"UnitType","startOffset":32293919,"duration":4175},{"path":["sensors",37,"reading"],"parentType":"Sensor","fieldName":"reading","returnType":"SensorReading","startOffset":32301193,"duration":3018},{"path":["sensors",37,"reading","timestamp"],"parentType":"SensorReading","fieldName":"timestamp","returnType":"String!","startOffset":32307653,"duration":4535},{"path":["sensors",37,"reading","value"],"parentType":"SensorReading","fieldName":"value","returnType":"Float!","startOffset":32314550,"duration":2878},{"path":["sensors",37,"reading","unitType"],"parentType":"SensorReading","fieldName":"unitType","returnType":"UnitType!","startOffset":32321755,"duration":2526},{"path":["sensors",37,"hasAnomaly"],"parentType":"Sensor","fieldName":"hasAnomaly","returnType":"Boolean","startOffset":32335114,"duration":2553},{"path":["sensors",38,"_id"],"parentType":"Sensor","fieldName":"_id","returnType":"ID!","startOffset":32345823,"duration":3944},{"path":["sensors",38,"identifier"],"parentType":"Sensor","fieldName":"identifier","returnType":"String!","startOffset":32351800,"duration":4643},{"path":["sensors",38,"name"],"parentType":"Sensor","fieldName":"name","returnType":"String!","startOffset":32358380,"duration":2432},{"path":["sensors",38,"unitType"],"parentType":"Sensor","fieldName":"unitType","returnType":"UnitType","startOffset":32362653,"duration":4202},{"path":["sensors",38,"reading"],"parentType":"Sensor","fieldName":"reading","returnType":"SensorReading","startOffset":32369364,"duration":3041},{"path":["sensors",38,"reading","timestamp"],"parentType":"SensorReading","fieldName":"timestamp","returnType":"String!","startOffset":32377842,"duration":3617},{"path":["sensors",38,"reading","value"],"parentType":"SensorReading","fieldName":"value","returnType":"Float!","startOffset":32383573,"duration":2674},{"path":["sensors",38,"reading","unitType"],"parentType":"SensorReading","fieldName":"unitType","returnType":"UnitType!","startOffset":32391292,"duration":2577},{"path":["sensors",38,"hasAnomaly"],"parentType":"Sensor","fieldName":"hasAnomaly","returnType":"Boolean","startOffset":32396581,"duration":3005},{"path":["sensors",39,"_id"],"parentType":"Sensor","fieldName":"_id","returnType":"ID!","startOffset":32413839,"duration":562254},{"path":["sensors",39,"identifier"],"parentType":"Sensor","fieldName":"identifier","returnType":"String!","startOffset":32989208,"duration":12098},{"path":["sensors",39,"name"],"parentType":"Sensor","fieldName":"name","returnType":"String!","startOffset":33004491,"duration":3291},{"path":["sensors",39,"unitType"],"parentType":"Sensor","fieldName":"unitType","returnType":"UnitType","startOffset":33010249,"duration":9237},{"path":["sensors",39,"reading"],"parentType":"Sensor","fieldName":"reading","returnType":"SensorReading","startOffset":33024248,"duration":6224},{"path":["sensors",39,"reading","timestamp"],"parentType":"SensorReading","fieldName":"timestamp","returnType":"String!","startOffset":33041737,"duration":3165},{"path":["sensors",39,"reading","value"],"parentType":"SensorReading","fieldName":"value","returnType":"Float!","startOffset":33047168,"duration":4676},{"path":["sensors",39,"reading","unitType"],"parentType":"SensorReading","fieldName":"unitType","returnType":"UnitType!","startOffset":33056293,"duration":2914},{"path":["sensors",39,"hasAnomaly"],"parentType":"Sensor","fieldName":"hasAnomaly","returnType":"Boolean","startOffset":33062434,"duration":5185},{"path":["sensors",40,"_id"],"parentType":"Sensor","fieldName":"_id","returnType":"ID!","startOffset":33076650,"duration":3079},{"path":["sensors",40,"identifier"],"parentType":"Sensor","fieldName":"identifier","returnType":"String!","startOffset":34303772,"duration":20202},{"path":["sensors",40,"name"],"parentType":"Sensor","fieldName":"name","returnType":"String!","startOffset":34336102,"duration":4359},{"path":["sensors",40,"unitType"],"parentType":"Sensor","fieldName":"unitType","returnType":"UnitType","startOffset":34343719,"duration":4933},{"path":["sensors",40,"reading"],"parentType":"Sensor","fieldName":"reading","returnType":"SensorReading","startOffset":34353967,"duration":7856},{"path":["sensors",40,"reading","timestamp"],"parentType":"SensorReading","fieldName":"timestamp","returnType":"String!","startOffset":34371704,"duration":4248},{"path":["sensors",40,"reading","value"],"parentType":"SensorReading","fieldName":"value","returnType":"Float!","startOffset":34378359,"duration":3436},{"path":["sensors",40,"reading","unitType"],"parentType":"SensorReading","fieldName":"unitType","returnType":"UnitType!","startOffset":34384604,"duration":2824},{"path":["sensors",40,"hasAnomaly"],"parentType":"Sensor","fieldName":"hasAnomaly","returnType":"Boolean","startOffset":34390719,"duration":3117},{"path":["sensors",41,"_id"],"parentType":"Sensor","fieldName":"_id","returnType":"ID!","startOffset":34403580,"duration":3198},{"path":["sensors",41,"identifier"],"parentType":"Sensor","fieldName":"identifier","returnType":"String!","startOffset":34409833,"duration":2538},{"path":["sensors",41,"name"],"parentType":"Sensor","fieldName":"name","returnType":"String!","startOffset":34414528,"duration":2554},{"path":["sensors",41,"unitType"],"parentType":"Sensor","fieldName":"unitType","returnType":"UnitType","startOffset":34419017,"duration":2457},{"path":["sensors",41,"reading"],"parentType":"Sensor","fieldName":"reading","returnType":"SensorReading","startOffset":34424394,"duration":3413},{"path":["sensors",41,"reading","timestamp"],"parentType":"SensorReading","fieldName":"timestamp","returnType":"String!","startOffset":34431861,"duration":2712},{"path":["sensors",41,"reading","value"],"parentType":"SensorReading","fieldName":"value","returnType":"Float!","startOffset":34436519,"duration":2606},{"path":["sensors",41,"reading","unitType"],"parentType":"SensorReading","fieldName":"unitType","returnType":"UnitType!","startOffset":34441873,"duration":2620},{"path":["sensors",41,"hasAnomaly"],"parentType":"Sensor","fieldName":"hasAnomaly","returnType":"Boolean","startOffset":34447311,"duration":2558},{"path":["sensors",42,"_id"],"parentType":"Sensor","fieldName":"_id","returnType":"ID!","startOffset":34455303,"duration":2799},{"path":["sensors",42,"identifier"],"parentType":"Sensor","fieldName":"identifier","returnType":"String!","startOffset":34460188,"duration":2706},{"path":["sensors",42,"name"],"parentType":"Sensor","fieldName":"name","returnType":"String!","startOffset":34464929,"duration":2498},{"path":["sensors",42,"unitType"],"parentType":"Sensor","fieldName":"unitType","returnType":"UnitType","startOffset":34469507,"duration":2484},{"path":["sensors",42,"reading"],"parentType":"Sensor","fieldName":"reading","returnType":"SensorReading","startOffset":34474576,"duration":3054},{"path":["sensors",42,"reading","timestamp"],"parentType":"SensorReading","fieldName":"timestamp","returnType":"String!","startOffset":34481167,"duration":2623},{"path":["sensors",42,"reading","value"],"parentType":"SensorReading","fieldName":"value","returnType":"Float!","startOffset":34485651,"duration":2656},{"path":["sensors",42,"reading","unitType"],"parentType":"SensorReading","fieldName":"unitType","returnType":"UnitType!","startOffset":34490438,"duration":2621},{"path":["sensors",42,"hasAnomaly"],"parentType":"Sensor","fieldName":"hasAnomaly","returnType":"Boolean","startOffset":34496232,"duration":2639},{"path":["sensors",43,"_id"],"parentType":"Sensor","fieldName":"_id","returnType":"ID!","startOffset":34504297,"duration":2651},{"path":["sensors",43,"identifier"],"parentType":"Sensor","fieldName":"identifier","returnType":"String!","startOffset":34508956,"duration":2518},{"path":["sensors",43,"name"],"parentType":"Sensor","fieldName":"name","returnType":"String!","startOffset":34514399,"duration":2455},{"path":["sensors",43,"unitType"],"parentType":"Sensor","fieldName":"unitType","returnType":"UnitType","startOffset":34518830,"duration":2452},{"path":["sensors",43,"reading"],"parentType":"Sensor","fieldName":"reading","returnType":"SensorReading","startOffset":34523965,"duration":2988},{"path":["sensors",43,"reading","timestamp"],"parentType":"SensorReading","fieldName":"timestamp","returnType":"String!","startOffset":34530498,"duration":2568},{"path":["sensors",43,"reading","value"],"parentType":"SensorReading","fieldName":"value","returnType":"Float!",""
4869 [main] DEBUG org.apache.http.wire  -  << "startOffset":34534946,"duration":2688},{"path":["sensors",43,"reading","unitType"],"parentType":"SensorReading","fieldName":"unitType","returnType":"UnitType!","startOffset":34539691,"duration":2675},{"path":["sensors",43,"hasAnomaly"],"parentType":"Sensor","fieldName":"hasAnomaly","returnType":"Boolean","startOffset":34550648,"duration":2702}]}}}}[\n]"
4869 [main] DEBUG org.apache.http.wire  -  << "startOffset":34534946,"duration":2688},{"path":["sensors",43,"reading","unitType"],"parentType":"SensorReading","fieldName":"unitType","returnType":"UnitType!","startOffset":34539691,"duration":2675},{"path":["sensors",43,"hasAnomaly"],"parentType":"Sensor","fieldName":"hasAnomaly","returnType":"Boolean","startOffset":34550648,"duration":2702}]}}}}[\n]"
4869 [main] DEBUG org.apache.http.wire  -  << "startOffset":34534946,"duration":2688},{"path":["sensors",43,"reading","unitType"],"parentType":"SensorReading","fieldName":"unitType","returnType":"UnitType!","startOffset":34539691,"duration":2675},{"path":["sensors",43,"hasAnomaly"],"parentType":"Sensor","fieldName":"hasAnomaly","returnType":"Boolean","startOffset":34550648,"duration":2702}]}}}}[\n]"
4869 [main] DEBUG org.apache.http.wire  -  << "startOffset":34534946,"duration":2688},{"path":["sensors",43,"reading","unitType"],"parentType":"SensorReading","fieldName":"unitType","returnType":"UnitType!","startOffset":34539691,"duration":2675},{"path":["sensors",43,"hasAnomaly"],"parentType":"Sensor","fieldName":"hasAnomaly","returnType":"Boolean","startOffset":34550648,"duration":2702}]}}}}[\n]"
4869 [main] DEBUG org.apache.http.wire  -  << "startOffset":34534946,"duration":2688},{"path":["sensors",43,"reading","unitType"],"parentType":"SensorReading","fieldName":"unitType","returnType":"UnitType!","startOffset":34539691,"duration":2675},{"path":["sensors",43,"hasAnomaly"],"parentType":"Sensor","fieldName":"hasAnomaly","returnType":"Boolean","startOffset":34550648,"duration":2702}]}}}}[\n]"
4869 [main] DEBUG org.apache.http.wire  -  << "startOffset":34534946,"duration":2688},{"path":["sensors",43,"reading","unitType"],"parentType":"SensorReading","fieldName":"unitType","returnType":"UnitType!","startOffset":34539691,"duration":2675},{"path":["sensors",43,"hasAnomaly"],"parentType":"Sensor","fieldName":"hasAnomaly","returnType":"Boolean","startOffset":34550648,"duration":2702}]}}}}[\n]"
4869 [main] DEBUG org.apache.http.wire  -  << "startOffset":34534946,"duration":2688},{"path":["sensors",43,"reading","unitType"],"parentType":"SensorReading","fieldName":"unitType","returnType":"UnitType!","startOffset":34539691,"duration":2675},{"path":["sensors",43,"hasAnomaly"],"parentType":"Sensor","fieldName":"hasAnomaly","returnType":"Boolean","startOffset":34550648,"duration":2702}]}}}}[\n]"
4869 [main] DEBUG org.apache.http.wire  -  << "startOffset":34534946,"duration":2688},{"path":["sensors",43,"reading","unitType"],"parentType":"SensorReading","fieldName":"unitType","returnType":"UnitType!","startOffset":34539691,"duration":2675},{"path":["sensors",43,"hasAnomaly"],"parentType":"Sensor","fieldName":"hasAnomaly","returnType":"Boolean","startOffset":34550648,"duration":2702}]}}}}[\n]"
4869 [main] DEBUG org.apache.http.wire  -  << "startOffset":34534946,"duration":2688},{"path":["sensors",43,"reading","unitType"],"parentType":"SensorReading","fieldName":"unitType","returnType":"UnitType!","startOffset":34539691,"duration":2675},{"path":["sensors",43,"hasAnomaly"],"parentType":"Sensor","fieldName":"hasAnomaly","returnType":"Boolean","startOffset":34550648,"duration":2702}]}}}}[\n]"
4869 [main] DEBUG org.apache.http.wire  -  << "startOffset":34534946,"duration":2688},{"path":["sensors",43,"reading","unitType"],"parentType":"SensorReading","fieldName":"unitType","returnType":"UnitType!","startOffset":34539691,"duration":2675},{"path":["sensors",43,"hasAnomaly"],"parentType":"Sensor","fieldName":"hasAnomaly","returnType":"Boolean","startOffset":34550648,"duration":2702}]}}}}[\n]"
4869 [main] DEBUG org.apache.http.impl.conn.BasicClientConnectionManager  - Releasing connection org.apache.http.impl.conn.ManagedClientConnectionImpl@34b87182
4869 [main] DEBUG org.apache.http.impl.conn.BasicClientConnectionManager  - Releasing connection org.apache.http.impl.conn.ManagedClientConnectionImpl@34b87182
4869 [main] DEBUG org.apache.http.impl.conn.BasicClientConnectionManager  - Releasing connection org.apache.http.impl.conn.ManagedClientConnectionImpl@34b87182
4869 [main] DEBUG org.apache.http.impl.conn.BasicClientConnectionManager  - Releasing connection org.apache.http.impl.conn.ManagedClientConnectionImpl@34b87182
4869 [main] DEBUG org.apache.http.impl.conn.BasicClientConnectionManager  - Releasing connection org.apache.http.impl.conn.ManagedClientConnectionImpl@34b87182
4869 [main] DEBUG org.apache.http.impl.conn.BasicClientConnectionManager  - Releasing connection org.apache.http.impl.conn.ManagedClientConnectionImpl@34b87182
4869 [main] DEBUG org.apache.http.impl.conn.BasicClientConnectionManager  - Releasing connection org.apache.http.impl.conn.ManagedClientConnectionImpl@34b87182
4869 [main] DEBUG org.apache.http.impl.conn.BasicClientConnectionManager  - Releasing connection org.apache.http.impl.conn.ManagedClientConnectionImpl@34b87182
4869 [main] DEBUG org.apache.http.impl.conn.BasicClientConnectionManager  - Releasing connection org.apache.http.impl.conn.ManagedClientConnectionImpl@34b87182
4869 [main] DEBUG org.apache.http.impl.conn.BasicClientConnectionManager  - Releasing connection org.apache.http.impl.conn.ManagedClientConnectionImpl@34b87182
4869 [main] DEBUG org.apache.http.impl.conn.BasicClientConnectionManager  - Connection can be kept alive indefinitely
4869 [main] DEBUG org.apache.http.impl.conn.BasicClientConnectionManager  - Connection can be kept alive indefinitely
4869 [main] DEBUG org.apache.http.impl.conn.BasicClientConnectionManager  - Connection can be kept alive indefinitely
4869 [main] DEBUG org.apache.http.impl.conn.BasicClientConnectionManager  - Connection can be kept alive indefinitely
4869 [main] DEBUG org.apache.http.impl.conn.BasicClientConnectionManager  - Connection can be kept alive indefinitely
4869 [main] DEBUG org.apache.http.impl.conn.BasicClientConnectionManager  - Connection can be kept alive indefinitely
4869 [main] DEBUG org.apache.http.impl.conn.BasicClientConnectionManager  - Connection can be kept alive indefinitely
4869 [main] DEBUG org.apache.http.impl.conn.BasicClientConnectionManager  - Connection can be kept alive indefinitely
4869 [main] DEBUG org.apache.http.impl.conn.BasicClientConnectionManager  - Connection can be kept alive indefinitely
4869 [main] DEBUG org.apache.http.impl.conn.BasicClientConnectionManager  - Connection can be kept alive indefinitely
4870 [main] INFO APITests.SensorsTest  - The status code for sensors api is: 200
4870 [main] INFO APITests.SensorsTest  - The status code for sensors api is: 200
4870 [main] INFO APITests.SensorsTest  - The status code for sensors api is: 200
4870 [main] INFO APITests.SensorsTest  - The status code for sensors api is: 200
4870 [main] INFO APITests.SensorsTest  - The status code for sensors api is: 200
4870 [main] INFO APITests.SensorsTest  - The status code for sensors api is: 200
4870 [main] INFO APITests.SensorsTest  - The status code for sensors api is: 200
4870 [main] INFO APITests.SensorsTest  - The status code for sensors api is: 200
4870 [main] INFO APITests.SensorsTest  - The status code for sensors api is: 200
4870 [main] INFO APITests.SensorsTest  - The status code for sensors api is: 200
4934 [main] INFO APITests.SensorsTest  - The total number of sensors are: 44
4934 [main] INFO APITests.SensorsTest  - The total number of sensors are: 44
4934 [main] INFO APITests.SensorsTest  - The total number of sensors are: 44
4934 [main] INFO APITests.SensorsTest  - The total number of sensors are: 44
4934 [main] INFO APITests.SensorsTest  - The total number of sensors are: 44
4934 [main] INFO APITests.SensorsTest  - The total number of sensors are: 44
4934 [main] INFO APITests.SensorsTest  - The total number of sensors are: 44
4934 [main] INFO APITests.SensorsTest  - The total number of sensors are: 44
4934 [main] INFO APITests.SensorsTest  - The total number of sensors are: 44
4934 [main] INFO APITests.SensorsTest  - The total number of sensors are: 44
5029 [Finalizer] DEBUG org.apache.http.impl.conn.DefaultClientConnection  - Connection 0.0.0.0:59473<->192.168.9.141:4000 closed
5029 [Finalizer] DEBUG org.apache.http.impl.conn.DefaultClientConnection  - Connection 0.0.0.0:59473<->192.168.9.141:4000 closed
5029 [Finalizer] DEBUG org.apache.http.impl.conn.DefaultClientConnection  - Connection 0.0.0.0:59473<->192.168.9.141:4000 closed
5029 [Finalizer] DEBUG org.apache.http.impl.conn.DefaultClientConnection  - Connection 0.0.0.0:59473<->192.168.9.141:4000 closed
5029 [Finalizer] DEBUG org.apache.http.impl.conn.DefaultClientConnection  - Connection 0.0.0.0:59473<->192.168.9.141:4000 closed
5029 [Finalizer] DEBUG org.apache.http.impl.conn.DefaultClientConnection  - Connection 0.0.0.0:59473<->192.168.9.141:4000 closed
5029 [Finalizer] DEBUG org.apache.http.impl.conn.DefaultClientConnection  - Connection 0.0.0.0:59473<->192.168.9.141:4000 closed
5029 [Finalizer] DEBUG org.apache.http.impl.conn.DefaultClientConnection  - Connection 0.0.0.0:59473<->192.168.9.141:4000 closed
5029 [Finalizer] DEBUG org.apache.http.impl.conn.DefaultClientConnection  - Connection 0.0.0.0:59473<->192.168.9.141:4000 closed
5029 [Finalizer] DEBUG org.apache.http.impl.conn.DefaultClientConnection  - Connection 0.0.0.0:59473<->192.168.9.141:4000 closed
5032 [Finalizer] DEBUG org.apache.http.impl.conn.DefaultClientConnection  - Connection 0.0.0.0:59471<->192.168.9.141:4000 closed
5032 [Finalizer] DEBUG org.apache.http.impl.conn.DefaultClientConnection  - Connection 0.0.0.0:59471<->192.168.9.141:4000 closed
5032 [Finalizer] DEBUG org.apache.http.impl.conn.DefaultClientConnection  - Connection 0.0.0.0:59471<->192.168.9.141:4000 closed
5032 [Finalizer] DEBUG org.apache.http.impl.conn.DefaultClientConnection  - Connection 0.0.0.0:59471<->192.168.9.141:4000 closed
5032 [Finalizer] DEBUG org.apache.http.impl.conn.DefaultClientConnection  - Connection 0.0.0.0:59471<->192.168.9.141:4000 closed
5032 [Finalizer] DEBUG org.apache.http.impl.conn.DefaultClientConnection  - Connection 0.0.0.0:59471<->192.168.9.141:4000 closed
5032 [Finalizer] DEBUG org.apache.http.impl.conn.DefaultClientConnection  - Connection 0.0.0.0:59471<->192.168.9.141:4000 closed
5032 [Finalizer] DEBUG org.apache.http.impl.conn.DefaultClientConnection  - Connection 0.0.0.0:59471<->192.168.9.141:4000 closed
5032 [Finalizer] DEBUG org.apache.http.impl.conn.DefaultClientConnection  - Connection 0.0.0.0:59471<->192.168.9.141:4000 closed
5032 [Finalizer] DEBUG org.apache.http.impl.conn.DefaultClientConnection  - Connection 0.0.0.0:59471<->192.168.9.141:4000 closed
5033 [Finalizer] DEBUG org.apache.http.impl.conn.DefaultClientConnection  - Connection 0.0.0.0:59470<->192.168.9.141:4000 closed
5033 [Finalizer] DEBUG org.apache.http.impl.conn.DefaultClientConnection  - Connection 0.0.0.0:59470<->192.168.9.141:4000 closed
5033 [Finalizer] DEBUG org.apache.http.impl.conn.DefaultClientConnection  - Connection 0.0.0.0:59470<->192.168.9.141:4000 closed
5033 [Finalizer] DEBUG org.apache.http.impl.conn.DefaultClientConnection  - Connection 0.0.0.0:59470<->192.168.9.141:4000 closed
5033 [Finalizer] DEBUG org.apache.http.impl.conn.DefaultClientConnection  - Connection 0.0.0.0:59470<->192.168.9.141:4000 closed
5033 [Finalizer] DEBUG org.apache.http.impl.conn.DefaultClientConnection  - Connection 0.0.0.0:59470<->192.168.9.141:4000 closed
5033 [Finalizer] DEBUG org.apache.http.impl.conn.DefaultClientConnection  - Connection 0.0.0.0:59470<->192.168.9.141:4000 closed
5033 [Finalizer] DEBUG org.apache.http.impl.conn.DefaultClientConnection  - Connection 0.0.0.0:59470<->192.168.9.141:4000 closed
5033 [Finalizer] DEBUG org.apache.http.impl.conn.DefaultClientConnection  - Connection 0.0.0.0:59470<->192.168.9.141:4000 closed
5033 [Finalizer] DEBUG org.apache.http.impl.conn.DefaultClientConnection  - Connection 0.0.0.0:59470<->192.168.9.141:4000 closed
5034 [Finalizer] DEBUG org.apache.http.impl.conn.DefaultClientConnection  - Connection 0.0.0.0:59474<->192.168.9.141:4000 closed
5034 [Finalizer] DEBUG org.apache.http.impl.conn.DefaultClientConnection  - Connection 0.0.0.0:59474<->192.168.9.141:4000 closed
5034 [Finalizer] DEBUG org.apache.http.impl.conn.DefaultClientConnection  - Connection 0.0.0.0:59474<->192.168.9.141:4000 closed
5034 [Finalizer] DEBUG org.apache.http.impl.conn.DefaultClientConnection  - Connection 0.0.0.0:59474<->192.168.9.141:4000 closed
5034 [Finalizer] DEBUG org.apache.http.impl.conn.DefaultClientConnection  - Connection 0.0.0.0:59474<->192.168.9.141:4000 closed
5034 [Finalizer] DEBUG org.apache.http.impl.conn.DefaultClientConnection  - Connection 0.0.0.0:59474<->192.168.9.141:4000 closed
5034 [Finalizer] DEBUG org.apache.http.impl.conn.DefaultClientConnection  - Connection 0.0.0.0:59474<->192.168.9.141:4000 closed
5034 [Finalizer] DEBUG org.apache.http.impl.conn.DefaultClientConnection  - Connection 0.0.0.0:59474<->192.168.9.141:4000 closed
5034 [Finalizer] DEBUG org.apache.http.impl.conn.DefaultClientConnection  - Connection 0.0.0.0:59474<->192.168.9.141:4000 closed
5034 [Finalizer] DEBUG org.apache.http.impl.conn.DefaultClientConnection  - Connection 0.0.0.0:59474<->192.168.9.141:4000 closed
5035 [Finalizer] DEBUG org.apache.http.impl.conn.DefaultClientConnection  - Connection 0.0.0.0:59472<->192.168.9.141:4000 closed
5035 [Finalizer] DEBUG org.apache.http.impl.conn.DefaultClientConnection  - Connection 0.0.0.0:59472<->192.168.9.141:4000 closed
5035 [Finalizer] DEBUG org.apache.http.impl.conn.DefaultClientConnection  - Connection 0.0.0.0:59472<->192.168.9.141:4000 closed
5035 [Finalizer] DEBUG org.apache.http.impl.conn.DefaultClientConnection  - Connection 0.0.0.0:59472<->192.168.9.141:4000 closed
5035 [Finalizer] DEBUG org.apache.http.impl.conn.DefaultClientConnection  - Connection 0.0.0.0:59472<->192.168.9.141:4000 closed
5035 [Finalizer] DEBUG org.apache.http.impl.conn.DefaultClientConnection  - Connection 0.0.0.0:59472<->192.168.9.141:4000 closed
5035 [Finalizer] DEBUG org.apache.http.impl.conn.DefaultClientConnection  - Connection 0.0.0.0:59472<->192.168.9.141:4000 closed
5035 [Finalizer] DEBUG org.apache.http.impl.conn.DefaultClientConnection  - Connection 0.0.0.0:59472<->192.168.9.141:4000 closed
5035 [Finalizer] DEBUG org.apache.http.impl.conn.DefaultClientConnection  - Connection 0.0.0.0:59472<->192.168.9.141:4000 closed
5035 [Finalizer] DEBUG org.apache.http.impl.conn.DefaultClientConnection  - Connection 0.0.0.0:59472<->192.168.9.141:4000 closed
5036 [Finalizer] DEBUG org.apache.http.impl.conn.DefaultClientConnection  - Connection 0.0.0.0:59475<->192.168.9.141:4000 closed
5036 [Finalizer] DEBUG org.apache.http.impl.conn.DefaultClientConnection  - Connection 0.0.0.0:59475<->192.168.9.141:4000 closed
5036 [Finalizer] DEBUG org.apache.http.impl.conn.DefaultClientConnection  - Connection 0.0.0.0:59475<->192.168.9.141:4000 closed
5036 [Finalizer] DEBUG org.apache.http.impl.conn.DefaultClientConnection  - Connection 0.0.0.0:59475<->192.168.9.141:4000 closed
5036 [Finalizer] DEBUG org.apache.http.impl.conn.DefaultClientConnection  - Connection 0.0.0.0:59475<->192.168.9.141:4000 closed
5036 [Finalizer] DEBUG org.apache.http.impl.conn.DefaultClientConnection  - Connection 0.0.0.0:59475<->192.168.9.141:4000 closed
5036 [Finalizer] DEBUG org.apache.http.impl.conn.DefaultClientConnection  - Connection 0.0.0.0:59475<->192.168.9.141:4000 closed
5036 [Finalizer] DEBUG org.apache.http.impl.conn.DefaultClientConnection  - Connection 0.0.0.0:59475<->192.168.9.141:4000 closed
5036 [Finalizer] DEBUG org.apache.http.impl.conn.DefaultClientConnection  - Connection 0.0.0.0:59475<->192.168.9.141:4000 closed
5036 [Finalizer] DEBUG org.apache.http.impl.conn.DefaultClientConnection  - Connection 0.0.0.0:59475<->192.168.9.141:4000 closed
5037 [Finalizer] DEBUG org.apache.http.impl.conn.DefaultClientConnection  - Connection 0.0.0.0:59479<->192.168.9.141:4000 closed
5037 [Finalizer] DEBUG org.apache.http.impl.conn.DefaultClientConnection  - Connection 0.0.0.0:59479<->192.168.9.141:4000 closed
5037 [Finalizer] DEBUG org.apache.http.impl.conn.DefaultClientConnection  - Connection 0.0.0.0:59479<->192.168.9.141:4000 closed
5037 [Finalizer] DEBUG org.apache.http.impl.conn.DefaultClientConnection  - Connection 0.0.0.0:59479<->192.168.9.141:4000 closed
5037 [Finalizer] DEBUG org.apache.http.impl.conn.DefaultClientConnection  - Connection 0.0.0.0:59479<->192.168.9.141:4000 closed
5037 [Finalizer] DEBUG org.apache.http.impl.conn.DefaultClientConnection  - Connection 0.0.0.0:59479<->192.168.9.141:4000 closed
5037 [Finalizer] DEBUG org.apache.http.impl.conn.DefaultClientConnection  - Connection 0.0.0.0:59479<->192.168.9.141:4000 closed
5037 [Finalizer] DEBUG org.apache.http.impl.conn.DefaultClientConnection  - Connection 0.0.0.0:59479<->192.168.9.141:4000 closed
5037 [Finalizer] DEBUG org.apache.http.impl.conn.DefaultClientConnection  - Connection 0.0.0.0:59479<->192.168.9.141:4000 closed
5037 [Finalizer] DEBUG org.apache.http.impl.conn.DefaultClientConnection  - Connection 0.0.0.0:59479<->192.168.9.141:4000 closed
5173 [main] ERROR APITests.SensorsTest  - Found an anomaly with 29th sensor with name: Compressor Outlet Pressure
5173 [main] ERROR APITests.SensorsTest  - Found an anomaly with 29th sensor with name: Compressor Outlet Pressure
5173 [main] ERROR APITests.SensorsTest  - Found an anomaly with 29th sensor with name: Compressor Outlet Pressure
5173 [main] ERROR APITests.SensorsTest  - Found an anomaly with 29th sensor with name: Compressor Outlet Pressure
5173 [main] ERROR APITests.SensorsTest  - Found an anomaly with 29th sensor with name: Compressor Outlet Pressure
5173 [main] ERROR APITests.SensorsTest  - Found an anomaly with 29th sensor with name: Compressor Outlet Pressure
5173 [main] ERROR APITests.SensorsTest  - Found an anomaly with 29th sensor with name: Compressor Outlet Pressure
5173 [main] ERROR APITests.SensorsTest  - Found an anomaly with 29th sensor with name: Compressor Outlet Pressure
5173 [main] ERROR APITests.SensorsTest  - Found an anomaly with 29th sensor with name: Compressor Outlet Pressure
5173 [main] ERROR APITests.SensorsTest  - Found an anomaly with 29th sensor with name: Compressor Outlet Pressure
5213 [main] ERROR APITests.SensorsTest  - Found an anomaly with 34th sensor with name: Scavenge Air Pressure
5213 [main] ERROR APITests.SensorsTest  - Found an anomaly with 34th sensor with name: Scavenge Air Pressure
5213 [main] ERROR APITests.SensorsTest  - Found an anomaly with 34th sensor with name: Scavenge Air Pressure
5213 [main] ERROR APITests.SensorsTest  - Found an anomaly with 34th sensor with name: Scavenge Air Pressure
5213 [main] ERROR APITests.SensorsTest  - Found an anomaly with 34th sensor with name: Scavenge Air Pressure
5213 [main] ERROR APITests.SensorsTest  - Found an anomaly with 34th sensor with name: Scavenge Air Pressure
5213 [main] ERROR APITests.SensorsTest  - Found an anomaly with 34th sensor with name: Scavenge Air Pressure
5213 [main] ERROR APITests.SensorsTest  - Found an anomaly with 34th sensor with name: Scavenge Air Pressure
5213 [main] ERROR APITests.SensorsTest  - Found an anomaly with 34th sensor with name: Scavenge Air Pressure
5213 [main] ERROR APITests.SensorsTest  - Found an anomaly with 34th sensor with name: Scavenge Air Pressure
5280 [main] ERROR APITests.SensorsTest  - Found an anomaly with 42th sensor with name: Engine Room Pressure
5280 [main] ERROR APITests.SensorsTest  - Found an anomaly with 42th sensor with name: Engine Room Pressure
5280 [main] ERROR APITests.SensorsTest  - Found an anomaly with 42th sensor with name: Engine Room Pressure
5280 [main] ERROR APITests.SensorsTest  - Found an anomaly with 42th sensor with name: Engine Room Pressure
5280 [main] ERROR APITests.SensorsTest  - Found an anomaly with 42th sensor with name: Engine Room Pressure
5280 [main] ERROR APITests.SensorsTest  - Found an anomaly with 42th sensor with name: Engine Room Pressure
5280 [main] ERROR APITests.SensorsTest  - Found an anomaly with 42th sensor with name: Engine Room Pressure
5280 [main] ERROR APITests.SensorsTest  - Found an anomaly with 42th sensor with name: Engine Room Pressure
5280 [main] ERROR APITests.SensorsTest  - Found an anomaly with 42th sensor with name: Engine Room Pressure
5280 [main] ERROR APITests.SensorsTest  - Found an anomaly with 42th sensor with name: Engine Room Pressure
5289 [main] ERROR APITests.SensorsTest  - There are 3 anomaly/anomalies
5289 [main] ERROR APITests.SensorsTest  - There are 3 anomaly/anomalies
5289 [main] ERROR APITests.SensorsTest  - There are 3 anomaly/anomalies
5289 [main] ERROR APITests.SensorsTest  - There are 3 anomaly/anomalies
5289 [main] ERROR APITests.SensorsTest  - There are 3 anomaly/anomalies
5289 [main] ERROR APITests.SensorsTest  - There are 3 anomaly/anomalies
5289 [main] ERROR APITests.SensorsTest  - There are 3 anomaly/anomalies
5289 [main] ERROR APITests.SensorsTest  - There are 3 anomaly/anomalies
5289 [main] ERROR APITests.SensorsTest  - There are 3 anomaly/anomalies
5289 [main] ERROR APITests.SensorsTest  - There are 3 anomaly/anomalies
]]></system-out>
  </testcase>
  <testcase name="configTest" classname="APITests.SimulatorConfigTest" time="0.166"/>
</testsuite>