<?xml version="1.0" encoding="UTF-8"?>
<testsuite xmlns:xsi="http://www.w3.org/2001/XMLSchema-instance" xsi:noNamespaceSchemaLocation="https://maven.apache.org/surefire/maven-surefire-plugin/xsd/surefire-test-report-3.0.xsd" version="3.0" name="TestSuite" time="3.695" tests="4" errors="0" skipped="0" failures="1">
  <properties>
    <property name="gopherProxySet" value="false"/>
    <property name="awt.toolkit" value="sun.lwawt.macosx.LWCToolkit"/>
    <property name="java.specification.version" value="11"/>
    <property name="sun.cpu.isalist" value=""/>
    <property name="sun.jnu.encoding" value="UTF-8"/>
    <property name="java.class.path" value="/Users/singh2_rajiv/Automation/ChordX/ChordXApi-Automation/target/test-classes:/Users/singh2_rajiv/Automation/ChordX/ChordXApi-Automation/target/classes:/Users/singh2_rajiv/.m2/repository/org/apache/maven/plugins/maven-surefire-plugin/3.0.0-M3/maven-surefire-plugin-3.0.0-M3.jar:/Users/singh2_rajiv/.m2/repository/org/apache/maven/surefire/maven-surefire-common/3.0.0-M3/maven-surefire-common-3.0.0-M3.jar:/Users/singh2_rajiv/.m2/repository/org/apache/maven/surefire/surefire-api/3.0.0-M3/surefire-api-3.0.0-M3.jar:/Users/singh2_rajiv/.m2/repository/org/apache/maven/surefire/surefire-logger-api/3.0.0-M3/surefire-logger-api-3.0.0-M3.jar:/Users/singh2_rajiv/.m2/repository/org/apache/maven/surefire/surefire-booter/3.0.0-M3/surefire-booter-3.0.0-M3.jar:/Users/singh2_rajiv/.m2/repository/org/apache/maven/maven-toolchain/3.0-alpha-2/maven-toolchain-3.0-alpha-2.jar:/Users/singh2_rajiv/.m2/repository/org/apache/maven/maven-core/3.0-alpha-2/maven-core-3.0-alpha-2.jar:/Users/singh2_rajiv/.m2/repository/org/apache/maven/maven-lifecycle/3.0-alpha-2/maven-lifecycle-3.0-alpha-2.jar:/Users/singh2_rajiv/.m2/repository/org/apache/maven/maven-reporting-api/3.0-alpha-2/maven-reporting-api-3.0-alpha-2.jar:/Users/singh2_rajiv/.m2/repository/org/apache/maven/doxia/doxia-sink-api/1.0-alpha-9/doxia-sink-api-1.0-alpha-9.jar:/Users/singh2_rajiv/.m2/repository/org/apache/maven/maven-model/3.0-alpha-2/maven-model-3.0-alpha-2.jar:/Users/singh2_rajiv/.m2/repository/org/apache/maven/maven-plugin-api/3.0-alpha-2/maven-plugin-api-3.0-alpha-2.jar:/Users/singh2_rajiv/.m2/repository/org/codehaus/plexus/plexus-container-default/1.0-beta-3.0.5/plexus-container-default-1.0-beta-3.0.5.jar:/Users/singh2_rajiv/.m2/repository/org/apache/xbean/xbean-reflect/3.4/xbean-reflect-3.4.jar:/Users/singh2_rajiv/.m2/repository/commons-logging/commons-logging-api/1.1/commons-logging-api-1.1.jar:/Users/singh2_rajiv/.m2/repository/com/google/code/google-collections/google-collect/snapshot-20080530/google-collect-snapshot-20080530.jar:/Users/singh2_rajiv/.m2/repository/junit/junit/3.8.2/junit-3.8.2.jar:/Users/singh2_rajiv/.m2/repository/org/apache/maven/maven-project/3.0-alpha-2/maven-project-3.0-alpha-2.jar:/Users/singh2_rajiv/.m2/repository/org/codehaus/woodstox/wstx-asl/3.2.6/wstx-asl-3.2.6.jar:/Users/singh2_rajiv/.m2/repository/org/apache/maven/maven-project-builder/3.0-alpha-2/maven-project-builder-3.0-alpha-2.jar:/Users/singh2_rajiv/.m2/repository/commons-cli/commons-cli/1.0/commons-cli-1.0.jar:/Users/singh2_rajiv/.m2/repository/org/codehaus/plexus/plexus-interactivity-api/1.0-alpha-6/plexus-interactivity-api-1.0-alpha-6.jar:/Users/singh2_rajiv/.m2/repository/org/codehaus/plexus/plexus-interpolation/1.1/plexus-interpolation-1.1.jar:/Users/singh2_rajiv/.m2/repository/org/codehaus/plexus/plexus-utils/1.5.6/plexus-utils-1.5.6.jar:/Users/singh2_rajiv/.m2/repository/org/codehaus/plexus/plexus-classworlds/1.3/plexus-classworlds-1.3.jar:/Users/singh2_rajiv/.m2/repository/org/codehaus/plexus/plexus-component-annotations/1.0-beta-3.0.5/plexus-component-annotations-1.0-beta-3.0.5.jar:/Users/singh2_rajiv/.m2/repository/org/sonatype/plexus/plexus-plugin-manager/1.0-alpha-1/plexus-plugin-manager-1.0-alpha-1.jar:/Users/singh2_rajiv/.m2/repository/org/apache/maven/mercury/mercury-plexus/1.0.0-alpha-2/mercury-plexus-1.0.0-alpha-2.jar:/Users/singh2_rajiv/.m2/repository/org/apache/maven/mercury/mercury-repo-remote-m2/1.0.0-alpha-2/mercury-repo-remote-m2-1.0.0-alpha-2.jar:/Users/singh2_rajiv/.m2/repository/org/apache/maven/mercury/mercury-repo-api/1.0.0-alpha-2/mercury-repo-api-1.0.0-alpha-2.jar:/Users/singh2_rajiv/.m2/repository/org/apache/maven/mercury/mercury-transport-api/1.0.0-alpha-2/mercury-transport-api-1.0.0-alpha-2.jar:/Users/singh2_rajiv/.m2/repository/org/apache/maven/mercury/mercury-crypto-api/1.0.0-alpha-2/mercury-crypto-api-1.0.0-alpha-2.jar:/Users/singh2_rajiv/.m2/repository/org/apache/maven/mercury/mercury-transport-http/1.0.0-alpha-2/mercury-transport-http-1.0.0-alpha-2.jar:/Users/singh2_rajiv/.m2/repository/org/mortbay/jetty/jetty-client/6.1.12/jetty-client-6.1.12.jar:/Users/singh2_rajiv/.m2/repository/org/mortbay/jetty/jetty-sslengine/6.1.12/jetty-sslengine-6.1.12.jar:/Users/singh2_rajiv/.m2/repository/org/mortbay/jetty/jetty/6.1.12/jetty-6.1.12.jar:/Users/singh2_rajiv/.m2/repository/org/mortbay/jetty/jetty-util/6.1.12/jetty-util-6.1.12.jar:/Users/singh2_rajiv/.m2/repository/org/mortbay/jetty/servlet-api-2.5/6.1.12/servlet-api-2.5-6.1.12.jar:/Users/singh2_rajiv/.m2/repository/org/apache/maven/mercury/mercury-crypto-basic/1.0.0-alpha-2/mercury-crypto-basic-1.0.0-alpha-2.jar:/Users/singh2_rajiv/.m2/repository/bouncycastle/bcprov-jdk15/140/bcprov-jdk15-140.jar:/Users/singh2_rajiv/.m2/repository/bouncycastle/bcpg-jdk15/140/bcpg-jdk15-140.jar:/Users/singh2_rajiv/.m2/repository/org/apache/maven/mercury/mercury-md-shared/1.0.0-alpha-2/mercury-md-shared-1.0.0-alpha-2.jar:/Users/singh2_rajiv/.m2/repository/org/apache/maven/mercury/mercury-util/1.0.0-alpha-2/mercury-util-1.0.0-alpha-2.jar:/Users/singh2_rajiv/.m2/repository/org/apache/maven/mercury/mercury-repo-local-m2/1.0.0-alpha-2/mercury-repo-local-m2-1.0.0-alpha-2.jar:/Users/singh2_rajiv/.m2/repository/org/apache/maven/mercury/mercury-repo-virtual/1.0.0-alpha-2/mercury-repo-virtual-1.0.0-alpha-2.jar:/Users/singh2_rajiv/.m2/repository/org/apache/maven/mercury/mercury-repo-cache-fs/1.0.0-alpha-2/mercury-repo-cache-fs-1.0.0-alpha-2.jar:/Users/singh2_rajiv/.m2/repository/org/apache/maven/mercury/mercury-md-sat/1.0.0-alpha-2/mercury-md-sat-1.0.0-alpha-2.jar:/Users/singh2_rajiv/.m2/repository/org/sat4j/org.sat4j.core/2.0.4/org.sat4j.core-2.0.4.jar:/Users/singh2_rajiv/.m2/repository/org/sat4j/org.sat4j.pb/2.0.4/org.sat4j.pb-2.0.4.jar:/Users/singh2_rajiv/.m2/repository/org/apache/maven/mercury/mercury-event/1.0.0-alpha-2/mercury-event-1.0.0-alpha-2.jar:/Users/singh2_rajiv/.m2/repository/org/apache/maven/mercury/mercury-logging/1.0.0-alpha-2/mercury-logging-1.0.0-alpha-2.jar:/Users/singh2_rajiv/.m2/repository/org/codehaus/plexus/plexus-lang/1.1/plexus-lang-1.1.jar:/Users/singh2_rajiv/.m2/repository/org/slf4j/slf4j-jdk14/1.5.3/slf4j-jdk14-1.5.3.jar:/Users/singh2_rajiv/.m2/repository/org/slf4j/slf4j-api/1.5.3/slf4j-api-1.5.3.jar:/Users/singh2_rajiv/.m2/repository/org/apache/maven/maven-mercury/3.0-alpha-2/maven-mercury-3.0-alpha-2.jar:/Users/singh2_rajiv/.m2/repository/org/apache/maven/mercury/mercury-artifact/1.0.0-alpha-2/mercury-artifact-1.0.0-alpha-2.jar:/Users/singh2_rajiv/.m2/repository/org/apache/maven/mercury/mercury-external/1.0.0-alpha-2/mercury-external-1.0.0-alpha-2.jar:/Users/singh2_rajiv/.m2/repository/org/sonatype/spice/model-builder/1.3/model-builder-1.3.jar:/Users/singh2_rajiv/.m2/repository/stax/stax-api/1.0.1/stax-api-1.0.1.jar:/Users/singh2_rajiv/.m2/repository/org/apache/maven/maven-compat/3.0-alpha-2/maven-compat-3.0-alpha-2.jar:/Users/singh2_rajiv/.m2/repository/org/apache/maven/wagon/wagon-provider-api/1.0-beta-4/wagon-provider-api-1.0-beta-4.jar:/Users/singh2_rajiv/.m2/repository/org/codehaus/plexus/plexus-java/1.0.1/plexus-java-1.0.1.jar:/Users/singh2_rajiv/.m2/repository/org/ow2/asm/asm/7.0-beta/asm-7.0-beta.jar:/Users/singh2_rajiv/.m2/repository/com/thoughtworks/qdox/qdox/2.0-M9/qdox-2.0-M9.jar:/Users/singh2_rajiv/.m2/repository/org/seleniumhq/selenium/selenium-java/3.10.0/selenium-java-3.10.0.jar:/Users/singh2_rajiv/.m2/repository/org/seleniumhq/selenium/selenium-api/3.10.0/selenium-api-3.10.0.jar:/Users/singh2_rajiv/.m2/repository/org/seleniumhq/selenium/selenium-chrome-driver/3.10.0/selenium-chrome-driver-3.10.0.jar:/Users/singh2_rajiv/.m2/repository/org/seleniumhq/selenium/selenium-edge-driver/3.10.0/selenium-edge-driver-3.10.0.jar:/Users/singh2_rajiv/.m2/repository/org/seleniumhq/selenium/selenium-firefox-driver/3.10.0/selenium-firefox-driver-3.10.0.jar:/Users/singh2_rajiv/.m2/repository/org/seleniumhq/selenium/selenium-ie-driver/3.10.0/selenium-ie-driver-3.10.0.jar:/Users/singh2_rajiv/.m2/repository/org/seleniumhq/selenium/selenium-opera-driver/3.10.0/selenium-opera-driver-3.10.0.jar:/Users/singh2_rajiv/.m2/repository/org/seleniumhq/selenium/selenium-remote-driver/3.10.0/selenium-remote-driver-3.10.0.jar:/Users/singh2_rajiv/.m2/repository/org/seleniumhq/selenium/selenium-safari-driver/3.10.0/selenium-safari-driver-3.10.0.jar:/Users/singh2_rajiv/.m2/repository/org/seleniumhq/selenium/selenium-support/3.10.0/selenium-support-3.10.0.jar:/Users/singh2_rajiv/.m2/repository/net/bytebuddy/byte-buddy/1.7.9/byte-buddy-1.7.9.jar:/Users/singh2_rajiv/.m2/repository/org/apache/commons/commons-exec/1.3/commons-exec-1.3.jar:/Users/singh2_rajiv/.m2/repository/commons-codec/commons-codec/1.10/commons-codec-1.10.jar:/Users/singh2_rajiv/.m2/repository/commons-logging/commons-logging/1.2/commons-logging-1.2.jar:/Users/singh2_rajiv/.m2/repository/com/google/code/gson/gson/2.8.2/gson-2.8.2.jar:/Users/singh2_rajiv/.m2/repository/com/google/guava/guava/23.6-jre/guava-23.6-jre.jar:/Users/singh2_rajiv/.m2/repository/com/google/code/findbugs/jsr305/1.3.9/jsr305-1.3.9.jar:/Users/singh2_rajiv/.m2/repository/org/checkerframework/checker-compat-qual/2.0.0/checker-compat-qual-2.0.0.jar:/Users/singh2_rajiv/.m2/repository/com/google/errorprone/error_prone_annotations/2.1.3/error_prone_annotations-2.1.3.jar:/Users/singh2_rajiv/.m2/repository/com/google/j2objc/j2objc-annotations/1.1/j2objc-annotations-1.1.jar:/Users/singh2_rajiv/.m2/repository/org/codehaus/mojo/animal-sniffer-annotations/1.14/animal-sniffer-annotations-1.14.jar:/Users/singh2_rajiv/.m2/repository/org/apache/httpcomponents/httpclient/4.5.3/httpclient-4.5.3.jar:/Users/singh2_rajiv/.m2/repository/org/apache/httpcomponents/httpcore/4.4.6/httpcore-4.4.6.jar:/Users/singh2_rajiv/.m2/repository/com/squareup/okhttp3/okhttp/3.9.1/okhttp-3.9.1.jar:/Users/singh2_rajiv/.m2/repository/com/squareup/okio/okio/1.13.0/okio-1.13.0.jar:/Users/singh2_rajiv/.m2/repository/org/testng/testng/7.0.0/testng-7.0.0.jar:/Users/singh2_rajiv/.m2/repository/com/beust/jcommander/1.72/jcommander-1.72.jar:/Users/singh2_rajiv/.m2/repository/io/rest-assured/rest-assured/4.0.0/rest-assured-4.0.0.jar:/Users/singh2_rajiv/.m2/repository/org/codehaus/groovy/groovy/2.5.6/groovy-2.5.6.jar:/Users/singh2_rajiv/.m2/repository/org/codehaus/groovy/groovy-xml/2.5.6/groovy-xml-2.5.6.jar:/Users/singh2_rajiv/.m2/repository/org/apache/httpcomponents/httpmime/4.5.3/httpmime-4.5.3.jar:/Users/singh2_rajiv/.m2/repository/org/hamcrest/hamcrest-core/2.1/hamcrest-core-2.1.jar:/Users/singh2_rajiv/.m2/repository/org/hamcrest/hamcrest/2.1/hamcrest-2.1.jar:/Users/singh2_rajiv/.m2/repository/org/hamcrest/hamcrest-library/2.1/hamcrest-library-2.1.jar:/Users/singh2_rajiv/.m2/repository/org/ccil/cowan/tagsoup/tagsoup/1.2.1/tagsoup-1.2.1.jar:/Users/singh2_rajiv/.m2/repository/io/rest-assured/json-path/4.0.0/json-path-4.0.0.jar:/Users/singh2_rajiv/.m2/repository/org/codehaus/groovy/groovy-json/2.5.6/groovy-json-2.5.6.jar:/Users/singh2_rajiv/.m2/repository/org/json/json/20190722/json-20190722.jar:/Users/singh2_rajiv/.m2/repository/io/rest-assured/xml-path/4.0.0/xml-path-4.0.0.jar:/Users/singh2_rajiv/.m2/repository/io/rest-assured/rest-assured-common/4.0.0/rest-assured-common-4.0.0.jar:/Users/singh2_rajiv/.m2/repository/org/apache/commons/commons-lang3/3.4/commons-lang3-3.4.jar:/Users/singh2_rajiv/.m2/repository/javax/xml/bind/jaxb-api/2.2.12/jaxb-api-2.2.12.jar:/Users/singh2_rajiv/.m2/repository/org/apache/sling/org.apache.sling.javax.activation/0.1.0/org.apache.sling.javax.activation-0.1.0.jar:/Users/singh2_rajiv/.m2/repository/javax/activation/activation/1.1.1/activation-1.1.1.jar:/Users/singh2_rajiv/.m2/repository/log4j/log4j/1.2.17/log4j-1.2.17.jar:/Users/singh2_rajiv/.m2/repository/com/sun/xml/bind/jaxb-osgi/2.3.2/jaxb-osgi-2.3.2.jar:"/>
    <property name="java.vm.vendor" value="Oracle Corporation"/>
    <property name="sun.arch.data.model" value="64"/>
    <property name="java.vendor.url" value="http://java.oracle.com/"/>
    <property name="user.timezone" value=""/>
    <property name="java.vm.specification.version" value="11"/>
    <property name="os.name" value="Mac OS X"/>
    <property name="sun.java.launcher" value="SUN_STANDARD"/>
    <property name="user.country" value="US"/>
    <property name="sun.boot.library.path" value="/Library/Java/JavaVirtualMachines/jdk-11.0.2.jdk/Contents/Home/lib"/>
    <property name="sun.java.command" value="/Users/singh2_rajiv/Automation/ChordX/ChordXApi-Automation/target/surefire/surefirebooter7774467140623700485.jar /Users/singh2_rajiv/Automation/ChordX/ChordXApi-Automation/target/surefire 2019-09-06T14-30-49_244-jvmRun1 surefire18394752612582398545tmp surefire_011391808384556058662tmp"/>
    <property name="jdk.debug" value="release"/>
    <property name="surefire.test.class.path" value="/Users/singh2_rajiv/Automation/ChordX/ChordXApi-Automation/target/test-classes:/Users/singh2_rajiv/Automation/ChordX/ChordXApi-Automation/target/classes:/Users/singh2_rajiv/.m2/repository/org/apache/maven/plugins/maven-surefire-plugin/3.0.0-M3/maven-surefire-plugin-3.0.0-M3.jar:/Users/singh2_rajiv/.m2/repository/org/apache/maven/surefire/maven-surefire-common/3.0.0-M3/maven-surefire-common-3.0.0-M3.jar:/Users/singh2_rajiv/.m2/repository/org/apache/maven/surefire/surefire-api/3.0.0-M3/surefire-api-3.0.0-M3.jar:/Users/singh2_rajiv/.m2/repository/org/apache/maven/surefire/surefire-logger-api/3.0.0-M3/surefire-logger-api-3.0.0-M3.jar:/Users/singh2_rajiv/.m2/repository/org/apache/maven/surefire/surefire-booter/3.0.0-M3/surefire-booter-3.0.0-M3.jar:/Users/singh2_rajiv/.m2/repository/org/apache/maven/maven-toolchain/3.0-alpha-2/maven-toolchain-3.0-alpha-2.jar:/Users/singh2_rajiv/.m2/repository/org/apache/maven/maven-core/3.0-alpha-2/maven-core-3.0-alpha-2.jar:/Users/singh2_rajiv/.m2/repository/org/apache/maven/maven-lifecycle/3.0-alpha-2/maven-lifecycle-3.0-alpha-2.jar:/Users/singh2_rajiv/.m2/repository/org/apache/maven/maven-reporting-api/3.0-alpha-2/maven-reporting-api-3.0-alpha-2.jar:/Users/singh2_rajiv/.m2/repository/org/apache/maven/doxia/doxia-sink-api/1.0-alpha-9/doxia-sink-api-1.0-alpha-9.jar:/Users/singh2_rajiv/.m2/repository/org/apache/maven/maven-model/3.0-alpha-2/maven-model-3.0-alpha-2.jar:/Users/singh2_rajiv/.m2/repository/org/apache/maven/maven-plugin-api/3.0-alpha-2/maven-plugin-api-3.0-alpha-2.jar:/Users/singh2_rajiv/.m2/repository/org/codehaus/plexus/plexus-container-default/1.0-beta-3.0.5/plexus-container-default-1.0-beta-3.0.5.jar:/Users/singh2_rajiv/.m2/repository/org/apache/xbean/xbean-reflect/3.4/xbean-reflect-3.4.jar:/Users/singh2_rajiv/.m2/repository/commons-logging/commons-logging-api/1.1/commons-logging-api-1.1.jar:/Users/singh2_rajiv/.m2/repository/com/google/code/google-collections/google-collect/snapshot-20080530/google-collect-snapshot-20080530.jar:/Users/singh2_rajiv/.m2/repository/junit/junit/3.8.2/junit-3.8.2.jar:/Users/singh2_rajiv/.m2/repository/org/apache/maven/maven-project/3.0-alpha-2/maven-project-3.0-alpha-2.jar:/Users/singh2_rajiv/.m2/repository/org/codehaus/woodstox/wstx-asl/3.2.6/wstx-asl-3.2.6.jar:/Users/singh2_rajiv/.m2/repository/org/apache/maven/maven-project-builder/3.0-alpha-2/maven-project-builder-3.0-alpha-2.jar:/Users/singh2_rajiv/.m2/repository/commons-cli/commons-cli/1.0/commons-cli-1.0.jar:/Users/singh2_rajiv/.m2/repository/org/codehaus/plexus/plexus-interactivity-api/1.0-alpha-6/plexus-interactivity-api-1.0-alpha-6.jar:/Users/singh2_rajiv/.m2/repository/org/codehaus/plexus/plexus-interpolation/1.1/plexus-interpolation-1.1.jar:/Users/singh2_rajiv/.m2/repository/org/codehaus/plexus/plexus-utils/1.5.6/plexus-utils-1.5.6.jar:/Users/singh2_rajiv/.m2/repository/org/codehaus/plexus/plexus-classworlds/1.3/plexus-classworlds-1.3.jar:/Users/singh2_rajiv/.m2/repository/org/codehaus/plexus/plexus-component-annotations/1.0-beta-3.0.5/plexus-component-annotations-1.0-beta-3.0.5.jar:/Users/singh2_rajiv/.m2/repository/org/sonatype/plexus/plexus-plugin-manager/1.0-alpha-1/plexus-plugin-manager-1.0-alpha-1.jar:/Users/singh2_rajiv/.m2/repository/org/apache/maven/mercury/mercury-plexus/1.0.0-alpha-2/mercury-plexus-1.0.0-alpha-2.jar:/Users/singh2_rajiv/.m2/repository/org/apache/maven/mercury/mercury-repo-remote-m2/1.0.0-alpha-2/mercury-repo-remote-m2-1.0.0-alpha-2.jar:/Users/singh2_rajiv/.m2/repository/org/apache/maven/mercury/mercury-repo-api/1.0.0-alpha-2/mercury-repo-api-1.0.0-alpha-2.jar:/Users/singh2_rajiv/.m2/repository/org/apache/maven/mercury/mercury-transport-api/1.0.0-alpha-2/mercury-transport-api-1.0.0-alpha-2.jar:/Users/singh2_rajiv/.m2/repository/org/apache/maven/mercury/mercury-crypto-api/1.0.0-alpha-2/mercury-crypto-api-1.0.0-alpha-2.jar:/Users/singh2_rajiv/.m2/repository/org/apache/maven/mercury/mercury-transport-http/1.0.0-alpha-2/mercury-transport-http-1.0.0-alpha-2.jar:/Users/singh2_rajiv/.m2/repository/org/mortbay/jetty/jetty-client/6.1.12/jetty-client-6.1.12.jar:/Users/singh2_rajiv/.m2/repository/org/mortbay/jetty/jetty-sslengine/6.1.12/jetty-sslengine-6.1.12.jar:/Users/singh2_rajiv/.m2/repository/org/mortbay/jetty/jetty/6.1.12/jetty-6.1.12.jar:/Users/singh2_rajiv/.m2/repository/org/mortbay/jetty/jetty-util/6.1.12/jetty-util-6.1.12.jar:/Users/singh2_rajiv/.m2/repository/org/mortbay/jetty/servlet-api-2.5/6.1.12/servlet-api-2.5-6.1.12.jar:/Users/singh2_rajiv/.m2/repository/org/apache/maven/mercury/mercury-crypto-basic/1.0.0-alpha-2/mercury-crypto-basic-1.0.0-alpha-2.jar:/Users/singh2_rajiv/.m2/repository/bouncycastle/bcprov-jdk15/140/bcprov-jdk15-140.jar:/Users/singh2_rajiv/.m2/repository/bouncycastle/bcpg-jdk15/140/bcpg-jdk15-140.jar:/Users/singh2_rajiv/.m2/repository/org/apache/maven/mercury/mercury-md-shared/1.0.0-alpha-2/mercury-md-shared-1.0.0-alpha-2.jar:/Users/singh2_rajiv/.m2/repository/org/apache/maven/mercury/mercury-util/1.0.0-alpha-2/mercury-util-1.0.0-alpha-2.jar:/Users/singh2_rajiv/.m2/repository/org/apache/maven/mercury/mercury-repo-local-m2/1.0.0-alpha-2/mercury-repo-local-m2-1.0.0-alpha-2.jar:/Users/singh2_rajiv/.m2/repository/org/apache/maven/mercury/mercury-repo-virtual/1.0.0-alpha-2/mercury-repo-virtual-1.0.0-alpha-2.jar:/Users/singh2_rajiv/.m2/repository/org/apache/maven/mercury/mercury-repo-cache-fs/1.0.0-alpha-2/mercury-repo-cache-fs-1.0.0-alpha-2.jar:/Users/singh2_rajiv/.m2/repository/org/apache/maven/mercury/mercury-md-sat/1.0.0-alpha-2/mercury-md-sat-1.0.0-alpha-2.jar:/Users/singh2_rajiv/.m2/repository/org/sat4j/org.sat4j.core/2.0.4/org.sat4j.core-2.0.4.jar:/Users/singh2_rajiv/.m2/repository/org/sat4j/org.sat4j.pb/2.0.4/org.sat4j.pb-2.0.4.jar:/Users/singh2_rajiv/.m2/repository/org/apache/maven/mercury/mercury-event/1.0.0-alpha-2/mercury-event-1.0.0-alpha-2.jar:/Users/singh2_rajiv/.m2/repository/org/apache/maven/mercury/mercury-logging/1.0.0-alpha-2/mercury-logging-1.0.0-alpha-2.jar:/Users/singh2_rajiv/.m2/repository/org/codehaus/plexus/plexus-lang/1.1/plexus-lang-1.1.jar:/Users/singh2_rajiv/.m2/repository/org/slf4j/slf4j-jdk14/1.5.3/slf4j-jdk14-1.5.3.jar:/Users/singh2_rajiv/.m2/repository/org/slf4j/slf4j-api/1.5.3/slf4j-api-1.5.3.jar:/Users/singh2_rajiv/.m2/repository/org/apache/maven/maven-mercury/3.0-alpha-2/maven-mercury-3.0-alpha-2.jar:/Users/singh2_rajiv/.m2/repository/org/apache/maven/mercury/mercury-artifact/1.0.0-alpha-2/mercury-artifact-1.0.0-alpha-2.jar:/Users/singh2_rajiv/.m2/repository/org/apache/maven/mercury/mercury-external/1.0.0-alpha-2/mercury-external-1.0.0-alpha-2.jar:/Users/singh2_rajiv/.m2/repository/org/sonatype/spice/model-builder/1.3/model-builder-1.3.jar:/Users/singh2_rajiv/.m2/repository/stax/stax-api/1.0.1/stax-api-1.0.1.jar:/Users/singh2_rajiv/.m2/repository/org/apache/maven/maven-compat/3.0-alpha-2/maven-compat-3.0-alpha-2.jar:/Users/singh2_rajiv/.m2/repository/org/apache/maven/wagon/wagon-provider-api/1.0-beta-4/wagon-provider-api-1.0-beta-4.jar:/Users/singh2_rajiv/.m2/repository/org/codehaus/plexus/plexus-java/1.0.1/plexus-java-1.0.1.jar:/Users/singh2_rajiv/.m2/repository/org/ow2/asm/asm/7.0-beta/asm-7.0-beta.jar:/Users/singh2_rajiv/.m2/repository/com/thoughtworks/qdox/qdox/2.0-M9/qdox-2.0-M9.jar:/Users/singh2_rajiv/.m2/repository/org/seleniumhq/selenium/selenium-java/3.10.0/selenium-java-3.10.0.jar:/Users/singh2_rajiv/.m2/repository/org/seleniumhq/selenium/selenium-api/3.10.0/selenium-api-3.10.0.jar:/Users/singh2_rajiv/.m2/repository/org/seleniumhq/selenium/selenium-chrome-driver/3.10.0/selenium-chrome-driver-3.10.0.jar:/Users/singh2_rajiv/.m2/repository/org/seleniumhq/selenium/selenium-edge-driver/3.10.0/selenium-edge-driver-3.10.0.jar:/Users/singh2_rajiv/.m2/repository/org/seleniumhq/selenium/selenium-firefox-driver/3.10.0/selenium-firefox-driver-3.10.0.jar:/Users/singh2_rajiv/.m2/repository/org/seleniumhq/selenium/selenium-ie-driver/3.10.0/selenium-ie-driver-3.10.0.jar:/Users/singh2_rajiv/.m2/repository/org/seleniumhq/selenium/selenium-opera-driver/3.10.0/selenium-opera-driver-3.10.0.jar:/Users/singh2_rajiv/.m2/repository/org/seleniumhq/selenium/selenium-remote-driver/3.10.0/selenium-remote-driver-3.10.0.jar:/Users/singh2_rajiv/.m2/repository/org/seleniumhq/selenium/selenium-safari-driver/3.10.0/selenium-safari-driver-3.10.0.jar:/Users/singh2_rajiv/.m2/repository/org/seleniumhq/selenium/selenium-support/3.10.0/selenium-support-3.10.0.jar:/Users/singh2_rajiv/.m2/repository/net/bytebuddy/byte-buddy/1.7.9/byte-buddy-1.7.9.jar:/Users/singh2_rajiv/.m2/repository/org/apache/commons/commons-exec/1.3/commons-exec-1.3.jar:/Users/singh2_rajiv/.m2/repository/commons-codec/commons-codec/1.10/commons-codec-1.10.jar:/Users/singh2_rajiv/.m2/repository/commons-logging/commons-logging/1.2/commons-logging-1.2.jar:/Users/singh2_rajiv/.m2/repository/com/google/code/gson/gson/2.8.2/gson-2.8.2.jar:/Users/singh2_rajiv/.m2/repository/com/google/guava/guava/23.6-jre/guava-23.6-jre.jar:/Users/singh2_rajiv/.m2/repository/com/google/code/findbugs/jsr305/1.3.9/jsr305-1.3.9.jar:/Users/singh2_rajiv/.m2/repository/org/checkerframework/checker-compat-qual/2.0.0/checker-compat-qual-2.0.0.jar:/Users/singh2_rajiv/.m2/repository/com/google/errorprone/error_prone_annotations/2.1.3/error_prone_annotations-2.1.3.jar:/Users/singh2_rajiv/.m2/repository/com/google/j2objc/j2objc-annotations/1.1/j2objc-annotations-1.1.jar:/Users/singh2_rajiv/.m2/repository/org/codehaus/mojo/animal-sniffer-annotations/1.14/animal-sniffer-annotations-1.14.jar:/Users/singh2_rajiv/.m2/repository/org/apache/httpcomponents/httpclient/4.5.3/httpclient-4.5.3.jar:/Users/singh2_rajiv/.m2/repository/org/apache/httpcomponents/httpcore/4.4.6/httpcore-4.4.6.jar:/Users/singh2_rajiv/.m2/repository/com/squareup/okhttp3/okhttp/3.9.1/okhttp-3.9.1.jar:/Users/singh2_rajiv/.m2/repository/com/squareup/okio/okio/1.13.0/okio-1.13.0.jar:/Users/singh2_rajiv/.m2/repository/org/testng/testng/7.0.0/testng-7.0.0.jar:/Users/singh2_rajiv/.m2/repository/com/beust/jcommander/1.72/jcommander-1.72.jar:/Users/singh2_rajiv/.m2/repository/io/rest-assured/rest-assured/4.0.0/rest-assured-4.0.0.jar:/Users/singh2_rajiv/.m2/repository/org/codehaus/groovy/groovy/2.5.6/groovy-2.5.6.jar:/Users/singh2_rajiv/.m2/repository/org/codehaus/groovy/groovy-xml/2.5.6/groovy-xml-2.5.6.jar:/Users/singh2_rajiv/.m2/repository/org/apache/httpcomponents/httpmime/4.5.3/httpmime-4.5.3.jar:/Users/singh2_rajiv/.m2/repository/org/hamcrest/hamcrest-core/2.1/hamcrest-core-2.1.jar:/Users/singh2_rajiv/.m2/repository/org/hamcrest/hamcrest/2.1/hamcrest-2.1.jar:/Users/singh2_rajiv/.m2/repository/org/hamcrest/hamcrest-library/2.1/hamcrest-library-2.1.jar:/Users/singh2_rajiv/.m2/repository/org/ccil/cowan/tagsoup/tagsoup/1.2.1/tagsoup-1.2.1.jar:/Users/singh2_rajiv/.m2/repository/io/rest-assured/json-path/4.0.0/json-path-4.0.0.jar:/Users/singh2_rajiv/.m2/repository/org/codehaus/groovy/groovy-json/2.5.6/groovy-json-2.5.6.jar:/Users/singh2_rajiv/.m2/repository/org/json/json/20190722/json-20190722.jar:/Users/singh2_rajiv/.m2/repository/io/rest-assured/xml-path/4.0.0/xml-path-4.0.0.jar:/Users/singh2_rajiv/.m2/repository/io/rest-assured/rest-assured-common/4.0.0/rest-assured-common-4.0.0.jar:/Users/singh2_rajiv/.m2/repository/org/apache/commons/commons-lang3/3.4/commons-lang3-3.4.jar:/Users/singh2_rajiv/.m2/repository/javax/xml/bind/jaxb-api/2.2.12/jaxb-api-2.2.12.jar:/Users/singh2_rajiv/.m2/repository/org/apache/sling/org.apache.sling.javax.activation/0.1.0/org.apache.sling.javax.activation-0.1.0.jar:/Users/singh2_rajiv/.m2/repository/javax/activation/activation/1.1.1/activation-1.1.1.jar:/Users/singh2_rajiv/.m2/repository/log4j/log4j/1.2.17/log4j-1.2.17.jar:/Users/singh2_rajiv/.m2/repository/com/sun/xml/bind/jaxb-osgi/2.3.2/jaxb-osgi-2.3.2.jar:"/>
    <property name="sun.cpu.endian" value="little"/>
    <property name="user.home" value="/Users/singh2_rajiv"/>
    <property name="user.language" value="en"/>
    <property name="java.specification.vendor" value="Oracle Corporation"/>
    <property name="java.version.date" value="2019-01-15"/>
    <property name="java.home" value="/Library/Java/JavaVirtualMachines/jdk-11.0.2.jdk/Contents/Home"/>
    <property name="file.separator" value="/"/>
    <property name="basedir" value="/Users/singh2_rajiv/Automation/ChordX/ChordXApi-Automation"/>
    <property name="java.vm.compressedOopsMode" value="Zero based"/>
    <property name="line.separator" value="&#10;"/>
    <property name="java.specification.name" value="Java Platform API Specification"/>
    <property name="java.vm.specification.vendor" value="Oracle Corporation"/>
    <property name="java.awt.graphicsenv" value="sun.awt.CGraphicsEnvironment"/>
    <property name="surefire.real.class.path" value="/Users/singh2_rajiv/Automation/ChordX/ChordXApi-Automation/target/surefire/surefirebooter7774467140623700485.jar"/>
    <property name="sun.management.compiler" value="HotSpot 64-Bit Tiered Compilers"/>
    <property name="java.runtime.version" value="11.0.2+9-LTS"/>
    <property name="user.name" value="singh2 rajiv"/>
    <property name="path.separator" value=":"/>
    <property name="os.version" value="10.14"/>
    <property name="java.runtime.name" value="Java(TM) SE Runtime Environment"/>
    <property name="file.encoding" value="UTF-8"/>
    <property name="java.vm.name" value="Java HotSpot(TM) 64-Bit Server VM"/>
    <property name="java.vendor.version" value="18.9"/>
    <property name="localRepository" value="/Users/singh2_rajiv/.m2/repository"/>
    <property name="java.vendor.url.bug" value="http://bugreport.java.com/bugreport/"/>
    <property name="java.io.tmpdir" value="/var/folders/v_/4flh1ksd0l59f60k5r0tvbbsd8jtf0/T/"/>
    <property name="java.version" value="11.0.2"/>
    <property name="user.dir" value="/Users/singh2_rajiv/Automation/ChordX/ChordXApi-Automation"/>
    <property name="os.arch" value="x86_64"/>
    <property name="java.vm.specification.name" value="Java Virtual Machine Specification"/>
    <property name="java.awt.printerjob" value="sun.lwawt.macosx.CPrinterJob"/>
    <property name="sun.os.patch.level" value="unknown"/>
    <property name="java.library.path" value="/Users/singh2_rajiv/Library/Java/Extensions:/Library/Java/Extensions:/Network/Library/Java/Extensions:/System/Library/Java/Extensions:/usr/lib/java:."/>
    <property name="java.vendor" value="Oracle Corporation"/>
    <property name="java.vm.info" value="mixed mode"/>
    <property name="java.vm.version" value="11.0.2+9-LTS"/>
    <property name="sun.io.unicode.encoding" value="UnicodeBig"/>
    <property name="java.class.version" value="55.0"/>
  </properties>
  <testcase name="versionTest" classname="APITests.GetServerVersionTest" time="1.351"/>
  <testcase name="sensorsTest" classname="APITests.SensorsTest" time="1.282">
    <failure message="Test failed because of anomaly" type="java.lang.AssertionError">java.lang.AssertionError: Test failed because of anomaly
	at APITests.SensorsTest.sensorsTest(SensorsTest.java:75)
</failure>
    <system-out><![CDATA[1350 [main] INFO APITests.SensorsTest  - Sending the graphQL request to the server
1350 [main] INFO APITests.SensorsTest  - Sending the graphQL request to the server
1350 [main] INFO APITests.SensorsTest  - Sending the graphQL request to the server
1350 [main] INFO APITests.SensorsTest  - Sending the graphQL request to the server
1357 [main] DEBUG org.apache.http.impl.conn.BasicClientConnectionManager  - Get connection for route {}->http://magx-staging-fof.local.sandbox.magellanx.io:4000
1357 [main] DEBUG org.apache.http.impl.conn.BasicClientConnectionManager  - Get connection for route {}->http://magx-staging-fof.local.sandbox.magellanx.io:4000
1357 [main] DEBUG org.apache.http.impl.conn.BasicClientConnectionManager  - Get connection for route {}->http://magx-staging-fof.local.sandbox.magellanx.io:4000
1357 [main] DEBUG org.apache.http.impl.conn.BasicClientConnectionManager  - Get connection for route {}->http://magx-staging-fof.local.sandbox.magellanx.io:4000
1358 [main] DEBUG org.apache.http.impl.conn.DefaultClientConnectionOperator  - Connecting to magx-staging-fof.local.sandbox.magellanx.io:4000
1358 [main] DEBUG org.apache.http.impl.conn.DefaultClientConnectionOperator  - Connecting to magx-staging-fof.local.sandbox.magellanx.io:4000
1358 [main] DEBUG org.apache.http.impl.conn.DefaultClientConnectionOperator  - Connecting to magx-staging-fof.local.sandbox.magellanx.io:4000
1358 [main] DEBUG org.apache.http.impl.conn.DefaultClientConnectionOperator  - Connecting to magx-staging-fof.local.sandbox.magellanx.io:4000
1360 [main] DEBUG org.apache.http.client.protocol.RequestAddCookies  - CookieSpec selected: ignoreCookies
1360 [main] DEBUG org.apache.http.client.protocol.RequestAddCookies  - CookieSpec selected: ignoreCookies
1360 [main] DEBUG org.apache.http.client.protocol.RequestAddCookies  - CookieSpec selected: ignoreCookies
1360 [main] DEBUG org.apache.http.client.protocol.RequestAddCookies  - CookieSpec selected: ignoreCookies
1360 [main] DEBUG org.apache.http.client.protocol.RequestAuthCache  - Auth cache not set in the context
1360 [main] DEBUG org.apache.http.client.protocol.RequestAuthCache  - Auth cache not set in the context
1360 [main] DEBUG org.apache.http.client.protocol.RequestAuthCache  - Auth cache not set in the context
1360 [main] DEBUG org.apache.http.client.protocol.RequestAuthCache  - Auth cache not set in the context
1361 [main] DEBUG org.apache.http.client.protocol.RequestTargetAuthentication  - Target auth state: UNCHALLENGED
1361 [main] DEBUG org.apache.http.client.protocol.RequestTargetAuthentication  - Target auth state: UNCHALLENGED
1361 [main] DEBUG org.apache.http.client.protocol.RequestTargetAuthentication  - Target auth state: UNCHALLENGED
1361 [main] DEBUG org.apache.http.client.protocol.RequestTargetAuthentication  - Target auth state: UNCHALLENGED
1361 [main] DEBUG org.apache.http.client.protocol.RequestProxyAuthentication  - Proxy auth state: UNCHALLENGED
1361 [main] DEBUG org.apache.http.client.protocol.RequestProxyAuthentication  - Proxy auth state: UNCHALLENGED
1361 [main] DEBUG org.apache.http.client.protocol.RequestProxyAuthentication  - Proxy auth state: UNCHALLENGED
1361 [main] DEBUG org.apache.http.client.protocol.RequestProxyAuthentication  - Proxy auth state: UNCHALLENGED
1361 [main] DEBUG org.apache.http.impl.client.DefaultHttpClient  - Attempt 1 to execute request
1361 [main] DEBUG org.apache.http.impl.client.DefaultHttpClient  - Attempt 1 to execute request
1361 [main] DEBUG org.apache.http.impl.client.DefaultHttpClient  - Attempt 1 to execute request
1361 [main] DEBUG org.apache.http.impl.client.DefaultHttpClient  - Attempt 1 to execute request
1361 [main] DEBUG org.apache.http.impl.conn.DefaultClientConnection  - Sending request: POST / HTTP/1.1
1361 [main] DEBUG org.apache.http.impl.conn.DefaultClientConnection  - Sending request: POST / HTTP/1.1
1361 [main] DEBUG org.apache.http.impl.conn.DefaultClientConnection  - Sending request: POST / HTTP/1.1
1361 [main] DEBUG org.apache.http.impl.conn.DefaultClientConnection  - Sending request: POST / HTTP/1.1
1361 [main] DEBUG org.apache.http.wire  -  >> "POST / HTTP/1.1[\r][\n]"
1361 [main] DEBUG org.apache.http.wire  -  >> "POST / HTTP/1.1[\r][\n]"
1361 [main] DEBUG org.apache.http.wire  -  >> "POST / HTTP/1.1[\r][\n]"
1361 [main] DEBUG org.apache.http.wire  -  >> "POST / HTTP/1.1[\r][\n]"
1361 [main] DEBUG org.apache.http.wire  -  >> "Accept: */*[\r][\n]"
1361 [main] DEBUG org.apache.http.wire  -  >> "Accept: */*[\r][\n]"
1361 [main] DEBUG org.apache.http.wire  -  >> "Accept: */*[\r][\n]"
1361 [main] DEBUG org.apache.http.wire  -  >> "Accept: */*[\r][\n]"
1361 [main] DEBUG org.apache.http.wire  -  >> "Content-Type: application/json[\r][\n]"
1361 [main] DEBUG org.apache.http.wire  -  >> "Content-Type: application/json[\r][\n]"
1361 [main] DEBUG org.apache.http.wire  -  >> "Content-Type: application/json[\r][\n]"
1361 [main] DEBUG org.apache.http.wire  -  >> "Content-Type: application/json[\r][\n]"
1362 [main] DEBUG org.apache.http.wire  -  >> "Content-Length: 172[\r][\n]"
1362 [main] DEBUG org.apache.http.wire  -  >> "Content-Length: 172[\r][\n]"
1362 [main] DEBUG org.apache.http.wire  -  >> "Content-Length: 172[\r][\n]"
1362 [main] DEBUG org.apache.http.wire  -  >> "Content-Length: 172[\r][\n]"
1362 [main] DEBUG org.apache.http.wire  -  >> "Host: magx-staging-fof.local.sandbox.magellanx.io:4000[\r][\n]"
1362 [main] DEBUG org.apache.http.wire  -  >> "Host: magx-staging-fof.local.sandbox.magellanx.io:4000[\r][\n]"
1362 [main] DEBUG org.apache.http.wire  -  >> "Host: magx-staging-fof.local.sandbox.magellanx.io:4000[\r][\n]"
1362 [main] DEBUG org.apache.http.wire  -  >> "Host: magx-staging-fof.local.sandbox.magellanx.io:4000[\r][\n]"
1362 [main] DEBUG org.apache.http.wire  -  >> "Connection: Keep-Alive[\r][\n]"
1362 [main] DEBUG org.apache.http.wire  -  >> "Connection: Keep-Alive[\r][\n]"
1362 [main] DEBUG org.apache.http.wire  -  >> "Connection: Keep-Alive[\r][\n]"
1362 [main] DEBUG org.apache.http.wire  -  >> "Connection: Keep-Alive[\r][\n]"
1362 [main] DEBUG org.apache.http.wire  -  >> "User-Agent: Apache-HttpClient/4.5.3 (Java/11.0.2)[\r][\n]"
1362 [main] DEBUG org.apache.http.wire  -  >> "User-Agent: Apache-HttpClient/4.5.3 (Java/11.0.2)[\r][\n]"
1362 [main] DEBUG org.apache.http.wire  -  >> "User-Agent: Apache-HttpClient/4.5.3 (Java/11.0.2)[\r][\n]"
1362 [main] DEBUG org.apache.http.wire  -  >> "User-Agent: Apache-HttpClient/4.5.3 (Java/11.0.2)[\r][\n]"
1362 [main] DEBUG org.apache.http.wire  -  >> "Accept-Encoding: gzip,deflate[\r][\n]"
1362 [main] DEBUG org.apache.http.wire  -  >> "Accept-Encoding: gzip,deflate[\r][\n]"
1362 [main] DEBUG org.apache.http.wire  -  >> "Accept-Encoding: gzip,deflate[\r][\n]"
1362 [main] DEBUG org.apache.http.wire  -  >> "Accept-Encoding: gzip,deflate[\r][\n]"
1362 [main] DEBUG org.apache.http.wire  -  >> "[\r][\n]"
1362 [main] DEBUG org.apache.http.wire  -  >> "[\r][\n]"
1362 [main] DEBUG org.apache.http.wire  -  >> "[\r][\n]"
1362 [main] DEBUG org.apache.http.wire  -  >> "[\r][\n]"
1362 [main] DEBUG org.apache.http.headers  - >> POST / HTTP/1.1
1362 [main] DEBUG org.apache.http.headers  - >> POST / HTTP/1.1
1362 [main] DEBUG org.apache.http.headers  - >> POST / HTTP/1.1
1362 [main] DEBUG org.apache.http.headers  - >> POST / HTTP/1.1
1362 [main] DEBUG org.apache.http.headers  - >> Accept: */*
1362 [main] DEBUG org.apache.http.headers  - >> Accept: */*
1362 [main] DEBUG org.apache.http.headers  - >> Accept: */*
1362 [main] DEBUG org.apache.http.headers  - >> Accept: */*
1362 [main] DEBUG org.apache.http.headers  - >> Content-Type: application/json
1362 [main] DEBUG org.apache.http.headers  - >> Content-Type: application/json
1362 [main] DEBUG org.apache.http.headers  - >> Content-Type: application/json
1362 [main] DEBUG org.apache.http.headers  - >> Content-Type: application/json
1363 [main] DEBUG org.apache.http.headers  - >> Content-Length: 172
1363 [main] DEBUG org.apache.http.headers  - >> Content-Length: 172
1363 [main] DEBUG org.apache.http.headers  - >> Content-Length: 172
1363 [main] DEBUG org.apache.http.headers  - >> Content-Length: 172
1363 [main] DEBUG org.apache.http.headers  - >> Host: magx-staging-fof.local.sandbox.magellanx.io:4000
1363 [main] DEBUG org.apache.http.headers  - >> Host: magx-staging-fof.local.sandbox.magellanx.io:4000
1363 [main] DEBUG org.apache.http.headers  - >> Host: magx-staging-fof.local.sandbox.magellanx.io:4000
1363 [main] DEBUG org.apache.http.headers  - >> Host: magx-staging-fof.local.sandbox.magellanx.io:4000
1363 [main] DEBUG org.apache.http.headers  - >> Connection: Keep-Alive
1363 [main] DEBUG org.apache.http.headers  - >> Connection: Keep-Alive
1363 [main] DEBUG org.apache.http.headers  - >> Connection: Keep-Alive
1363 [main] DEBUG org.apache.http.headers  - >> Connection: Keep-Alive
1363 [main] DEBUG org.apache.http.headers  - >> User-Agent: Apache-HttpClient/4.5.3 (Java/11.0.2)
1363 [main] DEBUG org.apache.http.headers  - >> User-Agent: Apache-HttpClient/4.5.3 (Java/11.0.2)
1363 [main] DEBUG org.apache.http.headers  - >> User-Agent: Apache-HttpClient/4.5.3 (Java/11.0.2)
1363 [main] DEBUG org.apache.http.headers  - >> User-Agent: Apache-HttpClient/4.5.3 (Java/11.0.2)
1363 [main] DEBUG org.apache.http.headers  - >> Accept-Encoding: gzip,deflate
1363 [main] DEBUG org.apache.http.headers  - >> Accept-Encoding: gzip,deflate
1363 [main] DEBUG org.apache.http.headers  - >> Accept-Encoding: gzip,deflate
1363 [main] DEBUG org.apache.http.headers  - >> Accept-Encoding: gzip,deflate
1363 [main] DEBUG org.apache.http.wire  -  >> "{"query":"query{\n  sensors {\n    _id\n    identifier\n    name\n    unitType\n    reading {\n      timestamp\n      value\n      unitType\n    }\n    hasAnomaly\n  }\n}"}"
1363 [main] DEBUG org.apache.http.wire  -  >> "{"query":"query{\n  sensors {\n    _id\n    identifier\n    name\n    unitType\n    reading {\n      timestamp\n      value\n      unitType\n    }\n    hasAnomaly\n  }\n}"}"
1363 [main] DEBUG org.apache.http.wire  -  >> "{"query":"query{\n  sensors {\n    _id\n    identifier\n    name\n    unitType\n    reading {\n      timestamp\n      value\n      unitType\n    }\n    hasAnomaly\n  }\n}"}"
1363 [main] DEBUG org.apache.http.wire  -  >> "{"query":"query{\n  sensors {\n    _id\n    identifier\n    name\n    unitType\n    reading {\n      timestamp\n      value\n      unitType\n    }\n    hasAnomaly\n  }\n}"}"
1842 [main] DEBUG org.apache.http.wire  -  << "HTTP/1.1 200 OK[\r][\n]"
1842 [main] DEBUG org.apache.http.wire  -  << "HTTP/1.1 200 OK[\r][\n]"
1842 [main] DEBUG org.apache.http.wire  -  << "HTTP/1.1 200 OK[\r][\n]"
1842 [main] DEBUG org.apache.http.wire  -  << "HTTP/1.1 200 OK[\r][\n]"
1842 [main] DEBUG org.apache.http.wire  -  << "X-Powered-By: Express[\r][\n]"
1842 [main] DEBUG org.apache.http.wire  -  << "X-Powered-By: Express[\r][\n]"
1842 [main] DEBUG org.apache.http.wire  -  << "X-Powered-By: Express[\r][\n]"
1842 [main] DEBUG org.apache.http.wire  -  << "X-Powered-By: Express[\r][\n]"
1843 [main] DEBUG org.apache.http.wire  -  << "Access-Control-Allow-Origin: *[\r][\n]"
1843 [main] DEBUG org.apache.http.wire  -  << "Access-Control-Allow-Origin: *[\r][\n]"
1843 [main] DEBUG org.apache.http.wire  -  << "Access-Control-Allow-Origin: *[\r][\n]"
1843 [main] DEBUG org.apache.http.wire  -  << "Access-Control-Allow-Origin: *[\r][\n]"
1843 [main] DEBUG org.apache.http.wire  -  << "Content-Type: application/json[\r][\n]"
1843 [main] DEBUG org.apache.http.wire  -  << "Content-Type: application/json[\r][\n]"
1843 [main] DEBUG org.apache.http.wire  -  << "Content-Type: application/json[\r][\n]"
1843 [main] DEBUG org.apache.http.wire  -  << "Content-Type: application/json[\r][\n]"
1843 [main] DEBUG org.apache.http.wire  -  << "Content-Length: 67520[\r][\n]"
1843 [main] DEBUG org.apache.http.wire  -  << "Content-Length: 67520[\r][\n]"
1843 [main] DEBUG org.apache.http.wire  -  << "Content-Length: 67520[\r][\n]"
1843 [main] DEBUG org.apache.http.wire  -  << "Content-Length: 67520[\r][\n]"
1843 [main] DEBUG org.apache.http.wire  -  << "Date: Fri, 06 Sep 2019 21:30:52 GMT[\r][\n]"
1843 [main] DEBUG org.apache.http.wire  -  << "Date: Fri, 06 Sep 2019 21:30:52 GMT[\r][\n]"
1843 [main] DEBUG org.apache.http.wire  -  << "Date: Fri, 06 Sep 2019 21:30:52 GMT[\r][\n]"
1843 [main] DEBUG org.apache.http.wire  -  << "Date: Fri, 06 Sep 2019 21:30:52 GMT[\r][\n]"
1843 [main] DEBUG org.apache.http.wire  -  << "Connection: keep-alive[\r][\n]"
1843 [main] DEBUG org.apache.http.wire  -  << "Connection: keep-alive[\r][\n]"
1843 [main] DEBUG org.apache.http.wire  -  << "Connection: keep-alive[\r][\n]"
1843 [main] DEBUG org.apache.http.wire  -  << "Connection: keep-alive[\r][\n]"
1843 [main] DEBUG org.apache.http.wire  -  << "[\r][\n]"
1843 [main] DEBUG org.apache.http.wire  -  << "[\r][\n]"
1843 [main] DEBUG org.apache.http.wire  -  << "[\r][\n]"
1843 [main] DEBUG org.apache.http.wire  -  << "[\r][\n]"
1844 [main] DEBUG org.apache.http.impl.conn.DefaultClientConnection  - Receiving response: HTTP/1.1 200 OK
1844 [main] DEBUG org.apache.http.impl.conn.DefaultClientConnection  - Receiving response: HTTP/1.1 200 OK
1844 [main] DEBUG org.apache.http.impl.conn.DefaultClientConnection  - Receiving response: HTTP/1.1 200 OK
1844 [main] DEBUG org.apache.http.impl.conn.DefaultClientConnection  - Receiving response: HTTP/1.1 200 OK
1844 [main] DEBUG org.apache.http.headers  - << HTTP/1.1 200 OK
1844 [main] DEBUG org.apache.http.headers  - << HTTP/1.1 200 OK
1844 [main] DEBUG org.apache.http.headers  - << HTTP/1.1 200 OK
1844 [main] DEBUG org.apache.http.headers  - << HTTP/1.1 200 OK
1844 [main] DEBUG org.apache.http.headers  - << X-Powered-By: Express
1844 [main] DEBUG org.apache.http.headers  - << X-Powered-By: Express
1844 [main] DEBUG org.apache.http.headers  - << X-Powered-By: Express
1844 [main] DEBUG org.apache.http.headers  - << X-Powered-By: Express
1844 [main] DEBUG org.apache.http.headers  - << Access-Control-Allow-Origin: *
1844 [main] DEBUG org.apache.http.headers  - << Access-Control-Allow-Origin: *
1844 [main] DEBUG org.apache.http.headers  - << Access-Control-Allow-Origin: *
1844 [main] DEBUG org.apache.http.headers  - << Access-Control-Allow-Origin: *
1844 [main] DEBUG org.apache.http.headers  - << Content-Type: application/json
1844 [main] DEBUG org.apache.http.headers  - << Content-Type: application/json
1844 [main] DEBUG org.apache.http.headers  - << Content-Type: application/json
1844 [main] DEBUG org.apache.http.headers  - << Content-Type: application/json
1844 [main] DEBUG org.apache.http.headers  - << Content-Length: 67520
1844 [main] DEBUG org.apache.http.headers  - << Content-Length: 67520
1844 [main] DEBUG org.apache.http.headers  - << Content-Length: 67520
1844 [main] DEBUG org.apache.http.headers  - << Content-Length: 67520
1844 [main] DEBUG org.apache.http.headers  - << Date: Fri, 06 Sep 2019 21:30:52 GMT
1844 [main] DEBUG org.apache.http.headers  - << Date: Fri, 06 Sep 2019 21:30:52 GMT
1844 [main] DEBUG org.apache.http.headers  - << Date: Fri, 06 Sep 2019 21:30:52 GMT
1844 [main] DEBUG org.apache.http.headers  - << Date: Fri, 06 Sep 2019 21:30:52 GMT
1844 [main] DEBUG org.apache.http.headers  - << Connection: keep-alive
1844 [main] DEBUG org.apache.http.headers  - << Connection: keep-alive
1844 [main] DEBUG org.apache.http.headers  - << Connection: keep-alive
1844 [main] DEBUG org.apache.http.headers  - << Connection: keep-alive
1845 [main] DEBUG org.apache.http.impl.client.DefaultHttpClient  - Connection can be kept alive indefinitely
1845 [main] DEBUG org.apache.http.impl.client.DefaultHttpClient  - Connection can be kept alive indefinitely
1845 [main] DEBUG org.apache.http.impl.client.DefaultHttpClient  - Connection can be kept alive indefinitely
1845 [main] DEBUG org.apache.http.impl.client.DefaultHttpClient  - Connection can be kept alive indefinitely
1845 [main] DEBUG io.restassured.internal.RequestSpecificationImpl$RestAssuredHttpBuilder  - Parsing response as: application/json
1845 [main] DEBUG io.restassured.internal.RequestSpecificationImpl$RestAssuredHttpBuilder  - Parsing response as: application/json
1845 [main] DEBUG io.restassured.internal.RequestSpecificationImpl$RestAssuredHttpBuilder  - Parsing response as: application/json
1845 [main] DEBUG io.restassured.internal.RequestSpecificationImpl$RestAssuredHttpBuilder  - Parsing response as: application/json
1845 [main] DEBUG io.restassured.internal.RequestSpecificationImpl$RestAssuredHttpBuilder  - Parsed data to instance of: class org.apache.http.conn.EofSensorInputStream
1845 [main] DEBUG io.restassured.internal.RequestSpecificationImpl$RestAssuredHttpBuilder  - Parsed data to instance of: class org.apache.http.conn.EofSensorInputStream
1845 [main] DEBUG io.restassured.internal.RequestSpecificationImpl$RestAssuredHttpBuilder  - Parsed data to instance of: class org.apache.http.conn.EofSensorInputStream
1845 [main] DEBUG io.restassured.internal.RequestSpecificationImpl$RestAssuredHttpBuilder  - Parsed data to instance of: class org.apache.http.conn.EofSensorInputStream
1850 [main] DEBUG org.apache.http.wire  -  << "{"data":{"sensors":[{"_id":"01DE5VTVHE9GRQZMF9M3T8QPN9","identifier":"ZT-016001","name":"Engine speed","unitType":"RPM","reading":{"timestamp":"2019-09-06T21:30:00.927Z","value":70,"unitType":"RPM"},"hasAnomaly":false},{"_id":"01DDPH5Z73Q08N6KWQMD60BZW6","identifier":"TT-011101","name":"Exhaust 1 Temperature","unitType":"CELSIUS","reading":{"timestamp":"2019-09-06T21:30:51.955Z","value":367,"unitType":"CELSIUS"},"hasAnomaly":false},{"_id":"01DDPH5Z73YN1C6S29VJ5NXTDV","identifier":"TT-011102","name":"Exhaust 2 Temperature","unitType":"CELSIUS","reading":{"timestamp":"2019-09-06T21:30:51.955Z","value":367,"unitType":"CELSIUS"},"hasAnomaly":false},{"_id":"01DDPH5Z738GJWZ7HGWHZPW3JY","identifier":"TT-011103","name":"Exhaust 3 Temperature","unitType":"CELSIUS","reading":{"timestamp":"2019-09-06T21:30:51.955Z","value":367,"unitType":"CELSIUS"},"hasAnomaly":false},{"_id":"01DDPH5Z73VTVP2X4QNDB1C0V0","identifier":"TT-011104","name":"Exhaust 4 Temperature","unitType":"CELSIUS","reading":{"timestamp":"2019-09-06T21:30:51.955Z","value":367,"unitType":"CELSIUS"},"hasAnomaly":false},{"_id":"01DDPH5Z730RPQHR4RR8C4JHAS","identifier":"TT-011105","name":"Exhaust 5 Temperature","unitType":"CELSIUS","reading":{"timestamp":"2019-09-06T21:30:51.955Z","value":367,"unitType":"CELSIUS"},"hasAnomaly":false},{"_id":"01DDPH5Z73FYKE9APHDRCPEXA7","identifier":"TT-011106","name":"Exhaust 6 Temperature","unitType":"CELSIUS","reading":{"timestamp":"2019-09-06T21:30:51.955Z","value":367,"unitType":"CELSIUS"},"hasAnomaly":false},{"_id":"01DDPH5Z737YBJ0WSF8AA5JGW6","identifier":"TT-011201","name":"Cylinder 1 Jacket Cooling Water Temperature","unitType":"CELSIUS","reading":{"timestamp":"2019-09-06T21:30:51.955Z","value":81.5,"unitType":"CELSIUS"},"hasAnomaly":false},{"_id":"01DDPH5Z73TSH6Q5V3NV1VHWRQ","identifier":"TT-011202","name":"Cylinder 2 Jacket Cooling Water Temperature","unitType":"CELSIUS","reading":{"timestamp":"2019-09-06T21:30:51.955Z","value":81.5,"unitType":"CELSIUS"},"hasAnomaly":false},{"_id":"01DDPH5Z731N80M0K1EA3391A8","identifier":"TT-011203","name":"Cylinder 3 Jacket Cooling Water Temperature","unitType":"CELSIUS","reading":{"timestamp":"2019-09-06T21:30:51.955Z","value":81.5,"unitType":"CELSIUS"},"hasAnomaly":false},{"_id":"01DDPH5Z73BSP4PV6WQ5NWWAQ1","identifier":"TT-011204","name":"Cylinder 4 Jacket Cooling Water Temperature","unitType":"CELSIUS","reading":{"timestamp":"2019-09-06T21:30:51.955Z","value":81.5,"unitType":"CELSIUS"},"hasAnomaly":false},{"_id":"01DDPH5Z73870VEXAXP1CV8FT2","identifier":"TT-011205","name":"Cylinder 5 Jacket Cooling Water Temperature","unitType":"CELSIUS","reading":{"timestamp":"2019-09-06T21:30:51.955Z","value":81.5,"unitType":"CELSIUS"},"hasA"
1850 [main] DEBUG org.apache.http.wire  -  << "{"data":{"sensors":[{"_id":"01DE5VTVHE9GRQZMF9M3T8QPN9","identifier":"ZT-016001","name":"Engine speed","unitType":"RPM","reading":{"timestamp":"2019-09-06T21:30:00.927Z","value":70,"unitType":"RPM"},"hasAnomaly":false},{"_id":"01DDPH5Z73Q08N6KWQMD60BZW6","identifier":"TT-011101","name":"Exhaust 1 Temperature","unitType":"CELSIUS","reading":{"timestamp":"2019-09-06T21:30:51.955Z","value":367,"unitType":"CELSIUS"},"hasAnomaly":false},{"_id":"01DDPH5Z73YN1C6S29VJ5NXTDV","identifier":"TT-011102","name":"Exhaust 2 Temperature","unitType":"CELSIUS","reading":{"timestamp":"2019-09-06T21:30:51.955Z","value":367,"unitType":"CELSIUS"},"hasAnomaly":false},{"_id":"01DDPH5Z738GJWZ7HGWHZPW3JY","identifier":"TT-011103","name":"Exhaust 3 Temperature","unitType":"CELSIUS","reading":{"timestamp":"2019-09-06T21:30:51.955Z","value":367,"unitType":"CELSIUS"},"hasAnomaly":false},{"_id":"01DDPH5Z73VTVP2X4QNDB1C0V0","identifier":"TT-011104","name":"Exhaust 4 Temperature","unitType":"CELSIUS","reading":{"timestamp":"2019-09-06T21:30:51.955Z","value":367,"unitType":"CELSIUS"},"hasAnomaly":false},{"_id":"01DDPH5Z730RPQHR4RR8C4JHAS","identifier":"TT-011105","name":"Exhaust 5 Temperature","unitType":"CELSIUS","reading":{"timestamp":"2019-09-06T21:30:51.955Z","value":367,"unitType":"CELSIUS"},"hasAnomaly":false},{"_id":"01DDPH5Z73FYKE9APHDRCPEXA7","identifier":"TT-011106","name":"Exhaust 6 Temperature","unitType":"CELSIUS","reading":{"timestamp":"2019-09-06T21:30:51.955Z","value":367,"unitType":"CELSIUS"},"hasAnomaly":false},{"_id":"01DDPH5Z737YBJ0WSF8AA5JGW6","identifier":"TT-011201","name":"Cylinder 1 Jacket Cooling Water Temperature","unitType":"CELSIUS","reading":{"timestamp":"2019-09-06T21:30:51.955Z","value":81.5,"unitType":"CELSIUS"},"hasAnomaly":false},{"_id":"01DDPH5Z73TSH6Q5V3NV1VHWRQ","identifier":"TT-011202","name":"Cylinder 2 Jacket Cooling Water Temperature","unitType":"CELSIUS","reading":{"timestamp":"2019-09-06T21:30:51.955Z","value":81.5,"unitType":"CELSIUS"},"hasAnomaly":false},{"_id":"01DDPH5Z731N80M0K1EA3391A8","identifier":"TT-011203","name":"Cylinder 3 Jacket Cooling Water Temperature","unitType":"CELSIUS","reading":{"timestamp":"2019-09-06T21:30:51.955Z","value":81.5,"unitType":"CELSIUS"},"hasAnomaly":false},{"_id":"01DDPH5Z73BSP4PV6WQ5NWWAQ1","identifier":"TT-011204","name":"Cylinder 4 Jacket Cooling Water Temperature","unitType":"CELSIUS","reading":{"timestamp":"2019-09-06T21:30:51.955Z","value":81.5,"unitType":"CELSIUS"},"hasAnomaly":false},{"_id":"01DDPH5Z73870VEXAXP1CV8FT2","identifier":"TT-011205","name":"Cylinder 5 Jacket Cooling Water Temperature","unitType":"CELSIUS","reading":{"timestamp":"2019-09-06T21:30:51.955Z","value":81.5,"unitType":"CELSIUS"},"hasA"
1850 [main] DEBUG org.apache.http.wire  -  << "{"data":{"sensors":[{"_id":"01DE5VTVHE9GRQZMF9M3T8QPN9","identifier":"ZT-016001","name":"Engine speed","unitType":"RPM","reading":{"timestamp":"2019-09-06T21:30:00.927Z","value":70,"unitType":"RPM"},"hasAnomaly":false},{"_id":"01DDPH5Z73Q08N6KWQMD60BZW6","identifier":"TT-011101","name":"Exhaust 1 Temperature","unitType":"CELSIUS","reading":{"timestamp":"2019-09-06T21:30:51.955Z","value":367,"unitType":"CELSIUS"},"hasAnomaly":false},{"_id":"01DDPH5Z73YN1C6S29VJ5NXTDV","identifier":"TT-011102","name":"Exhaust 2 Temperature","unitType":"CELSIUS","reading":{"timestamp":"2019-09-06T21:30:51.955Z","value":367,"unitType":"CELSIUS"},"hasAnomaly":false},{"_id":"01DDPH5Z738GJWZ7HGWHZPW3JY","identifier":"TT-011103","name":"Exhaust 3 Temperature","unitType":"CELSIUS","reading":{"timestamp":"2019-09-06T21:30:51.955Z","value":367,"unitType":"CELSIUS"},"hasAnomaly":false},{"_id":"01DDPH5Z73VTVP2X4QNDB1C0V0","identifier":"TT-011104","name":"Exhaust 4 Temperature","unitType":"CELSIUS","reading":{"timestamp":"2019-09-06T21:30:51.955Z","value":367,"unitType":"CELSIUS"},"hasAnomaly":false},{"_id":"01DDPH5Z730RPQHR4RR8C4JHAS","identifier":"TT-011105","name":"Exhaust 5 Temperature","unitType":"CELSIUS","reading":{"timestamp":"2019-09-06T21:30:51.955Z","value":367,"unitType":"CELSIUS"},"hasAnomaly":false},{"_id":"01DDPH5Z73FYKE9APHDRCPEXA7","identifier":"TT-011106","name":"Exhaust 6 Temperature","unitType":"CELSIUS","reading":{"timestamp":"2019-09-06T21:30:51.955Z","value":367,"unitType":"CELSIUS"},"hasAnomaly":false},{"_id":"01DDPH5Z737YBJ0WSF8AA5JGW6","identifier":"TT-011201","name":"Cylinder 1 Jacket Cooling Water Temperature","unitType":"CELSIUS","reading":{"timestamp":"2019-09-06T21:30:51.955Z","value":81.5,"unitType":"CELSIUS"},"hasAnomaly":false},{"_id":"01DDPH5Z73TSH6Q5V3NV1VHWRQ","identifier":"TT-011202","name":"Cylinder 2 Jacket Cooling Water Temperature","unitType":"CELSIUS","reading":{"timestamp":"2019-09-06T21:30:51.955Z","value":81.5,"unitType":"CELSIUS"},"hasAnomaly":false},{"_id":"01DDPH5Z731N80M0K1EA3391A8","identifier":"TT-011203","name":"Cylinder 3 Jacket Cooling Water Temperature","unitType":"CELSIUS","reading":{"timestamp":"2019-09-06T21:30:51.955Z","value":81.5,"unitType":"CELSIUS"},"hasAnomaly":false},{"_id":"01DDPH5Z73BSP4PV6WQ5NWWAQ1","identifier":"TT-011204","name":"Cylinder 4 Jacket Cooling Water Temperature","unitType":"CELSIUS","reading":{"timestamp":"2019-09-06T21:30:51.955Z","value":81.5,"unitType":"CELSIUS"},"hasAnomaly":false},{"_id":"01DDPH5Z73870VEXAXP1CV8FT2","identifier":"TT-011205","name":"Cylinder 5 Jacket Cooling Water Temperature","unitType":"CELSIUS","reading":{"timestamp":"2019-09-06T21:30:51.955Z","value":81.5,"unitType":"CELSIUS"},"hasA"
1850 [main] DEBUG org.apache.http.wire  -  << "{"data":{"sensors":[{"_id":"01DE5VTVHE9GRQZMF9M3T8QPN9","identifier":"ZT-016001","name":"Engine speed","unitType":"RPM","reading":{"timestamp":"2019-09-06T21:30:00.927Z","value":70,"unitType":"RPM"},"hasAnomaly":false},{"_id":"01DDPH5Z73Q08N6KWQMD60BZW6","identifier":"TT-011101","name":"Exhaust 1 Temperature","unitType":"CELSIUS","reading":{"timestamp":"2019-09-06T21:30:51.955Z","value":367,"unitType":"CELSIUS"},"hasAnomaly":false},{"_id":"01DDPH5Z73YN1C6S29VJ5NXTDV","identifier":"TT-011102","name":"Exhaust 2 Temperature","unitType":"CELSIUS","reading":{"timestamp":"2019-09-06T21:30:51.955Z","value":367,"unitType":"CELSIUS"},"hasAnomaly":false},{"_id":"01DDPH5Z738GJWZ7HGWHZPW3JY","identifier":"TT-011103","name":"Exhaust 3 Temperature","unitType":"CELSIUS","reading":{"timestamp":"2019-09-06T21:30:51.955Z","value":367,"unitType":"CELSIUS"},"hasAnomaly":false},{"_id":"01DDPH5Z73VTVP2X4QNDB1C0V0","identifier":"TT-011104","name":"Exhaust 4 Temperature","unitType":"CELSIUS","reading":{"timestamp":"2019-09-06T21:30:51.955Z","value":367,"unitType":"CELSIUS"},"hasAnomaly":false},{"_id":"01DDPH5Z730RPQHR4RR8C4JHAS","identifier":"TT-011105","name":"Exhaust 5 Temperature","unitType":"CELSIUS","reading":{"timestamp":"2019-09-06T21:30:51.955Z","value":367,"unitType":"CELSIUS"},"hasAnomaly":false},{"_id":"01DDPH5Z73FYKE9APHDRCPEXA7","identifier":"TT-011106","name":"Exhaust 6 Temperature","unitType":"CELSIUS","reading":{"timestamp":"2019-09-06T21:30:51.955Z","value":367,"unitType":"CELSIUS"},"hasAnomaly":false},{"_id":"01DDPH5Z737YBJ0WSF8AA5JGW6","identifier":"TT-011201","name":"Cylinder 1 Jacket Cooling Water Temperature","unitType":"CELSIUS","reading":{"timestamp":"2019-09-06T21:30:51.955Z","value":81.5,"unitType":"CELSIUS"},"hasAnomaly":false},{"_id":"01DDPH5Z73TSH6Q5V3NV1VHWRQ","identifier":"TT-011202","name":"Cylinder 2 Jacket Cooling Water Temperature","unitType":"CELSIUS","reading":{"timestamp":"2019-09-06T21:30:51.955Z","value":81.5,"unitType":"CELSIUS"},"hasAnomaly":false},{"_id":"01DDPH5Z731N80M0K1EA3391A8","identifier":"TT-011203","name":"Cylinder 3 Jacket Cooling Water Temperature","unitType":"CELSIUS","reading":{"timestamp":"2019-09-06T21:30:51.955Z","value":81.5,"unitType":"CELSIUS"},"hasAnomaly":false},{"_id":"01DDPH5Z73BSP4PV6WQ5NWWAQ1","identifier":"TT-011204","name":"Cylinder 4 Jacket Cooling Water Temperature","unitType":"CELSIUS","reading":{"timestamp":"2019-09-06T21:30:51.955Z","value":81.5,"unitType":"CELSIUS"},"hasAnomaly":false},{"_id":"01DDPH5Z73870VEXAXP1CV8FT2","identifier":"TT-011205","name":"Cylinder 5 Jacket Cooling Water Temperature","unitType":"CELSIUS","reading":{"timestamp":"2019-09-06T21:30:51.955Z","value":81.5,"unitType":"CELSIUS"},"hasA"
1852 [main] DEBUG org.apache.http.wire  -  << "nomaly":false},{"_id":"01DDPH5Z73F598HJ7SHP5VKPK7","identifier":"TT-011206","name":"Cylinder 6 Jacket Cooling Water Temperature","unitType":"CELSIUS","reading":{"timestamp":"2019-09-06T21:30:51.955Z","value":81.5,"unitType":"CELSIUS"},"hasAnomaly":false},{"_id":"01DDPH5Z73Z0W10RAZY3EZK4RA","identifier":"TT-011501","name":"Cylinder 1 Piston Cooling Oil Temperature","unitType":"CELSIUS","reading":{"timestamp":"2019-09-06T21:30:51.955Z","value":60,"unitType":"CELSIUS"},"hasAnomaly":false},{"_id":"01DDPH5Z731WBS82PDDXJ4QREQ","identifier":"TT-011502","name":"Cylinder 2 Piston Cooling Oil Temperature","unitType":"CELSIUS","reading":{"timestamp":"2019-09-06T21:30:51.955Z","value":60,"unitType":"CELSIUS"},"hasAnomaly":false},{"_id":"01DDPH5Z73K74Q0C5JY0RV6065","identifier":"TT-011503","name":"Cylinder 3 Piston Cooling Oil Temperature","unitType":"CELSIUS","reading":{"timestamp":"2019-09-06T21:30:51.955Z","value":60,"unitType":"CELSIUS"},"hasAnomaly":false},{"_id":"01DDPH5Z734E6SWASB422FWCP9","identifier":"TT-011504","name":"Cylinder 4 Piston Cooling Oil Temperature","unitType":"CELSIUS","reading":{"timestamp":"2019-09-06T21:30:51.955Z","value":60,"unitType":"CELSIUS"},"hasAnomaly":false},{"_id":"01DDPH5Z73WCWZG6XR0D0EXBN5","identifier":"TT-011505","name":"Cylinder 5 Piston Cooling Oil Temperature","unitType":"CELSIUS","reading":{"timestamp":"2019-09-06T21:30:51.955Z","value":60,"unitType":"CELSIUS"},"hasAnomaly":false},{"_id":"01DDPH5Z73K088DTHFD6FP4BF2","identifier":"TT-011506","name":"Cylinder 6 Piston Cooling Oil Temperature","unitType":"CELSIUS","reading":{"timestamp":"2019-09-06T21:30:51.955Z","value":60,"unitType":"CELSIUS"},"hasAnomaly":false},{"_id":"01DDPH5Z73Y2JC9BX2NYJMEG85","identifier":"TT-011001","name":"Cylinder 1 Liner Temperature","unitType":"CELSIUS","reading":{"timestamp":"2019-09-06T21:30:51.955Z","value":189,"unitType":"CELSIUS"},"hasAnomaly":false},{"_id":"01DDPH5Z7385E50APW2PSD60ST","identifier":"TT-011002","name":"Cylinder 2 Liner Temperature","unitType":"CELSIUS","reading":{"timestamp":"2019-09-06T21:30:51.955Z","value":189,"unitType":"CELSIUS"},"hasAnomaly":false},{"_id":"01DDPH5Z73Z36YHNR5M3V9KSHP","identifier":"TT-011003","name":"Cylinder 3 Liner Temperature","unitType":"CELSIUS","reading":{"timestamp":"2019-09-06T21:30:51.955Z","value":189,"unitType":"CELSIUS"},"hasAnomaly":false},{"_id":"01DDPH5Z73ZCMB69MR0WN5MQ7F","identifier":"TT-011004","name":"Cylinder 4 Liner Temperature","unitType":"CELSIUS","reading":{"timestamp":"2019-09-06T21:30:51.955Z","value":189,"unitType":"CELSIUS"},"hasAnomaly":false},{"_id":"01DDPH5Z7350857P3YSAH7Z2WK","identifier":"TT-011005","name":"Cylinder 5 Liner Temperature","unitType":"CELSIUS","reading":{"timestamp":"2019-09-06T21:30:51.955Z","value":189,"unitType":"CELSIUS"},"hasAnomaly":false},{"_id":"01DDPH5Z73EX4Q739XHT0MHZJS","identifier":"TT-011006","name":"Cylinder 6 Liner Temperature","unitType":"CELSIUS","reading":{"timestamp":"2019-09-06T21:30:51.955Z","value":189,"unitType":"CELSIUS"},"hasAnomaly":false},{"_id":"01DDPH5Z731APG9FF2DPDWKRHS","identifier":"PT-012001","name":"Turbine Inlet Pressure","unitType":"BAR","reading":{"timestamp":"2019-09-06T21:30:51.955Z","value":1.00000000140061,"unitType":"BAR"},"hasAnomaly":false},{"_id":"01DDPH5Z73JANKPP60FWMTPNF8","identifier":"PT-012002","name":"Turbine Outlet Pressure","unitType":"BAR","reading":{"timestamp":"2019-09-06T21:30:51.955Z","value":1.00000000140061,"unitType":"BAR"},"hasAnomaly":false},{"_id":"01DDPH5Z7381FS1NA4H02T8Q5F","identifier":"TT-012001","name":"Turbine Inlet Temperature","unitType":"CELSIUS","reading":{"timestamp":"2019-09-06T21:30:51.955Z","value":603.875,"unitType":"CELSIUS"},"hasAnomaly":false},{"_id":"01DDPH5Z7397H29QJ0CKWGBMBB","identifier":"TT-012002","name":"Turbine Outlet Temperature","unitType":"CELSIUS","reading":{"timestamp":"2019-09-06T21:30:51.955Z","value":607.9236111111111,"unitType":"CELSIUS"},"hasAnomaly":false},{"_id":"01DFC610RYSS5CX5ZQHNWT367Y","identifier":"PT-012004","name":"Compressor Outlet Pressure","unitType":"BAR","reading":{"timestamp":"2019-09-06T21:30:51.955Z","value":1.0132500012226675,"unitType":"BAR"},"hasAnomaly":true},{"_id":"01DDPH5Z73T0YYSF6HFZP1DW43","identifier":"PT-014001","name":"Air Cooler Inlet Pressure","unitType":"BAR","reading":null,"hasAnomaly":false},{"_id":"01DDPH5Z73ME3WZZR92W0WAS71","identifier":"PT-014002","name":"Air Cooler Outlet Pressure","unitType":"BAR","reading":null,"hasAnomaly":false},{"_id":"01DDPH5Z73BE2BGRJK98FBCCN2","identifier":"TT-014001","name":"Air Cooler Inlet Temperature","unitType":"CELSIUS","reading":{"timestamp":"2019-09-06T21:30:51.955Z","value":153.36111111111111,"unitType":"CELSIUS"},"hasAnomaly":false},{"_id":"01DDPH5Z73G060M59ASK1SAKN9","identifier":"TT-014002","name":"Air Cooler Outlet Temperature","unitType":"CELSIUS","reading":{"timestamp":"2019-09-06T21:30:51.955Z","value":106.68055555555556,"unitType":"CELSIUS"},"hasAnomaly":false},{"_id":"01DDPH5Z73V9D5GRDAHNY2ST4M","identifier":"PT-015001","name":"Scavenge Air Pressure","unitType":"BAR","reading":{"timestamp":"2019-09-06T21:30:51.955Z","value":1.006625001311639,"unitType":"BAR"},"hasAnomaly":true},{"_id":"01DDPH5Z73P60JRD656M8RY96P","identifier":"PT-011301","name":"Cylinder 1 Combustion Pressure","unitType":"BAR","reading":{"timestamp":"2019-09-06T21:30:51.968Z","value":1.5084745762712017,"unitType":"BAR"},"hasAnomaly":false},{"_id":"01DDPH5Z73CM9F1161MN7S604N","identifier":"PT-011302","name":"Cylinder 2 Combustion Pressure","unitType":"BAR","reading":{"timestamp":"2019-09-06T21:30:51.986Z","value":1.5084745762712017,"unitType":"BAR"},"hasAnomaly":false},{"_id":"01DDPH5Z73GY7SKKRV4WVK5X8B","identifier":"PT-011303","name":"Cylinder 3 Combustion Pressure","unitType":"BAR","reading":{"timestamp":"2019-09-06T21:30:52.003Z","value":1.5084745762712017,"unitType":"BAR"},"hasAnomaly":false},{"_id":"01DDPH5Z73E1F11GHYP22504D0","identifier":"PT-011304","name":"Cylinder 4 Combustion Pressure","unitType":"BAR","reading":{"timestamp":"2019-09-06T21:30:52.029Z","value":1.5084745762712017,"unitType":"BAR"},"hasAnomaly":false},{"_id":"01DDPH5Z732DXNGPM9AGAY8HG4","identifier":"PT-011305","name":"Cylinder 5 Combustion Pressure","unitType":"BAR","reading":{"timestamp":"2019-09-06T21:30:52.045Z","value":41.84745762711864,"unitType":"BAR"},"hasAnomaly":false},{"_id":"01DDPH5Z731NV07WXK4VKCDP95","identifier":"PT-011306","name":"Cylinder 6 Combustion Pressure","unitType":"BAR","reading":{"timestamp":"2019-09-06T21:30:52.060Z","value":1.5084745762712017,"unitType":"BAR"},"hasAnomaly":false},{"_id":"01DDPXV5960FYVKZ276NK1C0S8","identifier":"TT-010001","name":"Engine Room Temperature","unitType":"CELSIUS","reading":{"timestamp":"2019-09-06T21:30:51.955Z","value":89.1875,"unitType":"CELSIUS"},"hasAnomaly":false},{"_id":"01DDPXW7NMEYCQG7NVWJFXTW37","identifier":"PT-010001","name":"Engine Room Pressure","unitType":"BAR","reading":{"timestamp":"2019-09-06T21:30:51.955Z","value":1,"unitType":"BAR"},"hasAnomaly":true},{"_id":"01DDPH5Z73PGACQZDS7411CA8C","identifier":"ZT-013001","name":"Fuel Rack Position","unitType":"MILLIMETER","reading":{"timestamp":"2019-09-06T21:30:51.955Z","value":98.58591010519605,"unitType":"MILLIMETER"},"hasAnomaly":false}]},"extensions":{"tracing":{"version":1,"startTime":"2019-09-06T21:30:52.083Z","endTime":"2019-09-06T21:30:52.402Z","duration":318613126,"execution":{"resolvers":[{"path":["sensors"],"parentType":"Query","fieldName":"sensors","returnType":"[Sensor!]","startOffset":99780,"duration":313251373},{"path":["sensors",0,"_id"],"parentType":"Sensor","fieldName":"_id","returnType":"ID!","startOffset":313368405,"duration":19732},{"path":["sensors",0,"identifier"],"parentType":"Sensor","fieldName":"identifier","returnType":"String!","startOffset":313391484,"duration":5938},{"path":["sensors",0,"name"],"parentType":"Sensor","fieldName":"name","returnType":"String!","startOffset":313399554,"duration":5686},{"path":["sensors",0,"unitType"],"parentType":"Sensor","fieldName":"unitType","returnType":"UnitType","startOffset":313407325,"duration":4003},{"path":["sensors",0,"reading"],"parentType":"Sensor","fieldName":"reading","returnType":"SensorReading","startOffset":313415497,"duration":7073},{"path":["sensors",0,"reading","timestamp"],"parentType":"SensorReading","fieldName":"timestamp","returnType":"String!","startOffset":313430160,"duration":4349},{"path":["sensors",0,"reading","value"],"parentType":"SensorReading","fieldName":"value","returnType":"Float!","startOffset":313436539,"duration":5412},{"path":["sensors",0,"reading","unitType"],"parentType":"SensorReading","fieldName":"unitType","returnType":"UnitType!","startOffset":313443886,"duration":3655},{"path":["sensors",0,"hasAnomaly"],"parentType":"Sensor","fieldName":"hasAnomaly","returnType":"Boolean","startOffset":313450915,"duration":3813},{"path":["sensors",1,"_id"],"parentType":"Sensor","fieldName":"_id","returnType":"ID!","startOffset":313459922,"duration":3606},{"path":["sensors",1,"identifier"],"parentType":"Sensor","fieldName":"identifier","returnType":"String!","startOffset":313465429,"duration":3350},{"path":["sensors",1,"name"],"parentType":"Sensor","fieldName":"name","returnType":"String!","startOffset":313471757,"duration":3449},{"path":["sensors",1,"unitType"],"parentType":"Sensor","fieldName":"unitType","returnType":"UnitType","startOffset":313476951,"duration":4657},{"path":["sensors",1,"reading"],"parentType":"Sensor","fieldName":"reading","returnType":"SensorReading","startOffset":313483937,"duration":4883},{"path":["sensors",1,"reading","timestamp"],"parentType":"SensorReading","fieldName":"timestamp","returnType":"String!","startOffset":313492749,"duration":3541},{"path":["sensors",1,"reading","value"],"parentType":"SensorReading","fieldName":"value","returnType":"Float!","startOffset":313498052,"duration":4760},{"path":["sensors",1,"reading","unitType"],"parentType":"SensorReading","fieldName":"unitType","returnType":"UnitType!","startOffset":313504590,"duration":3542},{"path":["sensors",1,"hasAnomaly"],"parentType":"Sensor","fieldName":"hasAnomaly","returnType":"Boolean","startOffset":313511441,"duration":3595},{"path":["sensors",2,"_id"],"parentType":"Sensor","fieldName":"_id","returnType":"ID!","startOffset":313519935,"duration":3691},{"path":["sensors",2,"identifier"],"parentType":"Sensor","fieldName":"identifier","returnType":"String!","startOffset":313525435,"duration":3360},{"path":["sensors",2,"name"],"parentType":"Sensor","fieldName":"name","returnType":"String!","startOffset":313531733,"duration":3414},{"path":["sensors",2,"unitType"],"parentType":"Sensor","fieldName":"unitType","returnType":"UnitType","startOffset":313536961,"duration":4565},{"path":["sensors",2,"reading"],"parentType":"Sensor","fieldName":"reading","returnType":"SensorReading","startOffset":313543700,"duration":4242},{"path":["sensors",2,"reading","timestamp"],"parentType":"SensorReading","fieldName":"timestamp","returnType":"String!","startOffset":313551919,"duration":3521},{"path":["sensors",2,"reading","value"],"parentType":"SensorReading","fieldName":"value","returnType":"Float!","startOffset":313557209,"duration":4785},{"path":["sensors",2,"reading","unitType"],"parentType":"SensorReading","fieldName":"unitType","returnType":"UnitType!","startOffset":313563767,"duration":3352},{"path":["sensors",2,"hasAnomaly"],"parentType":"Sensor","fieldName":"hasAnomaly","returnType":"Boolean","startOffset":313570422,"duration":3569},{"path":["sensors",3,"_id"],"parentType":"Sensor","fieldName":"_id","returnType":"ID!","startOffset":313577632,"duration":4770},{"path":["sensors",3,"identifier"],"parentType":"Sensor","fieldName":"identifier","returnType":"String!","startOffset":313584212,"duration":3365},{"path":["sensors",3,"name"],"parentType":"Sensor","fieldName":"name","returnType":"String!","startOffset":313590465,"duration":3371},{"path":["sensors",3,"unitType"],"parentType":"Sensor","fieldName":"unitType","returnType":"UnitType","startOffset":313595622,"duration":4469},{"path":["sensors",3,"reading"],"parentType":"Sensor","fieldName":"reading","returnType":"SensorReading","startOffset":313602262,"duration":5485},{"path":["sensors",3,"reading","timestamp"],"parentType":"SensorReading","fieldName":"timestamp","returnType":"String!","startOffset":313611545,"duration":3454},{"path":["sensors",3,"reading","value"],"parentType":"SensorReading","fieldName":"value","returnType":"Float!","startOffset":313616738,"duration":4616},{"path":["sensors",3,"reading","unitType"],"parentType":"SensorReading","fieldName":"unitType","returnType":"UnitType!","startOffset":313623115,"duration":3338},{"path":["sensors",3,"hasAnomaly"],"parentType":"Sensor","fieldName":"hasAnomaly","returnType":"Boolean","startOffset":313628507,"duration":4672},{"path":["sensors",4,"_id"],"parentType":"Sensor","fieldName":"_id","returnType":"ID!","startOffset":313636815,"duration":4573},{"path":["sensors",4,"identifier"],"parentType":"Sensor","fieldName":"identifier","returnType":"String!","startOffset":313643258,"duration":3369},{"path":["sensors",4,"name"],"parentType":"Sensor","fieldName":"name","returnType":"String!","startOffset":313649584,"duration":3548},{"path":["sensors",4,"unitType"],"parentType":"Sensor","fieldName":"unitType","returnType":"UnitType","startOffset":313654947,"duration":3236},{"path":["sensors",4,"reading"],"parentType":"Sensor","fieldName":"reading","returnType":"SensorReading","startOffset":313661615,"duration":4058},{"path":["sensors",4,"reading","timestamp"],"parentType":"SensorReading","fieldName":"timestamp","returnType":"String!","startOffset":313669485,"duration":3534},{"path":["sensors",4,"reading","value"],"parentType":"SensorReading","fieldName":"value","returnType":"Float!","startOffset":313674805,"duration":4937},{"path":["sensors",4,"reading","unitType"],"parentType":"SensorReading","fieldName":"unitType","returnType":"UnitType!","startOffset":313681546,"duration":3411},{"path":["sensors",4,"hasAnomaly"],"parentType":"Sensor","fieldName":"hasAnomaly","returnType":"Boolean","startOffset":313688186,"duration":3475},{"path":["sensors",5,"_id"],"parentType":"Sensor","fieldName":"_id","returnType":"ID!","startOffset":313695216,"duration":4703},{"path":["sensors",5,"identifier"],"parentType":"Sensor","fieldName":"identifier","returnType":"String!","startOffset":313701803,"duration":3401},{"path":["sensors",5,"name"],"parentType":"Sensor","fieldName":"name","returnType":"String!","startOffset":313708308,"duration":3392},{"path":["sensors",5,"unitType"],"parentType":"Sensor","fieldName":"unitType","returnType":"UnitType","startOffset":313713538,"duration":4503},{"path":["sensors",5,"reading"],"parentType":"Sensor","fieldName":"reading","returnType":"SensorReading","startOffset":313720300,"duration":3903},{"path":["sensors",5,"reading","timestamp"],"parentType":"SensorReading","fieldName":"timestamp","returnType":"String!","startOffset":313728110,"duration":3494},{"path":["sensors",5,"reading","value"],"parentType":"SensorReading","fieldName":"value","returnType":"Float!","startOffset":313733449,"duration":3460},{"path":["sensors",5,"reading","unitType"],"parentType":"SensorReading","fieldName":"unitType","returnType":"UnitType!","startOffset":313739907,"duration":3392},{"path":["sensors",5,"hasAnomaly"],"parentType":"Sensor","fieldName":"hasAnomaly","returnType":"Boolean","startOffset":313745426,"duration":4677},{"path":["sensors",6,"_id"],"parentType":"Sensor","fieldName":"_id","returnType":"ID!","startOffset":313753767,"duration":4692},{"path":["sensors",6,"identifier"],"parentType":"Sensor","fieldName":"identifier","returnType":"String!","startOffset":313760343,"duration":3420},{"path":["sensors",6,"name"],"parentType":"Sensor","fieldName":"name","returnType":"String!","startOffset":313765525,"duration":6299},{"path":["sensors",6,"unitType"],"parentType":"Sensor","fieldName":"unitType","returnType":"UnitType","startOffset":313773736,"duration":3271},{"path":["sensors",6,"reading"],"parentType":"Sensor","fieldName":"reading","returnType":"SensorReading","startOffset":313780443,"duration":3927},{"path":["sensors",6,"reading","timestamp"],"parentType":"SensorReading","fieldName":"timestamp","returnType":"String!","startOffset":313787017,"duration":4727},{"path":["sensors",6,"reading","value"],"parentType":"SensorReading","fieldName":"value","returnType":"Float!","startOffset"
1852 [main] DEBUG org.apache.http.wire  -  << "nomaly":false},{"_id":"01DDPH5Z73F598HJ7SHP5VKPK7","identifier":"TT-011206","name":"Cylinder 6 Jacket Cooling Water Temperature","unitType":"CELSIUS","reading":{"timestamp":"2019-09-06T21:30:51.955Z","value":81.5,"unitType":"CELSIUS"},"hasAnomaly":false},{"_id":"01DDPH5Z73Z0W10RAZY3EZK4RA","identifier":"TT-011501","name":"Cylinder 1 Piston Cooling Oil Temperature","unitType":"CELSIUS","reading":{"timestamp":"2019-09-06T21:30:51.955Z","value":60,"unitType":"CELSIUS"},"hasAnomaly":false},{"_id":"01DDPH5Z731WBS82PDDXJ4QREQ","identifier":"TT-011502","name":"Cylinder 2 Piston Cooling Oil Temperature","unitType":"CELSIUS","reading":{"timestamp":"2019-09-06T21:30:51.955Z","value":60,"unitType":"CELSIUS"},"hasAnomaly":false},{"_id":"01DDPH5Z73K74Q0C5JY0RV6065","identifier":"TT-011503","name":"Cylinder 3 Piston Cooling Oil Temperature","unitType":"CELSIUS","reading":{"timestamp":"2019-09-06T21:30:51.955Z","value":60,"unitType":"CELSIUS"},"hasAnomaly":false},{"_id":"01DDPH5Z734E6SWASB422FWCP9","identifier":"TT-011504","name":"Cylinder 4 Piston Cooling Oil Temperature","unitType":"CELSIUS","reading":{"timestamp":"2019-09-06T21:30:51.955Z","value":60,"unitType":"CELSIUS"},"hasAnomaly":false},{"_id":"01DDPH5Z73WCWZG6XR0D0EXBN5","identifier":"TT-011505","name":"Cylinder 5 Piston Cooling Oil Temperature","unitType":"CELSIUS","reading":{"timestamp":"2019-09-06T21:30:51.955Z","value":60,"unitType":"CELSIUS"},"hasAnomaly":false},{"_id":"01DDPH5Z73K088DTHFD6FP4BF2","identifier":"TT-011506","name":"Cylinder 6 Piston Cooling Oil Temperature","unitType":"CELSIUS","reading":{"timestamp":"2019-09-06T21:30:51.955Z","value":60,"unitType":"CELSIUS"},"hasAnomaly":false},{"_id":"01DDPH5Z73Y2JC9BX2NYJMEG85","identifier":"TT-011001","name":"Cylinder 1 Liner Temperature","unitType":"CELSIUS","reading":{"timestamp":"2019-09-06T21:30:51.955Z","value":189,"unitType":"CELSIUS"},"hasAnomaly":false},{"_id":"01DDPH5Z7385E50APW2PSD60ST","identifier":"TT-011002","name":"Cylinder 2 Liner Temperature","unitType":"CELSIUS","reading":{"timestamp":"2019-09-06T21:30:51.955Z","value":189,"unitType":"CELSIUS"},"hasAnomaly":false},{"_id":"01DDPH5Z73Z36YHNR5M3V9KSHP","identifier":"TT-011003","name":"Cylinder 3 Liner Temperature","unitType":"CELSIUS","reading":{"timestamp":"2019-09-06T21:30:51.955Z","value":189,"unitType":"CELSIUS"},"hasAnomaly":false},{"_id":"01DDPH5Z73ZCMB69MR0WN5MQ7F","identifier":"TT-011004","name":"Cylinder 4 Liner Temperature","unitType":"CELSIUS","reading":{"timestamp":"2019-09-06T21:30:51.955Z","value":189,"unitType":"CELSIUS"},"hasAnomaly":false},{"_id":"01DDPH5Z7350857P3YSAH7Z2WK","identifier":"TT-011005","name":"Cylinder 5 Liner Temperature","unitType":"CELSIUS","reading":{"timestamp":"2019-09-06T21:30:51.955Z","value":189,"unitType":"CELSIUS"},"hasAnomaly":false},{"_id":"01DDPH5Z73EX4Q739XHT0MHZJS","identifier":"TT-011006","name":"Cylinder 6 Liner Temperature","unitType":"CELSIUS","reading":{"timestamp":"2019-09-06T21:30:51.955Z","value":189,"unitType":"CELSIUS"},"hasAnomaly":false},{"_id":"01DDPH5Z731APG9FF2DPDWKRHS","identifier":"PT-012001","name":"Turbine Inlet Pressure","unitType":"BAR","reading":{"timestamp":"2019-09-06T21:30:51.955Z","value":1.00000000140061,"unitType":"BAR"},"hasAnomaly":false},{"_id":"01DDPH5Z73JANKPP60FWMTPNF8","identifier":"PT-012002","name":"Turbine Outlet Pressure","unitType":"BAR","reading":{"timestamp":"2019-09-06T21:30:51.955Z","value":1.00000000140061,"unitType":"BAR"},"hasAnomaly":false},{"_id":"01DDPH5Z7381FS1NA4H02T8Q5F","identifier":"TT-012001","name":"Turbine Inlet Temperature","unitType":"CELSIUS","reading":{"timestamp":"2019-09-06T21:30:51.955Z","value":603.875,"unitType":"CELSIUS"},"hasAnomaly":false},{"_id":"01DDPH5Z7397H29QJ0CKWGBMBB","identifier":"TT-012002","name":"Turbine Outlet Temperature","unitType":"CELSIUS","reading":{"timestamp":"2019-09-06T21:30:51.955Z","value":607.9236111111111,"unitType":"CELSIUS"},"hasAnomaly":false},{"_id":"01DFC610RYSS5CX5ZQHNWT367Y","identifier":"PT-012004","name":"Compressor Outlet Pressure","unitType":"BAR","reading":{"timestamp":"2019-09-06T21:30:51.955Z","value":1.0132500012226675,"unitType":"BAR"},"hasAnomaly":true},{"_id":"01DDPH5Z73T0YYSF6HFZP1DW43","identifier":"PT-014001","name":"Air Cooler Inlet Pressure","unitType":"BAR","reading":null,"hasAnomaly":false},{"_id":"01DDPH5Z73ME3WZZR92W0WAS71","identifier":"PT-014002","name":"Air Cooler Outlet Pressure","unitType":"BAR","reading":null,"hasAnomaly":false},{"_id":"01DDPH5Z73BE2BGRJK98FBCCN2","identifier":"TT-014001","name":"Air Cooler Inlet Temperature","unitType":"CELSIUS","reading":{"timestamp":"2019-09-06T21:30:51.955Z","value":153.36111111111111,"unitType":"CELSIUS"},"hasAnomaly":false},{"_id":"01DDPH5Z73G060M59ASK1SAKN9","identifier":"TT-014002","name":"Air Cooler Outlet Temperature","unitType":"CELSIUS","reading":{"timestamp":"2019-09-06T21:30:51.955Z","value":106.68055555555556,"unitType":"CELSIUS"},"hasAnomaly":false},{"_id":"01DDPH5Z73V9D5GRDAHNY2ST4M","identifier":"PT-015001","name":"Scavenge Air Pressure","unitType":"BAR","reading":{"timestamp":"2019-09-06T21:30:51.955Z","value":1.006625001311639,"unitType":"BAR"},"hasAnomaly":true},{"_id":"01DDPH5Z73P60JRD656M8RY96P","identifier":"PT-011301","name":"Cylinder 1 Combustion Pressure","unitType":"BAR","reading":{"timestamp":"2019-09-06T21:30:51.968Z","value":1.5084745762712017,"unitType":"BAR"},"hasAnomaly":false},{"_id":"01DDPH5Z73CM9F1161MN7S604N","identifier":"PT-011302","name":"Cylinder 2 Combustion Pressure","unitType":"BAR","reading":{"timestamp":"2019-09-06T21:30:51.986Z","value":1.5084745762712017,"unitType":"BAR"},"hasAnomaly":false},{"_id":"01DDPH5Z73GY7SKKRV4WVK5X8B","identifier":"PT-011303","name":"Cylinder 3 Combustion Pressure","unitType":"BAR","reading":{"timestamp":"2019-09-06T21:30:52.003Z","value":1.5084745762712017,"unitType":"BAR"},"hasAnomaly":false},{"_id":"01DDPH5Z73E1F11GHYP22504D0","identifier":"PT-011304","name":"Cylinder 4 Combustion Pressure","unitType":"BAR","reading":{"timestamp":"2019-09-06T21:30:52.029Z","value":1.5084745762712017,"unitType":"BAR"},"hasAnomaly":false},{"_id":"01DDPH5Z732DXNGPM9AGAY8HG4","identifier":"PT-011305","name":"Cylinder 5 Combustion Pressure","unitType":"BAR","reading":{"timestamp":"2019-09-06T21:30:52.045Z","value":41.84745762711864,"unitType":"BAR"},"hasAnomaly":false},{"_id":"01DDPH5Z731NV07WXK4VKCDP95","identifier":"PT-011306","name":"Cylinder 6 Combustion Pressure","unitType":"BAR","reading":{"timestamp":"2019-09-06T21:30:52.060Z","value":1.5084745762712017,"unitType":"BAR"},"hasAnomaly":false},{"_id":"01DDPXV5960FYVKZ276NK1C0S8","identifier":"TT-010001","name":"Engine Room Temperature","unitType":"CELSIUS","reading":{"timestamp":"2019-09-06T21:30:51.955Z","value":89.1875,"unitType":"CELSIUS"},"hasAnomaly":false},{"_id":"01DDPXW7NMEYCQG7NVWJFXTW37","identifier":"PT-010001","name":"Engine Room Pressure","unitType":"BAR","reading":{"timestamp":"2019-09-06T21:30:51.955Z","value":1,"unitType":"BAR"},"hasAnomaly":true},{"_id":"01DDPH5Z73PGACQZDS7411CA8C","identifier":"ZT-013001","name":"Fuel Rack Position","unitType":"MILLIMETER","reading":{"timestamp":"2019-09-06T21:30:51.955Z","value":98.58591010519605,"unitType":"MILLIMETER"},"hasAnomaly":false}]},"extensions":{"tracing":{"version":1,"startTime":"2019-09-06T21:30:52.083Z","endTime":"2019-09-06T21:30:52.402Z","duration":318613126,"execution":{"resolvers":[{"path":["sensors"],"parentType":"Query","fieldName":"sensors","returnType":"[Sensor!]","startOffset":99780,"duration":313251373},{"path":["sensors",0,"_id"],"parentType":"Sensor","fieldName":"_id","returnType":"ID!","startOffset":313368405,"duration":19732},{"path":["sensors",0,"identifier"],"parentType":"Sensor","fieldName":"identifier","returnType":"String!","startOffset":313391484,"duration":5938},{"path":["sensors",0,"name"],"parentType":"Sensor","fieldName":"name","returnType":"String!","startOffset":313399554,"duration":5686},{"path":["sensors",0,"unitType"],"parentType":"Sensor","fieldName":"unitType","returnType":"UnitType","startOffset":313407325,"duration":4003},{"path":["sensors",0,"reading"],"parentType":"Sensor","fieldName":"reading","returnType":"SensorReading","startOffset":313415497,"duration":7073},{"path":["sensors",0,"reading","timestamp"],"parentType":"SensorReading","fieldName":"timestamp","returnType":"String!","startOffset":313430160,"duration":4349},{"path":["sensors",0,"reading","value"],"parentType":"SensorReading","fieldName":"value","returnType":"Float!","startOffset":313436539,"duration":5412},{"path":["sensors",0,"reading","unitType"],"parentType":"SensorReading","fieldName":"unitType","returnType":"UnitType!","startOffset":313443886,"duration":3655},{"path":["sensors",0,"hasAnomaly"],"parentType":"Sensor","fieldName":"hasAnomaly","returnType":"Boolean","startOffset":313450915,"duration":3813},{"path":["sensors",1,"_id"],"parentType":"Sensor","fieldName":"_id","returnType":"ID!","startOffset":313459922,"duration":3606},{"path":["sensors",1,"identifier"],"parentType":"Sensor","fieldName":"identifier","returnType":"String!","startOffset":313465429,"duration":3350},{"path":["sensors",1,"name"],"parentType":"Sensor","fieldName":"name","returnType":"String!","startOffset":313471757,"duration":3449},{"path":["sensors",1,"unitType"],"parentType":"Sensor","fieldName":"unitType","returnType":"UnitType","startOffset":313476951,"duration":4657},{"path":["sensors",1,"reading"],"parentType":"Sensor","fieldName":"reading","returnType":"SensorReading","startOffset":313483937,"duration":4883},{"path":["sensors",1,"reading","timestamp"],"parentType":"SensorReading","fieldName":"timestamp","returnType":"String!","startOffset":313492749,"duration":3541},{"path":["sensors",1,"reading","value"],"parentType":"SensorReading","fieldName":"value","returnType":"Float!","startOffset":313498052,"duration":4760},{"path":["sensors",1,"reading","unitType"],"parentType":"SensorReading","fieldName":"unitType","returnType":"UnitType!","startOffset":313504590,"duration":3542},{"path":["sensors",1,"hasAnomaly"],"parentType":"Sensor","fieldName":"hasAnomaly","returnType":"Boolean","startOffset":313511441,"duration":3595},{"path":["sensors",2,"_id"],"parentType":"Sensor","fieldName":"_id","returnType":"ID!","startOffset":313519935,"duration":3691},{"path":["sensors",2,"identifier"],"parentType":"Sensor","fieldName":"identifier","returnType":"String!","startOffset":313525435,"duration":3360},{"path":["sensors",2,"name"],"parentType":"Sensor","fieldName":"name","returnType":"String!","startOffset":313531733,"duration":3414},{"path":["sensors",2,"unitType"],"parentType":"Sensor","fieldName":"unitType","returnType":"UnitType","startOffset":313536961,"duration":4565},{"path":["sensors",2,"reading"],"parentType":"Sensor","fieldName":"reading","returnType":"SensorReading","startOffset":313543700,"duration":4242},{"path":["sensors",2,"reading","timestamp"],"parentType":"SensorReading","fieldName":"timestamp","returnType":"String!","startOffset":313551919,"duration":3521},{"path":["sensors",2,"reading","value"],"parentType":"SensorReading","fieldName":"value","returnType":"Float!","startOffset":313557209,"duration":4785},{"path":["sensors",2,"reading","unitType"],"parentType":"SensorReading","fieldName":"unitType","returnType":"UnitType!","startOffset":313563767,"duration":3352},{"path":["sensors",2,"hasAnomaly"],"parentType":"Sensor","fieldName":"hasAnomaly","returnType":"Boolean","startOffset":313570422,"duration":3569},{"path":["sensors",3,"_id"],"parentType":"Sensor","fieldName":"_id","returnType":"ID!","startOffset":313577632,"duration":4770},{"path":["sensors",3,"identifier"],"parentType":"Sensor","fieldName":"identifier","returnType":"String!","startOffset":313584212,"duration":3365},{"path":["sensors",3,"name"],"parentType":"Sensor","fieldName":"name","returnType":"String!","startOffset":313590465,"duration":3371},{"path":["sensors",3,"unitType"],"parentType":"Sensor","fieldName":"unitType","returnType":"UnitType","startOffset":313595622,"duration":4469},{"path":["sensors",3,"reading"],"parentType":"Sensor","fieldName":"reading","returnType":"SensorReading","startOffset":313602262,"duration":5485},{"path":["sensors",3,"reading","timestamp"],"parentType":"SensorReading","fieldName":"timestamp","returnType":"String!","startOffset":313611545,"duration":3454},{"path":["sensors",3,"reading","value"],"parentType":"SensorReading","fieldName":"value","returnType":"Float!","startOffset":313616738,"duration":4616},{"path":["sensors",3,"reading","unitType"],"parentType":"SensorReading","fieldName":"unitType","returnType":"UnitType!","startOffset":313623115,"duration":3338},{"path":["sensors",3,"hasAnomaly"],"parentType":"Sensor","fieldName":"hasAnomaly","returnType":"Boolean","startOffset":313628507,"duration":4672},{"path":["sensors",4,"_id"],"parentType":"Sensor","fieldName":"_id","returnType":"ID!","startOffset":313636815,"duration":4573},{"path":["sensors",4,"identifier"],"parentType":"Sensor","fieldName":"identifier","returnType":"String!","startOffset":313643258,"duration":3369},{"path":["sensors",4,"name"],"parentType":"Sensor","fieldName":"name","returnType":"String!","startOffset":313649584,"duration":3548},{"path":["sensors",4,"unitType"],"parentType":"Sensor","fieldName":"unitType","returnType":"UnitType","startOffset":313654947,"duration":3236},{"path":["sensors",4,"reading"],"parentType":"Sensor","fieldName":"reading","returnType":"SensorReading","startOffset":313661615,"duration":4058},{"path":["sensors",4,"reading","timestamp"],"parentType":"SensorReading","fieldName":"timestamp","returnType":"String!","startOffset":313669485,"duration":3534},{"path":["sensors",4,"reading","value"],"parentType":"SensorReading","fieldName":"value","returnType":"Float!","startOffset":313674805,"duration":4937},{"path":["sensors",4,"reading","unitType"],"parentType":"SensorReading","fieldName":"unitType","returnType":"UnitType!","startOffset":313681546,"duration":3411},{"path":["sensors",4,"hasAnomaly"],"parentType":"Sensor","fieldName":"hasAnomaly","returnType":"Boolean","startOffset":313688186,"duration":3475},{"path":["sensors",5,"_id"],"parentType":"Sensor","fieldName":"_id","returnType":"ID!","startOffset":313695216,"duration":4703},{"path":["sensors",5,"identifier"],"parentType":"Sensor","fieldName":"identifier","returnType":"String!","startOffset":313701803,"duration":3401},{"path":["sensors",5,"name"],"parentType":"Sensor","fieldName":"name","returnType":"String!","startOffset":313708308,"duration":3392},{"path":["sensors",5,"unitType"],"parentType":"Sensor","fieldName":"unitType","returnType":"UnitType","startOffset":313713538,"duration":4503},{"path":["sensors",5,"reading"],"parentType":"Sensor","fieldName":"reading","returnType":"SensorReading","startOffset":313720300,"duration":3903},{"path":["sensors",5,"reading","timestamp"],"parentType":"SensorReading","fieldName":"timestamp","returnType":"String!","startOffset":313728110,"duration":3494},{"path":["sensors",5,"reading","value"],"parentType":"SensorReading","fieldName":"value","returnType":"Float!","startOffset":313733449,"duration":3460},{"path":["sensors",5,"reading","unitType"],"parentType":"SensorReading","fieldName":"unitType","returnType":"UnitType!","startOffset":313739907,"duration":3392},{"path":["sensors",5,"hasAnomaly"],"parentType":"Sensor","fieldName":"hasAnomaly","returnType":"Boolean","startOffset":313745426,"duration":4677},{"path":["sensors",6,"_id"],"parentType":"Sensor","fieldName":"_id","returnType":"ID!","startOffset":313753767,"duration":4692},{"path":["sensors",6,"identifier"],"parentType":"Sensor","fieldName":"identifier","returnType":"String!","startOffset":313760343,"duration":3420},{"path":["sensors",6,"name"],"parentType":"Sensor","fieldName":"name","returnType":"String!","startOffset":313765525,"duration":6299},{"path":["sensors",6,"unitType"],"parentType":"Sensor","fieldName":"unitType","returnType":"UnitType","startOffset":313773736,"duration":3271},{"path":["sensors",6,"reading"],"parentType":"Sensor","fieldName":"reading","returnType":"SensorReading","startOffset":313780443,"duration":3927},{"path":["sensors",6,"reading","timestamp"],"parentType":"SensorReading","fieldName":"timestamp","returnType":"String!","startOffset":313787017,"duration":4727},{"path":["sensors",6,"reading","value"],"parentType":"SensorReading","fieldName":"value","returnType":"Float!","startOffset"
1852 [main] DEBUG org.apache.http.wire  -  << "nomaly":false},{"_id":"01DDPH5Z73F598HJ7SHP5VKPK7","identifier":"TT-011206","name":"Cylinder 6 Jacket Cooling Water Temperature","unitType":"CELSIUS","reading":{"timestamp":"2019-09-06T21:30:51.955Z","value":81.5,"unitType":"CELSIUS"},"hasAnomaly":false},{"_id":"01DDPH5Z73Z0W10RAZY3EZK4RA","identifier":"TT-011501","name":"Cylinder 1 Piston Cooling Oil Temperature","unitType":"CELSIUS","reading":{"timestamp":"2019-09-06T21:30:51.955Z","value":60,"unitType":"CELSIUS"},"hasAnomaly":false},{"_id":"01DDPH5Z731WBS82PDDXJ4QREQ","identifier":"TT-011502","name":"Cylinder 2 Piston Cooling Oil Temperature","unitType":"CELSIUS","reading":{"timestamp":"2019-09-06T21:30:51.955Z","value":60,"unitType":"CELSIUS"},"hasAnomaly":false},{"_id":"01DDPH5Z73K74Q0C5JY0RV6065","identifier":"TT-011503","name":"Cylinder 3 Piston Cooling Oil Temperature","unitType":"CELSIUS","reading":{"timestamp":"2019-09-06T21:30:51.955Z","value":60,"unitType":"CELSIUS"},"hasAnomaly":false},{"_id":"01DDPH5Z734E6SWASB422FWCP9","identifier":"TT-011504","name":"Cylinder 4 Piston Cooling Oil Temperature","unitType":"CELSIUS","reading":{"timestamp":"2019-09-06T21:30:51.955Z","value":60,"unitType":"CELSIUS"},"hasAnomaly":false},{"_id":"01DDPH5Z73WCWZG6XR0D0EXBN5","identifier":"TT-011505","name":"Cylinder 5 Piston Cooling Oil Temperature","unitType":"CELSIUS","reading":{"timestamp":"2019-09-06T21:30:51.955Z","value":60,"unitType":"CELSIUS"},"hasAnomaly":false},{"_id":"01DDPH5Z73K088DTHFD6FP4BF2","identifier":"TT-011506","name":"Cylinder 6 Piston Cooling Oil Temperature","unitType":"CELSIUS","reading":{"timestamp":"2019-09-06T21:30:51.955Z","value":60,"unitType":"CELSIUS"},"hasAnomaly":false},{"_id":"01DDPH5Z73Y2JC9BX2NYJMEG85","identifier":"TT-011001","name":"Cylinder 1 Liner Temperature","unitType":"CELSIUS","reading":{"timestamp":"2019-09-06T21:30:51.955Z","value":189,"unitType":"CELSIUS"},"hasAnomaly":false},{"_id":"01DDPH5Z7385E50APW2PSD60ST","identifier":"TT-011002","name":"Cylinder 2 Liner Temperature","unitType":"CELSIUS","reading":{"timestamp":"2019-09-06T21:30:51.955Z","value":189,"unitType":"CELSIUS"},"hasAnomaly":false},{"_id":"01DDPH5Z73Z36YHNR5M3V9KSHP","identifier":"TT-011003","name":"Cylinder 3 Liner Temperature","unitType":"CELSIUS","reading":{"timestamp":"2019-09-06T21:30:51.955Z","value":189,"unitType":"CELSIUS"},"hasAnomaly":false},{"_id":"01DDPH5Z73ZCMB69MR0WN5MQ7F","identifier":"TT-011004","name":"Cylinder 4 Liner Temperature","unitType":"CELSIUS","reading":{"timestamp":"2019-09-06T21:30:51.955Z","value":189,"unitType":"CELSIUS"},"hasAnomaly":false},{"_id":"01DDPH5Z7350857P3YSAH7Z2WK","identifier":"TT-011005","name":"Cylinder 5 Liner Temperature","unitType":"CELSIUS","reading":{"timestamp":"2019-09-06T21:30:51.955Z","value":189,"unitType":"CELSIUS"},"hasAnomaly":false},{"_id":"01DDPH5Z73EX4Q739XHT0MHZJS","identifier":"TT-011006","name":"Cylinder 6 Liner Temperature","unitType":"CELSIUS","reading":{"timestamp":"2019-09-06T21:30:51.955Z","value":189,"unitType":"CELSIUS"},"hasAnomaly":false},{"_id":"01DDPH5Z731APG9FF2DPDWKRHS","identifier":"PT-012001","name":"Turbine Inlet Pressure","unitType":"BAR","reading":{"timestamp":"2019-09-06T21:30:51.955Z","value":1.00000000140061,"unitType":"BAR"},"hasAnomaly":false},{"_id":"01DDPH5Z73JANKPP60FWMTPNF8","identifier":"PT-012002","name":"Turbine Outlet Pressure","unitType":"BAR","reading":{"timestamp":"2019-09-06T21:30:51.955Z","value":1.00000000140061,"unitType":"BAR"},"hasAnomaly":false},{"_id":"01DDPH5Z7381FS1NA4H02T8Q5F","identifier":"TT-012001","name":"Turbine Inlet Temperature","unitType":"CELSIUS","reading":{"timestamp":"2019-09-06T21:30:51.955Z","value":603.875,"unitType":"CELSIUS"},"hasAnomaly":false},{"_id":"01DDPH5Z7397H29QJ0CKWGBMBB","identifier":"TT-012002","name":"Turbine Outlet Temperature","unitType":"CELSIUS","reading":{"timestamp":"2019-09-06T21:30:51.955Z","value":607.9236111111111,"unitType":"CELSIUS"},"hasAnomaly":false},{"_id":"01DFC610RYSS5CX5ZQHNWT367Y","identifier":"PT-012004","name":"Compressor Outlet Pressure","unitType":"BAR","reading":{"timestamp":"2019-09-06T21:30:51.955Z","value":1.0132500012226675,"unitType":"BAR"},"hasAnomaly":true},{"_id":"01DDPH5Z73T0YYSF6HFZP1DW43","identifier":"PT-014001","name":"Air Cooler Inlet Pressure","unitType":"BAR","reading":null,"hasAnomaly":false},{"_id":"01DDPH5Z73ME3WZZR92W0WAS71","identifier":"PT-014002","name":"Air Cooler Outlet Pressure","unitType":"BAR","reading":null,"hasAnomaly":false},{"_id":"01DDPH5Z73BE2BGRJK98FBCCN2","identifier":"TT-014001","name":"Air Cooler Inlet Temperature","unitType":"CELSIUS","reading":{"timestamp":"2019-09-06T21:30:51.955Z","value":153.36111111111111,"unitType":"CELSIUS"},"hasAnomaly":false},{"_id":"01DDPH5Z73G060M59ASK1SAKN9","identifier":"TT-014002","name":"Air Cooler Outlet Temperature","unitType":"CELSIUS","reading":{"timestamp":"2019-09-06T21:30:51.955Z","value":106.68055555555556,"unitType":"CELSIUS"},"hasAnomaly":false},{"_id":"01DDPH5Z73V9D5GRDAHNY2ST4M","identifier":"PT-015001","name":"Scavenge Air Pressure","unitType":"BAR","reading":{"timestamp":"2019-09-06T21:30:51.955Z","value":1.006625001311639,"unitType":"BAR"},"hasAnomaly":true},{"_id":"01DDPH5Z73P60JRD656M8RY96P","identifier":"PT-011301","name":"Cylinder 1 Combustion Pressure","unitType":"BAR","reading":{"timestamp":"2019-09-06T21:30:51.968Z","value":1.5084745762712017,"unitType":"BAR"},"hasAnomaly":false},{"_id":"01DDPH5Z73CM9F1161MN7S604N","identifier":"PT-011302","name":"Cylinder 2 Combustion Pressure","unitType":"BAR","reading":{"timestamp":"2019-09-06T21:30:51.986Z","value":1.5084745762712017,"unitType":"BAR"},"hasAnomaly":false},{"_id":"01DDPH5Z73GY7SKKRV4WVK5X8B","identifier":"PT-011303","name":"Cylinder 3 Combustion Pressure","unitType":"BAR","reading":{"timestamp":"2019-09-06T21:30:52.003Z","value":1.5084745762712017,"unitType":"BAR"},"hasAnomaly":false},{"_id":"01DDPH5Z73E1F11GHYP22504D0","identifier":"PT-011304","name":"Cylinder 4 Combustion Pressure","unitType":"BAR","reading":{"timestamp":"2019-09-06T21:30:52.029Z","value":1.5084745762712017,"unitType":"BAR"},"hasAnomaly":false},{"_id":"01DDPH5Z732DXNGPM9AGAY8HG4","identifier":"PT-011305","name":"Cylinder 5 Combustion Pressure","unitType":"BAR","reading":{"timestamp":"2019-09-06T21:30:52.045Z","value":41.84745762711864,"unitType":"BAR"},"hasAnomaly":false},{"_id":"01DDPH5Z731NV07WXK4VKCDP95","identifier":"PT-011306","name":"Cylinder 6 Combustion Pressure","unitType":"BAR","reading":{"timestamp":"2019-09-06T21:30:52.060Z","value":1.5084745762712017,"unitType":"BAR"},"hasAnomaly":false},{"_id":"01DDPXV5960FYVKZ276NK1C0S8","identifier":"TT-010001","name":"Engine Room Temperature","unitType":"CELSIUS","reading":{"timestamp":"2019-09-06T21:30:51.955Z","value":89.1875,"unitType":"CELSIUS"},"hasAnomaly":false},{"_id":"01DDPXW7NMEYCQG7NVWJFXTW37","identifier":"PT-010001","name":"Engine Room Pressure","unitType":"BAR","reading":{"timestamp":"2019-09-06T21:30:51.955Z","value":1,"unitType":"BAR"},"hasAnomaly":true},{"_id":"01DDPH5Z73PGACQZDS7411CA8C","identifier":"ZT-013001","name":"Fuel Rack Position","unitType":"MILLIMETER","reading":{"timestamp":"2019-09-06T21:30:51.955Z","value":98.58591010519605,"unitType":"MILLIMETER"},"hasAnomaly":false}]},"extensions":{"tracing":{"version":1,"startTime":"2019-09-06T21:30:52.083Z","endTime":"2019-09-06T21:30:52.402Z","duration":318613126,"execution":{"resolvers":[{"path":["sensors"],"parentType":"Query","fieldName":"sensors","returnType":"[Sensor!]","startOffset":99780,"duration":313251373},{"path":["sensors",0,"_id"],"parentType":"Sensor","fieldName":"_id","returnType":"ID!","startOffset":313368405,"duration":19732},{"path":["sensors",0,"identifier"],"parentType":"Sensor","fieldName":"identifier","returnType":"String!","startOffset":313391484,"duration":5938},{"path":["sensors",0,"name"],"parentType":"Sensor","fieldName":"name","returnType":"String!","startOffset":313399554,"duration":5686},{"path":["sensors",0,"unitType"],"parentType":"Sensor","fieldName":"unitType","returnType":"UnitType","startOffset":313407325,"duration":4003},{"path":["sensors",0,"reading"],"parentType":"Sensor","fieldName":"reading","returnType":"SensorReading","startOffset":313415497,"duration":7073},{"path":["sensors",0,"reading","timestamp"],"parentType":"SensorReading","fieldName":"timestamp","returnType":"String!","startOffset":313430160,"duration":4349},{"path":["sensors",0,"reading","value"],"parentType":"SensorReading","fieldName":"value","returnType":"Float!","startOffset":313436539,"duration":5412},{"path":["sensors",0,"reading","unitType"],"parentType":"SensorReading","fieldName":"unitType","returnType":"UnitType!","startOffset":313443886,"duration":3655},{"path":["sensors",0,"hasAnomaly"],"parentType":"Sensor","fieldName":"hasAnomaly","returnType":"Boolean","startOffset":313450915,"duration":3813},{"path":["sensors",1,"_id"],"parentType":"Sensor","fieldName":"_id","returnType":"ID!","startOffset":313459922,"duration":3606},{"path":["sensors",1,"identifier"],"parentType":"Sensor","fieldName":"identifier","returnType":"String!","startOffset":313465429,"duration":3350},{"path":["sensors",1,"name"],"parentType":"Sensor","fieldName":"name","returnType":"String!","startOffset":313471757,"duration":3449},{"path":["sensors",1,"unitType"],"parentType":"Sensor","fieldName":"unitType","returnType":"UnitType","startOffset":313476951,"duration":4657},{"path":["sensors",1,"reading"],"parentType":"Sensor","fieldName":"reading","returnType":"SensorReading","startOffset":313483937,"duration":4883},{"path":["sensors",1,"reading","timestamp"],"parentType":"SensorReading","fieldName":"timestamp","returnType":"String!","startOffset":313492749,"duration":3541},{"path":["sensors",1,"reading","value"],"parentType":"SensorReading","fieldName":"value","returnType":"Float!","startOffset":313498052,"duration":4760},{"path":["sensors",1,"reading","unitType"],"parentType":"SensorReading","fieldName":"unitType","returnType":"UnitType!","startOffset":313504590,"duration":3542},{"path":["sensors",1,"hasAnomaly"],"parentType":"Sensor","fieldName":"hasAnomaly","returnType":"Boolean","startOffset":313511441,"duration":3595},{"path":["sensors",2,"_id"],"parentType":"Sensor","fieldName":"_id","returnType":"ID!","startOffset":313519935,"duration":3691},{"path":["sensors",2,"identifier"],"parentType":"Sensor","fieldName":"identifier","returnType":"String!","startOffset":313525435,"duration":3360},{"path":["sensors",2,"name"],"parentType":"Sensor","fieldName":"name","returnType":"String!","startOffset":313531733,"duration":3414},{"path":["sensors",2,"unitType"],"parentType":"Sensor","fieldName":"unitType","returnType":"UnitType","startOffset":313536961,"duration":4565},{"path":["sensors",2,"reading"],"parentType":"Sensor","fieldName":"reading","returnType":"SensorReading","startOffset":313543700,"duration":4242},{"path":["sensors",2,"reading","timestamp"],"parentType":"SensorReading","fieldName":"timestamp","returnType":"String!","startOffset":313551919,"duration":3521},{"path":["sensors",2,"reading","value"],"parentType":"SensorReading","fieldName":"value","returnType":"Float!","startOffset":313557209,"duration":4785},{"path":["sensors",2,"reading","unitType"],"parentType":"SensorReading","fieldName":"unitType","returnType":"UnitType!","startOffset":313563767,"duration":3352},{"path":["sensors",2,"hasAnomaly"],"parentType":"Sensor","fieldName":"hasAnomaly","returnType":"Boolean","startOffset":313570422,"duration":3569},{"path":["sensors",3,"_id"],"parentType":"Sensor","fieldName":"_id","returnType":"ID!","startOffset":313577632,"duration":4770},{"path":["sensors",3,"identifier"],"parentType":"Sensor","fieldName":"identifier","returnType":"String!","startOffset":313584212,"duration":3365},{"path":["sensors",3,"name"],"parentType":"Sensor","fieldName":"name","returnType":"String!","startOffset":313590465,"duration":3371},{"path":["sensors",3,"unitType"],"parentType":"Sensor","fieldName":"unitType","returnType":"UnitType","startOffset":313595622,"duration":4469},{"path":["sensors",3,"reading"],"parentType":"Sensor","fieldName":"reading","returnType":"SensorReading","startOffset":313602262,"duration":5485},{"path":["sensors",3,"reading","timestamp"],"parentType":"SensorReading","fieldName":"timestamp","returnType":"String!","startOffset":313611545,"duration":3454},{"path":["sensors",3,"reading","value"],"parentType":"SensorReading","fieldName":"value","returnType":"Float!","startOffset":313616738,"duration":4616},{"path":["sensors",3,"reading","unitType"],"parentType":"SensorReading","fieldName":"unitType","returnType":"UnitType!","startOffset":313623115,"duration":3338},{"path":["sensors",3,"hasAnomaly"],"parentType":"Sensor","fieldName":"hasAnomaly","returnType":"Boolean","startOffset":313628507,"duration":4672},{"path":["sensors",4,"_id"],"parentType":"Sensor","fieldName":"_id","returnType":"ID!","startOffset":313636815,"duration":4573},{"path":["sensors",4,"identifier"],"parentType":"Sensor","fieldName":"identifier","returnType":"String!","startOffset":313643258,"duration":3369},{"path":["sensors",4,"name"],"parentType":"Sensor","fieldName":"name","returnType":"String!","startOffset":313649584,"duration":3548},{"path":["sensors",4,"unitType"],"parentType":"Sensor","fieldName":"unitType","returnType":"UnitType","startOffset":313654947,"duration":3236},{"path":["sensors",4,"reading"],"parentType":"Sensor","fieldName":"reading","returnType":"SensorReading","startOffset":313661615,"duration":4058},{"path":["sensors",4,"reading","timestamp"],"parentType":"SensorReading","fieldName":"timestamp","returnType":"String!","startOffset":313669485,"duration":3534},{"path":["sensors",4,"reading","value"],"parentType":"SensorReading","fieldName":"value","returnType":"Float!","startOffset":313674805,"duration":4937},{"path":["sensors",4,"reading","unitType"],"parentType":"SensorReading","fieldName":"unitType","returnType":"UnitType!","startOffset":313681546,"duration":3411},{"path":["sensors",4,"hasAnomaly"],"parentType":"Sensor","fieldName":"hasAnomaly","returnType":"Boolean","startOffset":313688186,"duration":3475},{"path":["sensors",5,"_id"],"parentType":"Sensor","fieldName":"_id","returnType":"ID!","startOffset":313695216,"duration":4703},{"path":["sensors",5,"identifier"],"parentType":"Sensor","fieldName":"identifier","returnType":"String!","startOffset":313701803,"duration":3401},{"path":["sensors",5,"name"],"parentType":"Sensor","fieldName":"name","returnType":"String!","startOffset":313708308,"duration":3392},{"path":["sensors",5,"unitType"],"parentType":"Sensor","fieldName":"unitType","returnType":"UnitType","startOffset":313713538,"duration":4503},{"path":["sensors",5,"reading"],"parentType":"Sensor","fieldName":"reading","returnType":"SensorReading","startOffset":313720300,"duration":3903},{"path":["sensors",5,"reading","timestamp"],"parentType":"SensorReading","fieldName":"timestamp","returnType":"String!","startOffset":313728110,"duration":3494},{"path":["sensors",5,"reading","value"],"parentType":"SensorReading","fieldName":"value","returnType":"Float!","startOffset":313733449,"duration":3460},{"path":["sensors",5,"reading","unitType"],"parentType":"SensorReading","fieldName":"unitType","returnType":"UnitType!","startOffset":313739907,"duration":3392},{"path":["sensors",5,"hasAnomaly"],"parentType":"Sensor","fieldName":"hasAnomaly","returnType":"Boolean","startOffset":313745426,"duration":4677},{"path":["sensors",6,"_id"],"parentType":"Sensor","fieldName":"_id","returnType":"ID!","startOffset":313753767,"duration":4692},{"path":["sensors",6,"identifier"],"parentType":"Sensor","fieldName":"identifier","returnType":"String!","startOffset":313760343,"duration":3420},{"path":["sensors",6,"name"],"parentType":"Sensor","fieldName":"name","returnType":"String!","startOffset":313765525,"duration":6299},{"path":["sensors",6,"unitType"],"parentType":"Sensor","fieldName":"unitType","returnType":"UnitType","startOffset":313773736,"duration":3271},{"path":["sensors",6,"reading"],"parentType":"Sensor","fieldName":"reading","returnType":"SensorReading","startOffset":313780443,"duration":3927},{"path":["sensors",6,"reading","timestamp"],"parentType":"SensorReading","fieldName":"timestamp","returnType":"String!","startOffset":313787017,"duration":4727},{"path":["sensors",6,"reading","value"],"parentType":"SensorReading","fieldName":"value","returnType":"Float!","startOffset"
1852 [main] DEBUG org.apache.http.wire  -  << "nomaly":false},{"_id":"01DDPH5Z73F598HJ7SHP5VKPK7","identifier":"TT-011206","name":"Cylinder 6 Jacket Cooling Water Temperature","unitType":"CELSIUS","reading":{"timestamp":"2019-09-06T21:30:51.955Z","value":81.5,"unitType":"CELSIUS"},"hasAnomaly":false},{"_id":"01DDPH5Z73Z0W10RAZY3EZK4RA","identifier":"TT-011501","name":"Cylinder 1 Piston Cooling Oil Temperature","unitType":"CELSIUS","reading":{"timestamp":"2019-09-06T21:30:51.955Z","value":60,"unitType":"CELSIUS"},"hasAnomaly":false},{"_id":"01DDPH5Z731WBS82PDDXJ4QREQ","identifier":"TT-011502","name":"Cylinder 2 Piston Cooling Oil Temperature","unitType":"CELSIUS","reading":{"timestamp":"2019-09-06T21:30:51.955Z","value":60,"unitType":"CELSIUS"},"hasAnomaly":false},{"_id":"01DDPH5Z73K74Q0C5JY0RV6065","identifier":"TT-011503","name":"Cylinder 3 Piston Cooling Oil Temperature","unitType":"CELSIUS","reading":{"timestamp":"2019-09-06T21:30:51.955Z","value":60,"unitType":"CELSIUS"},"hasAnomaly":false},{"_id":"01DDPH5Z734E6SWASB422FWCP9","identifier":"TT-011504","name":"Cylinder 4 Piston Cooling Oil Temperature","unitType":"CELSIUS","reading":{"timestamp":"2019-09-06T21:30:51.955Z","value":60,"unitType":"CELSIUS"},"hasAnomaly":false},{"_id":"01DDPH5Z73WCWZG6XR0D0EXBN5","identifier":"TT-011505","name":"Cylinder 5 Piston Cooling Oil Temperature","unitType":"CELSIUS","reading":{"timestamp":"2019-09-06T21:30:51.955Z","value":60,"unitType":"CELSIUS"},"hasAnomaly":false},{"_id":"01DDPH5Z73K088DTHFD6FP4BF2","identifier":"TT-011506","name":"Cylinder 6 Piston Cooling Oil Temperature","unitType":"CELSIUS","reading":{"timestamp":"2019-09-06T21:30:51.955Z","value":60,"unitType":"CELSIUS"},"hasAnomaly":false},{"_id":"01DDPH5Z73Y2JC9BX2NYJMEG85","identifier":"TT-011001","name":"Cylinder 1 Liner Temperature","unitType":"CELSIUS","reading":{"timestamp":"2019-09-06T21:30:51.955Z","value":189,"unitType":"CELSIUS"},"hasAnomaly":false},{"_id":"01DDPH5Z7385E50APW2PSD60ST","identifier":"TT-011002","name":"Cylinder 2 Liner Temperature","unitType":"CELSIUS","reading":{"timestamp":"2019-09-06T21:30:51.955Z","value":189,"unitType":"CELSIUS"},"hasAnomaly":false},{"_id":"01DDPH5Z73Z36YHNR5M3V9KSHP","identifier":"TT-011003","name":"Cylinder 3 Liner Temperature","unitType":"CELSIUS","reading":{"timestamp":"2019-09-06T21:30:51.955Z","value":189,"unitType":"CELSIUS"},"hasAnomaly":false},{"_id":"01DDPH5Z73ZCMB69MR0WN5MQ7F","identifier":"TT-011004","name":"Cylinder 4 Liner Temperature","unitType":"CELSIUS","reading":{"timestamp":"2019-09-06T21:30:51.955Z","value":189,"unitType":"CELSIUS"},"hasAnomaly":false},{"_id":"01DDPH5Z7350857P3YSAH7Z2WK","identifier":"TT-011005","name":"Cylinder 5 Liner Temperature","unitType":"CELSIUS","reading":{"timestamp":"2019-09-06T21:30:51.955Z","value":189,"unitType":"CELSIUS"},"hasAnomaly":false},{"_id":"01DDPH5Z73EX4Q739XHT0MHZJS","identifier":"TT-011006","name":"Cylinder 6 Liner Temperature","unitType":"CELSIUS","reading":{"timestamp":"2019-09-06T21:30:51.955Z","value":189,"unitType":"CELSIUS"},"hasAnomaly":false},{"_id":"01DDPH5Z731APG9FF2DPDWKRHS","identifier":"PT-012001","name":"Turbine Inlet Pressure","unitType":"BAR","reading":{"timestamp":"2019-09-06T21:30:51.955Z","value":1.00000000140061,"unitType":"BAR"},"hasAnomaly":false},{"_id":"01DDPH5Z73JANKPP60FWMTPNF8","identifier":"PT-012002","name":"Turbine Outlet Pressure","unitType":"BAR","reading":{"timestamp":"2019-09-06T21:30:51.955Z","value":1.00000000140061,"unitType":"BAR"},"hasAnomaly":false},{"_id":"01DDPH5Z7381FS1NA4H02T8Q5F","identifier":"TT-012001","name":"Turbine Inlet Temperature","unitType":"CELSIUS","reading":{"timestamp":"2019-09-06T21:30:51.955Z","value":603.875,"unitType":"CELSIUS"},"hasAnomaly":false},{"_id":"01DDPH5Z7397H29QJ0CKWGBMBB","identifier":"TT-012002","name":"Turbine Outlet Temperature","unitType":"CELSIUS","reading":{"timestamp":"2019-09-06T21:30:51.955Z","value":607.9236111111111,"unitType":"CELSIUS"},"hasAnomaly":false},{"_id":"01DFC610RYSS5CX5ZQHNWT367Y","identifier":"PT-012004","name":"Compressor Outlet Pressure","unitType":"BAR","reading":{"timestamp":"2019-09-06T21:30:51.955Z","value":1.0132500012226675,"unitType":"BAR"},"hasAnomaly":true},{"_id":"01DDPH5Z73T0YYSF6HFZP1DW43","identifier":"PT-014001","name":"Air Cooler Inlet Pressure","unitType":"BAR","reading":null,"hasAnomaly":false},{"_id":"01DDPH5Z73ME3WZZR92W0WAS71","identifier":"PT-014002","name":"Air Cooler Outlet Pressure","unitType":"BAR","reading":null,"hasAnomaly":false},{"_id":"01DDPH5Z73BE2BGRJK98FBCCN2","identifier":"TT-014001","name":"Air Cooler Inlet Temperature","unitType":"CELSIUS","reading":{"timestamp":"2019-09-06T21:30:51.955Z","value":153.36111111111111,"unitType":"CELSIUS"},"hasAnomaly":false},{"_id":"01DDPH5Z73G060M59ASK1SAKN9","identifier":"TT-014002","name":"Air Cooler Outlet Temperature","unitType":"CELSIUS","reading":{"timestamp":"2019-09-06T21:30:51.955Z","value":106.68055555555556,"unitType":"CELSIUS"},"hasAnomaly":false},{"_id":"01DDPH5Z73V9D5GRDAHNY2ST4M","identifier":"PT-015001","name":"Scavenge Air Pressure","unitType":"BAR","reading":{"timestamp":"2019-09-06T21:30:51.955Z","value":1.006625001311639,"unitType":"BAR"},"hasAnomaly":true},{"_id":"01DDPH5Z73P60JRD656M8RY96P","identifier":"PT-011301","name":"Cylinder 1 Combustion Pressure","unitType":"BAR","reading":{"timestamp":"2019-09-06T21:30:51.968Z","value":1.5084745762712017,"unitType":"BAR"},"hasAnomaly":false},{"_id":"01DDPH5Z73CM9F1161MN7S604N","identifier":"PT-011302","name":"Cylinder 2 Combustion Pressure","unitType":"BAR","reading":{"timestamp":"2019-09-06T21:30:51.986Z","value":1.5084745762712017,"unitType":"BAR"},"hasAnomaly":false},{"_id":"01DDPH5Z73GY7SKKRV4WVK5X8B","identifier":"PT-011303","name":"Cylinder 3 Combustion Pressure","unitType":"BAR","reading":{"timestamp":"2019-09-06T21:30:52.003Z","value":1.5084745762712017,"unitType":"BAR"},"hasAnomaly":false},{"_id":"01DDPH5Z73E1F11GHYP22504D0","identifier":"PT-011304","name":"Cylinder 4 Combustion Pressure","unitType":"BAR","reading":{"timestamp":"2019-09-06T21:30:52.029Z","value":1.5084745762712017,"unitType":"BAR"},"hasAnomaly":false},{"_id":"01DDPH5Z732DXNGPM9AGAY8HG4","identifier":"PT-011305","name":"Cylinder 5 Combustion Pressure","unitType":"BAR","reading":{"timestamp":"2019-09-06T21:30:52.045Z","value":41.84745762711864,"unitType":"BAR"},"hasAnomaly":false},{"_id":"01DDPH5Z731NV07WXK4VKCDP95","identifier":"PT-011306","name":"Cylinder 6 Combustion Pressure","unitType":"BAR","reading":{"timestamp":"2019-09-06T21:30:52.060Z","value":1.5084745762712017,"unitType":"BAR"},"hasAnomaly":false},{"_id":"01DDPXV5960FYVKZ276NK1C0S8","identifier":"TT-010001","name":"Engine Room Temperature","unitType":"CELSIUS","reading":{"timestamp":"2019-09-06T21:30:51.955Z","value":89.1875,"unitType":"CELSIUS"},"hasAnomaly":false},{"_id":"01DDPXW7NMEYCQG7NVWJFXTW37","identifier":"PT-010001","name":"Engine Room Pressure","unitType":"BAR","reading":{"timestamp":"2019-09-06T21:30:51.955Z","value":1,"unitType":"BAR"},"hasAnomaly":true},{"_id":"01DDPH5Z73PGACQZDS7411CA8C","identifier":"ZT-013001","name":"Fuel Rack Position","unitType":"MILLIMETER","reading":{"timestamp":"2019-09-06T21:30:51.955Z","value":98.58591010519605,"unitType":"MILLIMETER"},"hasAnomaly":false}]},"extensions":{"tracing":{"version":1,"startTime":"2019-09-06T21:30:52.083Z","endTime":"2019-09-06T21:30:52.402Z","duration":318613126,"execution":{"resolvers":[{"path":["sensors"],"parentType":"Query","fieldName":"sensors","returnType":"[Sensor!]","startOffset":99780,"duration":313251373},{"path":["sensors",0,"_id"],"parentType":"Sensor","fieldName":"_id","returnType":"ID!","startOffset":313368405,"duration":19732},{"path":["sensors",0,"identifier"],"parentType":"Sensor","fieldName":"identifier","returnType":"String!","startOffset":313391484,"duration":5938},{"path":["sensors",0,"name"],"parentType":"Sensor","fieldName":"name","returnType":"String!","startOffset":313399554,"duration":5686},{"path":["sensors",0,"unitType"],"parentType":"Sensor","fieldName":"unitType","returnType":"UnitType","startOffset":313407325,"duration":4003},{"path":["sensors",0,"reading"],"parentType":"Sensor","fieldName":"reading","returnType":"SensorReading","startOffset":313415497,"duration":7073},{"path":["sensors",0,"reading","timestamp"],"parentType":"SensorReading","fieldName":"timestamp","returnType":"String!","startOffset":313430160,"duration":4349},{"path":["sensors",0,"reading","value"],"parentType":"SensorReading","fieldName":"value","returnType":"Float!","startOffset":313436539,"duration":5412},{"path":["sensors",0,"reading","unitType"],"parentType":"SensorReading","fieldName":"unitType","returnType":"UnitType!","startOffset":313443886,"duration":3655},{"path":["sensors",0,"hasAnomaly"],"parentType":"Sensor","fieldName":"hasAnomaly","returnType":"Boolean","startOffset":313450915,"duration":3813},{"path":["sensors",1,"_id"],"parentType":"Sensor","fieldName":"_id","returnType":"ID!","startOffset":313459922,"duration":3606},{"path":["sensors",1,"identifier"],"parentType":"Sensor","fieldName":"identifier","returnType":"String!","startOffset":313465429,"duration":3350},{"path":["sensors",1,"name"],"parentType":"Sensor","fieldName":"name","returnType":"String!","startOffset":313471757,"duration":3449},{"path":["sensors",1,"unitType"],"parentType":"Sensor","fieldName":"unitType","returnType":"UnitType","startOffset":313476951,"duration":4657},{"path":["sensors",1,"reading"],"parentType":"Sensor","fieldName":"reading","returnType":"SensorReading","startOffset":313483937,"duration":4883},{"path":["sensors",1,"reading","timestamp"],"parentType":"SensorReading","fieldName":"timestamp","returnType":"String!","startOffset":313492749,"duration":3541},{"path":["sensors",1,"reading","value"],"parentType":"SensorReading","fieldName":"value","returnType":"Float!","startOffset":313498052,"duration":4760},{"path":["sensors",1,"reading","unitType"],"parentType":"SensorReading","fieldName":"unitType","returnType":"UnitType!","startOffset":313504590,"duration":3542},{"path":["sensors",1,"hasAnomaly"],"parentType":"Sensor","fieldName":"hasAnomaly","returnType":"Boolean","startOffset":313511441,"duration":3595},{"path":["sensors",2,"_id"],"parentType":"Sensor","fieldName":"_id","returnType":"ID!","startOffset":313519935,"duration":3691},{"path":["sensors",2,"identifier"],"parentType":"Sensor","fieldName":"identifier","returnType":"String!","startOffset":313525435,"duration":3360},{"path":["sensors",2,"name"],"parentType":"Sensor","fieldName":"name","returnType":"String!","startOffset":313531733,"duration":3414},{"path":["sensors",2,"unitType"],"parentType":"Sensor","fieldName":"unitType","returnType":"UnitType","startOffset":313536961,"duration":4565},{"path":["sensors",2,"reading"],"parentType":"Sensor","fieldName":"reading","returnType":"SensorReading","startOffset":313543700,"duration":4242},{"path":["sensors",2,"reading","timestamp"],"parentType":"SensorReading","fieldName":"timestamp","returnType":"String!","startOffset":313551919,"duration":3521},{"path":["sensors",2,"reading","value"],"parentType":"SensorReading","fieldName":"value","returnType":"Float!","startOffset":313557209,"duration":4785},{"path":["sensors",2,"reading","unitType"],"parentType":"SensorReading","fieldName":"unitType","returnType":"UnitType!","startOffset":313563767,"duration":3352},{"path":["sensors",2,"hasAnomaly"],"parentType":"Sensor","fieldName":"hasAnomaly","returnType":"Boolean","startOffset":313570422,"duration":3569},{"path":["sensors",3,"_id"],"parentType":"Sensor","fieldName":"_id","returnType":"ID!","startOffset":313577632,"duration":4770},{"path":["sensors",3,"identifier"],"parentType":"Sensor","fieldName":"identifier","returnType":"String!","startOffset":313584212,"duration":3365},{"path":["sensors",3,"name"],"parentType":"Sensor","fieldName":"name","returnType":"String!","startOffset":313590465,"duration":3371},{"path":["sensors",3,"unitType"],"parentType":"Sensor","fieldName":"unitType","returnType":"UnitType","startOffset":313595622,"duration":4469},{"path":["sensors",3,"reading"],"parentType":"Sensor","fieldName":"reading","returnType":"SensorReading","startOffset":313602262,"duration":5485},{"path":["sensors",3,"reading","timestamp"],"parentType":"SensorReading","fieldName":"timestamp","returnType":"String!","startOffset":313611545,"duration":3454},{"path":["sensors",3,"reading","value"],"parentType":"SensorReading","fieldName":"value","returnType":"Float!","startOffset":313616738,"duration":4616},{"path":["sensors",3,"reading","unitType"],"parentType":"SensorReading","fieldName":"unitType","returnType":"UnitType!","startOffset":313623115,"duration":3338},{"path":["sensors",3,"hasAnomaly"],"parentType":"Sensor","fieldName":"hasAnomaly","returnType":"Boolean","startOffset":313628507,"duration":4672},{"path":["sensors",4,"_id"],"parentType":"Sensor","fieldName":"_id","returnType":"ID!","startOffset":313636815,"duration":4573},{"path":["sensors",4,"identifier"],"parentType":"Sensor","fieldName":"identifier","returnType":"String!","startOffset":313643258,"duration":3369},{"path":["sensors",4,"name"],"parentType":"Sensor","fieldName":"name","returnType":"String!","startOffset":313649584,"duration":3548},{"path":["sensors",4,"unitType"],"parentType":"Sensor","fieldName":"unitType","returnType":"UnitType","startOffset":313654947,"duration":3236},{"path":["sensors",4,"reading"],"parentType":"Sensor","fieldName":"reading","returnType":"SensorReading","startOffset":313661615,"duration":4058},{"path":["sensors",4,"reading","timestamp"],"parentType":"SensorReading","fieldName":"timestamp","returnType":"String!","startOffset":313669485,"duration":3534},{"path":["sensors",4,"reading","value"],"parentType":"SensorReading","fieldName":"value","returnType":"Float!","startOffset":313674805,"duration":4937},{"path":["sensors",4,"reading","unitType"],"parentType":"SensorReading","fieldName":"unitType","returnType":"UnitType!","startOffset":313681546,"duration":3411},{"path":["sensors",4,"hasAnomaly"],"parentType":"Sensor","fieldName":"hasAnomaly","returnType":"Boolean","startOffset":313688186,"duration":3475},{"path":["sensors",5,"_id"],"parentType":"Sensor","fieldName":"_id","returnType":"ID!","startOffset":313695216,"duration":4703},{"path":["sensors",5,"identifier"],"parentType":"Sensor","fieldName":"identifier","returnType":"String!","startOffset":313701803,"duration":3401},{"path":["sensors",5,"name"],"parentType":"Sensor","fieldName":"name","returnType":"String!","startOffset":313708308,"duration":3392},{"path":["sensors",5,"unitType"],"parentType":"Sensor","fieldName":"unitType","returnType":"UnitType","startOffset":313713538,"duration":4503},{"path":["sensors",5,"reading"],"parentType":"Sensor","fieldName":"reading","returnType":"SensorReading","startOffset":313720300,"duration":3903},{"path":["sensors",5,"reading","timestamp"],"parentType":"SensorReading","fieldName":"timestamp","returnType":"String!","startOffset":313728110,"duration":3494},{"path":["sensors",5,"reading","value"],"parentType":"SensorReading","fieldName":"value","returnType":"Float!","startOffset":313733449,"duration":3460},{"path":["sensors",5,"reading","unitType"],"parentType":"SensorReading","fieldName":"unitType","returnType":"UnitType!","startOffset":313739907,"duration":3392},{"path":["sensors",5,"hasAnomaly"],"parentType":"Sensor","fieldName":"hasAnomaly","returnType":"Boolean","startOffset":313745426,"duration":4677},{"path":["sensors",6,"_id"],"parentType":"Sensor","fieldName":"_id","returnType":"ID!","startOffset":313753767,"duration":4692},{"path":["sensors",6,"identifier"],"parentType":"Sensor","fieldName":"identifier","returnType":"String!","startOffset":313760343,"duration":3420},{"path":["sensors",6,"name"],"parentType":"Sensor","fieldName":"name","returnType":"String!","startOffset":313765525,"duration":6299},{"path":["sensors",6,"unitType"],"parentType":"Sensor","fieldName":"unitType","returnType":"UnitType","startOffset":313773736,"duration":3271},{"path":["sensors",6,"reading"],"parentType":"Sensor","fieldName":"reading","returnType":"SensorReading","startOffset":313780443,"duration":3927},{"path":["sensors",6,"reading","timestamp"],"parentType":"SensorReading","fieldName":"timestamp","returnType":"String!","startOffset":313787017,"duration":4727},{"path":["sensors",6,"reading","value"],"parentType":"SensorReading","fieldName":"value","returnType":"Float!","startOffset"
1856 [main] DEBUG org.apache.http.wire  -  << "":313793524,"duration":3371},{"path":["sensors",6,"reading","unitType"],"parentType":"SensorReading","fieldName":"unitType","returnType":"UnitType!","startOffset":313799877,"duration":3398},{"path":["sensors",6,"hasAnomaly"],"parentType":"Sensor","fieldName":"hasAnomaly","returnType":"Boolean","startOffset":313805361,"duration":835719},{"path":["sensors",7,"_id"],"parentType":"Sensor","fieldName":"_id","returnType":"ID!","startOffset":314664357,"duration":16881},{"path":["sensors",7,"identifier"],"parentType":"Sensor","fieldName":"identifier","returnType":"String!","startOffset":314685828,"duration":6727},{"path":["sensors",7,"name"],"parentType":"Sensor","fieldName":"name","returnType":"String!","startOffset":314695066,"duration":4218},{"path":["sensors",7,"unitType"],"parentType":"Sensor","fieldName":"unitType","returnType":"UnitType","startOffset":314701721,"duration":5126},{"path":["sensors",7,"reading"],"parentType":"Sensor","fieldName":"reading","returnType":"SensorReading","startOffset":314710609,"duration":10119},{"path":["sensors",7,"reading","timestamp"],"parentType":"SensorReading","fieldName":"timestamp","returnType":"String!","startOffset":314725183,"duration":4173},{"path":["sensors",7,"reading","value"],"parentType":"SensorReading","fieldName":"value","returnType":"Float!","startOffset":314733197,"duration":4154},{"path":["sensors",7,"reading","unitType"],"parentType":"SensorReading","fieldName":"unitType","returnType":"UnitType!","startOffset":314740264,"duration":3565},{"path":["sensors",7,"hasAnomaly"],"parentType":"Sensor","fieldName":"hasAnomaly","returnType":"Boolean","startOffset":314748033,"duration":3831},{"path":["sensors",8,"_id"],"parentType":"Sensor","fieldName":"_id","returnType":"ID!","startOffset":314757772,"duration":3596},{"path":["sensors",8,"identifier"],"parentType":"Sensor","fieldName":"identifier","returnType":"String!","startOffset":314763478,"duration":4624},{"path":["sensors",8,"name"],"parentType":"Sensor","fieldName":"name","returnType":"String!","startOffset":314770062,"duration":3479},{"path":["sensors",8,"unitType"],"parentType":"Sensor","fieldName":"unitType","returnType":"UnitType","startOffset":314775361,"duration":5079},{"path":["sensors",8,"reading"],"parentType":"Sensor","fieldName":"reading","returnType":"SensorReading","startOffset":314787690,"duration":4950},{"path":["sensors",8,"reading","timestamp"],"parentType":"SensorReading","fieldName":"timestamp","returnType":"String!","startOffset":314797022,"duration":3928},{"path":["sensors",8,"reading","value"],"parentType":"SensorReading","fieldName":"value","returnType":"Float!","startOffset":314803474,"duration":4875},{"path":["sensors",8,"reading","unitType"],"parentType":"SensorReading","fieldName":"unitType","returnType":"UnitType!","startOffset":314810414,"duration":3548},{"path":["sensors",8,"hasAnomaly"],"parentType":"Sensor","fieldName":"hasAnomaly","returnType":"Boolean","startOffset":314817789,"duration":3581},{"path":["sensors",9,"_id"],"parentType":"Sensor","fieldName":"_id","returnType":"ID!","startOffset":314825719,"duration":5659},{"path":["sensors",9,"identifier"],"parentType":"Sensor","fieldName":"identifier","returnType":"String!","startOffset":314833593,"duration":4792},{"path":["sensors",9,"name"],"parentType":"Sensor","fieldName":"name","returnType":"String!","startOffset":314840202,"duration":3328},{"path":["sensors",9,"unitType"],"parentType":"Sensor","fieldName":"unitType","returnType":"UnitType","startOffset":314846605,"duration":3457},{"path":["sensors",9,"reading"],"parentType":"Sensor","fieldName":"reading","returnType":"SensorReading","startOffset":314852339,"duration":5806},{"path":["sensors",9,"reading","timestamp"],"parentType":"SensorReading","fieldName":"timestamp","returnType":"String!","startOffset":314861057,"duration":3408},{"path":["sensors",9,"reading","value"],"parentType":"SensorReading","fieldName":"value","returnType":"Float!","startOffset":314867699,"duration":3841},{"path":["sensors",9,"reading","unitType"],"parentType":"SensorReading","fieldName":"unitType","returnType":"UnitType!","startOffset":314873518,"duration":3463},{"path":["sensors",9,"hasAnomaly"],"parentType":"Sensor","fieldName":"hasAnomaly","returnType":"Boolean","startOffset":314880876,"duration":3428},{"path":["sensors",10,"_id"],"parentType":"Sensor","fieldName":"_id","returnType":"ID!","startOffset":314889596,"duration":4155},{"path":["sensors",10,"identifier"],"parentType":"Sensor","fieldName":"identifier","returnType":"String!","startOffset":314895640,"duration":6023},{"path":["sensors",10,"name"],"parentType":"Sensor","fieldName":"name","returnType":"String!","startOffset":314903909,"duration":3426},{"path":["sensors",10,"unitType"],"parentType":"Sensor","fieldName":"unitType","returnType":"UnitType","startOffset":314909093,"duration":4927},{"path":["sensors",10,"reading"],"parentType":"Sensor","fieldName":"reading","returnType":"SensorReading","startOffset":314916212,"duration":4299},{"path":["sensors",10,"reading","timestamp"],"parentType":"SensorReading","fieldName":"timestamp","returnType":"String!","startOffset":314924679,"duration":3733},{"path":["sensors",10,"reading","value"],"parentType":"SensorReading","fieldName":"value","returnType":"Float!","startOffset":314930252,"duration":4701},{"path":["sensors",10,"reading","unitType"],"parentType":"SensorReading","fieldName":"unitType","returnType":"UnitType!","startOffset":314936810,"duration":3310},{"path":["sensors",10,"hasAnomaly"],"parentType":"Sensor","fieldName":"hasAnomaly","returnType":"Boolean","startOffset":314986895,"duration":6868},{"path":["sensors",11,"_id"],"parentType":"Sensor","fieldName":"_id","returnType":"ID!","startOffset":314999620,"duration":5468},{"path":["sensors",11,"identifier"],"parentType":"Sensor","fieldName":"identifier","returnType":"String!","startOffset":315007123,"duration":3482},{"path":["sensors",11,"name"],"parentType":"Sensor","fieldName":"name","returnType":"String!","startOffset":315013982,"duration":3387},{"path":["sensors",11,"unitType"],"parentType":"Sensor","fieldName":"unitType","returnType":"UnitType","startOffset":315019211,"duration":4955},{"path":["sensors",11,"reading"],"parentType":"Sensor","fieldName":"reading","returnType":"SensorReading","startOffset":315026640,"duration":4513},{"path":["sensors",11,"reading","timestamp"],"parentType":"SensorReading","fieldName":"timestamp","returnType":"String!","startOffset":315035239,"duration":3501},{"path":["sensors",11,"reading","value"],"parentType":"SensorReading","fieldName":"value","returnType":"Float!","startOffset":315040747,"duration":4824},{"path":["sensors",11,"reading","unitType"],"parentType":"SensorReading","fieldName":"unitType","returnType":"UnitType!","startOffset":315047544,"duration":3847},{"path":["sensors",11,"hasAnomaly"],"parentType":"Sensor","fieldName":"hasAnomaly","returnType":"Boolean","startOffset":315054814,"duration":3524},{"path":["sensors",12,"_id"],"parentType":"Sensor","fieldName":"_id","returnType":"ID!","startOffset":315062210,"duration":4661},{"path":["sensors",12,"identifier"],"parentType":"Sensor","fieldName":"identifier","returnType":"String!","startOffset":315068813,"duration":3395},{"path":["sensors",12,"name"],"parentType":"Sensor","fieldName":"name","returnType":"String!","startOffset":315075243,"duration":3648},{"path":["sensors",12,"unitType"],"parentType":"Sensor","fieldName":"unitType","returnType":"UnitType","startOffset":315080751,"duration":4563},{"path":["sensors",12,"reading"],"parentType":"Sensor","fieldName":"reading","returnType":"SensorReading","startOffset":315087581,"duration":3976},{"path":["sensors",12,"reading","timestamp"],"parentType":"SensorReading","fieldName":"timestamp","returnType":"String!","startOffset":315095564,"duration":3435},{"path":["sensors",12,"reading","value"],"parentType":"SensorReading","fieldName":"value","returnType":"Float!","startOffset":315100979,"duration":4730},{"path":["sensors",12,"reading","unitType"],"parentType":"SensorReading","fieldName":"unitType","returnType":"UnitType!","startOffset":315107629,"duration":3367},{"path":["sensors",12,"hasAnomaly"],"parentType":"Sensor","fieldName":"hasAnomaly","returnType":"Boolean","startOffset":315113186,"duration":4636},{"path":["sensors",13,"_id"],"parentType":"Sensor","fieldName":"_id","returnType":"ID!","startOffset":315121531,"duration":4811},{"path":["sensors",13,"identifier"],"parentType":"Sensor","fieldName":"identifier","returnType":"String!","startOffset":315128150,"duration":3364},{"path":["sensors",13,"name"],"parentType":"Sensor","fieldName":"name","returnType":"String!","startOffset":315133243,"duration":4572},{"path":["sensors",13,"unitType"],"parentType":"Sensor","fieldName":"unitType","returnType":"UnitType","startOffset":315139598,"duration":3229},{"path":["sensors",13,"reading"],"parentType":"Sensor","fieldName":"reading","returnType":"SensorReading","startOffset":315146360,"duration":4106},{"path":["sensors",13,"reading","timestamp"],"parentType":"SensorReading","fieldName":"timestamp","returnType":"String!","startOffset":315153218,"duration":4721},{"path":["sensors",13,"reading","value"],"parentType":"SensorReading","fieldName":"value","returnType":"Float!","startOffset":315159759,"duration":3431},{"path":["sensors",13,"reading","unitType"],"parentType":"SensorReading","fieldName":"unitType","returnType":"UnitType!","startOffset":315166238,"duration":3683},{"path":["sensors",13,"hasAnomaly"],"parentType":"Sensor","fieldName":"hasAnomaly","returnType":"Boolean","startOffset":315172139,"duration":4610},{"path":["sensors",14,"_id"],"parentType":"Sensor","fieldName":"_id","returnType":"ID!","startOffset":315180401,"duration":3414},{"path":["sensors",14,"identifier"],"parentType":"Sensor","fieldName":"identifier","returnType":"String!","startOffset":315186768,"duration":3347},{"path":["sensors",14,"name"],"parentType":"Sensor","fieldName":"name","returnType":"String!","startOffset":315191914,"duration":4499},{"path":["sensors",14,"unitType"],"parentType":"Sensor","fieldName":"unitType","returnType":"UnitType","startOffset":315198328,"duration":3285},{"path":["sensors",14,"reading"],"parentType":"Sensor","fieldName":"reading","returnType":"SensorReading","startOffset":315204928,"duration":3963},{"path":["sensors",14,"reading","timestamp"],"parentType":"SensorReading","fieldName":"timestamp","returnType":"String!","startOffset":315211696,"duration":4728},{"path":["sensors",14,"reading","value"],"parentType":"SensorReading","fieldName":"value","returnType":"Float!","startOffset":315218190,"duration":3475},{"path":["sensors",14,"reading","unitType"],"parentType":"SensorReading","fieldName":"unitType","returnType":"UnitType!","startOffset":315224772,"duration":3413},{"path":["sensors",14,"hasAnomaly"],"parentType":"Sensor","fieldName":"hasAnomaly","returnType":"Boolean","startOffset":315230361,"duration":3399},{"path":["sensors",15,"_id"],"parentType":"Sensor","fieldName":"_id","returnType":"ID!","startOffset":315238754,"duration":3700},{"path":["sensors",15,"identifier"],"parentType":"Sensor","fieldName":"identifier","returnType":"String!","startOffset":315245458,"duration":3626},{"path":["sensors",15,"name"],"parentType":"Sensor","fieldName":"name","returnType":"String!","startOffset":315250870,"duration":4985},{"path":["sensors",15,"unitType"],"parentType":"Sensor","fieldName":"unitType","returnType":"UnitType","startOffset":315257692,"duration":3447},{"path":["sensors",15,"reading"],"parentType":"Sensor","fieldName":"reading","returnType":"SensorReading","startOffset":315263817,"duration":7042},{"path":["sensors",15,"reading","timestamp"],"parentType":"SensorReading","fieldName":"timestamp","returnType":"String!","startOffset":315274904,"duration":3886},{"path":["sensors",15,"reading","value"],"parentType":"SensorReading","fieldName":"value","returnType":"Float!","startOffset":315280529,"duration":4717},{"path":["sensors",15,"reading","unitType"],"parentType":"SensorReading","fieldName":"unitType","returnType":"UnitType!","startOffset":315287068,"duration":3335},{"path":["sensors",15,"hasAnomaly"],"parentType":"Sensor","fieldName":"hasAnomaly","returnType":"Boolean","startOffset":315293718,"duration":3475},{"path":["sensors",16,"_id"],"parentType":"Sensor","fieldName":"_id","returnType":"ID!","startOffset":315302210,"duration":3449},{"path":["sensors",16,"identifier"],"parentType":"Sensor","fieldName":"identifier","returnType":"String!","startOffset":315307506,"duration":3362},{"path":["sensors",16,"name"],"parentType":"Sensor","fieldName":"name","returnType":"String!","startOffset":315313885,"duration":3433},{"path":["sensors",16,"unitType"],"parentType":"Sensor","fieldName":"unitType","returnType":"UnitType","startOffset":315319111,"duration":4409},{"path":["sensors",16,"reading"],"parentType":"Sensor","fieldName":"reading","returnType":"SensorReading","startOffset":315326084,"duration":3974},{"path":["sensors",16,"reading","timestamp"],"parentType":"SensorReading","fieldName":"timestamp","returnType":"String!","startOffset":315334427,"duration":3496},{"path":["sensors",16,"reading","value"],"parentType":"SensorReading","fieldName":"value","returnType":"Float!","startOffset":315339733,"duration":4480},{"path":["sensors",16,"reading","unitType"],"parentType":"SensorReading","fieldName":"unitType","returnType":"UnitType!","startOffset":315346000,"duration":3654},{"path":["sensors",16,"hasAnomaly"],"parentType":"Sensor","fieldName":"hasAnomaly","returnType":"Boolean","startOffset":315352887,"duration":3439},{"path":["sensors",17,"_id"],"parentType":"Sensor","fieldName":"_id","returnType":"ID!","startOffset":315360009,"duration":4590},{"path":["sensors",17,"identifier"],"parentType":"Sensor","fieldName":"identifier","returnType":"String!","startOffset":315366395,"duration":3368},{"path":["sensors",17,"name"],"parentType":"Sensor","fieldName":"name","returnType":"String!","startOffset":315373175,"duration":3563},{"path":["sensors",17,"unitType"],"parentType":"Sensor","fieldName":"unitType","returnType":"UnitType","startOffset":315378685,"duration":4478},{"path":["sensors",17,"reading"],"parentType":"Sensor","fieldName":"reading","returnType":"SensorReading","startOffset":315385448,"duration":4153},{"path":["sensors",17,"reading","timestamp"],"parentType":"SensorReading","fieldName":"timestamp","returnType":"String!","startOffset":315393794,"duration":3590},{"path":["sensors",17,"reading","value"],"parentType":"SensorReading","fieldName":"value","returnType":"Float!","startOffset":315399198,"duration":4898},{"path":["sensors",17,"reading","unitType"],"parentType":"SensorReading","fieldName":"unitType","returnType":"UnitType!","startOffset":315405885,"duration":3503},{"path":["sensors",17,"hasAnomaly"],"parentType":"Sensor","fieldName":"hasAnomaly","returnType":"Boolean","startOffset":315411674,"duration":4991},{"path":["sensors",18,"_id"],"parentType":"Sensor","fieldName":"_id","returnType":"ID!","startOffset":315420897,"duration":4697},{"path":["sensors",18,"identifier"],"parentType":"Sensor","fieldName":"identifier","returnType":"String!","startOffset":315427530,"duration":3505},{"path":["sensors",18,"name"],"parentType":"Sensor","fieldName":"name","returnType":"String!","startOffset":315433941,"duration":3804},{"path":["sensors",18,"unitType"],"parentType":"Sensor","fieldName":"unitType","returnType":"UnitType","startOffset":315439785,"duration":4744},{"path":["sensors",18,"reading"],"parentType":"Sensor","fieldName":"reading","returnType":"SensorReading","startOffset":315446845,"duration":4020},{"path":["sensors",18,"reading","timestamp"],"parentType":"SensorReading","fieldName":"timestamp","returnType":"String!","startOffset":315454903,"duration":3551},{"path":["sensors",18,"reading","value"],"parentType":"SensorReading","fieldName":"value","returnType":"Float!","startOffset":315460250,"duration":4464},{"path":["sensors",18,"reading","unitType"],"parentType":"SensorReading","fieldName":"unitType","returnType":"UnitType!","startOffset":315466673,"duration":3368},{"path":["sensors",18,"hasAnomaly"],"parentType":"Sensor","fieldName":"hasAnomaly","returnType":"Boolean","startOffset":315472197,"duration":4772},{"path":["sensors",19,"_id"],"parentType":"Sensor","fieldName":"_id","returnType":"ID!","startOffset":315480640,"duration":4985},{"path":["sensors",19,"identif"
1856 [main] DEBUG org.apache.http.wire  -  << "":313793524,"duration":3371},{"path":["sensors",6,"reading","unitType"],"parentType":"SensorReading","fieldName":"unitType","returnType":"UnitType!","startOffset":313799877,"duration":3398},{"path":["sensors",6,"hasAnomaly"],"parentType":"Sensor","fieldName":"hasAnomaly","returnType":"Boolean","startOffset":313805361,"duration":835719},{"path":["sensors",7,"_id"],"parentType":"Sensor","fieldName":"_id","returnType":"ID!","startOffset":314664357,"duration":16881},{"path":["sensors",7,"identifier"],"parentType":"Sensor","fieldName":"identifier","returnType":"String!","startOffset":314685828,"duration":6727},{"path":["sensors",7,"name"],"parentType":"Sensor","fieldName":"name","returnType":"String!","startOffset":314695066,"duration":4218},{"path":["sensors",7,"unitType"],"parentType":"Sensor","fieldName":"unitType","returnType":"UnitType","startOffset":314701721,"duration":5126},{"path":["sensors",7,"reading"],"parentType":"Sensor","fieldName":"reading","returnType":"SensorReading","startOffset":314710609,"duration":10119},{"path":["sensors",7,"reading","timestamp"],"parentType":"SensorReading","fieldName":"timestamp","returnType":"String!","startOffset":314725183,"duration":4173},{"path":["sensors",7,"reading","value"],"parentType":"SensorReading","fieldName":"value","returnType":"Float!","startOffset":314733197,"duration":4154},{"path":["sensors",7,"reading","unitType"],"parentType":"SensorReading","fieldName":"unitType","returnType":"UnitType!","startOffset":314740264,"duration":3565},{"path":["sensors",7,"hasAnomaly"],"parentType":"Sensor","fieldName":"hasAnomaly","returnType":"Boolean","startOffset":314748033,"duration":3831},{"path":["sensors",8,"_id"],"parentType":"Sensor","fieldName":"_id","returnType":"ID!","startOffset":314757772,"duration":3596},{"path":["sensors",8,"identifier"],"parentType":"Sensor","fieldName":"identifier","returnType":"String!","startOffset":314763478,"duration":4624},{"path":["sensors",8,"name"],"parentType":"Sensor","fieldName":"name","returnType":"String!","startOffset":314770062,"duration":3479},{"path":["sensors",8,"unitType"],"parentType":"Sensor","fieldName":"unitType","returnType":"UnitType","startOffset":314775361,"duration":5079},{"path":["sensors",8,"reading"],"parentType":"Sensor","fieldName":"reading","returnType":"SensorReading","startOffset":314787690,"duration":4950},{"path":["sensors",8,"reading","timestamp"],"parentType":"SensorReading","fieldName":"timestamp","returnType":"String!","startOffset":314797022,"duration":3928},{"path":["sensors",8,"reading","value"],"parentType":"SensorReading","fieldName":"value","returnType":"Float!","startOffset":314803474,"duration":4875},{"path":["sensors",8,"reading","unitType"],"parentType":"SensorReading","fieldName":"unitType","returnType":"UnitType!","startOffset":314810414,"duration":3548},{"path":["sensors",8,"hasAnomaly"],"parentType":"Sensor","fieldName":"hasAnomaly","returnType":"Boolean","startOffset":314817789,"duration":3581},{"path":["sensors",9,"_id"],"parentType":"Sensor","fieldName":"_id","returnType":"ID!","startOffset":314825719,"duration":5659},{"path":["sensors",9,"identifier"],"parentType":"Sensor","fieldName":"identifier","returnType":"String!","startOffset":314833593,"duration":4792},{"path":["sensors",9,"name"],"parentType":"Sensor","fieldName":"name","returnType":"String!","startOffset":314840202,"duration":3328},{"path":["sensors",9,"unitType"],"parentType":"Sensor","fieldName":"unitType","returnType":"UnitType","startOffset":314846605,"duration":3457},{"path":["sensors",9,"reading"],"parentType":"Sensor","fieldName":"reading","returnType":"SensorReading","startOffset":314852339,"duration":5806},{"path":["sensors",9,"reading","timestamp"],"parentType":"SensorReading","fieldName":"timestamp","returnType":"String!","startOffset":314861057,"duration":3408},{"path":["sensors",9,"reading","value"],"parentType":"SensorReading","fieldName":"value","returnType":"Float!","startOffset":314867699,"duration":3841},{"path":["sensors",9,"reading","unitType"],"parentType":"SensorReading","fieldName":"unitType","returnType":"UnitType!","startOffset":314873518,"duration":3463},{"path":["sensors",9,"hasAnomaly"],"parentType":"Sensor","fieldName":"hasAnomaly","returnType":"Boolean","startOffset":314880876,"duration":3428},{"path":["sensors",10,"_id"],"parentType":"Sensor","fieldName":"_id","returnType":"ID!","startOffset":314889596,"duration":4155},{"path":["sensors",10,"identifier"],"parentType":"Sensor","fieldName":"identifier","returnType":"String!","startOffset":314895640,"duration":6023},{"path":["sensors",10,"name"],"parentType":"Sensor","fieldName":"name","returnType":"String!","startOffset":314903909,"duration":3426},{"path":["sensors",10,"unitType"],"parentType":"Sensor","fieldName":"unitType","returnType":"UnitType","startOffset":314909093,"duration":4927},{"path":["sensors",10,"reading"],"parentType":"Sensor","fieldName":"reading","returnType":"SensorReading","startOffset":314916212,"duration":4299},{"path":["sensors",10,"reading","timestamp"],"parentType":"SensorReading","fieldName":"timestamp","returnType":"String!","startOffset":314924679,"duration":3733},{"path":["sensors",10,"reading","value"],"parentType":"SensorReading","fieldName":"value","returnType":"Float!","startOffset":314930252,"duration":4701},{"path":["sensors",10,"reading","unitType"],"parentType":"SensorReading","fieldName":"unitType","returnType":"UnitType!","startOffset":314936810,"duration":3310},{"path":["sensors",10,"hasAnomaly"],"parentType":"Sensor","fieldName":"hasAnomaly","returnType":"Boolean","startOffset":314986895,"duration":6868},{"path":["sensors",11,"_id"],"parentType":"Sensor","fieldName":"_id","returnType":"ID!","startOffset":314999620,"duration":5468},{"path":["sensors",11,"identifier"],"parentType":"Sensor","fieldName":"identifier","returnType":"String!","startOffset":315007123,"duration":3482},{"path":["sensors",11,"name"],"parentType":"Sensor","fieldName":"name","returnType":"String!","startOffset":315013982,"duration":3387},{"path":["sensors",11,"unitType"],"parentType":"Sensor","fieldName":"unitType","returnType":"UnitType","startOffset":315019211,"duration":4955},{"path":["sensors",11,"reading"],"parentType":"Sensor","fieldName":"reading","returnType":"SensorReading","startOffset":315026640,"duration":4513},{"path":["sensors",11,"reading","timestamp"],"parentType":"SensorReading","fieldName":"timestamp","returnType":"String!","startOffset":315035239,"duration":3501},{"path":["sensors",11,"reading","value"],"parentType":"SensorReading","fieldName":"value","returnType":"Float!","startOffset":315040747,"duration":4824},{"path":["sensors",11,"reading","unitType"],"parentType":"SensorReading","fieldName":"unitType","returnType":"UnitType!","startOffset":315047544,"duration":3847},{"path":["sensors",11,"hasAnomaly"],"parentType":"Sensor","fieldName":"hasAnomaly","returnType":"Boolean","startOffset":315054814,"duration":3524},{"path":["sensors",12,"_id"],"parentType":"Sensor","fieldName":"_id","returnType":"ID!","startOffset":315062210,"duration":4661},{"path":["sensors",12,"identifier"],"parentType":"Sensor","fieldName":"identifier","returnType":"String!","startOffset":315068813,"duration":3395},{"path":["sensors",12,"name"],"parentType":"Sensor","fieldName":"name","returnType":"String!","startOffset":315075243,"duration":3648},{"path":["sensors",12,"unitType"],"parentType":"Sensor","fieldName":"unitType","returnType":"UnitType","startOffset":315080751,"duration":4563},{"path":["sensors",12,"reading"],"parentType":"Sensor","fieldName":"reading","returnType":"SensorReading","startOffset":315087581,"duration":3976},{"path":["sensors",12,"reading","timestamp"],"parentType":"SensorReading","fieldName":"timestamp","returnType":"String!","startOffset":315095564,"duration":3435},{"path":["sensors",12,"reading","value"],"parentType":"SensorReading","fieldName":"value","returnType":"Float!","startOffset":315100979,"duration":4730},{"path":["sensors",12,"reading","unitType"],"parentType":"SensorReading","fieldName":"unitType","returnType":"UnitType!","startOffset":315107629,"duration":3367},{"path":["sensors",12,"hasAnomaly"],"parentType":"Sensor","fieldName":"hasAnomaly","returnType":"Boolean","startOffset":315113186,"duration":4636},{"path":["sensors",13,"_id"],"parentType":"Sensor","fieldName":"_id","returnType":"ID!","startOffset":315121531,"duration":4811},{"path":["sensors",13,"identifier"],"parentType":"Sensor","fieldName":"identifier","returnType":"String!","startOffset":315128150,"duration":3364},{"path":["sensors",13,"name"],"parentType":"Sensor","fieldName":"name","returnType":"String!","startOffset":315133243,"duration":4572},{"path":["sensors",13,"unitType"],"parentType":"Sensor","fieldName":"unitType","returnType":"UnitType","startOffset":315139598,"duration":3229},{"path":["sensors",13,"reading"],"parentType":"Sensor","fieldName":"reading","returnType":"SensorReading","startOffset":315146360,"duration":4106},{"path":["sensors",13,"reading","timestamp"],"parentType":"SensorReading","fieldName":"timestamp","returnType":"String!","startOffset":315153218,"duration":4721},{"path":["sensors",13,"reading","value"],"parentType":"SensorReading","fieldName":"value","returnType":"Float!","startOffset":315159759,"duration":3431},{"path":["sensors",13,"reading","unitType"],"parentType":"SensorReading","fieldName":"unitType","returnType":"UnitType!","startOffset":315166238,"duration":3683},{"path":["sensors",13,"hasAnomaly"],"parentType":"Sensor","fieldName":"hasAnomaly","returnType":"Boolean","startOffset":315172139,"duration":4610},{"path":["sensors",14,"_id"],"parentType":"Sensor","fieldName":"_id","returnType":"ID!","startOffset":315180401,"duration":3414},{"path":["sensors",14,"identifier"],"parentType":"Sensor","fieldName":"identifier","returnType":"String!","startOffset":315186768,"duration":3347},{"path":["sensors",14,"name"],"parentType":"Sensor","fieldName":"name","returnType":"String!","startOffset":315191914,"duration":4499},{"path":["sensors",14,"unitType"],"parentType":"Sensor","fieldName":"unitType","returnType":"UnitType","startOffset":315198328,"duration":3285},{"path":["sensors",14,"reading"],"parentType":"Sensor","fieldName":"reading","returnType":"SensorReading","startOffset":315204928,"duration":3963},{"path":["sensors",14,"reading","timestamp"],"parentType":"SensorReading","fieldName":"timestamp","returnType":"String!","startOffset":315211696,"duration":4728},{"path":["sensors",14,"reading","value"],"parentType":"SensorReading","fieldName":"value","returnType":"Float!","startOffset":315218190,"duration":3475},{"path":["sensors",14,"reading","unitType"],"parentType":"SensorReading","fieldName":"unitType","returnType":"UnitType!","startOffset":315224772,"duration":3413},{"path":["sensors",14,"hasAnomaly"],"parentType":"Sensor","fieldName":"hasAnomaly","returnType":"Boolean","startOffset":315230361,"duration":3399},{"path":["sensors",15,"_id"],"parentType":"Sensor","fieldName":"_id","returnType":"ID!","startOffset":315238754,"duration":3700},{"path":["sensors",15,"identifier"],"parentType":"Sensor","fieldName":"identifier","returnType":"String!","startOffset":315245458,"duration":3626},{"path":["sensors",15,"name"],"parentType":"Sensor","fieldName":"name","returnType":"String!","startOffset":315250870,"duration":4985},{"path":["sensors",15,"unitType"],"parentType":"Sensor","fieldName":"unitType","returnType":"UnitType","startOffset":315257692,"duration":3447},{"path":["sensors",15,"reading"],"parentType":"Sensor","fieldName":"reading","returnType":"SensorReading","startOffset":315263817,"duration":7042},{"path":["sensors",15,"reading","timestamp"],"parentType":"SensorReading","fieldName":"timestamp","returnType":"String!","startOffset":315274904,"duration":3886},{"path":["sensors",15,"reading","value"],"parentType":"SensorReading","fieldName":"value","returnType":"Float!","startOffset":315280529,"duration":4717},{"path":["sensors",15,"reading","unitType"],"parentType":"SensorReading","fieldName":"unitType","returnType":"UnitType!","startOffset":315287068,"duration":3335},{"path":["sensors",15,"hasAnomaly"],"parentType":"Sensor","fieldName":"hasAnomaly","returnType":"Boolean","startOffset":315293718,"duration":3475},{"path":["sensors",16,"_id"],"parentType":"Sensor","fieldName":"_id","returnType":"ID!","startOffset":315302210,"duration":3449},{"path":["sensors",16,"identifier"],"parentType":"Sensor","fieldName":"identifier","returnType":"String!","startOffset":315307506,"duration":3362},{"path":["sensors",16,"name"],"parentType":"Sensor","fieldName":"name","returnType":"String!","startOffset":315313885,"duration":3433},{"path":["sensors",16,"unitType"],"parentType":"Sensor","fieldName":"unitType","returnType":"UnitType","startOffset":315319111,"duration":4409},{"path":["sensors",16,"reading"],"parentType":"Sensor","fieldName":"reading","returnType":"SensorReading","startOffset":315326084,"duration":3974},{"path":["sensors",16,"reading","timestamp"],"parentType":"SensorReading","fieldName":"timestamp","returnType":"String!","startOffset":315334427,"duration":3496},{"path":["sensors",16,"reading","value"],"parentType":"SensorReading","fieldName":"value","returnType":"Float!","startOffset":315339733,"duration":4480},{"path":["sensors",16,"reading","unitType"],"parentType":"SensorReading","fieldName":"unitType","returnType":"UnitType!","startOffset":315346000,"duration":3654},{"path":["sensors",16,"hasAnomaly"],"parentType":"Sensor","fieldName":"hasAnomaly","returnType":"Boolean","startOffset":315352887,"duration":3439},{"path":["sensors",17,"_id"],"parentType":"Sensor","fieldName":"_id","returnType":"ID!","startOffset":315360009,"duration":4590},{"path":["sensors",17,"identifier"],"parentType":"Sensor","fieldName":"identifier","returnType":"String!","startOffset":315366395,"duration":3368},{"path":["sensors",17,"name"],"parentType":"Sensor","fieldName":"name","returnType":"String!","startOffset":315373175,"duration":3563},{"path":["sensors",17,"unitType"],"parentType":"Sensor","fieldName":"unitType","returnType":"UnitType","startOffset":315378685,"duration":4478},{"path":["sensors",17,"reading"],"parentType":"Sensor","fieldName":"reading","returnType":"SensorReading","startOffset":315385448,"duration":4153},{"path":["sensors",17,"reading","timestamp"],"parentType":"SensorReading","fieldName":"timestamp","returnType":"String!","startOffset":315393794,"duration":3590},{"path":["sensors",17,"reading","value"],"parentType":"SensorReading","fieldName":"value","returnType":"Float!","startOffset":315399198,"duration":4898},{"path":["sensors",17,"reading","unitType"],"parentType":"SensorReading","fieldName":"unitType","returnType":"UnitType!","startOffset":315405885,"duration":3503},{"path":["sensors",17,"hasAnomaly"],"parentType":"Sensor","fieldName":"hasAnomaly","returnType":"Boolean","startOffset":315411674,"duration":4991},{"path":["sensors",18,"_id"],"parentType":"Sensor","fieldName":"_id","returnType":"ID!","startOffset":315420897,"duration":4697},{"path":["sensors",18,"identifier"],"parentType":"Sensor","fieldName":"identifier","returnType":"String!","startOffset":315427530,"duration":3505},{"path":["sensors",18,"name"],"parentType":"Sensor","fieldName":"name","returnType":"String!","startOffset":315433941,"duration":3804},{"path":["sensors",18,"unitType"],"parentType":"Sensor","fieldName":"unitType","returnType":"UnitType","startOffset":315439785,"duration":4744},{"path":["sensors",18,"reading"],"parentType":"Sensor","fieldName":"reading","returnType":"SensorReading","startOffset":315446845,"duration":4020},{"path":["sensors",18,"reading","timestamp"],"parentType":"SensorReading","fieldName":"timestamp","returnType":"String!","startOffset":315454903,"duration":3551},{"path":["sensors",18,"reading","value"],"parentType":"SensorReading","fieldName":"value","returnType":"Float!","startOffset":315460250,"duration":4464},{"path":["sensors",18,"reading","unitType"],"parentType":"SensorReading","fieldName":"unitType","returnType":"UnitType!","startOffset":315466673,"duration":3368},{"path":["sensors",18,"hasAnomaly"],"parentType":"Sensor","fieldName":"hasAnomaly","returnType":"Boolean","startOffset":315472197,"duration":4772},{"path":["sensors",19,"_id"],"parentType":"Sensor","fieldName":"_id","returnType":"ID!","startOffset":315480640,"duration":4985},{"path":["sensors",19,"identif"
1856 [main] DEBUG org.apache.http.wire  -  << "":313793524,"duration":3371},{"path":["sensors",6,"reading","unitType"],"parentType":"SensorReading","fieldName":"unitType","returnType":"UnitType!","startOffset":313799877,"duration":3398},{"path":["sensors",6,"hasAnomaly"],"parentType":"Sensor","fieldName":"hasAnomaly","returnType":"Boolean","startOffset":313805361,"duration":835719},{"path":["sensors",7,"_id"],"parentType":"Sensor","fieldName":"_id","returnType":"ID!","startOffset":314664357,"duration":16881},{"path":["sensors",7,"identifier"],"parentType":"Sensor","fieldName":"identifier","returnType":"String!","startOffset":314685828,"duration":6727},{"path":["sensors",7,"name"],"parentType":"Sensor","fieldName":"name","returnType":"String!","startOffset":314695066,"duration":4218},{"path":["sensors",7,"unitType"],"parentType":"Sensor","fieldName":"unitType","returnType":"UnitType","startOffset":314701721,"duration":5126},{"path":["sensors",7,"reading"],"parentType":"Sensor","fieldName":"reading","returnType":"SensorReading","startOffset":314710609,"duration":10119},{"path":["sensors",7,"reading","timestamp"],"parentType":"SensorReading","fieldName":"timestamp","returnType":"String!","startOffset":314725183,"duration":4173},{"path":["sensors",7,"reading","value"],"parentType":"SensorReading","fieldName":"value","returnType":"Float!","startOffset":314733197,"duration":4154},{"path":["sensors",7,"reading","unitType"],"parentType":"SensorReading","fieldName":"unitType","returnType":"UnitType!","startOffset":314740264,"duration":3565},{"path":["sensors",7,"hasAnomaly"],"parentType":"Sensor","fieldName":"hasAnomaly","returnType":"Boolean","startOffset":314748033,"duration":3831},{"path":["sensors",8,"_id"],"parentType":"Sensor","fieldName":"_id","returnType":"ID!","startOffset":314757772,"duration":3596},{"path":["sensors",8,"identifier"],"parentType":"Sensor","fieldName":"identifier","returnType":"String!","startOffset":314763478,"duration":4624},{"path":["sensors",8,"name"],"parentType":"Sensor","fieldName":"name","returnType":"String!","startOffset":314770062,"duration":3479},{"path":["sensors",8,"unitType"],"parentType":"Sensor","fieldName":"unitType","returnType":"UnitType","startOffset":314775361,"duration":5079},{"path":["sensors",8,"reading"],"parentType":"Sensor","fieldName":"reading","returnType":"SensorReading","startOffset":314787690,"duration":4950},{"path":["sensors",8,"reading","timestamp"],"parentType":"SensorReading","fieldName":"timestamp","returnType":"String!","startOffset":314797022,"duration":3928},{"path":["sensors",8,"reading","value"],"parentType":"SensorReading","fieldName":"value","returnType":"Float!","startOffset":314803474,"duration":4875},{"path":["sensors",8,"reading","unitType"],"parentType":"SensorReading","fieldName":"unitType","returnType":"UnitType!","startOffset":314810414,"duration":3548},{"path":["sensors",8,"hasAnomaly"],"parentType":"Sensor","fieldName":"hasAnomaly","returnType":"Boolean","startOffset":314817789,"duration":3581},{"path":["sensors",9,"_id"],"parentType":"Sensor","fieldName":"_id","returnType":"ID!","startOffset":314825719,"duration":5659},{"path":["sensors",9,"identifier"],"parentType":"Sensor","fieldName":"identifier","returnType":"String!","startOffset":314833593,"duration":4792},{"path":["sensors",9,"name"],"parentType":"Sensor","fieldName":"name","returnType":"String!","startOffset":314840202,"duration":3328},{"path":["sensors",9,"unitType"],"parentType":"Sensor","fieldName":"unitType","returnType":"UnitType","startOffset":314846605,"duration":3457},{"path":["sensors",9,"reading"],"parentType":"Sensor","fieldName":"reading","returnType":"SensorReading","startOffset":314852339,"duration":5806},{"path":["sensors",9,"reading","timestamp"],"parentType":"SensorReading","fieldName":"timestamp","returnType":"String!","startOffset":314861057,"duration":3408},{"path":["sensors",9,"reading","value"],"parentType":"SensorReading","fieldName":"value","returnType":"Float!","startOffset":314867699,"duration":3841},{"path":["sensors",9,"reading","unitType"],"parentType":"SensorReading","fieldName":"unitType","returnType":"UnitType!","startOffset":314873518,"duration":3463},{"path":["sensors",9,"hasAnomaly"],"parentType":"Sensor","fieldName":"hasAnomaly","returnType":"Boolean","startOffset":314880876,"duration":3428},{"path":["sensors",10,"_id"],"parentType":"Sensor","fieldName":"_id","returnType":"ID!","startOffset":314889596,"duration":4155},{"path":["sensors",10,"identifier"],"parentType":"Sensor","fieldName":"identifier","returnType":"String!","startOffset":314895640,"duration":6023},{"path":["sensors",10,"name"],"parentType":"Sensor","fieldName":"name","returnType":"String!","startOffset":314903909,"duration":3426},{"path":["sensors",10,"unitType"],"parentType":"Sensor","fieldName":"unitType","returnType":"UnitType","startOffset":314909093,"duration":4927},{"path":["sensors",10,"reading"],"parentType":"Sensor","fieldName":"reading","returnType":"SensorReading","startOffset":314916212,"duration":4299},{"path":["sensors",10,"reading","timestamp"],"parentType":"SensorReading","fieldName":"timestamp","returnType":"String!","startOffset":314924679,"duration":3733},{"path":["sensors",10,"reading","value"],"parentType":"SensorReading","fieldName":"value","returnType":"Float!","startOffset":314930252,"duration":4701},{"path":["sensors",10,"reading","unitType"],"parentType":"SensorReading","fieldName":"unitType","returnType":"UnitType!","startOffset":314936810,"duration":3310},{"path":["sensors",10,"hasAnomaly"],"parentType":"Sensor","fieldName":"hasAnomaly","returnType":"Boolean","startOffset":314986895,"duration":6868},{"path":["sensors",11,"_id"],"parentType":"Sensor","fieldName":"_id","returnType":"ID!","startOffset":314999620,"duration":5468},{"path":["sensors",11,"identifier"],"parentType":"Sensor","fieldName":"identifier","returnType":"String!","startOffset":315007123,"duration":3482},{"path":["sensors",11,"name"],"parentType":"Sensor","fieldName":"name","returnType":"String!","startOffset":315013982,"duration":3387},{"path":["sensors",11,"unitType"],"parentType":"Sensor","fieldName":"unitType","returnType":"UnitType","startOffset":315019211,"duration":4955},{"path":["sensors",11,"reading"],"parentType":"Sensor","fieldName":"reading","returnType":"SensorReading","startOffset":315026640,"duration":4513},{"path":["sensors",11,"reading","timestamp"],"parentType":"SensorReading","fieldName":"timestamp","returnType":"String!","startOffset":315035239,"duration":3501},{"path":["sensors",11,"reading","value"],"parentType":"SensorReading","fieldName":"value","returnType":"Float!","startOffset":315040747,"duration":4824},{"path":["sensors",11,"reading","unitType"],"parentType":"SensorReading","fieldName":"unitType","returnType":"UnitType!","startOffset":315047544,"duration":3847},{"path":["sensors",11,"hasAnomaly"],"parentType":"Sensor","fieldName":"hasAnomaly","returnType":"Boolean","startOffset":315054814,"duration":3524},{"path":["sensors",12,"_id"],"parentType":"Sensor","fieldName":"_id","returnType":"ID!","startOffset":315062210,"duration":4661},{"path":["sensors",12,"identifier"],"parentType":"Sensor","fieldName":"identifier","returnType":"String!","startOffset":315068813,"duration":3395},{"path":["sensors",12,"name"],"parentType":"Sensor","fieldName":"name","returnType":"String!","startOffset":315075243,"duration":3648},{"path":["sensors",12,"unitType"],"parentType":"Sensor","fieldName":"unitType","returnType":"UnitType","startOffset":315080751,"duration":4563},{"path":["sensors",12,"reading"],"parentType":"Sensor","fieldName":"reading","returnType":"SensorReading","startOffset":315087581,"duration":3976},{"path":["sensors",12,"reading","timestamp"],"parentType":"SensorReading","fieldName":"timestamp","returnType":"String!","startOffset":315095564,"duration":3435},{"path":["sensors",12,"reading","value"],"parentType":"SensorReading","fieldName":"value","returnType":"Float!","startOffset":315100979,"duration":4730},{"path":["sensors",12,"reading","unitType"],"parentType":"SensorReading","fieldName":"unitType","returnType":"UnitType!","startOffset":315107629,"duration":3367},{"path":["sensors",12,"hasAnomaly"],"parentType":"Sensor","fieldName":"hasAnomaly","returnType":"Boolean","startOffset":315113186,"duration":4636},{"path":["sensors",13,"_id"],"parentType":"Sensor","fieldName":"_id","returnType":"ID!","startOffset":315121531,"duration":4811},{"path":["sensors",13,"identifier"],"parentType":"Sensor","fieldName":"identifier","returnType":"String!","startOffset":315128150,"duration":3364},{"path":["sensors",13,"name"],"parentType":"Sensor","fieldName":"name","returnType":"String!","startOffset":315133243,"duration":4572},{"path":["sensors",13,"unitType"],"parentType":"Sensor","fieldName":"unitType","returnType":"UnitType","startOffset":315139598,"duration":3229},{"path":["sensors",13,"reading"],"parentType":"Sensor","fieldName":"reading","returnType":"SensorReading","startOffset":315146360,"duration":4106},{"path":["sensors",13,"reading","timestamp"],"parentType":"SensorReading","fieldName":"timestamp","returnType":"String!","startOffset":315153218,"duration":4721},{"path":["sensors",13,"reading","value"],"parentType":"SensorReading","fieldName":"value","returnType":"Float!","startOffset":315159759,"duration":3431},{"path":["sensors",13,"reading","unitType"],"parentType":"SensorReading","fieldName":"unitType","returnType":"UnitType!","startOffset":315166238,"duration":3683},{"path":["sensors",13,"hasAnomaly"],"parentType":"Sensor","fieldName":"hasAnomaly","returnType":"Boolean","startOffset":315172139,"duration":4610},{"path":["sensors",14,"_id"],"parentType":"Sensor","fieldName":"_id","returnType":"ID!","startOffset":315180401,"duration":3414},{"path":["sensors",14,"identifier"],"parentType":"Sensor","fieldName":"identifier","returnType":"String!","startOffset":315186768,"duration":3347},{"path":["sensors",14,"name"],"parentType":"Sensor","fieldName":"name","returnType":"String!","startOffset":315191914,"duration":4499},{"path":["sensors",14,"unitType"],"parentType":"Sensor","fieldName":"unitType","returnType":"UnitType","startOffset":315198328,"duration":3285},{"path":["sensors",14,"reading"],"parentType":"Sensor","fieldName":"reading","returnType":"SensorReading","startOffset":315204928,"duration":3963},{"path":["sensors",14,"reading","timestamp"],"parentType":"SensorReading","fieldName":"timestamp","returnType":"String!","startOffset":315211696,"duration":4728},{"path":["sensors",14,"reading","value"],"parentType":"SensorReading","fieldName":"value","returnType":"Float!","startOffset":315218190,"duration":3475},{"path":["sensors",14,"reading","unitType"],"parentType":"SensorReading","fieldName":"unitType","returnType":"UnitType!","startOffset":315224772,"duration":3413},{"path":["sensors",14,"hasAnomaly"],"parentType":"Sensor","fieldName":"hasAnomaly","returnType":"Boolean","startOffset":315230361,"duration":3399},{"path":["sensors",15,"_id"],"parentType":"Sensor","fieldName":"_id","returnType":"ID!","startOffset":315238754,"duration":3700},{"path":["sensors",15,"identifier"],"parentType":"Sensor","fieldName":"identifier","returnType":"String!","startOffset":315245458,"duration":3626},{"path":["sensors",15,"name"],"parentType":"Sensor","fieldName":"name","returnType":"String!","startOffset":315250870,"duration":4985},{"path":["sensors",15,"unitType"],"parentType":"Sensor","fieldName":"unitType","returnType":"UnitType","startOffset":315257692,"duration":3447},{"path":["sensors",15,"reading"],"parentType":"Sensor","fieldName":"reading","returnType":"SensorReading","startOffset":315263817,"duration":7042},{"path":["sensors",15,"reading","timestamp"],"parentType":"SensorReading","fieldName":"timestamp","returnType":"String!","startOffset":315274904,"duration":3886},{"path":["sensors",15,"reading","value"],"parentType":"SensorReading","fieldName":"value","returnType":"Float!","startOffset":315280529,"duration":4717},{"path":["sensors",15,"reading","unitType"],"parentType":"SensorReading","fieldName":"unitType","returnType":"UnitType!","startOffset":315287068,"duration":3335},{"path":["sensors",15,"hasAnomaly"],"parentType":"Sensor","fieldName":"hasAnomaly","returnType":"Boolean","startOffset":315293718,"duration":3475},{"path":["sensors",16,"_id"],"parentType":"Sensor","fieldName":"_id","returnType":"ID!","startOffset":315302210,"duration":3449},{"path":["sensors",16,"identifier"],"parentType":"Sensor","fieldName":"identifier","returnType":"String!","startOffset":315307506,"duration":3362},{"path":["sensors",16,"name"],"parentType":"Sensor","fieldName":"name","returnType":"String!","startOffset":315313885,"duration":3433},{"path":["sensors",16,"unitType"],"parentType":"Sensor","fieldName":"unitType","returnType":"UnitType","startOffset":315319111,"duration":4409},{"path":["sensors",16,"reading"],"parentType":"Sensor","fieldName":"reading","returnType":"SensorReading","startOffset":315326084,"duration":3974},{"path":["sensors",16,"reading","timestamp"],"parentType":"SensorReading","fieldName":"timestamp","returnType":"String!","startOffset":315334427,"duration":3496},{"path":["sensors",16,"reading","value"],"parentType":"SensorReading","fieldName":"value","returnType":"Float!","startOffset":315339733,"duration":4480},{"path":["sensors",16,"reading","unitType"],"parentType":"SensorReading","fieldName":"unitType","returnType":"UnitType!","startOffset":315346000,"duration":3654},{"path":["sensors",16,"hasAnomaly"],"parentType":"Sensor","fieldName":"hasAnomaly","returnType":"Boolean","startOffset":315352887,"duration":3439},{"path":["sensors",17,"_id"],"parentType":"Sensor","fieldName":"_id","returnType":"ID!","startOffset":315360009,"duration":4590},{"path":["sensors",17,"identifier"],"parentType":"Sensor","fieldName":"identifier","returnType":"String!","startOffset":315366395,"duration":3368},{"path":["sensors",17,"name"],"parentType":"Sensor","fieldName":"name","returnType":"String!","startOffset":315373175,"duration":3563},{"path":["sensors",17,"unitType"],"parentType":"Sensor","fieldName":"unitType","returnType":"UnitType","startOffset":315378685,"duration":4478},{"path":["sensors",17,"reading"],"parentType":"Sensor","fieldName":"reading","returnType":"SensorReading","startOffset":315385448,"duration":4153},{"path":["sensors",17,"reading","timestamp"],"parentType":"SensorReading","fieldName":"timestamp","returnType":"String!","startOffset":315393794,"duration":3590},{"path":["sensors",17,"reading","value"],"parentType":"SensorReading","fieldName":"value","returnType":"Float!","startOffset":315399198,"duration":4898},{"path":["sensors",17,"reading","unitType"],"parentType":"SensorReading","fieldName":"unitType","returnType":"UnitType!","startOffset":315405885,"duration":3503},{"path":["sensors",17,"hasAnomaly"],"parentType":"Sensor","fieldName":"hasAnomaly","returnType":"Boolean","startOffset":315411674,"duration":4991},{"path":["sensors",18,"_id"],"parentType":"Sensor","fieldName":"_id","returnType":"ID!","startOffset":315420897,"duration":4697},{"path":["sensors",18,"identifier"],"parentType":"Sensor","fieldName":"identifier","returnType":"String!","startOffset":315427530,"duration":3505},{"path":["sensors",18,"name"],"parentType":"Sensor","fieldName":"name","returnType":"String!","startOffset":315433941,"duration":3804},{"path":["sensors",18,"unitType"],"parentType":"Sensor","fieldName":"unitType","returnType":"UnitType","startOffset":315439785,"duration":4744},{"path":["sensors",18,"reading"],"parentType":"Sensor","fieldName":"reading","returnType":"SensorReading","startOffset":315446845,"duration":4020},{"path":["sensors",18,"reading","timestamp"],"parentType":"SensorReading","fieldName":"timestamp","returnType":"String!","startOffset":315454903,"duration":3551},{"path":["sensors",18,"reading","value"],"parentType":"SensorReading","fieldName":"value","returnType":"Float!","startOffset":315460250,"duration":4464},{"path":["sensors",18,"reading","unitType"],"parentType":"SensorReading","fieldName":"unitType","returnType":"UnitType!","startOffset":315466673,"duration":3368},{"path":["sensors",18,"hasAnomaly"],"parentType":"Sensor","fieldName":"hasAnomaly","returnType":"Boolean","startOffset":315472197,"duration":4772},{"path":["sensors",19,"_id"],"parentType":"Sensor","fieldName":"_id","returnType":"ID!","startOffset":315480640,"duration":4985},{"path":["sensors",19,"identif"
1856 [main] DEBUG org.apache.http.wire  -  << "":313793524,"duration":3371},{"path":["sensors",6,"reading","unitType"],"parentType":"SensorReading","fieldName":"unitType","returnType":"UnitType!","startOffset":313799877,"duration":3398},{"path":["sensors",6,"hasAnomaly"],"parentType":"Sensor","fieldName":"hasAnomaly","returnType":"Boolean","startOffset":313805361,"duration":835719},{"path":["sensors",7,"_id"],"parentType":"Sensor","fieldName":"_id","returnType":"ID!","startOffset":314664357,"duration":16881},{"path":["sensors",7,"identifier"],"parentType":"Sensor","fieldName":"identifier","returnType":"String!","startOffset":314685828,"duration":6727},{"path":["sensors",7,"name"],"parentType":"Sensor","fieldName":"name","returnType":"String!","startOffset":314695066,"duration":4218},{"path":["sensors",7,"unitType"],"parentType":"Sensor","fieldName":"unitType","returnType":"UnitType","startOffset":314701721,"duration":5126},{"path":["sensors",7,"reading"],"parentType":"Sensor","fieldName":"reading","returnType":"SensorReading","startOffset":314710609,"duration":10119},{"path":["sensors",7,"reading","timestamp"],"parentType":"SensorReading","fieldName":"timestamp","returnType":"String!","startOffset":314725183,"duration":4173},{"path":["sensors",7,"reading","value"],"parentType":"SensorReading","fieldName":"value","returnType":"Float!","startOffset":314733197,"duration":4154},{"path":["sensors",7,"reading","unitType"],"parentType":"SensorReading","fieldName":"unitType","returnType":"UnitType!","startOffset":314740264,"duration":3565},{"path":["sensors",7,"hasAnomaly"],"parentType":"Sensor","fieldName":"hasAnomaly","returnType":"Boolean","startOffset":314748033,"duration":3831},{"path":["sensors",8,"_id"],"parentType":"Sensor","fieldName":"_id","returnType":"ID!","startOffset":314757772,"duration":3596},{"path":["sensors",8,"identifier"],"parentType":"Sensor","fieldName":"identifier","returnType":"String!","startOffset":314763478,"duration":4624},{"path":["sensors",8,"name"],"parentType":"Sensor","fieldName":"name","returnType":"String!","startOffset":314770062,"duration":3479},{"path":["sensors",8,"unitType"],"parentType":"Sensor","fieldName":"unitType","returnType":"UnitType","startOffset":314775361,"duration":5079},{"path":["sensors",8,"reading"],"parentType":"Sensor","fieldName":"reading","returnType":"SensorReading","startOffset":314787690,"duration":4950},{"path":["sensors",8,"reading","timestamp"],"parentType":"SensorReading","fieldName":"timestamp","returnType":"String!","startOffset":314797022,"duration":3928},{"path":["sensors",8,"reading","value"],"parentType":"SensorReading","fieldName":"value","returnType":"Float!","startOffset":314803474,"duration":4875},{"path":["sensors",8,"reading","unitType"],"parentType":"SensorReading","fieldName":"unitType","returnType":"UnitType!","startOffset":314810414,"duration":3548},{"path":["sensors",8,"hasAnomaly"],"parentType":"Sensor","fieldName":"hasAnomaly","returnType":"Boolean","startOffset":314817789,"duration":3581},{"path":["sensors",9,"_id"],"parentType":"Sensor","fieldName":"_id","returnType":"ID!","startOffset":314825719,"duration":5659},{"path":["sensors",9,"identifier"],"parentType":"Sensor","fieldName":"identifier","returnType":"String!","startOffset":314833593,"duration":4792},{"path":["sensors",9,"name"],"parentType":"Sensor","fieldName":"name","returnType":"String!","startOffset":314840202,"duration":3328},{"path":["sensors",9,"unitType"],"parentType":"Sensor","fieldName":"unitType","returnType":"UnitType","startOffset":314846605,"duration":3457},{"path":["sensors",9,"reading"],"parentType":"Sensor","fieldName":"reading","returnType":"SensorReading","startOffset":314852339,"duration":5806},{"path":["sensors",9,"reading","timestamp"],"parentType":"SensorReading","fieldName":"timestamp","returnType":"String!","startOffset":314861057,"duration":3408},{"path":["sensors",9,"reading","value"],"parentType":"SensorReading","fieldName":"value","returnType":"Float!","startOffset":314867699,"duration":3841},{"path":["sensors",9,"reading","unitType"],"parentType":"SensorReading","fieldName":"unitType","returnType":"UnitType!","startOffset":314873518,"duration":3463},{"path":["sensors",9,"hasAnomaly"],"parentType":"Sensor","fieldName":"hasAnomaly","returnType":"Boolean","startOffset":314880876,"duration":3428},{"path":["sensors",10,"_id"],"parentType":"Sensor","fieldName":"_id","returnType":"ID!","startOffset":314889596,"duration":4155},{"path":["sensors",10,"identifier"],"parentType":"Sensor","fieldName":"identifier","returnType":"String!","startOffset":314895640,"duration":6023},{"path":["sensors",10,"name"],"parentType":"Sensor","fieldName":"name","returnType":"String!","startOffset":314903909,"duration":3426},{"path":["sensors",10,"unitType"],"parentType":"Sensor","fieldName":"unitType","returnType":"UnitType","startOffset":314909093,"duration":4927},{"path":["sensors",10,"reading"],"parentType":"Sensor","fieldName":"reading","returnType":"SensorReading","startOffset":314916212,"duration":4299},{"path":["sensors",10,"reading","timestamp"],"parentType":"SensorReading","fieldName":"timestamp","returnType":"String!","startOffset":314924679,"duration":3733},{"path":["sensors",10,"reading","value"],"parentType":"SensorReading","fieldName":"value","returnType":"Float!","startOffset":314930252,"duration":4701},{"path":["sensors",10,"reading","unitType"],"parentType":"SensorReading","fieldName":"unitType","returnType":"UnitType!","startOffset":314936810,"duration":3310},{"path":["sensors",10,"hasAnomaly"],"parentType":"Sensor","fieldName":"hasAnomaly","returnType":"Boolean","startOffset":314986895,"duration":6868},{"path":["sensors",11,"_id"],"parentType":"Sensor","fieldName":"_id","returnType":"ID!","startOffset":314999620,"duration":5468},{"path":["sensors",11,"identifier"],"parentType":"Sensor","fieldName":"identifier","returnType":"String!","startOffset":315007123,"duration":3482},{"path":["sensors",11,"name"],"parentType":"Sensor","fieldName":"name","returnType":"String!","startOffset":315013982,"duration":3387},{"path":["sensors",11,"unitType"],"parentType":"Sensor","fieldName":"unitType","returnType":"UnitType","startOffset":315019211,"duration":4955},{"path":["sensors",11,"reading"],"parentType":"Sensor","fieldName":"reading","returnType":"SensorReading","startOffset":315026640,"duration":4513},{"path":["sensors",11,"reading","timestamp"],"parentType":"SensorReading","fieldName":"timestamp","returnType":"String!","startOffset":315035239,"duration":3501},{"path":["sensors",11,"reading","value"],"parentType":"SensorReading","fieldName":"value","returnType":"Float!","startOffset":315040747,"duration":4824},{"path":["sensors",11,"reading","unitType"],"parentType":"SensorReading","fieldName":"unitType","returnType":"UnitType!","startOffset":315047544,"duration":3847},{"path":["sensors",11,"hasAnomaly"],"parentType":"Sensor","fieldName":"hasAnomaly","returnType":"Boolean","startOffset":315054814,"duration":3524},{"path":["sensors",12,"_id"],"parentType":"Sensor","fieldName":"_id","returnType":"ID!","startOffset":315062210,"duration":4661},{"path":["sensors",12,"identifier"],"parentType":"Sensor","fieldName":"identifier","returnType":"String!","startOffset":315068813,"duration":3395},{"path":["sensors",12,"name"],"parentType":"Sensor","fieldName":"name","returnType":"String!","startOffset":315075243,"duration":3648},{"path":["sensors",12,"unitType"],"parentType":"Sensor","fieldName":"unitType","returnType":"UnitType","startOffset":315080751,"duration":4563},{"path":["sensors",12,"reading"],"parentType":"Sensor","fieldName":"reading","returnType":"SensorReading","startOffset":315087581,"duration":3976},{"path":["sensors",12,"reading","timestamp"],"parentType":"SensorReading","fieldName":"timestamp","returnType":"String!","startOffset":315095564,"duration":3435},{"path":["sensors",12,"reading","value"],"parentType":"SensorReading","fieldName":"value","returnType":"Float!","startOffset":315100979,"duration":4730},{"path":["sensors",12,"reading","unitType"],"parentType":"SensorReading","fieldName":"unitType","returnType":"UnitType!","startOffset":315107629,"duration":3367},{"path":["sensors",12,"hasAnomaly"],"parentType":"Sensor","fieldName":"hasAnomaly","returnType":"Boolean","startOffset":315113186,"duration":4636},{"path":["sensors",13,"_id"],"parentType":"Sensor","fieldName":"_id","returnType":"ID!","startOffset":315121531,"duration":4811},{"path":["sensors",13,"identifier"],"parentType":"Sensor","fieldName":"identifier","returnType":"String!","startOffset":315128150,"duration":3364},{"path":["sensors",13,"name"],"parentType":"Sensor","fieldName":"name","returnType":"String!","startOffset":315133243,"duration":4572},{"path":["sensors",13,"unitType"],"parentType":"Sensor","fieldName":"unitType","returnType":"UnitType","startOffset":315139598,"duration":3229},{"path":["sensors",13,"reading"],"parentType":"Sensor","fieldName":"reading","returnType":"SensorReading","startOffset":315146360,"duration":4106},{"path":["sensors",13,"reading","timestamp"],"parentType":"SensorReading","fieldName":"timestamp","returnType":"String!","startOffset":315153218,"duration":4721},{"path":["sensors",13,"reading","value"],"parentType":"SensorReading","fieldName":"value","returnType":"Float!","startOffset":315159759,"duration":3431},{"path":["sensors",13,"reading","unitType"],"parentType":"SensorReading","fieldName":"unitType","returnType":"UnitType!","startOffset":315166238,"duration":3683},{"path":["sensors",13,"hasAnomaly"],"parentType":"Sensor","fieldName":"hasAnomaly","returnType":"Boolean","startOffset":315172139,"duration":4610},{"path":["sensors",14,"_id"],"parentType":"Sensor","fieldName":"_id","returnType":"ID!","startOffset":315180401,"duration":3414},{"path":["sensors",14,"identifier"],"parentType":"Sensor","fieldName":"identifier","returnType":"String!","startOffset":315186768,"duration":3347},{"path":["sensors",14,"name"],"parentType":"Sensor","fieldName":"name","returnType":"String!","startOffset":315191914,"duration":4499},{"path":["sensors",14,"unitType"],"parentType":"Sensor","fieldName":"unitType","returnType":"UnitType","startOffset":315198328,"duration":3285},{"path":["sensors",14,"reading"],"parentType":"Sensor","fieldName":"reading","returnType":"SensorReading","startOffset":315204928,"duration":3963},{"path":["sensors",14,"reading","timestamp"],"parentType":"SensorReading","fieldName":"timestamp","returnType":"String!","startOffset":315211696,"duration":4728},{"path":["sensors",14,"reading","value"],"parentType":"SensorReading","fieldName":"value","returnType":"Float!","startOffset":315218190,"duration":3475},{"path":["sensors",14,"reading","unitType"],"parentType":"SensorReading","fieldName":"unitType","returnType":"UnitType!","startOffset":315224772,"duration":3413},{"path":["sensors",14,"hasAnomaly"],"parentType":"Sensor","fieldName":"hasAnomaly","returnType":"Boolean","startOffset":315230361,"duration":3399},{"path":["sensors",15,"_id"],"parentType":"Sensor","fieldName":"_id","returnType":"ID!","startOffset":315238754,"duration":3700},{"path":["sensors",15,"identifier"],"parentType":"Sensor","fieldName":"identifier","returnType":"String!","startOffset":315245458,"duration":3626},{"path":["sensors",15,"name"],"parentType":"Sensor","fieldName":"name","returnType":"String!","startOffset":315250870,"duration":4985},{"path":["sensors",15,"unitType"],"parentType":"Sensor","fieldName":"unitType","returnType":"UnitType","startOffset":315257692,"duration":3447},{"path":["sensors",15,"reading"],"parentType":"Sensor","fieldName":"reading","returnType":"SensorReading","startOffset":315263817,"duration":7042},{"path":["sensors",15,"reading","timestamp"],"parentType":"SensorReading","fieldName":"timestamp","returnType":"String!","startOffset":315274904,"duration":3886},{"path":["sensors",15,"reading","value"],"parentType":"SensorReading","fieldName":"value","returnType":"Float!","startOffset":315280529,"duration":4717},{"path":["sensors",15,"reading","unitType"],"parentType":"SensorReading","fieldName":"unitType","returnType":"UnitType!","startOffset":315287068,"duration":3335},{"path":["sensors",15,"hasAnomaly"],"parentType":"Sensor","fieldName":"hasAnomaly","returnType":"Boolean","startOffset":315293718,"duration":3475},{"path":["sensors",16,"_id"],"parentType":"Sensor","fieldName":"_id","returnType":"ID!","startOffset":315302210,"duration":3449},{"path":["sensors",16,"identifier"],"parentType":"Sensor","fieldName":"identifier","returnType":"String!","startOffset":315307506,"duration":3362},{"path":["sensors",16,"name"],"parentType":"Sensor","fieldName":"name","returnType":"String!","startOffset":315313885,"duration":3433},{"path":["sensors",16,"unitType"],"parentType":"Sensor","fieldName":"unitType","returnType":"UnitType","startOffset":315319111,"duration":4409},{"path":["sensors",16,"reading"],"parentType":"Sensor","fieldName":"reading","returnType":"SensorReading","startOffset":315326084,"duration":3974},{"path":["sensors",16,"reading","timestamp"],"parentType":"SensorReading","fieldName":"timestamp","returnType":"String!","startOffset":315334427,"duration":3496},{"path":["sensors",16,"reading","value"],"parentType":"SensorReading","fieldName":"value","returnType":"Float!","startOffset":315339733,"duration":4480},{"path":["sensors",16,"reading","unitType"],"parentType":"SensorReading","fieldName":"unitType","returnType":"UnitType!","startOffset":315346000,"duration":3654},{"path":["sensors",16,"hasAnomaly"],"parentType":"Sensor","fieldName":"hasAnomaly","returnType":"Boolean","startOffset":315352887,"duration":3439},{"path":["sensors",17,"_id"],"parentType":"Sensor","fieldName":"_id","returnType":"ID!","startOffset":315360009,"duration":4590},{"path":["sensors",17,"identifier"],"parentType":"Sensor","fieldName":"identifier","returnType":"String!","startOffset":315366395,"duration":3368},{"path":["sensors",17,"name"],"parentType":"Sensor","fieldName":"name","returnType":"String!","startOffset":315373175,"duration":3563},{"path":["sensors",17,"unitType"],"parentType":"Sensor","fieldName":"unitType","returnType":"UnitType","startOffset":315378685,"duration":4478},{"path":["sensors",17,"reading"],"parentType":"Sensor","fieldName":"reading","returnType":"SensorReading","startOffset":315385448,"duration":4153},{"path":["sensors",17,"reading","timestamp"],"parentType":"SensorReading","fieldName":"timestamp","returnType":"String!","startOffset":315393794,"duration":3590},{"path":["sensors",17,"reading","value"],"parentType":"SensorReading","fieldName":"value","returnType":"Float!","startOffset":315399198,"duration":4898},{"path":["sensors",17,"reading","unitType"],"parentType":"SensorReading","fieldName":"unitType","returnType":"UnitType!","startOffset":315405885,"duration":3503},{"path":["sensors",17,"hasAnomaly"],"parentType":"Sensor","fieldName":"hasAnomaly","returnType":"Boolean","startOffset":315411674,"duration":4991},{"path":["sensors",18,"_id"],"parentType":"Sensor","fieldName":"_id","returnType":"ID!","startOffset":315420897,"duration":4697},{"path":["sensors",18,"identifier"],"parentType":"Sensor","fieldName":"identifier","returnType":"String!","startOffset":315427530,"duration":3505},{"path":["sensors",18,"name"],"parentType":"Sensor","fieldName":"name","returnType":"String!","startOffset":315433941,"duration":3804},{"path":["sensors",18,"unitType"],"parentType":"Sensor","fieldName":"unitType","returnType":"UnitType","startOffset":315439785,"duration":4744},{"path":["sensors",18,"reading"],"parentType":"Sensor","fieldName":"reading","returnType":"SensorReading","startOffset":315446845,"duration":4020},{"path":["sensors",18,"reading","timestamp"],"parentType":"SensorReading","fieldName":"timestamp","returnType":"String!","startOffset":315454903,"duration":3551},{"path":["sensors",18,"reading","value"],"parentType":"SensorReading","fieldName":"value","returnType":"Float!","startOffset":315460250,"duration":4464},{"path":["sensors",18,"reading","unitType"],"parentType":"SensorReading","fieldName":"unitType","returnType":"UnitType!","startOffset":315466673,"duration":3368},{"path":["sensors",18,"hasAnomaly"],"parentType":"Sensor","fieldName":"hasAnomaly","returnType":"Boolean","startOffset":315472197,"duration":4772},{"path":["sensors",19,"_id"],"parentType":"Sensor","fieldName":"_id","returnType":"ID!","startOffset":315480640,"duration":4985},{"path":["sensors",19,"identif"
1860 [main] DEBUG org.apache.http.wire  -  << "ier"],"parentType":"Sensor","fieldName":"identifier","returnType":"String!","startOffset":315487543,"duration":3664},{"path":["sensors",19,"name"],"parentType":"Sensor","fieldName":"name","returnType":"String!","startOffset":315493047,"duration":5076},{"path":["sensors",19,"unitType"],"parentType":"Sensor","fieldName":"unitType","returnType":"UnitType","startOffset":315499993,"duration":3342},{"path":["sensors",19,"reading"],"parentType":"Sensor","fieldName":"reading","returnType":"SensorReading","startOffset":315507294,"duration":4488},{"path":["sensors",19,"reading","timestamp"],"parentType":"SensorReading","fieldName":"timestamp","returnType":"String!","startOffset":315514587,"duration":5050},{"path":["sensors",19,"reading","value"],"parentType":"SensorReading","fieldName":"value","returnType":"Float!","startOffset":315521848,"duration":3600},{"path":["sensors",19,"reading","unitType"],"parentType":"SensorReading","fieldName":"unitType","returnType":"UnitType!","startOffset":315528854,"duration":3427},{"path":["sensors",19,"hasAnomaly"],"parentType":"Sensor","fieldName":"hasAnomaly","returnType":"Boolean","startOffset":315534542,"duration":5173},{"path":["sensors",20,"_id"],"parentType":"Sensor","fieldName":"_id","returnType":"ID!","startOffset":315543679,"duration":3570},{"path":["sensors",20,"identifier"],"parentType":"Sensor","fieldName":"identifier","returnType":"String!","startOffset":315550394,"duration":3470},{"path":["sensors",20,"name"],"parentType":"Sensor","fieldName":"name","returnType":"String!","startOffset":315555979,"duration":4679},{"path":["sensors",20,"unitType"],"parentType":"Sensor","fieldName":"unitType","returnType":"UnitType","startOffset":315562719,"duration":3223},{"path":["sensors",20,"reading"],"parentType":"Sensor","fieldName":"reading","returnType":"SensorReading","startOffset":315569749,"duration":4449},{"path":["sensors",20,"reading","timestamp"],"parentType":"SensorReading","fieldName":"timestamp","returnType":"String!","startOffset":315577009,"duration":4695},{"path":["sensors",20,"reading","value"],"parentType":"SensorReading","fieldName":"value","returnType":"Float!","startOffset":315584114,"duration":3570},{"path":["sensors",20,"reading","unitType"],"parentType":"SensorReading","fieldName":"unitType","returnType":"UnitType!","startOffset":315590877,"duration":3692},{"path":["sensors",20,"hasAnomaly"],"parentType":"Sensor","fieldName":"hasAnomaly","returnType":"Boolean","startOffset":315596867,"duration":3449},{"path":["sensors",21,"_id"],"parentType":"Sensor","fieldName":"_id","returnType":"ID!","startOffset":315605732,"duration":3734},{"path":["sensors",21,"identifier"],"parentType":"Sensor","fieldName":"identifier","returnType":"String!","startOffset":315612737,"duration":3403},{"path":["sensors",21,"name"],"parentType":"Sensor","fieldName":"name","returnType":"String!","startOffset":315618042,"duration":5383},{"path":["sensors",21,"unitType"],"parentType":"Sensor","fieldName":"unitType","returnType":"UnitType","startOffset":315625388,"duration":3668},{"path":["sensors",21,"reading"],"parentType":"Sensor","fieldName":"reading","returnType":"SensorReading","startOffset":315631391,"duration":6341},{"path":["sensors",21,"reading","timestamp"],"parentType":"SensorReading","fieldName":"timestamp","returnType":"String!","startOffset":315640672,"duration":4788},{"path":["sensors",21,"reading","value"],"parentType":"SensorReading","fieldName":"value","returnType":"Float!","startOffset":315647452,"duration":3351},{"path":["sensors",21,"reading","unitType"],"parentType":"SensorReading","fieldName":"unitType","returnType":"UnitType!","startOffset":315652590,"duration":5183},{"path":["sensors",21,"hasAnomaly"],"parentType":"Sensor","fieldName":"hasAnomaly","returnType":"Boolean","startOffset":315659951,"duration":3430},{"path":["sensors",22,"_id"],"parentType":"Sensor","fieldName":"_id","returnType":"ID!","startOffset":315670311,"duration":3814},{"path":["sensors",22,"identifier"],"parentType":"Sensor","fieldName":"identifier","returnType":"String!","startOffset":315677696,"duration":3585},{"path":["sensors",22,"name"],"parentType":"Sensor","fieldName":"name","returnType":"String!","startOffset":315683182,"duration":4963},{"path":["sensors",22,"unitType"],"parentType":"Sensor","fieldName":"unitType","returnType":"UnitType","startOffset":315690011,"duration":3660},{"path":["sensors",22,"reading"],"parentType":"Sensor","fieldName":"reading","returnType":"SensorReading","startOffset":315696053,"duration":5361},{"path":["sensors",22,"reading","timestamp"],"parentType":"SensorReading","fieldName":"timestamp","returnType":"String!","startOffset":315704227,"duration":4728},{"path":["sensors",22,"reading","value"],"parentType":"SensorReading","fieldName":"value","returnType":"Float!","startOffset":315710846,"duration":3448},{"path":["sensors",22,"reading","unitType"],"parentType":"SensorReading","fieldName":"unitType","returnType":"UnitType!","startOffset":315716211,"duration":4756},{"path":["sensors",22,"hasAnomaly"],"parentType":"Sensor","fieldName":"hasAnomaly","returnType":"Boolean","startOffset":315723253,"duration":3539},{"path":["sensors",23,"_id"],"parentType":"Sensor","fieldName":"_id","returnType":"ID!","startOffset":315732322,"duration":3670},{"path":["sensors",23,"identifier"],"parentType":"Sensor","fieldName":"identifier","returnType":"String!","startOffset":315737853,"duration":4837},{"path":["sensors",23,"name"],"parentType":"Sensor","fieldName":"name","returnType":"String!","startOffset":315744520,"duration":3484},{"path":["sensors",23,"unitType"],"parentType":"Sensor","fieldName":"unitType","returnType":"UnitType","startOffset":315751178,"duration":3336},{"path":["sensors",23,"reading"],"parentType":"Sensor","fieldName":"reading","returnType":"SensorReading","startOffset":315756781,"duration":6125},{"path":["sensors",23,"reading","timestamp"],"parentType":"SensorReading","fieldName":"timestamp","returnType":"String!","startOffset":315765697,"duration":3861},{"path":["sensors",23,"reading","value"],"parentType":"SensorReading","fieldName":"value","returnType":"Float!","startOffset":315773113,"duration":3664},{"path":["sensors",23,"reading","unitType"],"parentType":"SensorReading","fieldName":"unitType","returnType":"UnitType!","startOffset":315778871,"duration":4638},{"path":["sensors",23,"hasAnomaly"],"parentType":"Sensor","fieldName":"hasAnomaly","returnType":"Boolean","startOffset":315785602,"duration":3418},{"path":["sensors",24,"_id"],"parentType":"Sensor","fieldName":"_id","returnType":"ID!","startOffset":315794121,"duration":3718},{"path":["sensors",24,"identifier"],"parentType":"Sensor","fieldName":"identifier","returnType":"String!","startOffset":315799820,"duration":4515},{"path":["sensors",24,"name"],"parentType":"Sensor","fieldName":"name","returnType":"String!","startOffset":315806118,"duration":3401},{"path":["sensors",24,"unitType"],"parentType":"Sensor","fieldName":"unitType","returnType":"UnitType","startOffset":315812474,"duration":3485},{"path":["sensors",24,"reading"],"parentType":"Sensor","fieldName":"reading","returnType":"SensorReading","startOffset":315818300,"duration":5352},{"path":["sensors",24,"reading","timestamp"],"parentType":"SensorReading","fieldName":"timestamp","returnType":"String!","startOffset":315826740,"duration":3411},{"path":["sensors",24,"reading","value"],"parentType":"SensorReading","fieldName":"value","returnType":"Float!","startOffset":315833212,"duration":3598},{"path":["sensors",24,"reading","unitType"],"parentType":"SensorReading","fieldName":"unitType","returnType":"UnitType!","startOffset":315838599,"duration":5061},{"path":["sensors",24,"hasAnomaly"],"parentType":"Sensor","fieldName":"hasAnomaly","returnType":"Boolean","startOffset":315846013,"duration":3636},{"path":["sensors",25,"_id"],"parentType":"Sensor","fieldName":"_id","returnType":"ID!","startOffset":315854945,"duration":3628},{"path":["sensors",25,"identifier"],"parentType":"Sensor","fieldName":"identifier","returnType":"String!","startOffset":315860496,"duration":5227},{"path":["sensors",25,"name"],"parentType":"Sensor","fieldName":"name","returnType":"String!","startOffset":315868829,"duration":3550},{"path":["sensors",25,"unitType"],"parentType":"Sensor","fieldName":"unitType","returnType":"UnitType","startOffset":315874365,"duration":3532},{"path":["sensors",25,"reading"],"parentType":"Sensor","fieldName":"reading","returnType":"SensorReading","startOffset":315882134,"duration":4409},{"path":["sensors",25,"reading","timestamp"],"parentType":"SensorReading","fieldName":"timestamp","returnType":"String!","startOffset":315890550,"duration":3800},{"path":["sensors",25,"reading","value"],"parentType":"SensorReading","fieldName":"value","returnType":"Float!","startOffset":315896419,"duration":3422},{"path":["sensors",25,"reading","unitType"],"parentType":"SensorReading","fieldName":"unitType","returnType":"UnitType!","startOffset":315903056,"duration":3877},{"path":["sensors",25,"hasAnomaly"],"parentType":"Sensor","fieldName":"hasAnomaly","returnType":"Boolean","startOffset":315909254,"duration":5000},{"path":["sensors",26,"_id"],"parentType":"Sensor","fieldName":"_id","returnType":"ID!","startOffset":315918454,"duration":4755},{"path":["sensors",26,"identifier"],"parentType":"Sensor","fieldName":"identifier","returnType":"String!","startOffset":315925091,"duration":3697},{"path":["sensors",26,"name"],"parentType":"Sensor","fieldName":"name","returnType":"String!","startOffset":315930687,"duration":4873},{"path":["sensors",26,"unitType"],"parentType":"Sensor","fieldName":"unitType","returnType":"UnitType","startOffset":315937472,"duration":3270},{"path":["sensors",26,"reading"],"parentType":"Sensor","fieldName":"reading","returnType":"SensorReading","startOffset":315944222,"duration":4280},{"path":["sensors",26,"reading","timestamp"],"parentType":"SensorReading","fieldName":"timestamp","returnType":"String!","startOffset":315951356,"duration":5189},{"path":["sensors",26,"reading","value"],"parentType":"SensorReading","fieldName":"value","returnType":"Float!","startOffset":315958908,"duration":3481},{"path":["sensors",26,"reading","unitType"],"parentType":"SensorReading","fieldName":"unitType","returnType":"UnitType!","startOffset":315965428,"duration":3403},{"path":["sensors",26,"hasAnomaly"],"parentType":"Sensor","fieldName":"hasAnomaly","returnType":"Boolean","startOffset":315970987,"duration":4792},{"path":["sensors",27,"_id"],"parentType":"Sensor","fieldName":"_id","returnType":"ID!","startOffset":315979695,"duration":3760},{"path":["sensors",27,"identifier"],"parentType":"Sensor","fieldName":"identifier","returnType":"String!","startOffset":315986536,"duration":3473},{"path":["sensors",27,"name"],"parentType":"Sensor","fieldName":"name","returnType":"String!","startOffset":315991816,"duration":4791},{"path":["sensors",27,"unitType"],"parentType":"Sensor","fieldName":"unitType","returnType":"UnitType","startOffset":315998830,"duration":3421},{"path":["sensors",27,"reading"],"parentType":"Sensor","fieldName":"reading","returnType":"SensorReading","startOffset":316005993,"duration":4166},{"path":["sensors",27,"reading","timestamp"],"parentType":"SensorReading","fieldName":"timestamp","returnType":"String!","startOffset":316013551,"duration":4935},{"path":["sensors",27,"reading","value"],"parentType":"SensorReading","fieldName":"value","returnType":"Float!","startOffset":316020359,"duration":3591},{"path":["sensors",27,"reading","unitType"],"parentType":"SensorReading","fieldName":"unitType","returnType":"UnitType!","startOffset":316027054,"duration":3366},{"path":["sensors",27,"hasAnomaly"],"parentType":"Sensor","fieldName":"hasAnomaly","returnType":"Boolean","startOffset":316032618,"duration":3344},{"path":["sensors",28,"_id"],"parentType":"Sensor","fieldName":"_id","returnType":"ID!","startOffset":316041239,"duration":3698},{"path":["sensors",28,"identifier"],"parentType":"Sensor","fieldName":"identifier","returnType":"String!","startOffset":316048026,"duration":3806},{"path":["sensors",28,"name"],"parentType":"Sensor","fieldName":"name","returnType":"String!","startOffset":316053769,"duration":4869},{"path":["sensors",28,"unitType"],"parentType":"Sensor","fieldName":"unitType","returnType":"UnitType","startOffset":316060631,"duration":3350},{"path":["sensors",28,"reading"],"parentType":"Sensor","fieldName":"reading","returnType":"SensorReading","startOffset":316066306,"duration":5326},{"path":["sensors",28,"reading","timestamp"],"parentType":"SensorReading","fieldName":"timestamp","returnType":"String!","startOffset":316074459,"duration":3725},{"path":["sensors",28,"reading","value"],"parentType":"SensorReading","fieldName":"value","returnType":"Float!","startOffset":316081185,"duration":3442},{"path":["sensors",28,"reading","unitType"],"parentType":"SensorReading","fieldName":"unitType","returnType":"UnitType!","startOffset":316086409,"duration":4669},{"path":["sensors",28,"hasAnomaly"],"parentType":"Sensor","fieldName":"hasAnomaly","returnType":"Boolean","startOffset":316093226,"duration":3543},{"path":["sensors",29,"_id"],"parentType":"Sensor","fieldName":"_id","returnType":"ID!","startOffset":316102193,"duration":3667},{"path":["sensors",29,"identifier"],"parentType":"Sensor","fieldName":"identifier","returnType":"String!","startOffset":316108016,"duration":4694},{"path":["sensors",29,"name"],"parentType":"Sensor","fieldName":"name","returnType":"String!","startOffset":316115045,"duration":3296},{"path":["sensors",29,"unitType"],"parentType":"Sensor","fieldName":"unitType","returnType":"UnitType","startOffset":316121441,"duration":3489},{"path":["sensors",29,"reading"],"parentType":"Sensor","fieldName":"reading","returnType":"SensorReading","startOffset":316127247,"duration":5602},{"path":["sensors",29,"reading","timestamp"],"parentType":"SensorReading","fieldName":"timestamp","returnType":"String!","startOffset":316135698,"duration":3840},{"path":["sensors",29,"reading","value"],"parentType":"SensorReading","fieldName":"value","returnType":"Float!","startOffset":316142675,"duration":3538},{"path":["sensors",29,"reading","unitType"],"parentType":"SensorReading","fieldName":"unitType","returnType":"UnitType!","startOffset":316148164,"duration":5296},{"path":["sensors",29,"hasAnomaly"],"parentType":"Sensor","fieldName":"hasAnomaly","returnType":"Boolean","startOffset":316155721,"duration":3881},{"path":["sensors",30,"_id"],"parentType":"Sensor","fieldName":"_id","returnType":"ID!","startOffset":316165470,"duration":3501},{"path":["sensors",30,"identifier"],"parentType":"Sensor","fieldName":"identifier","returnType":"String!","startOffset":316170843,"duration":4781},{"path":["sensors",30,"name"],"parentType":"Sensor","fieldName":"name","returnType":"String!","startOffset":316177764,"duration":3739},{"path":["sensors",30,"unitType"],"parentType":"Sensor","fieldName":"unitType","returnType":"UnitType","startOffset":316184689,"duration":3555},{"path":["sensors",30,"reading"],"parentType":"Sensor","fieldName":"reading","returnType":"SensorReading","startOffset":316190796,"duration":5767},{"path":["sensors",30,"hasAnomaly"],"parentType":"Sensor","fieldName":"hasAnomaly","returnType":"Boolean","startOffset":316198798,"duration":3964},{"path":["sensors",31,"_id"],"parentType":"Sensor","fieldName":"_id","returnType":"ID!","startOffset":316208494,"duration":3738},{"path":["sensors",31,"identifier"],"parentType":"Sensor","fieldName":"identifier","returnType":"String!","startOffset":316214234,"duration":4815},{"path":["sensors",31,"name"],"parentType":"Sensor","fieldName":"name","returnType":"String!","startOffset":316221048,"duration":3712},{"path":["sensors",31,"unitType"],"parentType":"Sensor","fieldName":"unitType","returnType":"UnitType","startOffset":316226691,"duration":4658},{"path":["sensors",31,"reading"],"parentType":"Sensor","fieldName":"reading","returnType":"SensorReading","startOffset":316233805,"duration":9380},{"path":["sensors",31,"hasAnomaly"],"parentType":"Sensor","fieldName":"hasAnomaly","returnType":"Boolean","startOffset":316245148,"duration":4880},{"path":["sensors",32,"_id"],"parentType":"Sensor","fieldName":"_id","returnType":"ID!","startOffset":316254114,"duration":3974},{"path":["sensors",32,"identifier"],"parentType":"Sensor","fieldName":"identifier","returnType":"String!","startOffset":316261135,"
1860 [main] DEBUG org.apache.http.wire  -  << "ier"],"parentType":"Sensor","fieldName":"identifier","returnType":"String!","startOffset":315487543,"duration":3664},{"path":["sensors",19,"name"],"parentType":"Sensor","fieldName":"name","returnType":"String!","startOffset":315493047,"duration":5076},{"path":["sensors",19,"unitType"],"parentType":"Sensor","fieldName":"unitType","returnType":"UnitType","startOffset":315499993,"duration":3342},{"path":["sensors",19,"reading"],"parentType":"Sensor","fieldName":"reading","returnType":"SensorReading","startOffset":315507294,"duration":4488},{"path":["sensors",19,"reading","timestamp"],"parentType":"SensorReading","fieldName":"timestamp","returnType":"String!","startOffset":315514587,"duration":5050},{"path":["sensors",19,"reading","value"],"parentType":"SensorReading","fieldName":"value","returnType":"Float!","startOffset":315521848,"duration":3600},{"path":["sensors",19,"reading","unitType"],"parentType":"SensorReading","fieldName":"unitType","returnType":"UnitType!","startOffset":315528854,"duration":3427},{"path":["sensors",19,"hasAnomaly"],"parentType":"Sensor","fieldName":"hasAnomaly","returnType":"Boolean","startOffset":315534542,"duration":5173},{"path":["sensors",20,"_id"],"parentType":"Sensor","fieldName":"_id","returnType":"ID!","startOffset":315543679,"duration":3570},{"path":["sensors",20,"identifier"],"parentType":"Sensor","fieldName":"identifier","returnType":"String!","startOffset":315550394,"duration":3470},{"path":["sensors",20,"name"],"parentType":"Sensor","fieldName":"name","returnType":"String!","startOffset":315555979,"duration":4679},{"path":["sensors",20,"unitType"],"parentType":"Sensor","fieldName":"unitType","returnType":"UnitType","startOffset":315562719,"duration":3223},{"path":["sensors",20,"reading"],"parentType":"Sensor","fieldName":"reading","returnType":"SensorReading","startOffset":315569749,"duration":4449},{"path":["sensors",20,"reading","timestamp"],"parentType":"SensorReading","fieldName":"timestamp","returnType":"String!","startOffset":315577009,"duration":4695},{"path":["sensors",20,"reading","value"],"parentType":"SensorReading","fieldName":"value","returnType":"Float!","startOffset":315584114,"duration":3570},{"path":["sensors",20,"reading","unitType"],"parentType":"SensorReading","fieldName":"unitType","returnType":"UnitType!","startOffset":315590877,"duration":3692},{"path":["sensors",20,"hasAnomaly"],"parentType":"Sensor","fieldName":"hasAnomaly","returnType":"Boolean","startOffset":315596867,"duration":3449},{"path":["sensors",21,"_id"],"parentType":"Sensor","fieldName":"_id","returnType":"ID!","startOffset":315605732,"duration":3734},{"path":["sensors",21,"identifier"],"parentType":"Sensor","fieldName":"identifier","returnType":"String!","startOffset":315612737,"duration":3403},{"path":["sensors",21,"name"],"parentType":"Sensor","fieldName":"name","returnType":"String!","startOffset":315618042,"duration":5383},{"path":["sensors",21,"unitType"],"parentType":"Sensor","fieldName":"unitType","returnType":"UnitType","startOffset":315625388,"duration":3668},{"path":["sensors",21,"reading"],"parentType":"Sensor","fieldName":"reading","returnType":"SensorReading","startOffset":315631391,"duration":6341},{"path":["sensors",21,"reading","timestamp"],"parentType":"SensorReading","fieldName":"timestamp","returnType":"String!","startOffset":315640672,"duration":4788},{"path":["sensors",21,"reading","value"],"parentType":"SensorReading","fieldName":"value","returnType":"Float!","startOffset":315647452,"duration":3351},{"path":["sensors",21,"reading","unitType"],"parentType":"SensorReading","fieldName":"unitType","returnType":"UnitType!","startOffset":315652590,"duration":5183},{"path":["sensors",21,"hasAnomaly"],"parentType":"Sensor","fieldName":"hasAnomaly","returnType":"Boolean","startOffset":315659951,"duration":3430},{"path":["sensors",22,"_id"],"parentType":"Sensor","fieldName":"_id","returnType":"ID!","startOffset":315670311,"duration":3814},{"path":["sensors",22,"identifier"],"parentType":"Sensor","fieldName":"identifier","returnType":"String!","startOffset":315677696,"duration":3585},{"path":["sensors",22,"name"],"parentType":"Sensor","fieldName":"name","returnType":"String!","startOffset":315683182,"duration":4963},{"path":["sensors",22,"unitType"],"parentType":"Sensor","fieldName":"unitType","returnType":"UnitType","startOffset":315690011,"duration":3660},{"path":["sensors",22,"reading"],"parentType":"Sensor","fieldName":"reading","returnType":"SensorReading","startOffset":315696053,"duration":5361},{"path":["sensors",22,"reading","timestamp"],"parentType":"SensorReading","fieldName":"timestamp","returnType":"String!","startOffset":315704227,"duration":4728},{"path":["sensors",22,"reading","value"],"parentType":"SensorReading","fieldName":"value","returnType":"Float!","startOffset":315710846,"duration":3448},{"path":["sensors",22,"reading","unitType"],"parentType":"SensorReading","fieldName":"unitType","returnType":"UnitType!","startOffset":315716211,"duration":4756},{"path":["sensors",22,"hasAnomaly"],"parentType":"Sensor","fieldName":"hasAnomaly","returnType":"Boolean","startOffset":315723253,"duration":3539},{"path":["sensors",23,"_id"],"parentType":"Sensor","fieldName":"_id","returnType":"ID!","startOffset":315732322,"duration":3670},{"path":["sensors",23,"identifier"],"parentType":"Sensor","fieldName":"identifier","returnType":"String!","startOffset":315737853,"duration":4837},{"path":["sensors",23,"name"],"parentType":"Sensor","fieldName":"name","returnType":"String!","startOffset":315744520,"duration":3484},{"path":["sensors",23,"unitType"],"parentType":"Sensor","fieldName":"unitType","returnType":"UnitType","startOffset":315751178,"duration":3336},{"path":["sensors",23,"reading"],"parentType":"Sensor","fieldName":"reading","returnType":"SensorReading","startOffset":315756781,"duration":6125},{"path":["sensors",23,"reading","timestamp"],"parentType":"SensorReading","fieldName":"timestamp","returnType":"String!","startOffset":315765697,"duration":3861},{"path":["sensors",23,"reading","value"],"parentType":"SensorReading","fieldName":"value","returnType":"Float!","startOffset":315773113,"duration":3664},{"path":["sensors",23,"reading","unitType"],"parentType":"SensorReading","fieldName":"unitType","returnType":"UnitType!","startOffset":315778871,"duration":4638},{"path":["sensors",23,"hasAnomaly"],"parentType":"Sensor","fieldName":"hasAnomaly","returnType":"Boolean","startOffset":315785602,"duration":3418},{"path":["sensors",24,"_id"],"parentType":"Sensor","fieldName":"_id","returnType":"ID!","startOffset":315794121,"duration":3718},{"path":["sensors",24,"identifier"],"parentType":"Sensor","fieldName":"identifier","returnType":"String!","startOffset":315799820,"duration":4515},{"path":["sensors",24,"name"],"parentType":"Sensor","fieldName":"name","returnType":"String!","startOffset":315806118,"duration":3401},{"path":["sensors",24,"unitType"],"parentType":"Sensor","fieldName":"unitType","returnType":"UnitType","startOffset":315812474,"duration":3485},{"path":["sensors",24,"reading"],"parentType":"Sensor","fieldName":"reading","returnType":"SensorReading","startOffset":315818300,"duration":5352},{"path":["sensors",24,"reading","timestamp"],"parentType":"SensorReading","fieldName":"timestamp","returnType":"String!","startOffset":315826740,"duration":3411},{"path":["sensors",24,"reading","value"],"parentType":"SensorReading","fieldName":"value","returnType":"Float!","startOffset":315833212,"duration":3598},{"path":["sensors",24,"reading","unitType"],"parentType":"SensorReading","fieldName":"unitType","returnType":"UnitType!","startOffset":315838599,"duration":5061},{"path":["sensors",24,"hasAnomaly"],"parentType":"Sensor","fieldName":"hasAnomaly","returnType":"Boolean","startOffset":315846013,"duration":3636},{"path":["sensors",25,"_id"],"parentType":"Sensor","fieldName":"_id","returnType":"ID!","startOffset":315854945,"duration":3628},{"path":["sensors",25,"identifier"],"parentType":"Sensor","fieldName":"identifier","returnType":"String!","startOffset":315860496,"duration":5227},{"path":["sensors",25,"name"],"parentType":"Sensor","fieldName":"name","returnType":"String!","startOffset":315868829,"duration":3550},{"path":["sensors",25,"unitType"],"parentType":"Sensor","fieldName":"unitType","returnType":"UnitType","startOffset":315874365,"duration":3532},{"path":["sensors",25,"reading"],"parentType":"Sensor","fieldName":"reading","returnType":"SensorReading","startOffset":315882134,"duration":4409},{"path":["sensors",25,"reading","timestamp"],"parentType":"SensorReading","fieldName":"timestamp","returnType":"String!","startOffset":315890550,"duration":3800},{"path":["sensors",25,"reading","value"],"parentType":"SensorReading","fieldName":"value","returnType":"Float!","startOffset":315896419,"duration":3422},{"path":["sensors",25,"reading","unitType"],"parentType":"SensorReading","fieldName":"unitType","returnType":"UnitType!","startOffset":315903056,"duration":3877},{"path":["sensors",25,"hasAnomaly"],"parentType":"Sensor","fieldName":"hasAnomaly","returnType":"Boolean","startOffset":315909254,"duration":5000},{"path":["sensors",26,"_id"],"parentType":"Sensor","fieldName":"_id","returnType":"ID!","startOffset":315918454,"duration":4755},{"path":["sensors",26,"identifier"],"parentType":"Sensor","fieldName":"identifier","returnType":"String!","startOffset":315925091,"duration":3697},{"path":["sensors",26,"name"],"parentType":"Sensor","fieldName":"name","returnType":"String!","startOffset":315930687,"duration":4873},{"path":["sensors",26,"unitType"],"parentType":"Sensor","fieldName":"unitType","returnType":"UnitType","startOffset":315937472,"duration":3270},{"path":["sensors",26,"reading"],"parentType":"Sensor","fieldName":"reading","returnType":"SensorReading","startOffset":315944222,"duration":4280},{"path":["sensors",26,"reading","timestamp"],"parentType":"SensorReading","fieldName":"timestamp","returnType":"String!","startOffset":315951356,"duration":5189},{"path":["sensors",26,"reading","value"],"parentType":"SensorReading","fieldName":"value","returnType":"Float!","startOffset":315958908,"duration":3481},{"path":["sensors",26,"reading","unitType"],"parentType":"SensorReading","fieldName":"unitType","returnType":"UnitType!","startOffset":315965428,"duration":3403},{"path":["sensors",26,"hasAnomaly"],"parentType":"Sensor","fieldName":"hasAnomaly","returnType":"Boolean","startOffset":315970987,"duration":4792},{"path":["sensors",27,"_id"],"parentType":"Sensor","fieldName":"_id","returnType":"ID!","startOffset":315979695,"duration":3760},{"path":["sensors",27,"identifier"],"parentType":"Sensor","fieldName":"identifier","returnType":"String!","startOffset":315986536,"duration":3473},{"path":["sensors",27,"name"],"parentType":"Sensor","fieldName":"name","returnType":"String!","startOffset":315991816,"duration":4791},{"path":["sensors",27,"unitType"],"parentType":"Sensor","fieldName":"unitType","returnType":"UnitType","startOffset":315998830,"duration":3421},{"path":["sensors",27,"reading"],"parentType":"Sensor","fieldName":"reading","returnType":"SensorReading","startOffset":316005993,"duration":4166},{"path":["sensors",27,"reading","timestamp"],"parentType":"SensorReading","fieldName":"timestamp","returnType":"String!","startOffset":316013551,"duration":4935},{"path":["sensors",27,"reading","value"],"parentType":"SensorReading","fieldName":"value","returnType":"Float!","startOffset":316020359,"duration":3591},{"path":["sensors",27,"reading","unitType"],"parentType":"SensorReading","fieldName":"unitType","returnType":"UnitType!","startOffset":316027054,"duration":3366},{"path":["sensors",27,"hasAnomaly"],"parentType":"Sensor","fieldName":"hasAnomaly","returnType":"Boolean","startOffset":316032618,"duration":3344},{"path":["sensors",28,"_id"],"parentType":"Sensor","fieldName":"_id","returnType":"ID!","startOffset":316041239,"duration":3698},{"path":["sensors",28,"identifier"],"parentType":"Sensor","fieldName":"identifier","returnType":"String!","startOffset":316048026,"duration":3806},{"path":["sensors",28,"name"],"parentType":"Sensor","fieldName":"name","returnType":"String!","startOffset":316053769,"duration":4869},{"path":["sensors",28,"unitType"],"parentType":"Sensor","fieldName":"unitType","returnType":"UnitType","startOffset":316060631,"duration":3350},{"path":["sensors",28,"reading"],"parentType":"Sensor","fieldName":"reading","returnType":"SensorReading","startOffset":316066306,"duration":5326},{"path":["sensors",28,"reading","timestamp"],"parentType":"SensorReading","fieldName":"timestamp","returnType":"String!","startOffset":316074459,"duration":3725},{"path":["sensors",28,"reading","value"],"parentType":"SensorReading","fieldName":"value","returnType":"Float!","startOffset":316081185,"duration":3442},{"path":["sensors",28,"reading","unitType"],"parentType":"SensorReading","fieldName":"unitType","returnType":"UnitType!","startOffset":316086409,"duration":4669},{"path":["sensors",28,"hasAnomaly"],"parentType":"Sensor","fieldName":"hasAnomaly","returnType":"Boolean","startOffset":316093226,"duration":3543},{"path":["sensors",29,"_id"],"parentType":"Sensor","fieldName":"_id","returnType":"ID!","startOffset":316102193,"duration":3667},{"path":["sensors",29,"identifier"],"parentType":"Sensor","fieldName":"identifier","returnType":"String!","startOffset":316108016,"duration":4694},{"path":["sensors",29,"name"],"parentType":"Sensor","fieldName":"name","returnType":"String!","startOffset":316115045,"duration":3296},{"path":["sensors",29,"unitType"],"parentType":"Sensor","fieldName":"unitType","returnType":"UnitType","startOffset":316121441,"duration":3489},{"path":["sensors",29,"reading"],"parentType":"Sensor","fieldName":"reading","returnType":"SensorReading","startOffset":316127247,"duration":5602},{"path":["sensors",29,"reading","timestamp"],"parentType":"SensorReading","fieldName":"timestamp","returnType":"String!","startOffset":316135698,"duration":3840},{"path":["sensors",29,"reading","value"],"parentType":"SensorReading","fieldName":"value","returnType":"Float!","startOffset":316142675,"duration":3538},{"path":["sensors",29,"reading","unitType"],"parentType":"SensorReading","fieldName":"unitType","returnType":"UnitType!","startOffset":316148164,"duration":5296},{"path":["sensors",29,"hasAnomaly"],"parentType":"Sensor","fieldName":"hasAnomaly","returnType":"Boolean","startOffset":316155721,"duration":3881},{"path":["sensors",30,"_id"],"parentType":"Sensor","fieldName":"_id","returnType":"ID!","startOffset":316165470,"duration":3501},{"path":["sensors",30,"identifier"],"parentType":"Sensor","fieldName":"identifier","returnType":"String!","startOffset":316170843,"duration":4781},{"path":["sensors",30,"name"],"parentType":"Sensor","fieldName":"name","returnType":"String!","startOffset":316177764,"duration":3739},{"path":["sensors",30,"unitType"],"parentType":"Sensor","fieldName":"unitType","returnType":"UnitType","startOffset":316184689,"duration":3555},{"path":["sensors",30,"reading"],"parentType":"Sensor","fieldName":"reading","returnType":"SensorReading","startOffset":316190796,"duration":5767},{"path":["sensors",30,"hasAnomaly"],"parentType":"Sensor","fieldName":"hasAnomaly","returnType":"Boolean","startOffset":316198798,"duration":3964},{"path":["sensors",31,"_id"],"parentType":"Sensor","fieldName":"_id","returnType":"ID!","startOffset":316208494,"duration":3738},{"path":["sensors",31,"identifier"],"parentType":"Sensor","fieldName":"identifier","returnType":"String!","startOffset":316214234,"duration":4815},{"path":["sensors",31,"name"],"parentType":"Sensor","fieldName":"name","returnType":"String!","startOffset":316221048,"duration":3712},{"path":["sensors",31,"unitType"],"parentType":"Sensor","fieldName":"unitType","returnType":"UnitType","startOffset":316226691,"duration":4658},{"path":["sensors",31,"reading"],"parentType":"Sensor","fieldName":"reading","returnType":"SensorReading","startOffset":316233805,"duration":9380},{"path":["sensors",31,"hasAnomaly"],"parentType":"Sensor","fieldName":"hasAnomaly","returnType":"Boolean","startOffset":316245148,"duration":4880},{"path":["sensors",32,"_id"],"parentType":"Sensor","fieldName":"_id","returnType":"ID!","startOffset":316254114,"duration":3974},{"path":["sensors",32,"identifier"],"parentType":"Sensor","fieldName":"identifier","returnType":"String!","startOffset":316261135,"
1860 [main] DEBUG org.apache.http.wire  -  << "ier"],"parentType":"Sensor","fieldName":"identifier","returnType":"String!","startOffset":315487543,"duration":3664},{"path":["sensors",19,"name"],"parentType":"Sensor","fieldName":"name","returnType":"String!","startOffset":315493047,"duration":5076},{"path":["sensors",19,"unitType"],"parentType":"Sensor","fieldName":"unitType","returnType":"UnitType","startOffset":315499993,"duration":3342},{"path":["sensors",19,"reading"],"parentType":"Sensor","fieldName":"reading","returnType":"SensorReading","startOffset":315507294,"duration":4488},{"path":["sensors",19,"reading","timestamp"],"parentType":"SensorReading","fieldName":"timestamp","returnType":"String!","startOffset":315514587,"duration":5050},{"path":["sensors",19,"reading","value"],"parentType":"SensorReading","fieldName":"value","returnType":"Float!","startOffset":315521848,"duration":3600},{"path":["sensors",19,"reading","unitType"],"parentType":"SensorReading","fieldName":"unitType","returnType":"UnitType!","startOffset":315528854,"duration":3427},{"path":["sensors",19,"hasAnomaly"],"parentType":"Sensor","fieldName":"hasAnomaly","returnType":"Boolean","startOffset":315534542,"duration":5173},{"path":["sensors",20,"_id"],"parentType":"Sensor","fieldName":"_id","returnType":"ID!","startOffset":315543679,"duration":3570},{"path":["sensors",20,"identifier"],"parentType":"Sensor","fieldName":"identifier","returnType":"String!","startOffset":315550394,"duration":3470},{"path":["sensors",20,"name"],"parentType":"Sensor","fieldName":"name","returnType":"String!","startOffset":315555979,"duration":4679},{"path":["sensors",20,"unitType"],"parentType":"Sensor","fieldName":"unitType","returnType":"UnitType","startOffset":315562719,"duration":3223},{"path":["sensors",20,"reading"],"parentType":"Sensor","fieldName":"reading","returnType":"SensorReading","startOffset":315569749,"duration":4449},{"path":["sensors",20,"reading","timestamp"],"parentType":"SensorReading","fieldName":"timestamp","returnType":"String!","startOffset":315577009,"duration":4695},{"path":["sensors",20,"reading","value"],"parentType":"SensorReading","fieldName":"value","returnType":"Float!","startOffset":315584114,"duration":3570},{"path":["sensors",20,"reading","unitType"],"parentType":"SensorReading","fieldName":"unitType","returnType":"UnitType!","startOffset":315590877,"duration":3692},{"path":["sensors",20,"hasAnomaly"],"parentType":"Sensor","fieldName":"hasAnomaly","returnType":"Boolean","startOffset":315596867,"duration":3449},{"path":["sensors",21,"_id"],"parentType":"Sensor","fieldName":"_id","returnType":"ID!","startOffset":315605732,"duration":3734},{"path":["sensors",21,"identifier"],"parentType":"Sensor","fieldName":"identifier","returnType":"String!","startOffset":315612737,"duration":3403},{"path":["sensors",21,"name"],"parentType":"Sensor","fieldName":"name","returnType":"String!","startOffset":315618042,"duration":5383},{"path":["sensors",21,"unitType"],"parentType":"Sensor","fieldName":"unitType","returnType":"UnitType","startOffset":315625388,"duration":3668},{"path":["sensors",21,"reading"],"parentType":"Sensor","fieldName":"reading","returnType":"SensorReading","startOffset":315631391,"duration":6341},{"path":["sensors",21,"reading","timestamp"],"parentType":"SensorReading","fieldName":"timestamp","returnType":"String!","startOffset":315640672,"duration":4788},{"path":["sensors",21,"reading","value"],"parentType":"SensorReading","fieldName":"value","returnType":"Float!","startOffset":315647452,"duration":3351},{"path":["sensors",21,"reading","unitType"],"parentType":"SensorReading","fieldName":"unitType","returnType":"UnitType!","startOffset":315652590,"duration":5183},{"path":["sensors",21,"hasAnomaly"],"parentType":"Sensor","fieldName":"hasAnomaly","returnType":"Boolean","startOffset":315659951,"duration":3430},{"path":["sensors",22,"_id"],"parentType":"Sensor","fieldName":"_id","returnType":"ID!","startOffset":315670311,"duration":3814},{"path":["sensors",22,"identifier"],"parentType":"Sensor","fieldName":"identifier","returnType":"String!","startOffset":315677696,"duration":3585},{"path":["sensors",22,"name"],"parentType":"Sensor","fieldName":"name","returnType":"String!","startOffset":315683182,"duration":4963},{"path":["sensors",22,"unitType"],"parentType":"Sensor","fieldName":"unitType","returnType":"UnitType","startOffset":315690011,"duration":3660},{"path":["sensors",22,"reading"],"parentType":"Sensor","fieldName":"reading","returnType":"SensorReading","startOffset":315696053,"duration":5361},{"path":["sensors",22,"reading","timestamp"],"parentType":"SensorReading","fieldName":"timestamp","returnType":"String!","startOffset":315704227,"duration":4728},{"path":["sensors",22,"reading","value"],"parentType":"SensorReading","fieldName":"value","returnType":"Float!","startOffset":315710846,"duration":3448},{"path":["sensors",22,"reading","unitType"],"parentType":"SensorReading","fieldName":"unitType","returnType":"UnitType!","startOffset":315716211,"duration":4756},{"path":["sensors",22,"hasAnomaly"],"parentType":"Sensor","fieldName":"hasAnomaly","returnType":"Boolean","startOffset":315723253,"duration":3539},{"path":["sensors",23,"_id"],"parentType":"Sensor","fieldName":"_id","returnType":"ID!","startOffset":315732322,"duration":3670},{"path":["sensors",23,"identifier"],"parentType":"Sensor","fieldName":"identifier","returnType":"String!","startOffset":315737853,"duration":4837},{"path":["sensors",23,"name"],"parentType":"Sensor","fieldName":"name","returnType":"String!","startOffset":315744520,"duration":3484},{"path":["sensors",23,"unitType"],"parentType":"Sensor","fieldName":"unitType","returnType":"UnitType","startOffset":315751178,"duration":3336},{"path":["sensors",23,"reading"],"parentType":"Sensor","fieldName":"reading","returnType":"SensorReading","startOffset":315756781,"duration":6125},{"path":["sensors",23,"reading","timestamp"],"parentType":"SensorReading","fieldName":"timestamp","returnType":"String!","startOffset":315765697,"duration":3861},{"path":["sensors",23,"reading","value"],"parentType":"SensorReading","fieldName":"value","returnType":"Float!","startOffset":315773113,"duration":3664},{"path":["sensors",23,"reading","unitType"],"parentType":"SensorReading","fieldName":"unitType","returnType":"UnitType!","startOffset":315778871,"duration":4638},{"path":["sensors",23,"hasAnomaly"],"parentType":"Sensor","fieldName":"hasAnomaly","returnType":"Boolean","startOffset":315785602,"duration":3418},{"path":["sensors",24,"_id"],"parentType":"Sensor","fieldName":"_id","returnType":"ID!","startOffset":315794121,"duration":3718},{"path":["sensors",24,"identifier"],"parentType":"Sensor","fieldName":"identifier","returnType":"String!","startOffset":315799820,"duration":4515},{"path":["sensors",24,"name"],"parentType":"Sensor","fieldName":"name","returnType":"String!","startOffset":315806118,"duration":3401},{"path":["sensors",24,"unitType"],"parentType":"Sensor","fieldName":"unitType","returnType":"UnitType","startOffset":315812474,"duration":3485},{"path":["sensors",24,"reading"],"parentType":"Sensor","fieldName":"reading","returnType":"SensorReading","startOffset":315818300,"duration":5352},{"path":["sensors",24,"reading","timestamp"],"parentType":"SensorReading","fieldName":"timestamp","returnType":"String!","startOffset":315826740,"duration":3411},{"path":["sensors",24,"reading","value"],"parentType":"SensorReading","fieldName":"value","returnType":"Float!","startOffset":315833212,"duration":3598},{"path":["sensors",24,"reading","unitType"],"parentType":"SensorReading","fieldName":"unitType","returnType":"UnitType!","startOffset":315838599,"duration":5061},{"path":["sensors",24,"hasAnomaly"],"parentType":"Sensor","fieldName":"hasAnomaly","returnType":"Boolean","startOffset":315846013,"duration":3636},{"path":["sensors",25,"_id"],"parentType":"Sensor","fieldName":"_id","returnType":"ID!","startOffset":315854945,"duration":3628},{"path":["sensors",25,"identifier"],"parentType":"Sensor","fieldName":"identifier","returnType":"String!","startOffset":315860496,"duration":5227},{"path":["sensors",25,"name"],"parentType":"Sensor","fieldName":"name","returnType":"String!","startOffset":315868829,"duration":3550},{"path":["sensors",25,"unitType"],"parentType":"Sensor","fieldName":"unitType","returnType":"UnitType","startOffset":315874365,"duration":3532},{"path":["sensors",25,"reading"],"parentType":"Sensor","fieldName":"reading","returnType":"SensorReading","startOffset":315882134,"duration":4409},{"path":["sensors",25,"reading","timestamp"],"parentType":"SensorReading","fieldName":"timestamp","returnType":"String!","startOffset":315890550,"duration":3800},{"path":["sensors",25,"reading","value"],"parentType":"SensorReading","fieldName":"value","returnType":"Float!","startOffset":315896419,"duration":3422},{"path":["sensors",25,"reading","unitType"],"parentType":"SensorReading","fieldName":"unitType","returnType":"UnitType!","startOffset":315903056,"duration":3877},{"path":["sensors",25,"hasAnomaly"],"parentType":"Sensor","fieldName":"hasAnomaly","returnType":"Boolean","startOffset":315909254,"duration":5000},{"path":["sensors",26,"_id"],"parentType":"Sensor","fieldName":"_id","returnType":"ID!","startOffset":315918454,"duration":4755},{"path":["sensors",26,"identifier"],"parentType":"Sensor","fieldName":"identifier","returnType":"String!","startOffset":315925091,"duration":3697},{"path":["sensors",26,"name"],"parentType":"Sensor","fieldName":"name","returnType":"String!","startOffset":315930687,"duration":4873},{"path":["sensors",26,"unitType"],"parentType":"Sensor","fieldName":"unitType","returnType":"UnitType","startOffset":315937472,"duration":3270},{"path":["sensors",26,"reading"],"parentType":"Sensor","fieldName":"reading","returnType":"SensorReading","startOffset":315944222,"duration":4280},{"path":["sensors",26,"reading","timestamp"],"parentType":"SensorReading","fieldName":"timestamp","returnType":"String!","startOffset":315951356,"duration":5189},{"path":["sensors",26,"reading","value"],"parentType":"SensorReading","fieldName":"value","returnType":"Float!","startOffset":315958908,"duration":3481},{"path":["sensors",26,"reading","unitType"],"parentType":"SensorReading","fieldName":"unitType","returnType":"UnitType!","startOffset":315965428,"duration":3403},{"path":["sensors",26,"hasAnomaly"],"parentType":"Sensor","fieldName":"hasAnomaly","returnType":"Boolean","startOffset":315970987,"duration":4792},{"path":["sensors",27,"_id"],"parentType":"Sensor","fieldName":"_id","returnType":"ID!","startOffset":315979695,"duration":3760},{"path":["sensors",27,"identifier"],"parentType":"Sensor","fieldName":"identifier","returnType":"String!","startOffset":315986536,"duration":3473},{"path":["sensors",27,"name"],"parentType":"Sensor","fieldName":"name","returnType":"String!","startOffset":315991816,"duration":4791},{"path":["sensors",27,"unitType"],"parentType":"Sensor","fieldName":"unitType","returnType":"UnitType","startOffset":315998830,"duration":3421},{"path":["sensors",27,"reading"],"parentType":"Sensor","fieldName":"reading","returnType":"SensorReading","startOffset":316005993,"duration":4166},{"path":["sensors",27,"reading","timestamp"],"parentType":"SensorReading","fieldName":"timestamp","returnType":"String!","startOffset":316013551,"duration":4935},{"path":["sensors",27,"reading","value"],"parentType":"SensorReading","fieldName":"value","returnType":"Float!","startOffset":316020359,"duration":3591},{"path":["sensors",27,"reading","unitType"],"parentType":"SensorReading","fieldName":"unitType","returnType":"UnitType!","startOffset":316027054,"duration":3366},{"path":["sensors",27,"hasAnomaly"],"parentType":"Sensor","fieldName":"hasAnomaly","returnType":"Boolean","startOffset":316032618,"duration":3344},{"path":["sensors",28,"_id"],"parentType":"Sensor","fieldName":"_id","returnType":"ID!","startOffset":316041239,"duration":3698},{"path":["sensors",28,"identifier"],"parentType":"Sensor","fieldName":"identifier","returnType":"String!","startOffset":316048026,"duration":3806},{"path":["sensors",28,"name"],"parentType":"Sensor","fieldName":"name","returnType":"String!","startOffset":316053769,"duration":4869},{"path":["sensors",28,"unitType"],"parentType":"Sensor","fieldName":"unitType","returnType":"UnitType","startOffset":316060631,"duration":3350},{"path":["sensors",28,"reading"],"parentType":"Sensor","fieldName":"reading","returnType":"SensorReading","startOffset":316066306,"duration":5326},{"path":["sensors",28,"reading","timestamp"],"parentType":"SensorReading","fieldName":"timestamp","returnType":"String!","startOffset":316074459,"duration":3725},{"path":["sensors",28,"reading","value"],"parentType":"SensorReading","fieldName":"value","returnType":"Float!","startOffset":316081185,"duration":3442},{"path":["sensors",28,"reading","unitType"],"parentType":"SensorReading","fieldName":"unitType","returnType":"UnitType!","startOffset":316086409,"duration":4669},{"path":["sensors",28,"hasAnomaly"],"parentType":"Sensor","fieldName":"hasAnomaly","returnType":"Boolean","startOffset":316093226,"duration":3543},{"path":["sensors",29,"_id"],"parentType":"Sensor","fieldName":"_id","returnType":"ID!","startOffset":316102193,"duration":3667},{"path":["sensors",29,"identifier"],"parentType":"Sensor","fieldName":"identifier","returnType":"String!","startOffset":316108016,"duration":4694},{"path":["sensors",29,"name"],"parentType":"Sensor","fieldName":"name","returnType":"String!","startOffset":316115045,"duration":3296},{"path":["sensors",29,"unitType"],"parentType":"Sensor","fieldName":"unitType","returnType":"UnitType","startOffset":316121441,"duration":3489},{"path":["sensors",29,"reading"],"parentType":"Sensor","fieldName":"reading","returnType":"SensorReading","startOffset":316127247,"duration":5602},{"path":["sensors",29,"reading","timestamp"],"parentType":"SensorReading","fieldName":"timestamp","returnType":"String!","startOffset":316135698,"duration":3840},{"path":["sensors",29,"reading","value"],"parentType":"SensorReading","fieldName":"value","returnType":"Float!","startOffset":316142675,"duration":3538},{"path":["sensors",29,"reading","unitType"],"parentType":"SensorReading","fieldName":"unitType","returnType":"UnitType!","startOffset":316148164,"duration":5296},{"path":["sensors",29,"hasAnomaly"],"parentType":"Sensor","fieldName":"hasAnomaly","returnType":"Boolean","startOffset":316155721,"duration":3881},{"path":["sensors",30,"_id"],"parentType":"Sensor","fieldName":"_id","returnType":"ID!","startOffset":316165470,"duration":3501},{"path":["sensors",30,"identifier"],"parentType":"Sensor","fieldName":"identifier","returnType":"String!","startOffset":316170843,"duration":4781},{"path":["sensors",30,"name"],"parentType":"Sensor","fieldName":"name","returnType":"String!","startOffset":316177764,"duration":3739},{"path":["sensors",30,"unitType"],"parentType":"Sensor","fieldName":"unitType","returnType":"UnitType","startOffset":316184689,"duration":3555},{"path":["sensors",30,"reading"],"parentType":"Sensor","fieldName":"reading","returnType":"SensorReading","startOffset":316190796,"duration":5767},{"path":["sensors",30,"hasAnomaly"],"parentType":"Sensor","fieldName":"hasAnomaly","returnType":"Boolean","startOffset":316198798,"duration":3964},{"path":["sensors",31,"_id"],"parentType":"Sensor","fieldName":"_id","returnType":"ID!","startOffset":316208494,"duration":3738},{"path":["sensors",31,"identifier"],"parentType":"Sensor","fieldName":"identifier","returnType":"String!","startOffset":316214234,"duration":4815},{"path":["sensors",31,"name"],"parentType":"Sensor","fieldName":"name","returnType":"String!","startOffset":316221048,"duration":3712},{"path":["sensors",31,"unitType"],"parentType":"Sensor","fieldName":"unitType","returnType":"UnitType","startOffset":316226691,"duration":4658},{"path":["sensors",31,"reading"],"parentType":"Sensor","fieldName":"reading","returnType":"SensorReading","startOffset":316233805,"duration":9380},{"path":["sensors",31,"hasAnomaly"],"parentType":"Sensor","fieldName":"hasAnomaly","returnType":"Boolean","startOffset":316245148,"duration":4880},{"path":["sensors",32,"_id"],"parentType":"Sensor","fieldName":"_id","returnType":"ID!","startOffset":316254114,"duration":3974},{"path":["sensors",32,"identifier"],"parentType":"Sensor","fieldName":"identifier","returnType":"String!","startOffset":316261135,"
1860 [main] DEBUG org.apache.http.wire  -  << "ier"],"parentType":"Sensor","fieldName":"identifier","returnType":"String!","startOffset":315487543,"duration":3664},{"path":["sensors",19,"name"],"parentType":"Sensor","fieldName":"name","returnType":"String!","startOffset":315493047,"duration":5076},{"path":["sensors",19,"unitType"],"parentType":"Sensor","fieldName":"unitType","returnType":"UnitType","startOffset":315499993,"duration":3342},{"path":["sensors",19,"reading"],"parentType":"Sensor","fieldName":"reading","returnType":"SensorReading","startOffset":315507294,"duration":4488},{"path":["sensors",19,"reading","timestamp"],"parentType":"SensorReading","fieldName":"timestamp","returnType":"String!","startOffset":315514587,"duration":5050},{"path":["sensors",19,"reading","value"],"parentType":"SensorReading","fieldName":"value","returnType":"Float!","startOffset":315521848,"duration":3600},{"path":["sensors",19,"reading","unitType"],"parentType":"SensorReading","fieldName":"unitType","returnType":"UnitType!","startOffset":315528854,"duration":3427},{"path":["sensors",19,"hasAnomaly"],"parentType":"Sensor","fieldName":"hasAnomaly","returnType":"Boolean","startOffset":315534542,"duration":5173},{"path":["sensors",20,"_id"],"parentType":"Sensor","fieldName":"_id","returnType":"ID!","startOffset":315543679,"duration":3570},{"path":["sensors",20,"identifier"],"parentType":"Sensor","fieldName":"identifier","returnType":"String!","startOffset":315550394,"duration":3470},{"path":["sensors",20,"name"],"parentType":"Sensor","fieldName":"name","returnType":"String!","startOffset":315555979,"duration":4679},{"path":["sensors",20,"unitType"],"parentType":"Sensor","fieldName":"unitType","returnType":"UnitType","startOffset":315562719,"duration":3223},{"path":["sensors",20,"reading"],"parentType":"Sensor","fieldName":"reading","returnType":"SensorReading","startOffset":315569749,"duration":4449},{"path":["sensors",20,"reading","timestamp"],"parentType":"SensorReading","fieldName":"timestamp","returnType":"String!","startOffset":315577009,"duration":4695},{"path":["sensors",20,"reading","value"],"parentType":"SensorReading","fieldName":"value","returnType":"Float!","startOffset":315584114,"duration":3570},{"path":["sensors",20,"reading","unitType"],"parentType":"SensorReading","fieldName":"unitType","returnType":"UnitType!","startOffset":315590877,"duration":3692},{"path":["sensors",20,"hasAnomaly"],"parentType":"Sensor","fieldName":"hasAnomaly","returnType":"Boolean","startOffset":315596867,"duration":3449},{"path":["sensors",21,"_id"],"parentType":"Sensor","fieldName":"_id","returnType":"ID!","startOffset":315605732,"duration":3734},{"path":["sensors",21,"identifier"],"parentType":"Sensor","fieldName":"identifier","returnType":"String!","startOffset":315612737,"duration":3403},{"path":["sensors",21,"name"],"parentType":"Sensor","fieldName":"name","returnType":"String!","startOffset":315618042,"duration":5383},{"path":["sensors",21,"unitType"],"parentType":"Sensor","fieldName":"unitType","returnType":"UnitType","startOffset":315625388,"duration":3668},{"path":["sensors",21,"reading"],"parentType":"Sensor","fieldName":"reading","returnType":"SensorReading","startOffset":315631391,"duration":6341},{"path":["sensors",21,"reading","timestamp"],"parentType":"SensorReading","fieldName":"timestamp","returnType":"String!","startOffset":315640672,"duration":4788},{"path":["sensors",21,"reading","value"],"parentType":"SensorReading","fieldName":"value","returnType":"Float!","startOffset":315647452,"duration":3351},{"path":["sensors",21,"reading","unitType"],"parentType":"SensorReading","fieldName":"unitType","returnType":"UnitType!","startOffset":315652590,"duration":5183},{"path":["sensors",21,"hasAnomaly"],"parentType":"Sensor","fieldName":"hasAnomaly","returnType":"Boolean","startOffset":315659951,"duration":3430},{"path":["sensors",22,"_id"],"parentType":"Sensor","fieldName":"_id","returnType":"ID!","startOffset":315670311,"duration":3814},{"path":["sensors",22,"identifier"],"parentType":"Sensor","fieldName":"identifier","returnType":"String!","startOffset":315677696,"duration":3585},{"path":["sensors",22,"name"],"parentType":"Sensor","fieldName":"name","returnType":"String!","startOffset":315683182,"duration":4963},{"path":["sensors",22,"unitType"],"parentType":"Sensor","fieldName":"unitType","returnType":"UnitType","startOffset":315690011,"duration":3660},{"path":["sensors",22,"reading"],"parentType":"Sensor","fieldName":"reading","returnType":"SensorReading","startOffset":315696053,"duration":5361},{"path":["sensors",22,"reading","timestamp"],"parentType":"SensorReading","fieldName":"timestamp","returnType":"String!","startOffset":315704227,"duration":4728},{"path":["sensors",22,"reading","value"],"parentType":"SensorReading","fieldName":"value","returnType":"Float!","startOffset":315710846,"duration":3448},{"path":["sensors",22,"reading","unitType"],"parentType":"SensorReading","fieldName":"unitType","returnType":"UnitType!","startOffset":315716211,"duration":4756},{"path":["sensors",22,"hasAnomaly"],"parentType":"Sensor","fieldName":"hasAnomaly","returnType":"Boolean","startOffset":315723253,"duration":3539},{"path":["sensors",23,"_id"],"parentType":"Sensor","fieldName":"_id","returnType":"ID!","startOffset":315732322,"duration":3670},{"path":["sensors",23,"identifier"],"parentType":"Sensor","fieldName":"identifier","returnType":"String!","startOffset":315737853,"duration":4837},{"path":["sensors",23,"name"],"parentType":"Sensor","fieldName":"name","returnType":"String!","startOffset":315744520,"duration":3484},{"path":["sensors",23,"unitType"],"parentType":"Sensor","fieldName":"unitType","returnType":"UnitType","startOffset":315751178,"duration":3336},{"path":["sensors",23,"reading"],"parentType":"Sensor","fieldName":"reading","returnType":"SensorReading","startOffset":315756781,"duration":6125},{"path":["sensors",23,"reading","timestamp"],"parentType":"SensorReading","fieldName":"timestamp","returnType":"String!","startOffset":315765697,"duration":3861},{"path":["sensors",23,"reading","value"],"parentType":"SensorReading","fieldName":"value","returnType":"Float!","startOffset":315773113,"duration":3664},{"path":["sensors",23,"reading","unitType"],"parentType":"SensorReading","fieldName":"unitType","returnType":"UnitType!","startOffset":315778871,"duration":4638},{"path":["sensors",23,"hasAnomaly"],"parentType":"Sensor","fieldName":"hasAnomaly","returnType":"Boolean","startOffset":315785602,"duration":3418},{"path":["sensors",24,"_id"],"parentType":"Sensor","fieldName":"_id","returnType":"ID!","startOffset":315794121,"duration":3718},{"path":["sensors",24,"identifier"],"parentType":"Sensor","fieldName":"identifier","returnType":"String!","startOffset":315799820,"duration":4515},{"path":["sensors",24,"name"],"parentType":"Sensor","fieldName":"name","returnType":"String!","startOffset":315806118,"duration":3401},{"path":["sensors",24,"unitType"],"parentType":"Sensor","fieldName":"unitType","returnType":"UnitType","startOffset":315812474,"duration":3485},{"path":["sensors",24,"reading"],"parentType":"Sensor","fieldName":"reading","returnType":"SensorReading","startOffset":315818300,"duration":5352},{"path":["sensors",24,"reading","timestamp"],"parentType":"SensorReading","fieldName":"timestamp","returnType":"String!","startOffset":315826740,"duration":3411},{"path":["sensors",24,"reading","value"],"parentType":"SensorReading","fieldName":"value","returnType":"Float!","startOffset":315833212,"duration":3598},{"path":["sensors",24,"reading","unitType"],"parentType":"SensorReading","fieldName":"unitType","returnType":"UnitType!","startOffset":315838599,"duration":5061},{"path":["sensors",24,"hasAnomaly"],"parentType":"Sensor","fieldName":"hasAnomaly","returnType":"Boolean","startOffset":315846013,"duration":3636},{"path":["sensors",25,"_id"],"parentType":"Sensor","fieldName":"_id","returnType":"ID!","startOffset":315854945,"duration":3628},{"path":["sensors",25,"identifier"],"parentType":"Sensor","fieldName":"identifier","returnType":"String!","startOffset":315860496,"duration":5227},{"path":["sensors",25,"name"],"parentType":"Sensor","fieldName":"name","returnType":"String!","startOffset":315868829,"duration":3550},{"path":["sensors",25,"unitType"],"parentType":"Sensor","fieldName":"unitType","returnType":"UnitType","startOffset":315874365,"duration":3532},{"path":["sensors",25,"reading"],"parentType":"Sensor","fieldName":"reading","returnType":"SensorReading","startOffset":315882134,"duration":4409},{"path":["sensors",25,"reading","timestamp"],"parentType":"SensorReading","fieldName":"timestamp","returnType":"String!","startOffset":315890550,"duration":3800},{"path":["sensors",25,"reading","value"],"parentType":"SensorReading","fieldName":"value","returnType":"Float!","startOffset":315896419,"duration":3422},{"path":["sensors",25,"reading","unitType"],"parentType":"SensorReading","fieldName":"unitType","returnType":"UnitType!","startOffset":315903056,"duration":3877},{"path":["sensors",25,"hasAnomaly"],"parentType":"Sensor","fieldName":"hasAnomaly","returnType":"Boolean","startOffset":315909254,"duration":5000},{"path":["sensors",26,"_id"],"parentType":"Sensor","fieldName":"_id","returnType":"ID!","startOffset":315918454,"duration":4755},{"path":["sensors",26,"identifier"],"parentType":"Sensor","fieldName":"identifier","returnType":"String!","startOffset":315925091,"duration":3697},{"path":["sensors",26,"name"],"parentType":"Sensor","fieldName":"name","returnType":"String!","startOffset":315930687,"duration":4873},{"path":["sensors",26,"unitType"],"parentType":"Sensor","fieldName":"unitType","returnType":"UnitType","startOffset":315937472,"duration":3270},{"path":["sensors",26,"reading"],"parentType":"Sensor","fieldName":"reading","returnType":"SensorReading","startOffset":315944222,"duration":4280},{"path":["sensors",26,"reading","timestamp"],"parentType":"SensorReading","fieldName":"timestamp","returnType":"String!","startOffset":315951356,"duration":5189},{"path":["sensors",26,"reading","value"],"parentType":"SensorReading","fieldName":"value","returnType":"Float!","startOffset":315958908,"duration":3481},{"path":["sensors",26,"reading","unitType"],"parentType":"SensorReading","fieldName":"unitType","returnType":"UnitType!","startOffset":315965428,"duration":3403},{"path":["sensors",26,"hasAnomaly"],"parentType":"Sensor","fieldName":"hasAnomaly","returnType":"Boolean","startOffset":315970987,"duration":4792},{"path":["sensors",27,"_id"],"parentType":"Sensor","fieldName":"_id","returnType":"ID!","startOffset":315979695,"duration":3760},{"path":["sensors",27,"identifier"],"parentType":"Sensor","fieldName":"identifier","returnType":"String!","startOffset":315986536,"duration":3473},{"path":["sensors",27,"name"],"parentType":"Sensor","fieldName":"name","returnType":"String!","startOffset":315991816,"duration":4791},{"path":["sensors",27,"unitType"],"parentType":"Sensor","fieldName":"unitType","returnType":"UnitType","startOffset":315998830,"duration":3421},{"path":["sensors",27,"reading"],"parentType":"Sensor","fieldName":"reading","returnType":"SensorReading","startOffset":316005993,"duration":4166},{"path":["sensors",27,"reading","timestamp"],"parentType":"SensorReading","fieldName":"timestamp","returnType":"String!","startOffset":316013551,"duration":4935},{"path":["sensors",27,"reading","value"],"parentType":"SensorReading","fieldName":"value","returnType":"Float!","startOffset":316020359,"duration":3591},{"path":["sensors",27,"reading","unitType"],"parentType":"SensorReading","fieldName":"unitType","returnType":"UnitType!","startOffset":316027054,"duration":3366},{"path":["sensors",27,"hasAnomaly"],"parentType":"Sensor","fieldName":"hasAnomaly","returnType":"Boolean","startOffset":316032618,"duration":3344},{"path":["sensors",28,"_id"],"parentType":"Sensor","fieldName":"_id","returnType":"ID!","startOffset":316041239,"duration":3698},{"path":["sensors",28,"identifier"],"parentType":"Sensor","fieldName":"identifier","returnType":"String!","startOffset":316048026,"duration":3806},{"path":["sensors",28,"name"],"parentType":"Sensor","fieldName":"name","returnType":"String!","startOffset":316053769,"duration":4869},{"path":["sensors",28,"unitType"],"parentType":"Sensor","fieldName":"unitType","returnType":"UnitType","startOffset":316060631,"duration":3350},{"path":["sensors",28,"reading"],"parentType":"Sensor","fieldName":"reading","returnType":"SensorReading","startOffset":316066306,"duration":5326},{"path":["sensors",28,"reading","timestamp"],"parentType":"SensorReading","fieldName":"timestamp","returnType":"String!","startOffset":316074459,"duration":3725},{"path":["sensors",28,"reading","value"],"parentType":"SensorReading","fieldName":"value","returnType":"Float!","startOffset":316081185,"duration":3442},{"path":["sensors",28,"reading","unitType"],"parentType":"SensorReading","fieldName":"unitType","returnType":"UnitType!","startOffset":316086409,"duration":4669},{"path":["sensors",28,"hasAnomaly"],"parentType":"Sensor","fieldName":"hasAnomaly","returnType":"Boolean","startOffset":316093226,"duration":3543},{"path":["sensors",29,"_id"],"parentType":"Sensor","fieldName":"_id","returnType":"ID!","startOffset":316102193,"duration":3667},{"path":["sensors",29,"identifier"],"parentType":"Sensor","fieldName":"identifier","returnType":"String!","startOffset":316108016,"duration":4694},{"path":["sensors",29,"name"],"parentType":"Sensor","fieldName":"name","returnType":"String!","startOffset":316115045,"duration":3296},{"path":["sensors",29,"unitType"],"parentType":"Sensor","fieldName":"unitType","returnType":"UnitType","startOffset":316121441,"duration":3489},{"path":["sensors",29,"reading"],"parentType":"Sensor","fieldName":"reading","returnType":"SensorReading","startOffset":316127247,"duration":5602},{"path":["sensors",29,"reading","timestamp"],"parentType":"SensorReading","fieldName":"timestamp","returnType":"String!","startOffset":316135698,"duration":3840},{"path":["sensors",29,"reading","value"],"parentType":"SensorReading","fieldName":"value","returnType":"Float!","startOffset":316142675,"duration":3538},{"path":["sensors",29,"reading","unitType"],"parentType":"SensorReading","fieldName":"unitType","returnType":"UnitType!","startOffset":316148164,"duration":5296},{"path":["sensors",29,"hasAnomaly"],"parentType":"Sensor","fieldName":"hasAnomaly","returnType":"Boolean","startOffset":316155721,"duration":3881},{"path":["sensors",30,"_id"],"parentType":"Sensor","fieldName":"_id","returnType":"ID!","startOffset":316165470,"duration":3501},{"path":["sensors",30,"identifier"],"parentType":"Sensor","fieldName":"identifier","returnType":"String!","startOffset":316170843,"duration":4781},{"path":["sensors",30,"name"],"parentType":"Sensor","fieldName":"name","returnType":"String!","startOffset":316177764,"duration":3739},{"path":["sensors",30,"unitType"],"parentType":"Sensor","fieldName":"unitType","returnType":"UnitType","startOffset":316184689,"duration":3555},{"path":["sensors",30,"reading"],"parentType":"Sensor","fieldName":"reading","returnType":"SensorReading","startOffset":316190796,"duration":5767},{"path":["sensors",30,"hasAnomaly"],"parentType":"Sensor","fieldName":"hasAnomaly","returnType":"Boolean","startOffset":316198798,"duration":3964},{"path":["sensors",31,"_id"],"parentType":"Sensor","fieldName":"_id","returnType":"ID!","startOffset":316208494,"duration":3738},{"path":["sensors",31,"identifier"],"parentType":"Sensor","fieldName":"identifier","returnType":"String!","startOffset":316214234,"duration":4815},{"path":["sensors",31,"name"],"parentType":"Sensor","fieldName":"name","returnType":"String!","startOffset":316221048,"duration":3712},{"path":["sensors",31,"unitType"],"parentType":"Sensor","fieldName":"unitType","returnType":"UnitType","startOffset":316226691,"duration":4658},{"path":["sensors",31,"reading"],"parentType":"Sensor","fieldName":"reading","returnType":"SensorReading","startOffset":316233805,"duration":9380},{"path":["sensors",31,"hasAnomaly"],"parentType":"Sensor","fieldName":"hasAnomaly","returnType":"Boolean","startOffset":316245148,"duration":4880},{"path":["sensors",32,"_id"],"parentType":"Sensor","fieldName":"_id","returnType":"ID!","startOffset":316254114,"duration":3974},{"path":["sensors",32,"identifier"],"parentType":"Sensor","fieldName":"identifier","returnType":"String!","startOffset":316261135,"
1864 [main] DEBUG org.apache.http.wire  -  << ""duration":3437},{"path":["sensors",32,"name"],"parentType":"Sensor","fieldName":"name","returnType":"String!","startOffset":316266465,"duration":4820},{"path":["sensors",32,"unitType"],"parentType":"Sensor","fieldName":"unitType","returnType":"UnitType","startOffset":316273274,"duration":3461},{"path":["sensors",32,"reading"],"parentType":"Sensor","fieldName":"reading","returnType":"SensorReading","startOffset":316280106,"duration":4185},{"path":["sensors",32,"reading","timestamp"],"parentType":"SensorReading","fieldName":"timestamp","returnType":"String!","startOffset":316287383,"duration":4925},{"path":["sensors",32,"reading","value"],"parentType":"SensorReading","fieldName":"value","returnType":"Float!","startOffset":316294179,"duration":3740},{"path":["sensors",32,"reading","unitType"],"parentType":"SensorReading","fieldName":"unitType","returnType":"UnitType!","startOffset":316300016,"duration":4884},{"path":["sensors",32,"hasAnomaly"],"parentType":"Sensor","fieldName":"hasAnomaly","returnType":"Boolean","startOffset":316307270,"duration":3433},{"path":["sensors",33,"_id"],"parentType":"Sensor","fieldName":"_id","returnType":"ID!","startOffset":316316020,"duration":3483},{"path":["sensors",33,"identifier"],"parentType":"Sensor","fieldName":"identifier","returnType":"String!","startOffset":316322732,"duration":3597},{"path":["sensors",33,"name"],"parentType":"Sensor","fieldName":"name","returnType":"String!","startOffset":316328194,"duration":3323},{"path":["sensors",33,"unitType"],"parentType":"Sensor","fieldName":"unitType","returnType":"UnitType","startOffset":316334563,"duration":3241},{"path":["sensors",33,"reading"],"parentType":"Sensor","fieldName":"reading","returnType":"SensorReading","startOffset":316340246,"duration":5260},{"path":["sensors",33,"reading","timestamp"],"parentType":"SensorReading","fieldName":"timestamp","returnType":"String!","startOffset":316348761,"duration":3604},{"path":["sensors",33,"reading","value"],"parentType":"SensorReading","fieldName":"value","returnType":"Float!","startOffset":316355574,"duration":4129},{"path":["sensors",33,"reading","unitType"],"parentType":"SensorReading","fieldName":"unitType","returnType":"UnitType!","startOffset":316361648,"duration":5248},{"path":["sensors",33,"hasAnomaly"],"parentType":"Sensor","fieldName":"hasAnomaly","returnType":"Boolean","startOffset":316369165,"duration":3705},{"path":["sensors",34,"_id"],"parentType":"Sensor","fieldName":"_id","returnType":"ID!","startOffset":316378198,"duration":3631},{"path":["sensors",34,"identifier"],"parentType":"Sensor","fieldName":"identifier","returnType":"String!","startOffset":316383819,"duration":4969},{"path":["sensors",34,"name"],"parentType":"Sensor","fieldName":"name","returnType":"String!","startOffset":316390829,"duration":3366},{"path":["sensors",34,"unitType"],"parentType":"Sensor","fieldName":"unitType","returnType":"UnitType","startOffset":316397379,"duration":3420},{"path":["sensors",34,"reading"],"parentType":"Sensor","fieldName":"reading","returnType":"SensorReading","startOffset":316403266,"duration":5396},{"path":["sensors",34,"reading","timestamp"],"parentType":"SensorReading","fieldName":"timestamp","returnType":"String!","startOffset":316412069,"duration":3735},{"path":["sensors",34,"reading","value"],"parentType":"SensorReading","fieldName":"value","returnType":"Float!","startOffset":316418779,"duration":3415},{"path":["sensors",34,"reading","unitType"],"parentType":"SensorReading","fieldName":"unitType","returnType":"UnitType!","startOffset":316424039,"duration":4939},{"path":["sensors",34,"hasAnomaly"],"parentType":"Sensor","fieldName":"hasAnomaly","returnType":"Boolean","startOffset":316431116,"duration":3864},{"path":["sensors",35,"_id"],"parentType":"Sensor","fieldName":"_id","returnType":"ID!","startOffset":316440100,"duration":3462},{"path":["sensors",35,"identifier"],"parentType":"Sensor","fieldName":"identifier","returnType":"String!","startOffset":316445563,"duration":4927},{"path":["sensors",35,"name"],"parentType":"Sensor","fieldName":"name","returnType":"String!","startOffset":316452374,"duration":3703},{"path":["sensors",35,"unitType"],"parentType":"Sensor","fieldName":"unitType","returnType":"UnitType","startOffset":316459172,"duration":3445},{"path":["sensors",35,"reading"],"parentType":"Sensor","fieldName":"reading","returnType":"SensorReading","startOffset":316464764,"duration":5856},{"path":["sensors",35,"reading","timestamp"],"parentType":"SensorReading","fieldName":"timestamp","returnType":"String!","startOffset":316473330,"duration":4000},{"path":["sensors",35,"reading","value"],"parentType":"SensorReading","fieldName":"value","returnType":"Float!","startOffset":316480437,"duration":3659},{"path":["sensors",35,"reading","unitType"],"parentType":"SensorReading","fieldName":"unitType","returnType":"UnitType!","startOffset":316486105,"duration":3509},{"path":["sensors",35,"hasAnomaly"],"parentType":"Sensor","fieldName":"hasAnomaly","returnType":"Boolean","startOffset":316492937,"duration":3757},{"path":["sensors",36,"_id"],"parentType":"Sensor","fieldName":"_id","returnType":"ID!","startOffset":316502528,"duration":3844},{"path":["sensors",36,"identifier"],"parentType":"Sensor","fieldName":"identifier","returnType":"String!","startOffset":316508299,"duration":5118},{"path":["sensors",36,"name"],"parentType":"Sensor","fieldName":"name","returnType":"String!","startOffset":316515232,"duration":3286},{"path":["sensors",36,"unitType"],"parentType":"Sensor","fieldName":"unitType","returnType":"UnitType","startOffset":316520303,"duration":4506},{"path":["sensors",36,"reading"],"parentType":"Sensor","fieldName":"reading","returnType":"SensorReading","startOffset":316527217,"duration":4058},{"path":["sensors",36,"reading","timestamp"],"parentType":"SensorReading","fieldName":"timestamp","returnType":"String!","startOffset":316535345,"duration":3842},{"path":["sensors",36,"reading","value"],"parentType":"SensorReading","fieldName":"value","returnType":"Float!","startOffset":316540998,"duration":4606},{"path":["sensors",36,"reading","unitType"],"parentType":"SensorReading","fieldName":"unitType","returnType":"UnitType!","startOffset":316547400,"duration":3582},{"path":["sensors",36,"hasAnomaly"],"parentType":"Sensor","fieldName":"hasAnomaly","returnType":"Boolean","startOffset":316554411,"duration":3574},{"path":["sensors",37,"_id"],"parentType":"Sensor","fieldName":"_id","returnType":"ID!","startOffset":316562067,"duration":5525},{"path":["sensors",37,"identifier"],"parentType":"Sensor","fieldName":"identifier","returnType":"String!","startOffset":316569640,"duration":3348},{"path":["sensors",37,"name"],"parentType":"Sensor","fieldName":"name","returnType":"String!","startOffset":316576051,"duration":4828},{"path":["sensors",37,"unitType"],"parentType":"Sensor","fieldName":"unitType","returnType":"UnitType","startOffset":316582834,"duration":4456},{"path":["sensors",37,"reading"],"parentType":"Sensor","fieldName":"reading","returnType":"SensorReading","startOffset":316589739,"duration":4380},{"path":["sensors",37,"reading","timestamp"],"parentType":"SensorReading","fieldName":"timestamp","returnType":"String!","startOffset":316598225,"duration":3784},{"path":["sensors",37,"reading","value"],"parentType":"SensorReading","fieldName":"value","returnType":"Float!","startOffset":316604009,"duration":4690},{"path":["sensors",37,"reading","unitType"],"parentType":"SensorReading","fieldName":"unitType","returnType":"UnitType!","startOffset":316610585,"duration":4135},{"path":["sensors",37,"hasAnomaly"],"parentType":"Sensor","fieldName":"hasAnomaly","returnType":"Boolean","startOffset":316616958,"duration":5021},{"path":["sensors",38,"_id"],"parentType":"Sensor","fieldName":"_id","returnType":"ID!","startOffset":316626187,"duration":4893},{"path":["sensors",38,"identifier"],"parentType":"Sensor","fieldName":"identifier","returnType":"String!","startOffset":316633189,"duration":3576},{"path":["sensors",38,"name"],"parentType":"Sensor","fieldName":"name","returnType":"String!","startOffset":316640247,"duration":3793},{"path":["sensors",38,"unitType"],"parentType":"Sensor","fieldName":"unitType","returnType":"UnitType","startOffset":316645841,"duration":3666},{"path":["sensors",38,"reading"],"parentType":"Sensor","fieldName":"reading","returnType":"SensorReading","startOffset":316653330,"duration":3960},{"path":["sensors",38,"reading","timestamp"],"parentType":"SensorReading","fieldName":"timestamp","returnType":"String!","startOffset":316661369,"duration":3537},{"path":["sensors",38,"reading","value"],"parentType":"SensorReading","fieldName":"value","returnType":"Float!","startOffset":316666704,"duration":3696},{"path":["sensors",38,"reading","unitType"],"parentType":"SensorReading","fieldName":"unitType","returnType":"UnitType!","startOffset":316673741,"duration":3817},{"path":["sensors",38,"hasAnomaly"],"parentType":"Sensor","fieldName":"hasAnomaly","returnType":"Boolean","startOffset":316679669,"duration":4942},{"path":["sensors",39,"_id"],"parentType":"Sensor","fieldName":"_id","returnType":"ID!","startOffset":316688684,"duration":5305},{"path":["sensors",39,"identifier"],"parentType":"Sensor","fieldName":"identifier","returnType":"String!","startOffset":316695872,"duration":3481},{"path":["sensors",39,"name"],"parentType":"Sensor","fieldName":"name","returnType":"String!","startOffset":316701190,"duration":4577},{"path":["sensors",39,"unitType"],"parentType":"Sensor","fieldName":"unitType","returnType":"UnitType","startOffset":316707750,"duration":3439},{"path":["sensors",39,"reading"],"parentType":"Sensor","fieldName":"reading","returnType":"SensorReading","startOffset":316714683,"duration":4119},{"path":["sensors",39,"reading","timestamp"],"parentType":"SensorReading","fieldName":"timestamp","returnType":"String!","startOffset":316721976,"duration":4684},{"path":["sensors",39,"reading","value"],"parentType":"SensorReading","fieldName":"value","returnType":"Float!","startOffset":316728567,"duration":3457},{"path":["sensors",39,"reading","unitType"],"parentType":"SensorReading","fieldName":"unitType","returnType":"UnitType!","startOffset":316735150,"duration":3537},{"path":["sensors",39,"hasAnomaly"],"parentType":"Sensor","fieldName":"hasAnomaly","returnType":"Boolean","startOffset":316741049,"duration":4682},{"path":["sensors",40,"_id"],"parentType":"Sensor","fieldName":"_id","returnType":"ID!","startOffset":316749940,"duration":3680},{"path":["sensors",40,"identifier"],"parentType":"Sensor","fieldName":"identifier","returnType":"String!","startOffset":316756821,"duration":3513},{"path":["sensors",40,"name"],"parentType":"Sensor","fieldName":"name","returnType":"String!","startOffset":316762119,"duration":5117},{"path":["sensors",40,"unitType"],"parentType":"Sensor","fieldName":"unitType","returnType":"UnitType","startOffset":316769193,"duration":5549},{"path":["sensors",40,"reading"],"parentType":"Sensor","fieldName":"reading","returnType":"SensorReading","startOffset":316778520,"duration":4473},{"path":["sensors",40,"reading","timestamp"],"parentType":"SensorReading","fieldName":"timestamp","returnType":"String!","startOffset":316785970,"duration":4930},{"path":["sensors",40,"reading","value"],"parentType":"SensorReading","fieldName":"value","returnType":"Float!","startOffset":316792772,"duration":3358},{"path":["sensors",40,"reading","unitType"],"parentType":"SensorReading","fieldName":"unitType","returnType":"UnitType!","startOffset":316799315,"duration":3852},{"path":["sensors",40,"hasAnomaly"],"parentType":"Sensor","fieldName":"hasAnomaly","returnType":"Boolean","startOffset":316805361,"duration":4924},{"path":["sensors",41,"_id"],"parentType":"Sensor","fieldName":"_id","returnType":"ID!","startOffset":316814237,"duration":3888},{"path":["sensors",41,"identifier"],"parentType":"Sensor","fieldName":"identifier","returnType":"String!","startOffset":316821188,"duration":3521},{"path":["sensors",41,"name"],"parentType":"Sensor","fieldName":"name","returnType":"String!","startOffset":316826564,"duration":4637},{"path":["sensors",41,"unitType"],"parentType":"Sensor","fieldName":"unitType","returnType":"UnitType","startOffset":316833092,"duration":3352},{"path":["sensors",41,"reading"],"parentType":"Sensor","fieldName":"reading","returnType":"SensorReading","startOffset":316839884,"duration":4788},{"path":["sensors",41,"reading","timestamp"],"parentType":"SensorReading","fieldName":"timestamp","returnType":"String!","startOffset":316847713,"duration":5167},{"path":["sensors",41,"reading","value"],"parentType":"SensorReading","fieldName":"value","returnType":"Float!","startOffset":316854729,"duration":3546},{"path":["sensors",41,"reading","unitType"],"parentType":"SensorReading","fieldName":"unitType","returnType":"UnitType!","startOffset":316860193,"duration":4793},{"path":["sensors",41,"hasAnomaly"],"parentType":"Sensor","fieldName":"hasAnomaly","returnType":"Boolean","startOffset":316867071,"duration":3584},{"path":["sensors",42,"_id"],"parentType":"Sensor","fieldName":"_id","returnType":"ID!","startOffset":316875866,"duration":3536},{"path":["sensors",42,"identifier"],"parentType":"Sensor","fieldName":"identifier","returnType":"String!","startOffset":316882378,"duration":3379},{"path":["sensors",42,"name"],"parentType":"Sensor","fieldName":"name","returnType":"String!","startOffset":316887936,"duration":3689},{"path":["sensors",42,"unitType"],"parentType":"Sensor","fieldName":"unitType","returnType":"UnitType","startOffset":316894676,"duration":3645},{"path":["sensors",42,"reading"],"parentType":"Sensor","fieldName":"reading","returnType":"SensorReading","startOffset":316900601,"duration":5511},{"path":["sensors",42,"reading","timestamp"],"parentType":"SensorReading","fieldName":"timestamp","returnType":"String!","startOffset":316909023,"duration":3627},{"path":["sensors",42,"reading","value"],"parentType":"SensorReading","fieldName":"value","returnType":"Float!","startOffset":316915696,"duration":3732},{"path":["sensors",42,"reading","unitType"],"parentType":"SensorReading","fieldName":"unitType","returnType":"UnitType!","startOffset":316921297,"duration":4671},{"path":["sensors",42,"hasAnomaly"],"parentType":"Sensor","fieldName":"hasAnomaly","returnType":"Boolean","startOffset":316928312,"duration":3730},{"path":["sensors",43,"_id"],"parentType":"Sensor","fieldName":"_id","returnType":"ID!","startOffset":316937705,"duration":3808},{"path":["sensors",43,"identifier"],"parentType":"Sensor","fieldName":"identifier","returnType":"String!","startOffset":316943551,"duration":4923},{"path":["sensors",43,"name"],"parentType":"Sensor","fieldName":"name","returnType":"String!","startOffset":316950604,"duration":3440},{"path":["sensors",43,"unitType"],"parentType":"Sensor","fieldName":"unitType","returnType":"UnitType","startOffset":316957404,"duration":3928},{"path":["sensors",43,"reading"],"parentType":"Sensor","fieldName":"reading","returnType":"SensorReading","startOffset":316963778,"duration":1552077},{"path":["sensors",43,"reading","timestamp"],"parentType":"SensorReading","fieldName":"timestamp","returnType":"String!","startOffset":318541083,"duration":19719},{"path":["sensors",43,"reading","value"],"parentType":"SensorReading","fieldName":"value","returnType":"Float!","startOffset":318567757,"duration":6427},{"path":["sensors",43,"reading","unitType"],"parentType":"SensorReading","fieldName":"unitType","returnType":"UnitType!","startOffset":318577730,"duration":6719},{"path":["sensors",43,"hasAnomaly"],"parentType":"Sensor","fieldName":"hasAnomaly","returnType":"Boolean","startOffset":318589008,"duration":4913}]}}}}[\n]"
1864 [main] DEBUG org.apache.http.wire  -  << ""duration":3437},{"path":["sensors",32,"name"],"parentType":"Sensor","fieldName":"name","returnType":"String!","startOffset":316266465,"duration":4820},{"path":["sensors",32,"unitType"],"parentType":"Sensor","fieldName":"unitType","returnType":"UnitType","startOffset":316273274,"duration":3461},{"path":["sensors",32,"reading"],"parentType":"Sensor","fieldName":"reading","returnType":"SensorReading","startOffset":316280106,"duration":4185},{"path":["sensors",32,"reading","timestamp"],"parentType":"SensorReading","fieldName":"timestamp","returnType":"String!","startOffset":316287383,"duration":4925},{"path":["sensors",32,"reading","value"],"parentType":"SensorReading","fieldName":"value","returnType":"Float!","startOffset":316294179,"duration":3740},{"path":["sensors",32,"reading","unitType"],"parentType":"SensorReading","fieldName":"unitType","returnType":"UnitType!","startOffset":316300016,"duration":4884},{"path":["sensors",32,"hasAnomaly"],"parentType":"Sensor","fieldName":"hasAnomaly","returnType":"Boolean","startOffset":316307270,"duration":3433},{"path":["sensors",33,"_id"],"parentType":"Sensor","fieldName":"_id","returnType":"ID!","startOffset":316316020,"duration":3483},{"path":["sensors",33,"identifier"],"parentType":"Sensor","fieldName":"identifier","returnType":"String!","startOffset":316322732,"duration":3597},{"path":["sensors",33,"name"],"parentType":"Sensor","fieldName":"name","returnType":"String!","startOffset":316328194,"duration":3323},{"path":["sensors",33,"unitType"],"parentType":"Sensor","fieldName":"unitType","returnType":"UnitType","startOffset":316334563,"duration":3241},{"path":["sensors",33,"reading"],"parentType":"Sensor","fieldName":"reading","returnType":"SensorReading","startOffset":316340246,"duration":5260},{"path":["sensors",33,"reading","timestamp"],"parentType":"SensorReading","fieldName":"timestamp","returnType":"String!","startOffset":316348761,"duration":3604},{"path":["sensors",33,"reading","value"],"parentType":"SensorReading","fieldName":"value","returnType":"Float!","startOffset":316355574,"duration":4129},{"path":["sensors",33,"reading","unitType"],"parentType":"SensorReading","fieldName":"unitType","returnType":"UnitType!","startOffset":316361648,"duration":5248},{"path":["sensors",33,"hasAnomaly"],"parentType":"Sensor","fieldName":"hasAnomaly","returnType":"Boolean","startOffset":316369165,"duration":3705},{"path":["sensors",34,"_id"],"parentType":"Sensor","fieldName":"_id","returnType":"ID!","startOffset":316378198,"duration":3631},{"path":["sensors",34,"identifier"],"parentType":"Sensor","fieldName":"identifier","returnType":"String!","startOffset":316383819,"duration":4969},{"path":["sensors",34,"name"],"parentType":"Sensor","fieldName":"name","returnType":"String!","startOffset":316390829,"duration":3366},{"path":["sensors",34,"unitType"],"parentType":"Sensor","fieldName":"unitType","returnType":"UnitType","startOffset":316397379,"duration":3420},{"path":["sensors",34,"reading"],"parentType":"Sensor","fieldName":"reading","returnType":"SensorReading","startOffset":316403266,"duration":5396},{"path":["sensors",34,"reading","timestamp"],"parentType":"SensorReading","fieldName":"timestamp","returnType":"String!","startOffset":316412069,"duration":3735},{"path":["sensors",34,"reading","value"],"parentType":"SensorReading","fieldName":"value","returnType":"Float!","startOffset":316418779,"duration":3415},{"path":["sensors",34,"reading","unitType"],"parentType":"SensorReading","fieldName":"unitType","returnType":"UnitType!","startOffset":316424039,"duration":4939},{"path":["sensors",34,"hasAnomaly"],"parentType":"Sensor","fieldName":"hasAnomaly","returnType":"Boolean","startOffset":316431116,"duration":3864},{"path":["sensors",35,"_id"],"parentType":"Sensor","fieldName":"_id","returnType":"ID!","startOffset":316440100,"duration":3462},{"path":["sensors",35,"identifier"],"parentType":"Sensor","fieldName":"identifier","returnType":"String!","startOffset":316445563,"duration":4927},{"path":["sensors",35,"name"],"parentType":"Sensor","fieldName":"name","returnType":"String!","startOffset":316452374,"duration":3703},{"path":["sensors",35,"unitType"],"parentType":"Sensor","fieldName":"unitType","returnType":"UnitType","startOffset":316459172,"duration":3445},{"path":["sensors",35,"reading"],"parentType":"Sensor","fieldName":"reading","returnType":"SensorReading","startOffset":316464764,"duration":5856},{"path":["sensors",35,"reading","timestamp"],"parentType":"SensorReading","fieldName":"timestamp","returnType":"String!","startOffset":316473330,"duration":4000},{"path":["sensors",35,"reading","value"],"parentType":"SensorReading","fieldName":"value","returnType":"Float!","startOffset":316480437,"duration":3659},{"path":["sensors",35,"reading","unitType"],"parentType":"SensorReading","fieldName":"unitType","returnType":"UnitType!","startOffset":316486105,"duration":3509},{"path":["sensors",35,"hasAnomaly"],"parentType":"Sensor","fieldName":"hasAnomaly","returnType":"Boolean","startOffset":316492937,"duration":3757},{"path":["sensors",36,"_id"],"parentType":"Sensor","fieldName":"_id","returnType":"ID!","startOffset":316502528,"duration":3844},{"path":["sensors",36,"identifier"],"parentType":"Sensor","fieldName":"identifier","returnType":"String!","startOffset":316508299,"duration":5118},{"path":["sensors",36,"name"],"parentType":"Sensor","fieldName":"name","returnType":"String!","startOffset":316515232,"duration":3286},{"path":["sensors",36,"unitType"],"parentType":"Sensor","fieldName":"unitType","returnType":"UnitType","startOffset":316520303,"duration":4506},{"path":["sensors",36,"reading"],"parentType":"Sensor","fieldName":"reading","returnType":"SensorReading","startOffset":316527217,"duration":4058},{"path":["sensors",36,"reading","timestamp"],"parentType":"SensorReading","fieldName":"timestamp","returnType":"String!","startOffset":316535345,"duration":3842},{"path":["sensors",36,"reading","value"],"parentType":"SensorReading","fieldName":"value","returnType":"Float!","startOffset":316540998,"duration":4606},{"path":["sensors",36,"reading","unitType"],"parentType":"SensorReading","fieldName":"unitType","returnType":"UnitType!","startOffset":316547400,"duration":3582},{"path":["sensors",36,"hasAnomaly"],"parentType":"Sensor","fieldName":"hasAnomaly","returnType":"Boolean","startOffset":316554411,"duration":3574},{"path":["sensors",37,"_id"],"parentType":"Sensor","fieldName":"_id","returnType":"ID!","startOffset":316562067,"duration":5525},{"path":["sensors",37,"identifier"],"parentType":"Sensor","fieldName":"identifier","returnType":"String!","startOffset":316569640,"duration":3348},{"path":["sensors",37,"name"],"parentType":"Sensor","fieldName":"name","returnType":"String!","startOffset":316576051,"duration":4828},{"path":["sensors",37,"unitType"],"parentType":"Sensor","fieldName":"unitType","returnType":"UnitType","startOffset":316582834,"duration":4456},{"path":["sensors",37,"reading"],"parentType":"Sensor","fieldName":"reading","returnType":"SensorReading","startOffset":316589739,"duration":4380},{"path":["sensors",37,"reading","timestamp"],"parentType":"SensorReading","fieldName":"timestamp","returnType":"String!","startOffset":316598225,"duration":3784},{"path":["sensors",37,"reading","value"],"parentType":"SensorReading","fieldName":"value","returnType":"Float!","startOffset":316604009,"duration":4690},{"path":["sensors",37,"reading","unitType"],"parentType":"SensorReading","fieldName":"unitType","returnType":"UnitType!","startOffset":316610585,"duration":4135},{"path":["sensors",37,"hasAnomaly"],"parentType":"Sensor","fieldName":"hasAnomaly","returnType":"Boolean","startOffset":316616958,"duration":5021},{"path":["sensors",38,"_id"],"parentType":"Sensor","fieldName":"_id","returnType":"ID!","startOffset":316626187,"duration":4893},{"path":["sensors",38,"identifier"],"parentType":"Sensor","fieldName":"identifier","returnType":"String!","startOffset":316633189,"duration":3576},{"path":["sensors",38,"name"],"parentType":"Sensor","fieldName":"name","returnType":"String!","startOffset":316640247,"duration":3793},{"path":["sensors",38,"unitType"],"parentType":"Sensor","fieldName":"unitType","returnType":"UnitType","startOffset":316645841,"duration":3666},{"path":["sensors",38,"reading"],"parentType":"Sensor","fieldName":"reading","returnType":"SensorReading","startOffset":316653330,"duration":3960},{"path":["sensors",38,"reading","timestamp"],"parentType":"SensorReading","fieldName":"timestamp","returnType":"String!","startOffset":316661369,"duration":3537},{"path":["sensors",38,"reading","value"],"parentType":"SensorReading","fieldName":"value","returnType":"Float!","startOffset":316666704,"duration":3696},{"path":["sensors",38,"reading","unitType"],"parentType":"SensorReading","fieldName":"unitType","returnType":"UnitType!","startOffset":316673741,"duration":3817},{"path":["sensors",38,"hasAnomaly"],"parentType":"Sensor","fieldName":"hasAnomaly","returnType":"Boolean","startOffset":316679669,"duration":4942},{"path":["sensors",39,"_id"],"parentType":"Sensor","fieldName":"_id","returnType":"ID!","startOffset":316688684,"duration":5305},{"path":["sensors",39,"identifier"],"parentType":"Sensor","fieldName":"identifier","returnType":"String!","startOffset":316695872,"duration":3481},{"path":["sensors",39,"name"],"parentType":"Sensor","fieldName":"name","returnType":"String!","startOffset":316701190,"duration":4577},{"path":["sensors",39,"unitType"],"parentType":"Sensor","fieldName":"unitType","returnType":"UnitType","startOffset":316707750,"duration":3439},{"path":["sensors",39,"reading"],"parentType":"Sensor","fieldName":"reading","returnType":"SensorReading","startOffset":316714683,"duration":4119},{"path":["sensors",39,"reading","timestamp"],"parentType":"SensorReading","fieldName":"timestamp","returnType":"String!","startOffset":316721976,"duration":4684},{"path":["sensors",39,"reading","value"],"parentType":"SensorReading","fieldName":"value","returnType":"Float!","startOffset":316728567,"duration":3457},{"path":["sensors",39,"reading","unitType"],"parentType":"SensorReading","fieldName":"unitType","returnType":"UnitType!","startOffset":316735150,"duration":3537},{"path":["sensors",39,"hasAnomaly"],"parentType":"Sensor","fieldName":"hasAnomaly","returnType":"Boolean","startOffset":316741049,"duration":4682},{"path":["sensors",40,"_id"],"parentType":"Sensor","fieldName":"_id","returnType":"ID!","startOffset":316749940,"duration":3680},{"path":["sensors",40,"identifier"],"parentType":"Sensor","fieldName":"identifier","returnType":"String!","startOffset":316756821,"duration":3513},{"path":["sensors",40,"name"],"parentType":"Sensor","fieldName":"name","returnType":"String!","startOffset":316762119,"duration":5117},{"path":["sensors",40,"unitType"],"parentType":"Sensor","fieldName":"unitType","returnType":"UnitType","startOffset":316769193,"duration":5549},{"path":["sensors",40,"reading"],"parentType":"Sensor","fieldName":"reading","returnType":"SensorReading","startOffset":316778520,"duration":4473},{"path":["sensors",40,"reading","timestamp"],"parentType":"SensorReading","fieldName":"timestamp","returnType":"String!","startOffset":316785970,"duration":4930},{"path":["sensors",40,"reading","value"],"parentType":"SensorReading","fieldName":"value","returnType":"Float!","startOffset":316792772,"duration":3358},{"path":["sensors",40,"reading","unitType"],"parentType":"SensorReading","fieldName":"unitType","returnType":"UnitType!","startOffset":316799315,"duration":3852},{"path":["sensors",40,"hasAnomaly"],"parentType":"Sensor","fieldName":"hasAnomaly","returnType":"Boolean","startOffset":316805361,"duration":4924},{"path":["sensors",41,"_id"],"parentType":"Sensor","fieldName":"_id","returnType":"ID!","startOffset":316814237,"duration":3888},{"path":["sensors",41,"identifier"],"parentType":"Sensor","fieldName":"identifier","returnType":"String!","startOffset":316821188,"duration":3521},{"path":["sensors",41,"name"],"parentType":"Sensor","fieldName":"name","returnType":"String!","startOffset":316826564,"duration":4637},{"path":["sensors",41,"unitType"],"parentType":"Sensor","fieldName":"unitType","returnType":"UnitType","startOffset":316833092,"duration":3352},{"path":["sensors",41,"reading"],"parentType":"Sensor","fieldName":"reading","returnType":"SensorReading","startOffset":316839884,"duration":4788},{"path":["sensors",41,"reading","timestamp"],"parentType":"SensorReading","fieldName":"timestamp","returnType":"String!","startOffset":316847713,"duration":5167},{"path":["sensors",41,"reading","value"],"parentType":"SensorReading","fieldName":"value","returnType":"Float!","startOffset":316854729,"duration":3546},{"path":["sensors",41,"reading","unitType"],"parentType":"SensorReading","fieldName":"unitType","returnType":"UnitType!","startOffset":316860193,"duration":4793},{"path":["sensors",41,"hasAnomaly"],"parentType":"Sensor","fieldName":"hasAnomaly","returnType":"Boolean","startOffset":316867071,"duration":3584},{"path":["sensors",42,"_id"],"parentType":"Sensor","fieldName":"_id","returnType":"ID!","startOffset":316875866,"duration":3536},{"path":["sensors",42,"identifier"],"parentType":"Sensor","fieldName":"identifier","returnType":"String!","startOffset":316882378,"duration":3379},{"path":["sensors",42,"name"],"parentType":"Sensor","fieldName":"name","returnType":"String!","startOffset":316887936,"duration":3689},{"path":["sensors",42,"unitType"],"parentType":"Sensor","fieldName":"unitType","returnType":"UnitType","startOffset":316894676,"duration":3645},{"path":["sensors",42,"reading"],"parentType":"Sensor","fieldName":"reading","returnType":"SensorReading","startOffset":316900601,"duration":5511},{"path":["sensors",42,"reading","timestamp"],"parentType":"SensorReading","fieldName":"timestamp","returnType":"String!","startOffset":316909023,"duration":3627},{"path":["sensors",42,"reading","value"],"parentType":"SensorReading","fieldName":"value","returnType":"Float!","startOffset":316915696,"duration":3732},{"path":["sensors",42,"reading","unitType"],"parentType":"SensorReading","fieldName":"unitType","returnType":"UnitType!","startOffset":316921297,"duration":4671},{"path":["sensors",42,"hasAnomaly"],"parentType":"Sensor","fieldName":"hasAnomaly","returnType":"Boolean","startOffset":316928312,"duration":3730},{"path":["sensors",43,"_id"],"parentType":"Sensor","fieldName":"_id","returnType":"ID!","startOffset":316937705,"duration":3808},{"path":["sensors",43,"identifier"],"parentType":"Sensor","fieldName":"identifier","returnType":"String!","startOffset":316943551,"duration":4923},{"path":["sensors",43,"name"],"parentType":"Sensor","fieldName":"name","returnType":"String!","startOffset":316950604,"duration":3440},{"path":["sensors",43,"unitType"],"parentType":"Sensor","fieldName":"unitType","returnType":"UnitType","startOffset":316957404,"duration":3928},{"path":["sensors",43,"reading"],"parentType":"Sensor","fieldName":"reading","returnType":"SensorReading","startOffset":316963778,"duration":1552077},{"path":["sensors",43,"reading","timestamp"],"parentType":"SensorReading","fieldName":"timestamp","returnType":"String!","startOffset":318541083,"duration":19719},{"path":["sensors",43,"reading","value"],"parentType":"SensorReading","fieldName":"value","returnType":"Float!","startOffset":318567757,"duration":6427},{"path":["sensors",43,"reading","unitType"],"parentType":"SensorReading","fieldName":"unitType","returnType":"UnitType!","startOffset":318577730,"duration":6719},{"path":["sensors",43,"hasAnomaly"],"parentType":"Sensor","fieldName":"hasAnomaly","returnType":"Boolean","startOffset":318589008,"duration":4913}]}}}}[\n]"
1864 [main] DEBUG org.apache.http.wire  -  << ""duration":3437},{"path":["sensors",32,"name"],"parentType":"Sensor","fieldName":"name","returnType":"String!","startOffset":316266465,"duration":4820},{"path":["sensors",32,"unitType"],"parentType":"Sensor","fieldName":"unitType","returnType":"UnitType","startOffset":316273274,"duration":3461},{"path":["sensors",32,"reading"],"parentType":"Sensor","fieldName":"reading","returnType":"SensorReading","startOffset":316280106,"duration":4185},{"path":["sensors",32,"reading","timestamp"],"parentType":"SensorReading","fieldName":"timestamp","returnType":"String!","startOffset":316287383,"duration":4925},{"path":["sensors",32,"reading","value"],"parentType":"SensorReading","fieldName":"value","returnType":"Float!","startOffset":316294179,"duration":3740},{"path":["sensors",32,"reading","unitType"],"parentType":"SensorReading","fieldName":"unitType","returnType":"UnitType!","startOffset":316300016,"duration":4884},{"path":["sensors",32,"hasAnomaly"],"parentType":"Sensor","fieldName":"hasAnomaly","returnType":"Boolean","startOffset":316307270,"duration":3433},{"path":["sensors",33,"_id"],"parentType":"Sensor","fieldName":"_id","returnType":"ID!","startOffset":316316020,"duration":3483},{"path":["sensors",33,"identifier"],"parentType":"Sensor","fieldName":"identifier","returnType":"String!","startOffset":316322732,"duration":3597},{"path":["sensors",33,"name"],"parentType":"Sensor","fieldName":"name","returnType":"String!","startOffset":316328194,"duration":3323},{"path":["sensors",33,"unitType"],"parentType":"Sensor","fieldName":"unitType","returnType":"UnitType","startOffset":316334563,"duration":3241},{"path":["sensors",33,"reading"],"parentType":"Sensor","fieldName":"reading","returnType":"SensorReading","startOffset":316340246,"duration":5260},{"path":["sensors",33,"reading","timestamp"],"parentType":"SensorReading","fieldName":"timestamp","returnType":"String!","startOffset":316348761,"duration":3604},{"path":["sensors",33,"reading","value"],"parentType":"SensorReading","fieldName":"value","returnType":"Float!","startOffset":316355574,"duration":4129},{"path":["sensors",33,"reading","unitType"],"parentType":"SensorReading","fieldName":"unitType","returnType":"UnitType!","startOffset":316361648,"duration":5248},{"path":["sensors",33,"hasAnomaly"],"parentType":"Sensor","fieldName":"hasAnomaly","returnType":"Boolean","startOffset":316369165,"duration":3705},{"path":["sensors",34,"_id"],"parentType":"Sensor","fieldName":"_id","returnType":"ID!","startOffset":316378198,"duration":3631},{"path":["sensors",34,"identifier"],"parentType":"Sensor","fieldName":"identifier","returnType":"String!","startOffset":316383819,"duration":4969},{"path":["sensors",34,"name"],"parentType":"Sensor","fieldName":"name","returnType":"String!","startOffset":316390829,"duration":3366},{"path":["sensors",34,"unitType"],"parentType":"Sensor","fieldName":"unitType","returnType":"UnitType","startOffset":316397379,"duration":3420},{"path":["sensors",34,"reading"],"parentType":"Sensor","fieldName":"reading","returnType":"SensorReading","startOffset":316403266,"duration":5396},{"path":["sensors",34,"reading","timestamp"],"parentType":"SensorReading","fieldName":"timestamp","returnType":"String!","startOffset":316412069,"duration":3735},{"path":["sensors",34,"reading","value"],"parentType":"SensorReading","fieldName":"value","returnType":"Float!","startOffset":316418779,"duration":3415},{"path":["sensors",34,"reading","unitType"],"parentType":"SensorReading","fieldName":"unitType","returnType":"UnitType!","startOffset":316424039,"duration":4939},{"path":["sensors",34,"hasAnomaly"],"parentType":"Sensor","fieldName":"hasAnomaly","returnType":"Boolean","startOffset":316431116,"duration":3864},{"path":["sensors",35,"_id"],"parentType":"Sensor","fieldName":"_id","returnType":"ID!","startOffset":316440100,"duration":3462},{"path":["sensors",35,"identifier"],"parentType":"Sensor","fieldName":"identifier","returnType":"String!","startOffset":316445563,"duration":4927},{"path":["sensors",35,"name"],"parentType":"Sensor","fieldName":"name","returnType":"String!","startOffset":316452374,"duration":3703},{"path":["sensors",35,"unitType"],"parentType":"Sensor","fieldName":"unitType","returnType":"UnitType","startOffset":316459172,"duration":3445},{"path":["sensors",35,"reading"],"parentType":"Sensor","fieldName":"reading","returnType":"SensorReading","startOffset":316464764,"duration":5856},{"path":["sensors",35,"reading","timestamp"],"parentType":"SensorReading","fieldName":"timestamp","returnType":"String!","startOffset":316473330,"duration":4000},{"path":["sensors",35,"reading","value"],"parentType":"SensorReading","fieldName":"value","returnType":"Float!","startOffset":316480437,"duration":3659},{"path":["sensors",35,"reading","unitType"],"parentType":"SensorReading","fieldName":"unitType","returnType":"UnitType!","startOffset":316486105,"duration":3509},{"path":["sensors",35,"hasAnomaly"],"parentType":"Sensor","fieldName":"hasAnomaly","returnType":"Boolean","startOffset":316492937,"duration":3757},{"path":["sensors",36,"_id"],"parentType":"Sensor","fieldName":"_id","returnType":"ID!","startOffset":316502528,"duration":3844},{"path":["sensors",36,"identifier"],"parentType":"Sensor","fieldName":"identifier","returnType":"String!","startOffset":316508299,"duration":5118},{"path":["sensors",36,"name"],"parentType":"Sensor","fieldName":"name","returnType":"String!","startOffset":316515232,"duration":3286},{"path":["sensors",36,"unitType"],"parentType":"Sensor","fieldName":"unitType","returnType":"UnitType","startOffset":316520303,"duration":4506},{"path":["sensors",36,"reading"],"parentType":"Sensor","fieldName":"reading","returnType":"SensorReading","startOffset":316527217,"duration":4058},{"path":["sensors",36,"reading","timestamp"],"parentType":"SensorReading","fieldName":"timestamp","returnType":"String!","startOffset":316535345,"duration":3842},{"path":["sensors",36,"reading","value"],"parentType":"SensorReading","fieldName":"value","returnType":"Float!","startOffset":316540998,"duration":4606},{"path":["sensors",36,"reading","unitType"],"parentType":"SensorReading","fieldName":"unitType","returnType":"UnitType!","startOffset":316547400,"duration":3582},{"path":["sensors",36,"hasAnomaly"],"parentType":"Sensor","fieldName":"hasAnomaly","returnType":"Boolean","startOffset":316554411,"duration":3574},{"path":["sensors",37,"_id"],"parentType":"Sensor","fieldName":"_id","returnType":"ID!","startOffset":316562067,"duration":5525},{"path":["sensors",37,"identifier"],"parentType":"Sensor","fieldName":"identifier","returnType":"String!","startOffset":316569640,"duration":3348},{"path":["sensors",37,"name"],"parentType":"Sensor","fieldName":"name","returnType":"String!","startOffset":316576051,"duration":4828},{"path":["sensors",37,"unitType"],"parentType":"Sensor","fieldName":"unitType","returnType":"UnitType","startOffset":316582834,"duration":4456},{"path":["sensors",37,"reading"],"parentType":"Sensor","fieldName":"reading","returnType":"SensorReading","startOffset":316589739,"duration":4380},{"path":["sensors",37,"reading","timestamp"],"parentType":"SensorReading","fieldName":"timestamp","returnType":"String!","startOffset":316598225,"duration":3784},{"path":["sensors",37,"reading","value"],"parentType":"SensorReading","fieldName":"value","returnType":"Float!","startOffset":316604009,"duration":4690},{"path":["sensors",37,"reading","unitType"],"parentType":"SensorReading","fieldName":"unitType","returnType":"UnitType!","startOffset":316610585,"duration":4135},{"path":["sensors",37,"hasAnomaly"],"parentType":"Sensor","fieldName":"hasAnomaly","returnType":"Boolean","startOffset":316616958,"duration":5021},{"path":["sensors",38,"_id"],"parentType":"Sensor","fieldName":"_id","returnType":"ID!","startOffset":316626187,"duration":4893},{"path":["sensors",38,"identifier"],"parentType":"Sensor","fieldName":"identifier","returnType":"String!","startOffset":316633189,"duration":3576},{"path":["sensors",38,"name"],"parentType":"Sensor","fieldName":"name","returnType":"String!","startOffset":316640247,"duration":3793},{"path":["sensors",38,"unitType"],"parentType":"Sensor","fieldName":"unitType","returnType":"UnitType","startOffset":316645841,"duration":3666},{"path":["sensors",38,"reading"],"parentType":"Sensor","fieldName":"reading","returnType":"SensorReading","startOffset":316653330,"duration":3960},{"path":["sensors",38,"reading","timestamp"],"parentType":"SensorReading","fieldName":"timestamp","returnType":"String!","startOffset":316661369,"duration":3537},{"path":["sensors",38,"reading","value"],"parentType":"SensorReading","fieldName":"value","returnType":"Float!","startOffset":316666704,"duration":3696},{"path":["sensors",38,"reading","unitType"],"parentType":"SensorReading","fieldName":"unitType","returnType":"UnitType!","startOffset":316673741,"duration":3817},{"path":["sensors",38,"hasAnomaly"],"parentType":"Sensor","fieldName":"hasAnomaly","returnType":"Boolean","startOffset":316679669,"duration":4942},{"path":["sensors",39,"_id"],"parentType":"Sensor","fieldName":"_id","returnType":"ID!","startOffset":316688684,"duration":5305},{"path":["sensors",39,"identifier"],"parentType":"Sensor","fieldName":"identifier","returnType":"String!","startOffset":316695872,"duration":3481},{"path":["sensors",39,"name"],"parentType":"Sensor","fieldName":"name","returnType":"String!","startOffset":316701190,"duration":4577},{"path":["sensors",39,"unitType"],"parentType":"Sensor","fieldName":"unitType","returnType":"UnitType","startOffset":316707750,"duration":3439},{"path":["sensors",39,"reading"],"parentType":"Sensor","fieldName":"reading","returnType":"SensorReading","startOffset":316714683,"duration":4119},{"path":["sensors",39,"reading","timestamp"],"parentType":"SensorReading","fieldName":"timestamp","returnType":"String!","startOffset":316721976,"duration":4684},{"path":["sensors",39,"reading","value"],"parentType":"SensorReading","fieldName":"value","returnType":"Float!","startOffset":316728567,"duration":3457},{"path":["sensors",39,"reading","unitType"],"parentType":"SensorReading","fieldName":"unitType","returnType":"UnitType!","startOffset":316735150,"duration":3537},{"path":["sensors",39,"hasAnomaly"],"parentType":"Sensor","fieldName":"hasAnomaly","returnType":"Boolean","startOffset":316741049,"duration":4682},{"path":["sensors",40,"_id"],"parentType":"Sensor","fieldName":"_id","returnType":"ID!","startOffset":316749940,"duration":3680},{"path":["sensors",40,"identifier"],"parentType":"Sensor","fieldName":"identifier","returnType":"String!","startOffset":316756821,"duration":3513},{"path":["sensors",40,"name"],"parentType":"Sensor","fieldName":"name","returnType":"String!","startOffset":316762119,"duration":5117},{"path":["sensors",40,"unitType"],"parentType":"Sensor","fieldName":"unitType","returnType":"UnitType","startOffset":316769193,"duration":5549},{"path":["sensors",40,"reading"],"parentType":"Sensor","fieldName":"reading","returnType":"SensorReading","startOffset":316778520,"duration":4473},{"path":["sensors",40,"reading","timestamp"],"parentType":"SensorReading","fieldName":"timestamp","returnType":"String!","startOffset":316785970,"duration":4930},{"path":["sensors",40,"reading","value"],"parentType":"SensorReading","fieldName":"value","returnType":"Float!","startOffset":316792772,"duration":3358},{"path":["sensors",40,"reading","unitType"],"parentType":"SensorReading","fieldName":"unitType","returnType":"UnitType!","startOffset":316799315,"duration":3852},{"path":["sensors",40,"hasAnomaly"],"parentType":"Sensor","fieldName":"hasAnomaly","returnType":"Boolean","startOffset":316805361,"duration":4924},{"path":["sensors",41,"_id"],"parentType":"Sensor","fieldName":"_id","returnType":"ID!","startOffset":316814237,"duration":3888},{"path":["sensors",41,"identifier"],"parentType":"Sensor","fieldName":"identifier","returnType":"String!","startOffset":316821188,"duration":3521},{"path":["sensors",41,"name"],"parentType":"Sensor","fieldName":"name","returnType":"String!","startOffset":316826564,"duration":4637},{"path":["sensors",41,"unitType"],"parentType":"Sensor","fieldName":"unitType","returnType":"UnitType","startOffset":316833092,"duration":3352},{"path":["sensors",41,"reading"],"parentType":"Sensor","fieldName":"reading","returnType":"SensorReading","startOffset":316839884,"duration":4788},{"path":["sensors",41,"reading","timestamp"],"parentType":"SensorReading","fieldName":"timestamp","returnType":"String!","startOffset":316847713,"duration":5167},{"path":["sensors",41,"reading","value"],"parentType":"SensorReading","fieldName":"value","returnType":"Float!","startOffset":316854729,"duration":3546},{"path":["sensors",41,"reading","unitType"],"parentType":"SensorReading","fieldName":"unitType","returnType":"UnitType!","startOffset":316860193,"duration":4793},{"path":["sensors",41,"hasAnomaly"],"parentType":"Sensor","fieldName":"hasAnomaly","returnType":"Boolean","startOffset":316867071,"duration":3584},{"path":["sensors",42,"_id"],"parentType":"Sensor","fieldName":"_id","returnType":"ID!","startOffset":316875866,"duration":3536},{"path":["sensors",42,"identifier"],"parentType":"Sensor","fieldName":"identifier","returnType":"String!","startOffset":316882378,"duration":3379},{"path":["sensors",42,"name"],"parentType":"Sensor","fieldName":"name","returnType":"String!","startOffset":316887936,"duration":3689},{"path":["sensors",42,"unitType"],"parentType":"Sensor","fieldName":"unitType","returnType":"UnitType","startOffset":316894676,"duration":3645},{"path":["sensors",42,"reading"],"parentType":"Sensor","fieldName":"reading","returnType":"SensorReading","startOffset":316900601,"duration":5511},{"path":["sensors",42,"reading","timestamp"],"parentType":"SensorReading","fieldName":"timestamp","returnType":"String!","startOffset":316909023,"duration":3627},{"path":["sensors",42,"reading","value"],"parentType":"SensorReading","fieldName":"value","returnType":"Float!","startOffset":316915696,"duration":3732},{"path":["sensors",42,"reading","unitType"],"parentType":"SensorReading","fieldName":"unitType","returnType":"UnitType!","startOffset":316921297,"duration":4671},{"path":["sensors",42,"hasAnomaly"],"parentType":"Sensor","fieldName":"hasAnomaly","returnType":"Boolean","startOffset":316928312,"duration":3730},{"path":["sensors",43,"_id"],"parentType":"Sensor","fieldName":"_id","returnType":"ID!","startOffset":316937705,"duration":3808},{"path":["sensors",43,"identifier"],"parentType":"Sensor","fieldName":"identifier","returnType":"String!","startOffset":316943551,"duration":4923},{"path":["sensors",43,"name"],"parentType":"Sensor","fieldName":"name","returnType":"String!","startOffset":316950604,"duration":3440},{"path":["sensors",43,"unitType"],"parentType":"Sensor","fieldName":"unitType","returnType":"UnitType","startOffset":316957404,"duration":3928},{"path":["sensors",43,"reading"],"parentType":"Sensor","fieldName":"reading","returnType":"SensorReading","startOffset":316963778,"duration":1552077},{"path":["sensors",43,"reading","timestamp"],"parentType":"SensorReading","fieldName":"timestamp","returnType":"String!","startOffset":318541083,"duration":19719},{"path":["sensors",43,"reading","value"],"parentType":"SensorReading","fieldName":"value","returnType":"Float!","startOffset":318567757,"duration":6427},{"path":["sensors",43,"reading","unitType"],"parentType":"SensorReading","fieldName":"unitType","returnType":"UnitType!","startOffset":318577730,"duration":6719},{"path":["sensors",43,"hasAnomaly"],"parentType":"Sensor","fieldName":"hasAnomaly","returnType":"Boolean","startOffset":318589008,"duration":4913}]}}}}[\n]"
1864 [main] DEBUG org.apache.http.wire  -  << ""duration":3437},{"path":["sensors",32,"name"],"parentType":"Sensor","fieldName":"name","returnType":"String!","startOffset":316266465,"duration":4820},{"path":["sensors",32,"unitType"],"parentType":"Sensor","fieldName":"unitType","returnType":"UnitType","startOffset":316273274,"duration":3461},{"path":["sensors",32,"reading"],"parentType":"Sensor","fieldName":"reading","returnType":"SensorReading","startOffset":316280106,"duration":4185},{"path":["sensors",32,"reading","timestamp"],"parentType":"SensorReading","fieldName":"timestamp","returnType":"String!","startOffset":316287383,"duration":4925},{"path":["sensors",32,"reading","value"],"parentType":"SensorReading","fieldName":"value","returnType":"Float!","startOffset":316294179,"duration":3740},{"path":["sensors",32,"reading","unitType"],"parentType":"SensorReading","fieldName":"unitType","returnType":"UnitType!","startOffset":316300016,"duration":4884},{"path":["sensors",32,"hasAnomaly"],"parentType":"Sensor","fieldName":"hasAnomaly","returnType":"Boolean","startOffset":316307270,"duration":3433},{"path":["sensors",33,"_id"],"parentType":"Sensor","fieldName":"_id","returnType":"ID!","startOffset":316316020,"duration":3483},{"path":["sensors",33,"identifier"],"parentType":"Sensor","fieldName":"identifier","returnType":"String!","startOffset":316322732,"duration":3597},{"path":["sensors",33,"name"],"parentType":"Sensor","fieldName":"name","returnType":"String!","startOffset":316328194,"duration":3323},{"path":["sensors",33,"unitType"],"parentType":"Sensor","fieldName":"unitType","returnType":"UnitType","startOffset":316334563,"duration":3241},{"path":["sensors",33,"reading"],"parentType":"Sensor","fieldName":"reading","returnType":"SensorReading","startOffset":316340246,"duration":5260},{"path":["sensors",33,"reading","timestamp"],"parentType":"SensorReading","fieldName":"timestamp","returnType":"String!","startOffset":316348761,"duration":3604},{"path":["sensors",33,"reading","value"],"parentType":"SensorReading","fieldName":"value","returnType":"Float!","startOffset":316355574,"duration":4129},{"path":["sensors",33,"reading","unitType"],"parentType":"SensorReading","fieldName":"unitType","returnType":"UnitType!","startOffset":316361648,"duration":5248},{"path":["sensors",33,"hasAnomaly"],"parentType":"Sensor","fieldName":"hasAnomaly","returnType":"Boolean","startOffset":316369165,"duration":3705},{"path":["sensors",34,"_id"],"parentType":"Sensor","fieldName":"_id","returnType":"ID!","startOffset":316378198,"duration":3631},{"path":["sensors",34,"identifier"],"parentType":"Sensor","fieldName":"identifier","returnType":"String!","startOffset":316383819,"duration":4969},{"path":["sensors",34,"name"],"parentType":"Sensor","fieldName":"name","returnType":"String!","startOffset":316390829,"duration":3366},{"path":["sensors",34,"unitType"],"parentType":"Sensor","fieldName":"unitType","returnType":"UnitType","startOffset":316397379,"duration":3420},{"path":["sensors",34,"reading"],"parentType":"Sensor","fieldName":"reading","returnType":"SensorReading","startOffset":316403266,"duration":5396},{"path":["sensors",34,"reading","timestamp"],"parentType":"SensorReading","fieldName":"timestamp","returnType":"String!","startOffset":316412069,"duration":3735},{"path":["sensors",34,"reading","value"],"parentType":"SensorReading","fieldName":"value","returnType":"Float!","startOffset":316418779,"duration":3415},{"path":["sensors",34,"reading","unitType"],"parentType":"SensorReading","fieldName":"unitType","returnType":"UnitType!","startOffset":316424039,"duration":4939},{"path":["sensors",34,"hasAnomaly"],"parentType":"Sensor","fieldName":"hasAnomaly","returnType":"Boolean","startOffset":316431116,"duration":3864},{"path":["sensors",35,"_id"],"parentType":"Sensor","fieldName":"_id","returnType":"ID!","startOffset":316440100,"duration":3462},{"path":["sensors",35,"identifier"],"parentType":"Sensor","fieldName":"identifier","returnType":"String!","startOffset":316445563,"duration":4927},{"path":["sensors",35,"name"],"parentType":"Sensor","fieldName":"name","returnType":"String!","startOffset":316452374,"duration":3703},{"path":["sensors",35,"unitType"],"parentType":"Sensor","fieldName":"unitType","returnType":"UnitType","startOffset":316459172,"duration":3445},{"path":["sensors",35,"reading"],"parentType":"Sensor","fieldName":"reading","returnType":"SensorReading","startOffset":316464764,"duration":5856},{"path":["sensors",35,"reading","timestamp"],"parentType":"SensorReading","fieldName":"timestamp","returnType":"String!","startOffset":316473330,"duration":4000},{"path":["sensors",35,"reading","value"],"parentType":"SensorReading","fieldName":"value","returnType":"Float!","startOffset":316480437,"duration":3659},{"path":["sensors",35,"reading","unitType"],"parentType":"SensorReading","fieldName":"unitType","returnType":"UnitType!","startOffset":316486105,"duration":3509},{"path":["sensors",35,"hasAnomaly"],"parentType":"Sensor","fieldName":"hasAnomaly","returnType":"Boolean","startOffset":316492937,"duration":3757},{"path":["sensors",36,"_id"],"parentType":"Sensor","fieldName":"_id","returnType":"ID!","startOffset":316502528,"duration":3844},{"path":["sensors",36,"identifier"],"parentType":"Sensor","fieldName":"identifier","returnType":"String!","startOffset":316508299,"duration":5118},{"path":["sensors",36,"name"],"parentType":"Sensor","fieldName":"name","returnType":"String!","startOffset":316515232,"duration":3286},{"path":["sensors",36,"unitType"],"parentType":"Sensor","fieldName":"unitType","returnType":"UnitType","startOffset":316520303,"duration":4506},{"path":["sensors",36,"reading"],"parentType":"Sensor","fieldName":"reading","returnType":"SensorReading","startOffset":316527217,"duration":4058},{"path":["sensors",36,"reading","timestamp"],"parentType":"SensorReading","fieldName":"timestamp","returnType":"String!","startOffset":316535345,"duration":3842},{"path":["sensors",36,"reading","value"],"parentType":"SensorReading","fieldName":"value","returnType":"Float!","startOffset":316540998,"duration":4606},{"path":["sensors",36,"reading","unitType"],"parentType":"SensorReading","fieldName":"unitType","returnType":"UnitType!","startOffset":316547400,"duration":3582},{"path":["sensors",36,"hasAnomaly"],"parentType":"Sensor","fieldName":"hasAnomaly","returnType":"Boolean","startOffset":316554411,"duration":3574},{"path":["sensors",37,"_id"],"parentType":"Sensor","fieldName":"_id","returnType":"ID!","startOffset":316562067,"duration":5525},{"path":["sensors",37,"identifier"],"parentType":"Sensor","fieldName":"identifier","returnType":"String!","startOffset":316569640,"duration":3348},{"path":["sensors",37,"name"],"parentType":"Sensor","fieldName":"name","returnType":"String!","startOffset":316576051,"duration":4828},{"path":["sensors",37,"unitType"],"parentType":"Sensor","fieldName":"unitType","returnType":"UnitType","startOffset":316582834,"duration":4456},{"path":["sensors",37,"reading"],"parentType":"Sensor","fieldName":"reading","returnType":"SensorReading","startOffset":316589739,"duration":4380},{"path":["sensors",37,"reading","timestamp"],"parentType":"SensorReading","fieldName":"timestamp","returnType":"String!","startOffset":316598225,"duration":3784},{"path":["sensors",37,"reading","value"],"parentType":"SensorReading","fieldName":"value","returnType":"Float!","startOffset":316604009,"duration":4690},{"path":["sensors",37,"reading","unitType"],"parentType":"SensorReading","fieldName":"unitType","returnType":"UnitType!","startOffset":316610585,"duration":4135},{"path":["sensors",37,"hasAnomaly"],"parentType":"Sensor","fieldName":"hasAnomaly","returnType":"Boolean","startOffset":316616958,"duration":5021},{"path":["sensors",38,"_id"],"parentType":"Sensor","fieldName":"_id","returnType":"ID!","startOffset":316626187,"duration":4893},{"path":["sensors",38,"identifier"],"parentType":"Sensor","fieldName":"identifier","returnType":"String!","startOffset":316633189,"duration":3576},{"path":["sensors",38,"name"],"parentType":"Sensor","fieldName":"name","returnType":"String!","startOffset":316640247,"duration":3793},{"path":["sensors",38,"unitType"],"parentType":"Sensor","fieldName":"unitType","returnType":"UnitType","startOffset":316645841,"duration":3666},{"path":["sensors",38,"reading"],"parentType":"Sensor","fieldName":"reading","returnType":"SensorReading","startOffset":316653330,"duration":3960},{"path":["sensors",38,"reading","timestamp"],"parentType":"SensorReading","fieldName":"timestamp","returnType":"String!","startOffset":316661369,"duration":3537},{"path":["sensors",38,"reading","value"],"parentType":"SensorReading","fieldName":"value","returnType":"Float!","startOffset":316666704,"duration":3696},{"path":["sensors",38,"reading","unitType"],"parentType":"SensorReading","fieldName":"unitType","returnType":"UnitType!","startOffset":316673741,"duration":3817},{"path":["sensors",38,"hasAnomaly"],"parentType":"Sensor","fieldName":"hasAnomaly","returnType":"Boolean","startOffset":316679669,"duration":4942},{"path":["sensors",39,"_id"],"parentType":"Sensor","fieldName":"_id","returnType":"ID!","startOffset":316688684,"duration":5305},{"path":["sensors",39,"identifier"],"parentType":"Sensor","fieldName":"identifier","returnType":"String!","startOffset":316695872,"duration":3481},{"path":["sensors",39,"name"],"parentType":"Sensor","fieldName":"name","returnType":"String!","startOffset":316701190,"duration":4577},{"path":["sensors",39,"unitType"],"parentType":"Sensor","fieldName":"unitType","returnType":"UnitType","startOffset":316707750,"duration":3439},{"path":["sensors",39,"reading"],"parentType":"Sensor","fieldName":"reading","returnType":"SensorReading","startOffset":316714683,"duration":4119},{"path":["sensors",39,"reading","timestamp"],"parentType":"SensorReading","fieldName":"timestamp","returnType":"String!","startOffset":316721976,"duration":4684},{"path":["sensors",39,"reading","value"],"parentType":"SensorReading","fieldName":"value","returnType":"Float!","startOffset":316728567,"duration":3457},{"path":["sensors",39,"reading","unitType"],"parentType":"SensorReading","fieldName":"unitType","returnType":"UnitType!","startOffset":316735150,"duration":3537},{"path":["sensors",39,"hasAnomaly"],"parentType":"Sensor","fieldName":"hasAnomaly","returnType":"Boolean","startOffset":316741049,"duration":4682},{"path":["sensors",40,"_id"],"parentType":"Sensor","fieldName":"_id","returnType":"ID!","startOffset":316749940,"duration":3680},{"path":["sensors",40,"identifier"],"parentType":"Sensor","fieldName":"identifier","returnType":"String!","startOffset":316756821,"duration":3513},{"path":["sensors",40,"name"],"parentType":"Sensor","fieldName":"name","returnType":"String!","startOffset":316762119,"duration":5117},{"path":["sensors",40,"unitType"],"parentType":"Sensor","fieldName":"unitType","returnType":"UnitType","startOffset":316769193,"duration":5549},{"path":["sensors",40,"reading"],"parentType":"Sensor","fieldName":"reading","returnType":"SensorReading","startOffset":316778520,"duration":4473},{"path":["sensors",40,"reading","timestamp"],"parentType":"SensorReading","fieldName":"timestamp","returnType":"String!","startOffset":316785970,"duration":4930},{"path":["sensors",40,"reading","value"],"parentType":"SensorReading","fieldName":"value","returnType":"Float!","startOffset":316792772,"duration":3358},{"path":["sensors",40,"reading","unitType"],"parentType":"SensorReading","fieldName":"unitType","returnType":"UnitType!","startOffset":316799315,"duration":3852},{"path":["sensors",40,"hasAnomaly"],"parentType":"Sensor","fieldName":"hasAnomaly","returnType":"Boolean","startOffset":316805361,"duration":4924},{"path":["sensors",41,"_id"],"parentType":"Sensor","fieldName":"_id","returnType":"ID!","startOffset":316814237,"duration":3888},{"path":["sensors",41,"identifier"],"parentType":"Sensor","fieldName":"identifier","returnType":"String!","startOffset":316821188,"duration":3521},{"path":["sensors",41,"name"],"parentType":"Sensor","fieldName":"name","returnType":"String!","startOffset":316826564,"duration":4637},{"path":["sensors",41,"unitType"],"parentType":"Sensor","fieldName":"unitType","returnType":"UnitType","startOffset":316833092,"duration":3352},{"path":["sensors",41,"reading"],"parentType":"Sensor","fieldName":"reading","returnType":"SensorReading","startOffset":316839884,"duration":4788},{"path":["sensors",41,"reading","timestamp"],"parentType":"SensorReading","fieldName":"timestamp","returnType":"String!","startOffset":316847713,"duration":5167},{"path":["sensors",41,"reading","value"],"parentType":"SensorReading","fieldName":"value","returnType":"Float!","startOffset":316854729,"duration":3546},{"path":["sensors",41,"reading","unitType"],"parentType":"SensorReading","fieldName":"unitType","returnType":"UnitType!","startOffset":316860193,"duration":4793},{"path":["sensors",41,"hasAnomaly"],"parentType":"Sensor","fieldName":"hasAnomaly","returnType":"Boolean","startOffset":316867071,"duration":3584},{"path":["sensors",42,"_id"],"parentType":"Sensor","fieldName":"_id","returnType":"ID!","startOffset":316875866,"duration":3536},{"path":["sensors",42,"identifier"],"parentType":"Sensor","fieldName":"identifier","returnType":"String!","startOffset":316882378,"duration":3379},{"path":["sensors",42,"name"],"parentType":"Sensor","fieldName":"name","returnType":"String!","startOffset":316887936,"duration":3689},{"path":["sensors",42,"unitType"],"parentType":"Sensor","fieldName":"unitType","returnType":"UnitType","startOffset":316894676,"duration":3645},{"path":["sensors",42,"reading"],"parentType":"Sensor","fieldName":"reading","returnType":"SensorReading","startOffset":316900601,"duration":5511},{"path":["sensors",42,"reading","timestamp"],"parentType":"SensorReading","fieldName":"timestamp","returnType":"String!","startOffset":316909023,"duration":3627},{"path":["sensors",42,"reading","value"],"parentType":"SensorReading","fieldName":"value","returnType":"Float!","startOffset":316915696,"duration":3732},{"path":["sensors",42,"reading","unitType"],"parentType":"SensorReading","fieldName":"unitType","returnType":"UnitType!","startOffset":316921297,"duration":4671},{"path":["sensors",42,"hasAnomaly"],"parentType":"Sensor","fieldName":"hasAnomaly","returnType":"Boolean","startOffset":316928312,"duration":3730},{"path":["sensors",43,"_id"],"parentType":"Sensor","fieldName":"_id","returnType":"ID!","startOffset":316937705,"duration":3808},{"path":["sensors",43,"identifier"],"parentType":"Sensor","fieldName":"identifier","returnType":"String!","startOffset":316943551,"duration":4923},{"path":["sensors",43,"name"],"parentType":"Sensor","fieldName":"name","returnType":"String!","startOffset":316950604,"duration":3440},{"path":["sensors",43,"unitType"],"parentType":"Sensor","fieldName":"unitType","returnType":"UnitType","startOffset":316957404,"duration":3928},{"path":["sensors",43,"reading"],"parentType":"Sensor","fieldName":"reading","returnType":"SensorReading","startOffset":316963778,"duration":1552077},{"path":["sensors",43,"reading","timestamp"],"parentType":"SensorReading","fieldName":"timestamp","returnType":"String!","startOffset":318541083,"duration":19719},{"path":["sensors",43,"reading","value"],"parentType":"SensorReading","fieldName":"value","returnType":"Float!","startOffset":318567757,"duration":6427},{"path":["sensors",43,"reading","unitType"],"parentType":"SensorReading","fieldName":"unitType","returnType":"UnitType!","startOffset":318577730,"duration":6719},{"path":["sensors",43,"hasAnomaly"],"parentType":"Sensor","fieldName":"hasAnomaly","returnType":"Boolean","startOffset":318589008,"duration":4913}]}}}}[\n]"
1866 [main] DEBUG org.apache.http.impl.conn.BasicClientConnectionManager  - Releasing connection org.apache.http.impl.conn.ManagedClientConnectionImpl@242b6e1a
1866 [main] DEBUG org.apache.http.impl.conn.BasicClientConnectionManager  - Releasing connection org.apache.http.impl.conn.ManagedClientConnectionImpl@242b6e1a
1866 [main] DEBUG org.apache.http.impl.conn.BasicClientConnectionManager  - Releasing connection org.apache.http.impl.conn.ManagedClientConnectionImpl@242b6e1a
1866 [main] DEBUG org.apache.http.impl.conn.BasicClientConnectionManager  - Releasing connection org.apache.http.impl.conn.ManagedClientConnectionImpl@242b6e1a
1866 [main] DEBUG org.apache.http.impl.conn.BasicClientConnectionManager  - Connection can be kept alive indefinitely
1866 [main] DEBUG org.apache.http.impl.conn.BasicClientConnectionManager  - Connection can be kept alive indefinitely
1866 [main] DEBUG org.apache.http.impl.conn.BasicClientConnectionManager  - Connection can be kept alive indefinitely
1866 [main] DEBUG org.apache.http.impl.conn.BasicClientConnectionManager  - Connection can be kept alive indefinitely
1867 [main] INFO APITests.SensorsTest  - The status code for sensors api is: 200
1867 [main] INFO APITests.SensorsTest  - The status code for sensors api is: 200
1867 [main] INFO APITests.SensorsTest  - The status code for sensors api is: 200
1867 [main] INFO APITests.SensorsTest  - The status code for sensors api is: 200
2042 [main] INFO APITests.SensorsTest  - The total number of sensors are: 44
2042 [main] INFO APITests.SensorsTest  - The total number of sensors are: 44
2042 [main] INFO APITests.SensorsTest  - The total number of sensors are: 44
2042 [main] INFO APITests.SensorsTest  - The total number of sensors are: 44
2321 [main] ERROR APITests.SensorsTest  - Found an anomaly with 29th sensor with name: Compressor Outlet Pressure
2321 [main] ERROR APITests.SensorsTest  - Found an anomaly with 29th sensor with name: Compressor Outlet Pressure
2321 [main] ERROR APITests.SensorsTest  - Found an anomaly with 29th sensor with name: Compressor Outlet Pressure
2321 [main] ERROR APITests.SensorsTest  - Found an anomaly with 29th sensor with name: Compressor Outlet Pressure
2361 [main] ERROR APITests.SensorsTest  - Found an anomaly with 34th sensor with name: Scavenge Air Pressure
2361 [main] ERROR APITests.SensorsTest  - Found an anomaly with 34th sensor with name: Scavenge Air Pressure
2361 [main] ERROR APITests.SensorsTest  - Found an anomaly with 34th sensor with name: Scavenge Air Pressure
2361 [main] ERROR APITests.SensorsTest  - Found an anomaly with 34th sensor with name: Scavenge Air Pressure
2423 [main] ERROR APITests.SensorsTest  - Found an anomaly with 42th sensor with name: Engine Room Pressure
2423 [main] ERROR APITests.SensorsTest  - Found an anomaly with 42th sensor with name: Engine Room Pressure
2423 [main] ERROR APITests.SensorsTest  - Found an anomaly with 42th sensor with name: Engine Room Pressure
2423 [main] ERROR APITests.SensorsTest  - Found an anomaly with 42th sensor with name: Engine Room Pressure
]]></system-out>
  </testcase>
  <testcase name="configTest" classname="APITests.SimulatorConfigTest" time="0.211"/>
  <testcase name="equipTest" classname="APITests.EquipmentTest" time="0.078"/>
</testsuite>