<?xml version="1.0" encoding="UTF-8"?>
<!-- Generated by org.testng.reporters.JUnitReportReporter -->
<testsuite hostname="DGB-C02VH08BH" failures="0" tests="1" name="APITests.GetServerVersionTest" time="1.349" errors="0" timestamp="2019-09-06T14:30:53 PDT" skipped="0">
  <testcase classname="APITests.GetServerVersionTest" name="versionTest" time="1.349"/>
</testsuite> <!-- APITests.GetServerVersionTest -->
