<?xml version="1.0" encoding="UTF-8"?>
<!-- Generated by org.testng.reporters.JUnitReportReporter -->
<testsuite hostname="DGB-C02VH08BH" failures="0" tests="1" name="APITests.MaintenanceHistoryTest" time="0.898" errors="0" timestamp="2019-09-13T11:50:35 PDT" skipped="0">
  <testcase classname="APITests.MaintenanceHistoryTest" name="maintenanceHistoryTest" time="0.898"/>
</testsuite> <!-- APITests.MaintenanceHistoryTest -->
