<?xml version="1.0" encoding="UTF-8"?>
<!-- Generated by org.testng.reporters.JUnitReportReporter -->
<testsuite hostname="DGB-C02VH08BH" failures="0" tests="1" name="APITests.MaintenanceJobTest" time="0.470" errors="0" timestamp="2019-09-13T11:50:35 PDT" skipped="0">
  <testcase classname="APITests.MaintenanceJobTest" name="maintenanceJobTest" time="0.470"/>
</testsuite> <!-- APITests.MaintenanceJobTest -->
