<?xml version="1.0" encoding="UTF-8"?>
<!-- Generated by org.testng.reporters.JUnitReportReporter -->
<testsuite hostname="DGB-C02VH08BH" failures="0" tests="1" name="APITests.SimulatorConfigTest" time="0.058" errors="0" timestamp="2019-09-06T14:30:53 PDT" skipped="0">
  <testcase classname="APITests.SimulatorConfigTest" name="configTest" time="0.058"/>
</testsuite> <!-- APITests.SimulatorConfigTest -->
