<?xml version="1.0" encoding="UTF-8"?>
<!-- Generated by org.testng.reporters.JUnitReportReporter -->
<testsuite hostname="DGB-C02VH08BH" failures="0" tests="1" name="APITests.GetServerVersionTest" time="0.064" errors="0" timestamp="2019-09-13T11:50:35 PDT" skipped="0">
  <testcase classname="APITests.GetServerVersionTest" name="versionTest" time="0.064"/>
</testsuite> <!-- APITests.GetServerVersionTest -->
